<?xml version="1.0" encoding="utf-8"?>
<TestRun id="903da877-41e3-4765-94f9-785df73ffb6d" name="nikit@SURFACE-LT 2026-07-19 11:51:44" runUser="SURFACE-LT\nikit" xmlns="http://microsoft.com/schemas/VisualStudio/TeamTest/2010">
  <Times creation="2026-07-19T11:51:44.0587920+05:00" queuing="2026-07-19T11:51:44.0587920+05:00" start="2026-07-19T11:51:43.5776565+05:00" finish="2026-07-19T11:51:44.4407814+05:00" />
  <TestSettings name="default" id="4c67dfc7-29e0-4b9c-aa7a-80a993ce50ca">
    <Deployment runDeploymentRoot="nikit_SURFACE-LT_2026-07-19_11_51_44" />
  </TestSettings>
  <Results>
    <UnitTestResult executionId="6d7a01e1-0cb2-4662-8138-45d9123cd531" testId="f69f66b6-14ee-148c-6c2c-b93640f0f255" testName="Deep.Protocol.Tests.DeepExtension.ManagedIngress.ManagedIngressContractTests.OpaqueFrame_BoundsAreAcceptedAndBytesRemainOpaque(length: 64)" computerName="SURFACE-LT" duration="00:00:00.0001652" startTime="2026-07-19T11:51:44.3061928+05:00" endTime="2026-07-19T11:51:44.3063647+05:00" testType="13cdc9d9-ddb5-4fa4-a97d-d965ccfc6d4b" outcome="Passed" testListId="8c84fa94-04c1-424b-9868-57a2d4851a1d" relativeResultsDirectory="6d7a01e1-0cb2-4662-8138-45d9123cd531" />
    <UnitTestResult executionId="768bc18f-6655-4ccb-a96e-ef8a62d72c68" testId="d3dc6362-f60c-4cc1-50f9-ed278ec38f76" testName="Deep.Protocol.Tests.DeepExtension.NearbyHandshakeMalformedAndFuzzTests.EveryAdvertisementAndFrameTruncation_IsRejected" computerName="SURFACE-LT" duration="00:00:00.0009726" startTime="2026-07-19T11:51:44.0482674+05:00" endTime="2026-07-19T11:51:44.0482977+05:00" testType="13cdc9d9-ddb5-4fa4-a97d-d965ccfc6d4b" outcome="Passed" testListId="8c84fa94-04c1-424b-9868-57a2d4851a1d" relativeResultsDirectory="768bc18f-6655-4ccb-a96e-ef8a62d72c68" />
    <UnitTestResult executionId="b3064aa4-ed95-4015-870c-dae87efb1e77" testId="8c4f6b4b-eedb-c8b5-d679-2a306219604b" testName="Deep.Protocol.Tests.StateAndGroupTests.SharedConfigNamespaceMergeHonorsSeqNoOrderingAndDuplicateSemantics" computerName="SURFACE-LT" duration="00:00:00.0041640" startTime="2026-07-19T11:51:44.2584903+05:00" endTime="2026-07-19T11:51:44.2626693+05:00" testType="13cdc9d9-ddb5-4fa4-a97d-d965ccfc6d4b" outcome="Passed" testListId="8c84fa94-04c1-424b-9868-57a2d4851a1d" relativeResultsDirectory="b3064aa4-ed95-4015-870c-dae87efb1e77" />
    <UnitTestResult executionId="c84edf92-a336-417a-bb6d-4fb0501cfc64" testId="ef58f2f5-f7eb-d45c-c4ff-e6e6f7efec2a" testName="Deep.Protocol.Tests.DeepExtension.ManagedIngress.ManagedIngressMalformedAndFuzzTests.CapabilityJson_WhitespaceOrderAndFeatureOverlapFailCanonicalDecode" computerName="SURFACE-LT" duration="00:00:00.0016387" startTime="2026-07-19T11:51:44.3027698+05:00" endTime="2026-07-19T11:51:44.3037012+05:00" testType="13cdc9d9-ddb5-4fa4-a97d-d965ccfc6d4b" outcome="Passed" testListId="8c84fa94-04c1-424b-9868-57a2d4851a1d" relativeResultsDirectory="c84edf92-a336-417a-bb6d-4fb0501cfc64" />
    <UnitTestResult executionId="e789ade1-e915-422f-b501-840f866c3d86" testId="badbe8f8-3e03-1518-a216-20acb2b16f30" testName="Deep.Protocol.Tests.DeepExtension.OpaqueBundleCodecTests.OuterContract_DoesNotSerializeInnerDedupOrManagedIdentityMetadata" computerName="SURFACE-LT" duration="00:00:00.0000860" startTime="2026-07-19T11:51:44.3079390+05:00" endTime="2026-07-19T11:51:44.3079765+05:00" testType="13cdc9d9-ddb5-4fa4-a97d-d965ccfc6d4b" outcome="Passed" testListId="8c84fa94-04c1-424b-9868-57a2d4851a1d" relativeResultsDirectory="e789ade1-e915-422f-b501-840f866c3d86" />
    <UnitTestResult executionId="bdfa3a71-c8eb-45ea-a888-2d2d0f5cb1f8" testId="14a9eea9-dffa-c1ac-4078-7112c65356c3" testName="Deep.Protocol.Tests.DeepExtension.MailboxReceiptContractTests.AcceptedAndDurableErrors_RoundTripCanonically(stage: Durable, errorClass: Revoked, retryable: False)" computerName="SURFACE-LT" duration="00:00:00.0024206" startTime="2026-07-19T11:51:44.0523058+05:00" endTime="2026-07-19T11:51:44.0523350+05:00" testType="13cdc9d9-ddb5-4fa4-a97d-d965ccfc6d4b" outcome="Passed" testListId="8c84fa94-04c1-424b-9868-57a2d4851a1d" relativeResultsDirectory="bdfa3a71-c8eb-45ea-a888-2d2d0f5cb1f8" />
    <UnitTestResult executionId="b83d6dcc-c98e-4f8d-99a3-e4dad15655fd" testId="e13497d8-d2a8-3145-0f1b-ff35a6072b3d" testName="Deep.Protocol.Tests.DeepExtension.MailboxReceiptContractTests.CanonicalReplicaAndQuorum_MatchGoldenVectors_AndVerify" computerName="SURFACE-LT" duration="00:00:00.2222933" startTime="2026-07-19T11:51:44.0534633+05:00" endTime="2026-07-19T11:51:44.2668418+05:00" testType="13cdc9d9-ddb5-4fa4-a97d-d965ccfc6d4b" outcome="Passed" testListId="8c84fa94-04c1-424b-9868-57a2d4851a1d" relativeResultsDirectory="b83d6dcc-c98e-4f8d-99a3-e4dad15655fd" />
    <UnitTestResult executionId="449839c3-2a14-468b-8ca1-0df9fb3462ec" testId="bc3ff7cd-69a4-1f05-4852-5d5cce3f289e" testName="Deep.Protocol.Tests.DeepExtension.NearbyHandshakeMalformedAndFuzzTests.StructuredFrameMutations_AreRejected(offset: 7)" computerName="SURFACE-LT" duration="00:00:00.0003503" startTime="2026-07-19T11:51:44.0473585+05:00" endTime="2026-07-19T11:51:44.0477974+05:00" testType="13cdc9d9-ddb5-4fa4-a97d-d965ccfc6d4b" outcome="Passed" testListId="8c84fa94-04c1-424b-9868-57a2d4851a1d" relativeResultsDirectory="449839c3-2a14-468b-8ca1-0df9fb3462ec" />
    <UnitTestResult executionId="d65e37a8-886e-400b-8649-9d5cd17fd2d1" testId="95adb345-8b6e-0df3-afea-05428fdce914" testName="Deep.Protocol.Tests.DeepExtension.MembershipContractTests.BridgeSnapshot_RequiresTwoOnlineSignersAndBoundForkWitness" computerName="SURFACE-LT" duration="00:00:00.0110245" startTime="2026-07-19T11:51:44.2469797+05:00" endTime="2026-07-19T11:51:44.2611601+05:00" testType="13cdc9d9-ddb5-4fa4-a97d-d965ccfc6d4b" outcome="Passed" testListId="8c84fa94-04c1-424b-9868-57a2d4851a1d" relativeResultsDirectory="d65e37a8-886e-400b-8649-9d5cd17fd2d1" />
    <UnitTestResult executionId="d6fbdf69-c22e-4c78-ab99-550237b23989" testId="c8006a5a-0fa1-16dd-72d1-731e9439c1f7" testName="Deep.Protocol.Tests.DeepExtension.ManagedIngress.ManagedIngressMalformedAndFuzzTests.HttpErrorMapping_IsExact(status: 425, errorClass: EarlyDataRejected, certainty: BeforeForward)" computerName="SURFACE-LT" duration="00:00:00.0005029" startTime="2026-07-19T11:51:44.2672379+05:00" endTime="2026-07-19T11:51:44.2693369+05:00" testType="13cdc9d9-ddb5-4fa4-a97d-d965ccfc6d4b" outcome="Passed" testListId="8c84fa94-04c1-424b-9868-57a2d4851a1d" relativeResultsDirectory="d6fbdf69-c22e-4c78-ab99-550237b23989" />
    <UnitTestResult executionId="6c6416f6-3ac9-4c0c-9f92-fbd9fb14d6b5" testId="f822b3fd-f1a9-e22d-a615-074c0d9e95f0" testName="Deep.Protocol.Tests.DeepExtension.ManagedIngress.ManagedIngressContractTests.InnerLookingBytes_RemainOpaqueAndUninterpreted(prefix: &quot;MRR1&quot;)" computerName="SURFACE-LT" duration="00:00:00.0000030" startTime="2026-07-19T11:51:44.3173346+05:00" endTime="2026-07-19T11:51:44.3173690+05:00" testType="13cdc9d9-ddb5-4fa4-a97d-d965ccfc6d4b" outcome="Passed" testListId="8c84fa94-04c1-424b-9868-57a2d4851a1d" relativeResultsDirectory="6c6416f6-3ac9-4c0c-9f92-fbd9fb14d6b5" />
    <UnitTestResult executionId="4f9d7be3-bd62-40a4-9d8a-89e20b876483" testId="0d3e59c9-3160-a856-98c1-7194538a1318" testName="Deep.Protocol.Tests.DeepExtension.NearbyHandshakeContractTests.TranscriptWrongContactTamperAndReplay_FailClosed" computerName="SURFACE-LT" duration="00:00:00.2094865" startTime="2026-07-19T11:51:44.0391764+05:00" endTime="2026-07-19T11:51:44.2367749+05:00" testType="13cdc9d9-ddb5-4fa4-a97d-d965ccfc6d4b" outcome="Passed" testListId="8c84fa94-04c1-424b-9868-57a2d4851a1d" relativeResultsDirectory="4f9d7be3-bd62-40a4-9d8a-89e20b876483" />
    <UnitTestResult executionId="1fa60aab-3965-4e12-a4c7-00b8ed3c7753" testId="9c4100db-9a80-418c-3641-9e4f2665d9bc" testName="Deep.Protocol.Tests.DeepExtension.MailboxCapabilityMalformedAndFuzzTests.EveryTruncation_IsRejected" computerName="SURFACE-LT" duration="00:00:00.0024340" startTime="2026-07-19T11:51:44.2925085+05:00" endTime="2026-07-19T11:51:44.2960238+05:00" testType="13cdc9d9-ddb5-4fa4-a97d-d965ccfc6d4b" outcome="Passed" testListId="8c84fa94-04c1-424b-9868-57a2d4851a1d" relativeResultsDirectory="1fa60aab-3965-4e12-a4c7-00b8ed3c7753" />
    <UnitTestResult executionId="23f139a8-cb10-4049-9205-3a469b2041bd" testId="db3cd72a-9335-738b-7091-329c5c3daefe" testName="Deep.Protocol.Tests.StateAndGroupTests.SharedConfigParserExtractsNamespaceEnvelope" computerName="SURFACE-LT" duration="00:00:00.2093572" startTime="2026-07-19T11:51:44.0477610+05:00" endTime="2026-07-19T11:51:44.2440697+05:00" testType="13cdc9d9-ddb5-4fa4-a97d-d965ccfc6d4b" outcome="Passed" testListId="8c84fa94-04c1-424b-9868-57a2d4851a1d" relativeResultsDirectory="23f139a8-cb10-4049-9205-3a469b2041bd" />
    <UnitTestResult executionId="57448cb6-0006-4925-a5f6-e7944ff0adb2" testId="f97f25e7-29a7-f9d4-b0e8-06db5f1ae61a" testName="Deep.Protocol.Tests.DeepExtension.ManagedIngress.ManagedIngressMalformedAndFuzzTests.HttpErrorMapping_IsExact(status: 406, errorClass: UnsupportedResponseType, certainty: BeforeForward)" computerName="SURFACE-LT" duration="00:00:00.0000020" startTime="2026-07-19T11:51:44.2701743+05:00" endTime="2026-07-19T11:51:44.2702806+05:00" testType="13cdc9d9-ddb5-4fa4-a97d-d965ccfc6d4b" outcome="Passed" testListId="8c84fa94-04c1-424b-9868-57a2d4851a1d" relativeResultsDirectory="57448cb6-0006-4925-a5f6-e7944ff0adb2" />
    <UnitTestResult executionId="76e747a1-ffb9-475e-8d5d-086c60b5875a" testId="5083a482-1260-d33e-74f9-397b34983bc6" testName="Deep.Protocol.Tests.ProtocolParserCodecFuzzTests.SharedConfigAndGroupParsers_DoNotCrashOnRandomPayloads" computerName="SURFACE-LT" duration="00:00:00.0075088" startTime="2026-07-19T11:51:44.2546002+05:00" endTime="2026-07-19T11:51:44.2628090+05:00" testType="13cdc9d9-ddb5-4fa4-a97d-d965ccfc6d4b" outcome="Passed" testListId="8c84fa94-04c1-424b-9868-57a2d4851a1d" relativeResultsDirectory="76e747a1-ffb9-475e-8d5d-086c60b5875a" />
    <UnitTestResult executionId="3e7aeeee-c00f-441d-bd50-eda66c2cae1d" testId="2ff4c8bd-e85a-a4b0-d63e-1ab10158b0f3" testName="Deep.Protocol.Tests.SodiumDifferentialTests.NormalizeSeedMatchesDirectSodiumKeypairExpansion" computerName="SURFACE-LT" duration="00:00:00.0007213" startTime="2026-07-19T11:51:44.2483032+05:00" endTime="2026-07-19T11:51:44.2487935+05:00" testType="13cdc9d9-ddb5-4fa4-a97d-d965ccfc6d4b" outcome="Passed" testListId="8c84fa94-04c1-424b-9868-57a2d4851a1d" relativeResultsDirectory="3e7aeeee-c00f-441d-bd50-eda66c2cae1d" />
    <UnitTestResult executionId="af7f2157-1d8c-4b76-81dc-657b7a900162" testId="bfd05fc5-5cc9-1520-1636-eb7f44a89ee1" testName="Deep.Protocol.Tests.DeepExtension.CompatibilityMetadataEnvelopeTests.Replay_IsRejectedAfterAuthenticatedDecrypt" computerName="SURFACE-LT" duration="00:00:00.0003242" startTime="2026-07-19T11:51:44.2722757+05:00" endTime="2026-07-19T11:51:44.2731423+05:00" testType="13cdc9d9-ddb5-4fa4-a97d-d965ccfc6d4b" outcome="Passed" testListId="8c84fa94-04c1-424b-9868-57a2d4851a1d" relativeResultsDirectory="af7f2157-1d8c-4b76-81dc-657b7a900162" />
    <UnitTestResult executionId="920e6d02-c7b7-4982-b83a-ad6b427018d4" testId="32662c74-d8ec-96c8-f56a-951f84460dcf" testName="Deep.Protocol.Tests.DeepExtension.ManagedIngress.ManagedIngressContractTests.FrameResponse_RequiresActualCompleteBody(actualLength: 0)" computerName="SURFACE-LT" duration="00:00:00.0004013" startTime="2026-07-19T11:51:44.2656581+05:00" endTime="2026-07-19T11:51:44.2657023+05:00" testType="13cdc9d9-ddb5-4fa4-a97d-d965ccfc6d4b" outcome="Passed" testListId="8c84fa94-04c1-424b-9868-57a2d4851a1d" relativeResultsDirectory="920e6d02-c7b7-4982-b83a-ad6b427018d4" />
    <UnitTestResult executionId="38a510be-9751-4775-87c2-6cbb2fcfaabd" testId="83c68725-3671-f4aa-5928-cf8881a37f39" testName="Deep.Protocol.Tests.DeepExtension.ManagedIngress.ManagedIngressContractTests.PrivacyBearingAndInvalidH2Headers_AreRejected(name: &quot;operation-id&quot;)" computerName="SURFACE-LT" duration="00:00:00.0000086" startTime="2026-07-19T11:51:44.2637975+05:00" endTime="2026-07-19T11:51:44.2638339+05:00" testType="13cdc9d9-ddb5-4fa4-a97d-d965ccfc6d4b" outcome="Passed" testListId="8c84fa94-04c1-424b-9868-57a2d4851a1d" relativeResultsDirectory="38a510be-9751-4775-87c2-6cbb2fcfaabd" />
    <UnitTestResult executionId="d334df91-eee7-42e9-98f2-dcf5b0a35676" testId="e9b685bd-28fb-8045-e926-417d7ea2861c" testName="Deep.Protocol.Tests.DeepExtension.OpaqueBundleCodecTests.UnknownCriticalFeature_FailsClosed_ButUnknownOptionalFeatureIsCarried" computerName="SURFACE-LT" duration="00:00:00.0014764" startTime="2026-07-19T11:51:44.2996965+05:00" endTime="2026-07-19T11:51:44.3013326+05:00" testType="13cdc9d9-ddb5-4fa4-a97d-d965ccfc6d4b" outcome="Passed" testListId="8c84fa94-04c1-424b-9868-57a2d4851a1d" relativeResultsDirectory="d334df91-eee7-42e9-98f2-dcf5b0a35676" />
    <UnitTestResult executionId="ff5dba81-dc00-4881-ad87-b6c2b4ed843d" testId="81b6d8bc-5591-abc4-e569-9b0628deb4f5" testName="Deep.Protocol.Tests.DeepExtension.ManagedIngress.ManagedIngressContractTests.Cancellation_IsClassifiedByForwardBoundary(forwardStarted: False, expected: CancelledBeforeForward)" computerName="SURFACE-LT" duration="00:00:00.0016948" startTime="2026-07-19T11:51:44.2589341+05:00" endTime="2026-07-19T11:51:44.2623528+05:00" testType="13cdc9d9-ddb5-4fa4-a97d-d965ccfc6d4b" outcome="Passed" testListId="8c84fa94-04c1-424b-9868-57a2d4851a1d" relativeResultsDirectory="ff5dba81-dc00-4881-ad87-b6c2b4ed843d" />
    <UnitTestResult executionId="dd688c2a-9cf3-4932-bd40-c058d83c9ed0" testId="d0c7f819-795f-079e-aac1-cf5a4d2ce1c7" testName="Deep.Protocol.Tests.DeepExtension.MailboxReceiptContractTests.QuorumRequiresTwoIndependentReplicaSignatures" computerName="SURFACE-LT" duration="00:00:00.0002451" startTime="2026-07-19T11:51:44.2704208+05:00" endTime="2026-07-19T11:51:44.2723690+05:00" testType="13cdc9d9-ddb5-4fa4-a97d-d965ccfc6d4b" outcome="Passed" testListId="8c84fa94-04c1-424b-9868-57a2d4851a1d" relativeResultsDirectory="dd688c2a-9cf3-4932-bd40-c058d83c9ed0" />
    <UnitTestResult executionId="cbadcacf-f8d4-4fb9-baf0-c0abf8e66f6d" testId="04f872b2-5dec-316b-8e0f-3a76893bf67b" testName="Deep.Protocol.Tests.DeepExtension.MailboxReceiptMalformedAndFuzzTests.EveryReplicaQuorumAndErrorTruncation_IsRejected" computerName="SURFACE-LT" duration="00:00:00.0022502" startTime="2026-07-19T11:51:44.3152179+05:00" endTime="2026-07-19T11:51:44.3175317+05:00" testType="13cdc9d9-ddb5-4fa4-a97d-d965ccfc6d4b" outcome="Passed" testListId="8c84fa94-04c1-424b-9868-57a2d4851a1d" relativeResultsDirectory="cbadcacf-f8d4-4fb9-baf0-c0abf8e66f6d" />
    <UnitTestResult executionId="9cc10c16-abbf-4a9e-93b3-459cf3055823" testId="ac469c18-e391-8627-3121-b1df7974e106" testName="Deep.Protocol.Tests.DeepExtension.ManagedIngress.ManagedIngressContractTests.InvalidH2HeaderValues_AreRejected(value: &quot;&quot;)" computerName="SURFACE-LT" duration="00:00:00.0001201" startTime="2026-07-19T11:51:44.2777292+05:00" endTime="2026-07-19T11:51:44.2777642+05:00" testType="13cdc9d9-ddb5-4fa4-a97d-d965ccfc6d4b" outcome="Passed" testListId="8c84fa94-04c1-424b-9868-57a2d4851a1d" relativeResultsDirectory="9cc10c16-abbf-4a9e-93b3-459cf3055823" />
    <UnitTestResult executionId="c02510e9-562a-4f38-bac9-7318c8916d23" testId="aff7d66a-dd05-dab3-9209-47df7cde7c6a" testName="Deep.Protocol.Tests.DeepExtension.OpaqueBundleMalformedAndFuzzTests.EncoderStructuredMutation_SeparatesAttemptFromDedup" computerName="SURFACE-LT" duration="00:00:00.0002062" startTime="2026-07-19T11:51:44.3966742+05:00" endTime="2026-07-19T11:51:44.3967185+05:00" testType="13cdc9d9-ddb5-4fa4-a97d-d965ccfc6d4b" outcome="Passed" testListId="8c84fa94-04c1-424b-9868-57a2d4851a1d" relativeResultsDirectory="c02510e9-562a-4f38-bac9-7318c8916d23" />
    <UnitTestResult executionId="9ff22b59-1011-46a1-88a1-4a6903d2d713" testId="4acb16f5-86e5-71b3-4aff-286fc6d2ec4f" testName="Deep.Protocol.Tests.SessionProtocolCodecTests.CommunityContentRoundTripsWithoutCryptoAdapter" computerName="SURFACE-LT" duration="00:00:00.0003070" startTime="2026-07-19T11:51:44.3125259+05:00" endTime="2026-07-19T11:51:44.3125598+05:00" testType="13cdc9d9-ddb5-4fa4-a97d-d965ccfc6d4b" outcome="Passed" testListId="8c84fa94-04c1-424b-9868-57a2d4851a1d" relativeResultsDirectory="9ff22b59-1011-46a1-88a1-4a6903d2d713" />
    <UnitTestResult executionId="764b688c-c431-4625-ad30-4c70d1696185" testId="e9790c10-f2b2-4f28-0bcc-cdadf2d92a60" testName="Deep.Protocol.Tests.DeepExtension.MailboxCapabilityContractTests.DepositRetrieveAndPlacement_AreWireAndRuntimeDistinct" computerName="SURFACE-LT" duration="00:00:00.0043286" startTime="2026-07-19T11:51:44.2730976+05:00" endTime="2026-07-19T11:51:44.2767271+05:00" testType="13cdc9d9-ddb5-4fa4-a97d-d965ccfc6d4b" outcome="Passed" testListId="8c84fa94-04c1-424b-9868-57a2d4851a1d" relativeResultsDirectory="764b688c-c431-4625-ad30-4c70d1696185" />
    <UnitTestResult executionId="3d0ab45b-af32-4331-9f98-1ee72379dd73" testId="2b9a279d-0c84-1d84-7115-2d4f98ebb095" testName="Deep.Protocol.Tests.OnionRequestCodecTests.OnionEncryptionTypesMapToWireNames(type: XChaCha20, wireName: &quot;xchacha20&quot;)" computerName="SURFACE-LT" duration="00:00:00.2034907" startTime="2026-07-19T11:51:44.0390425+05:00" endTime="2026-07-19T11:51:44.2311178+05:00" testType="13cdc9d9-ddb5-4fa4-a97d-d965ccfc6d4b" outcome="Passed" testListId="8c84fa94-04c1-424b-9868-57a2d4851a1d" relativeResultsDirectory="3d0ab45b-af32-4331-9f98-1ee72379dd73" />
    <UnitTestResult executionId="ccb8036e-8def-4ade-b880-57d4ca806032" testId="cace1b80-b498-a647-89ca-83894978ea2d" testName="Deep.Protocol.Tests.DeepExtension.ManagedIngress.ManagedIngressContractTests.PrivacyBearingAndInvalidH2Headers_AreRejected(name: &quot;x-account&quot;)" computerName="SURFACE-LT" duration="00:00:00.0000089" startTime="2026-07-19T11:51:44.2651090+05:00" endTime="2026-07-19T11:51:44.2651555+05:00" testType="13cdc9d9-ddb5-4fa4-a97d-d965ccfc6d4b" outcome="Passed" testListId="8c84fa94-04c1-424b-9868-57a2d4851a1d" relativeResultsDirectory="ccb8036e-8def-4ade-b880-57d4ca806032" />
    <UnitTestResult executionId="bb895ac7-3fe9-4407-83c8-99d872d69f10" testId="c2801966-3dc7-f816-478b-48fe90d73e36" testName="Deep.Protocol.Tests.SodiumDifferentialTests.ConvertEd25519PublicKeyToX25519_MatchesDirectSodiumConversion" computerName="SURFACE-LT" duration="00:00:00.0003725" startTime="2026-07-19T11:51:44.2477794+05:00" endTime="2026-07-19T11:51:44.2481644+05:00" testType="13cdc9d9-ddb5-4fa4-a97d-d965ccfc6d4b" outcome="Passed" testListId="8c84fa94-04c1-424b-9868-57a2d4851a1d" relativeResultsDirectory="bb895ac7-3fe9-4407-83c8-99d872d69f10" />
    <UnitTestResult executionId="3711fd0d-8b38-4c78-83ac-181db9f2b01f" testId="965e577d-35cb-d78d-7697-bf1ff117d68b" testName="Deep.Protocol.Tests.OnionRequestCodecTests.OnionEncryptionNamesMatchLibsessionAliases(wireName: &quot;gcm&quot;, expected: AesGcm)" computerName="SURFACE-LT" duration="00:00:00.0000065" startTime="2026-07-19T11:51:44.3012035+05:00" endTime="2026-07-19T11:51:44.3012515+05:00" testType="13cdc9d9-ddb5-4fa4-a97d-d965ccfc6d4b" outcome="Passed" testListId="8c84fa94-04c1-424b-9868-57a2d4851a1d" relativeResultsDirectory="3711fd0d-8b38-4c78-83ac-181db9f2b01f" />
    <UnitTestResult executionId="c034c7cb-a710-412d-b0a4-20a351c4cf00" testId="d3b5eb85-42fd-6098-ee19-845b9809b8e2" testName="Deep.Protocol.Tests.DeepExtension.ManagedIngress.ManagedIngressContractTests.TruncatedCompletionPermanentlyPoisonsAdmission" computerName="SURFACE-LT" duration="00:00:00.0004668" startTime="2026-07-19T11:51:44.2802106+05:00" endTime="2026-07-19T11:51:44.2829662+05:00" testType="13cdc9d9-ddb5-4fa4-a97d-d965ccfc6d4b" outcome="Passed" testListId="8c84fa94-04c1-424b-9868-57a2d4851a1d" relativeResultsDirectory="c034c7cb-a710-412d-b0a4-20a351c4cf00" />
    <UnitTestResult executionId="21ffcc99-2933-48b4-9914-de9c49f94f19" testId="500fe7f3-6573-2814-c8de-0419f5118b7e" testName="Deep.Protocol.Tests.DeepExtension.NearbyHandshakeContractTests.SimultaneousOpenAndLifecycle_AreDeterministicAndFailClosed" computerName="SURFACE-LT" duration="00:00:00.0052482" startTime="2026-07-19T11:51:44.2753690+05:00" endTime="2026-07-19T11:51:44.2808010+05:00" testType="13cdc9d9-ddb5-4fa4-a97d-d965ccfc6d4b" outcome="Passed" testListId="8c84fa94-04c1-424b-9868-57a2d4851a1d" relativeResultsDirectory="21ffcc99-2933-48b4-9914-de9c49f94f19" />
    <UnitTestResult executionId="55f80e95-8f1d-4fec-bdf2-39d2418ae5eb" testId="1b2e5db2-5b17-6aed-ffd4-11845146defa" testName="Deep.Protocol.Tests.CrossLanguageDifferentialTests.OnionBuildLayeringAndResponseDecryptMatchDirectSodium" computerName="SURFACE-LT" duration="00:00:00.0036846" startTime="2026-07-19T11:51:44.3121623+05:00" endTime="2026-07-19T11:51:44.3131843+05:00" testType="13cdc9d9-ddb5-4fa4-a97d-d965ccfc6d4b" outcome="Passed" testListId="8c84fa94-04c1-424b-9868-57a2d4851a1d" relativeResultsDirectory="55f80e95-8f1d-4fec-bdf2-39d2418ae5eb" />
    <UnitTestResult executionId="3e1756ca-5b8d-4760-9234-83755efe3970" testId="626181bc-09f9-e5fa-d5f3-7bca4dd34f5b" testName="Deep.Protocol.Tests.DeepExtension.ManagedIngress.ManagedIngressContractTests.CanonicalFrameRequest_IsAcceptedOnlyAsTransit" computerName="SURFACE-LT" duration="00:00:00.0000470" startTime="2026-07-19T11:51:44.3167717+05:00" endTime="2026-07-19T11:51:44.3168083+05:00" testType="13cdc9d9-ddb5-4fa4-a97d-d965ccfc6d4b" outcome="Passed" testListId="8c84fa94-04c1-424b-9868-57a2d4851a1d" relativeResultsDirectory="3e1756ca-5b8d-4760-9234-83755efe3970" />
    <UnitTestResult executionId="a895365d-cd0a-46c7-8ed7-bd600ff89596" testId="92b04862-2638-e733-1320-931ac811db94" testName="Deep.Protocol.Tests.DeepExtension.OpaqueBundleMalformedAndFuzzTests.DeterministicStructuredMutations_ReachNamedFailureBranches(name: &quot;declared-payload-length-over-maximum&quot;, mutate: Func`2 { Method = Byte[] &lt;get_StructuredMutations&gt;b__4_0(Byte[]), Target = &lt;&gt;c { } }, expectedError: MalformedLength)" computerName="SURFACE-LT" duration="00:00:00.0001687" startTime="2026-07-19T11:51:44.3997295+05:00" endTime="2026-07-19T11:51:44.3998955+05:00" testType="13cdc9d9-ddb5-4fa4-a97d-d965ccfc6d4b" outcome="Passed" testListId="8c84fa94-04c1-424b-9868-57a2d4851a1d" relativeResultsDirectory="a895365d-cd0a-46c7-8ed7-bd600ff89596" />
    <UnitTestResult executionId="920c0b8a-bb6d-4df0-96bd-f20eec0f2ac1" testId="136b7e96-973f-1535-e37a-5e140dd71438" testName="Deep.Protocol.Tests.DeepExtension.ManagedIngress.ManagedIngressMalformedAndFuzzTests.RetryAfterHeader_NonCanonicalValuesYieldOutcomeUnknown(value: &quot;1 &quot;)" computerName="SURFACE-LT" duration="00:00:00.0000099" startTime="2026-07-19T11:51:44.2763148+05:00" endTime="2026-07-19T11:51:44.2763612+05:00" testType="13cdc9d9-ddb5-4fa4-a97d-d965ccfc6d4b" outcome="Passed" testListId="8c84fa94-04c1-424b-9868-57a2d4851a1d" relativeResultsDirectory="920c0b8a-bb6d-4df0-96bd-f20eec0f2ac1" />
    <UnitTestResult executionId="d4d33f38-52a0-4f42-8a43-18ccc4ffb75a" testId="ea5d22b2-f091-cbc5-20fd-313cc779e2db" testName="Deep.Protocol.Tests.DeepExtension.ManagedIngress.ManagedIngressMalformedAndFuzzTests.ReservedBytesAreAlwaysZero" computerName="SURFACE-LT" duration="00:00:00.0030950" startTime="2026-07-19T11:51:44.2936536+05:00" endTime="2026-07-19T11:51:44.3022487+05:00" testType="13cdc9d9-ddb5-4fa4-a97d-d965ccfc6d4b" outcome="Passed" testListId="8c84fa94-04c1-424b-9868-57a2d4851a1d" relativeResultsDirectory="d4d33f38-52a0-4f42-8a43-18ccc4ffb75a" />
    <UnitTestResult executionId="542efd46-4d8b-4cf0-b5e1-af6894009d0a" testId="47d28009-d7da-23f7-b20e-82a45a9fcb21" testName="Deep.Protocol.Tests.DeepExtension.ManagedIngress.ManagedIngressContractTests.InnerLookingBytes_RemainOpaqueAndUninterpreted(prefix: &quot;MQR1&quot;)" computerName="SURFACE-LT" duration="00:00:00.0000567" startTime="2026-07-19T11:51:44.3171432+05:00" endTime="2026-07-19T11:51:44.3171797+05:00" testType="13cdc9d9-ddb5-4fa4-a97d-d965ccfc6d4b" outcome="Passed" testListId="8c84fa94-04c1-424b-9868-57a2d4851a1d" relativeResultsDirectory="542efd46-4d8b-4cf0-b5e1-af6894009d0a" />
    <UnitTestResult executionId="91742dcb-ed73-4c1a-aa7e-a8e41be88e15" testId="e2b2333f-df42-778c-d68c-5b7e156da3f3" testName="Deep.Protocol.Tests.DeepExtension.ManagedIngress.ManagedIngressContractTests.InnerLookingBytes_RemainOpaqueAndUninterpreted(prefix: &quot;DPB1&quot;)" computerName="SURFACE-LT" duration="00:00:00.0000022" startTime="2026-07-19T11:51:44.3174256+05:00" endTime="2026-07-19T11:51:44.3174604+05:00" testType="13cdc9d9-ddb5-4fa4-a97d-d965ccfc6d4b" outcome="Passed" testListId="8c84fa94-04c1-424b-9868-57a2d4851a1d" relativeResultsDirectory="91742dcb-ed73-4c1a-aa7e-a8e41be88e15" />
    <UnitTestResult executionId="5f76cba3-ea23-4303-8e83-835409dac1fd" testId="79f1a988-93ca-8a46-e206-73f3cc93a02b" testName="Deep.Protocol.Tests.DeepExtension.MembershipContractTests.FixedSeedMalformedInputs_StayInsideExpectedExceptionSurface" computerName="SURFACE-LT" duration="00:00:00.1015259" startTime="2026-07-19T11:51:44.2624032+05:00" endTime="2026-07-19T11:51:44.3603304+05:00" testType="13cdc9d9-ddb5-4fa4-a97d-d965ccfc6d4b" outcome="Passed" testListId="8c84fa94-04c1-424b-9868-57a2d4851a1d" relativeResultsDirectory="5f76cba3-ea23-4303-8e83-835409dac1fd" />
    <UnitTestResult executionId="841a5ee2-eb98-4054-bc2d-c3bf601e8060" testId="5699fade-efcd-2bd2-c186-a44fc8e8eea3" testName="Deep.Protocol.Tests.DeepExtension.ManagedIngress.ManagedIngressContractTests.OverflowPermanentlyPoisonsAdmission" computerName="SURFACE-LT" duration="00:00:00.0002313" startTime="2026-07-19T11:51:44.3005782+05:00" endTime="2026-07-19T11:51:44.3006172+05:00" testType="13cdc9d9-ddb5-4fa4-a97d-d965ccfc6d4b" outcome="Passed" testListId="8c84fa94-04c1-424b-9868-57a2d4851a1d" relativeResultsDirectory="841a5ee2-eb98-4054-bc2d-c3bf601e8060" />
    <UnitTestResult executionId="048c601d-2fd2-4bc1-bd5c-6a88bfb33941" testId="92b04862-2638-e733-1320-931ac811db94" testName="Deep.Protocol.Tests.DeepExtension.OpaqueBundleMalformedAndFuzzTests.DeterministicStructuredMutations_ReachNamedFailureBranches(name: &quot;trailing-byte-breaks-canonical-length&quot;, mutate: Func`2 { Method = Byte[] &lt;get_StructuredMutations&gt;b__4_1(Byte[]), Target = &lt;&gt;c { } }, expectedError: MalformedLength)" computerName="SURFACE-LT" duration="00:00:00.0001618" startTime="2026-07-19T11:51:44.3999437+05:00" endTime="2026-07-19T11:51:44.4000688+05:00" testType="13cdc9d9-ddb5-4fa4-a97d-d965ccfc6d4b" outcome="Passed" testListId="8c84fa94-04c1-424b-9868-57a2d4851a1d" relativeResultsDirectory="048c601d-2fd2-4bc1-bd5c-6a88bfb33941" />
    <UnitTestResult executionId="8f3b71ba-120e-42be-8482-d0429a1547bd" testId="d0d265eb-9601-69b7-7da4-c58dc7f7efe0" testName="Deep.Protocol.Tests.DeepExtension.MembershipContractTests.VerificationClockSkew_IsCallerSuppliedBoundedAndFailClosed" computerName="SURFACE-LT" duration="00:00:00.0131612" startTime="2026-07-19T11:51:44.2345836+05:00" endTime="2026-07-19T11:51:44.2468380+05:00" testType="13cdc9d9-ddb5-4fa4-a97d-d965ccfc6d4b" outcome="Passed" testListId="8c84fa94-04c1-424b-9868-57a2d4851a1d" relativeResultsDirectory="8f3b71ba-120e-42be-8482-d0429a1547bd" />
    <UnitTestResult executionId="49a0a3dc-b7aa-47af-91d5-235e399bc634" testId="5900be13-a7f2-ada3-2e71-7a9ce109a044" testName="Deep.Protocol.Tests.DeepExtension.OpaqueBundleMalformedAndFuzzTests.ParserSurface_IsSynchronousAndCancellationIndependent" computerName="SURFACE-LT" duration="00:00:00.0002875" startTime="2026-07-19T11:51:44.4010512+05:00" endTime="2026-07-19T11:51:44.4010858+05:00" testType="13cdc9d9-ddb5-4fa4-a97d-d965ccfc6d4b" outcome="Passed" testListId="8c84fa94-04c1-424b-9868-57a2d4851a1d" relativeResultsDirectory="49a0a3dc-b7aa-47af-91d5-235e399bc634" />
    <UnitTestResult executionId="476730bb-c026-45a9-bd3f-89657a7d94c6" testId="8acf9768-fde2-9995-4c5f-8c0c896268f1" testName="Deep.Protocol.Tests.DeepExtension.MembershipCorrectiveContractTests.SigningDomainTags_AreFixedDistinctAndProviderIndependent" computerName="SURFACE-LT" duration="00:00:00.0070945" startTime="2026-07-19T11:51:44.2947988+05:00" endTime="2026-07-19T11:51:44.3073170+05:00" testType="13cdc9d9-ddb5-4fa4-a97d-d965ccfc6d4b" outcome="Passed" testListId="8c84fa94-04c1-424b-9868-57a2d4851a1d" relativeResultsDirectory="476730bb-c026-45a9-bd3f-89657a7d94c6" />
    <UnitTestResult executionId="6294419d-e463-4e85-8d8f-2d0489e9a70b" testId="3e323d6a-94b1-b188-38ba-86e4aeb78c84" testName="Deep.Protocol.Tests.DeepExtension.ManagedIngress.ManagedIngressMalformedAndFuzzTests.RetryAfterHeader_NonCanonicalValuesYieldOutcomeUnknown(value: &quot;+1&quot;)" computerName="SURFACE-LT" duration="00:00:00.0001198" startTime="2026-07-19T11:51:44.2755214+05:00" endTime="2026-07-19T11:51:44.2755797+05:00" testType="13cdc9d9-ddb5-4fa4-a97d-d965ccfc6d4b" outcome="Passed" testListId="8c84fa94-04c1-424b-9868-57a2d4851a1d" relativeResultsDirectory="6294419d-e463-4e85-8d8f-2d0489e9a70b" />
    <UnitTestResult executionId="fa8f5bdf-62fb-4c34-bb46-00bbcc8412b5" testId="4bf84696-6f93-894d-5bd6-3b560ca27dfe" testName="Deep.Protocol.Tests.DeepExtension.MailboxCapabilityContractTests.FreeAdmission_IsBoundedAndContainsNoPaymentIdentity" computerName="SURFACE-LT" duration="00:00:00.0042413" startTime="2026-07-19T11:51:44.3039743+05:00" endTime="2026-07-19T11:51:44.3088627+05:00" testType="13cdc9d9-ddb5-4fa4-a97d-d965ccfc6d4b" outcome="Passed" testListId="8c84fa94-04c1-424b-9868-57a2d4851a1d" relativeResultsDirectory="fa8f5bdf-62fb-4c34-bb46-00bbcc8412b5" />
    <UnitTestResult executionId="6100a460-98db-4222-b764-b065e0f46ba7" testId="a4dd61de-22a7-ad56-5760-b3de8547e717" testName="Deep.Protocol.Tests.DeepExtension.NearbyHandshakeMalformedAndFuzzTests.LengthAndTrailingBytes_AreRejected" computerName="SURFACE-LT" duration="00:00:00.0007773" startTime="2026-07-19T11:51:44.0483685+05:00" endTime="2026-07-19T11:51:44.0518228+05:00" testType="13cdc9d9-ddb5-4fa4-a97d-d965ccfc6d4b" outcome="Passed" testListId="8c84fa94-04c1-424b-9868-57a2d4851a1d" relativeResultsDirectory="6100a460-98db-4222-b764-b065e0f46ba7" />
    <UnitTestResult executionId="312f7299-bac5-480a-b10a-f28a18eac168" testId="6e5731f5-dd1d-84e3-e839-efb2857a0385" testName="Deep.Protocol.Tests.DeepExtension.ManagedIngress.ManagedIngressContractTests.PrivacyBearingAndInvalidH2Headers_AreRejected(name: &quot;x-operation-id&quot;)" computerName="SURFACE-LT" duration="00:00:00.0000135" startTime="2026-07-19T11:51:44.2635926+05:00" endTime="2026-07-19T11:51:44.2636301+05:00" testType="13cdc9d9-ddb5-4fa4-a97d-d965ccfc6d4b" outcome="Passed" testListId="8c84fa94-04c1-424b-9868-57a2d4851a1d" relativeResultsDirectory="312f7299-bac5-480a-b10a-f28a18eac168" />
    <UnitTestResult executionId="1c65bf63-698f-44fb-a2e4-0baef0543129" testId="611a5d32-f57d-86a1-0c88-b51e3309987e" testName="Deep.Protocol.Tests.DeepExtension.ManagedIngress.ManagedIngressContractTests.NonCanonicalFrameRequest_FailsClosed(method: &quot;POST&quot;, path: &quot;/api/ingress/v1/frame/&quot;, query: &quot;&quot;, version: &quot;2.0&quot;, contentType: &quot;application/vnd.xpoint.deep.ingress-opaque-v1&quot;, accept: &quot;application/vnd.xpoint.deep.ingress-opaque-v1&quot;)" computerName="SURFACE-LT" duration="00:00:00.0007684" startTime="2026-07-19T11:51:44.2554592+05:00" endTime="2026-07-19T11:51:44.2569894+05:00" testType="13cdc9d9-ddb5-4fa4-a97d-d965ccfc6d4b" outcome="Passed" testListId="8c84fa94-04c1-424b-9868-57a2d4851a1d" relativeResultsDirectory="1c65bf63-698f-44fb-a2e4-0baef0543129" />
    <UnitTestResult executionId="ee74e301-c477-4317-8410-1fcfbbd2166d" testId="0edb23ab-c701-12dd-3072-32d448851f6c" testName="Deep.Protocol.Tests.DeepExtension.CompatibilityMetadataEnvelopeTests.HopLocalAttemptAndNonceChanges_RemoveStableAttemptBytes" computerName="SURFACE-LT" duration="00:00:00.1930802" startTime="2026-07-19T11:51:44.0522261+05:00" endTime="2026-07-19T11:51:44.2307566+05:00" testType="13cdc9d9-ddb5-4fa4-a97d-d965ccfc6d4b" outcome="Passed" testListId="8c84fa94-04c1-424b-9868-57a2d4851a1d" relativeResultsDirectory="ee74e301-c477-4317-8410-1fcfbbd2166d" />
    <UnitTestResult executionId="dd2f382a-1244-4ef6-8efb-bcd0f812630e" testId="49c0a153-36bb-4446-5c52-2b7f02efd860" testName="Deep.Protocol.Tests.OnionRequestCodecTests.OnionEncryptionNamesMatchLibsessionAliases(wireName: &quot;xchacha20&quot;, expected: XChaCha20)" computerName="SURFACE-LT" duration="00:00:00.0002053" startTime="2026-07-19T11:51:44.3010933+05:00" endTime="2026-07-19T11:51:44.3011349+05:00" testType="13cdc9d9-ddb5-4fa4-a97d-d965ccfc6d4b" outcome="Passed" testListId="8c84fa94-04c1-424b-9868-57a2d4851a1d" relativeResultsDirectory="dd2f382a-1244-4ef6-8efb-bcd0f812630e" />
    <UnitTestResult executionId="b1ea257d-09b1-4c55-96e9-e0bec554ff9a" testId="5adc7432-7f74-1a3c-f102-f2f6b46167f0" testName="Deep.Protocol.Tests.DeepExtension.ManagedIngress.ManagedIngressContractTests.RetryAfterHeader_MustExactlyMatchCanonicalDie1(status: 503)" computerName="SURFACE-LT" duration="00:00:00.0001240" startTime="2026-07-19T11:51:44.2997904+05:00" endTime="2026-07-19T11:51:44.2998273+05:00" testType="13cdc9d9-ddb5-4fa4-a97d-d965ccfc6d4b" outcome="Passed" testListId="8c84fa94-04c1-424b-9868-57a2d4851a1d" relativeResultsDirectory="b1ea257d-09b1-4c55-96e9-e0bec554ff9a" />
    <UnitTestResult executionId="330dd23f-7144-4ad3-96de-46f25945320b" testId="3b7abe08-74a1-8c7d-0e9c-432c19db4b37" testName="Deep.Protocol.Tests.DeepExtension.ManagedIngress.ManagedIngressContractTests.EarlyData_IsRejectedBeforeForward" computerName="SURFACE-LT" duration="00:00:00.0032021" startTime="2026-07-19T11:51:44.2849033+05:00" endTime="2026-07-19T11:51:44.2934145+05:00" testType="13cdc9d9-ddb5-4fa4-a97d-d965ccfc6d4b" outcome="Passed" testListId="8c84fa94-04c1-424b-9868-57a2d4851a1d" relativeResultsDirectory="330dd23f-7144-4ad3-96de-46f25945320b" />
    <UnitTestResult executionId="c16dbb51-760e-4f50-a42b-8b3c68ef7394" testId="89c69b19-bbed-7a93-3d41-975ea35cf141" testName="Deep.Protocol.Tests.DeepExtension.ManagedIngress.ManagedIngressContractTests.NonCanonicalFrameRequest_FailsClosed(method: &quot;POST&quot;, path: &quot;/api/ingress/v1/frame&quot;, query: &quot;&quot;, version: &quot;1.1&quot;, contentType: &quot;application/vnd.xpoint.deep.ingress-opaque-v1&quot;, accept: &quot;application/vnd.xpoint.deep.ingress-opaque-v1&quot;)" computerName="SURFACE-LT" duration="00:00:00.0000069" startTime="2026-07-19T11:51:44.2587894+05:00" endTime="2026-07-19T11:51:44.2588306+05:00" testType="13cdc9d9-ddb5-4fa4-a97d-d965ccfc6d4b" outcome="Passed" testListId="8c84fa94-04c1-424b-9868-57a2d4851a1d" relativeResultsDirectory="c16dbb51-760e-4f50-a42b-8b3c68ef7394" />
    <UnitTestResult executionId="e705765c-cfcf-4a48-b156-17693408e89f" testId="70908441-646c-f8af-4ed2-043cbeee73ee" testName="Deep.Protocol.Tests.SodiumDifferentialTests.RecipientEncryptionPayloadIsDirectlyDecryptableBySodium" computerName="SURFACE-LT" duration="00:00:00.2177317" startTime="2026-07-19T11:51:44.0391913+05:00" endTime="2026-07-19T11:51:44.2451935+05:00" testType="13cdc9d9-ddb5-4fa4-a97d-d965ccfc6d4b" outcome="Passed" testListId="8c84fa94-04c1-424b-9868-57a2d4851a1d" relativeResultsDirectory="e705765c-cfcf-4a48-b156-17693408e89f" />
    <UnitTestResult executionId="37e3311b-76e4-48ff-9427-dcdb805458a4" testId="acbb3580-01ec-04a0-b60e-6a325ef320a9" testName="Deep.Protocol.Tests.DeepExtension.OpaqueBundleCodecTests.Negotiation_UsesHighestIntersection_AndNeverSilentlyDowngrades" computerName="SURFACE-LT" duration="00:00:00.0005975" startTime="2026-07-19T11:51:44.2938320+05:00" endTime="2026-07-19T11:51:44.2979971+05:00" testType="13cdc9d9-ddb5-4fa4-a97d-d965ccfc6d4b" outcome="Passed" testListId="8c84fa94-04c1-424b-9868-57a2d4851a1d" relativeResultsDirectory="37e3311b-76e4-48ff-9427-dcdb805458a4" />
    <UnitTestResult executionId="10dc7454-ce69-4076-9045-b38cbec99b9e" testId="28b458d2-a4c0-de1b-f7bf-cc19ab5556e7" testName="Deep.Protocol.Tests.DeepExtension.MembershipCorrectiveContractTests.BetaV1Policy_IsExactAndBridgeIdsAreUnique" computerName="SURFACE-LT" duration="00:00:00.0004403" startTime="2026-07-19T11:51:44.3292313+05:00" endTime="2026-07-19T11:51:44.3292852+05:00" testType="13cdc9d9-ddb5-4fa4-a97d-d965ccfc6d4b" outcome="Passed" testListId="8c84fa94-04c1-424b-9868-57a2d4851a1d" relativeResultsDirectory="10dc7454-ce69-4076-9045-b38cbec99b9e" />
    <UnitTestResult executionId="2f68e33a-6045-4e59-8e83-f7282d62253e" testId="570c14aa-3c6b-0031-dab6-c0f08d2c133f" testName="Deep.Protocol.Tests.OnionRequestCodecTests.BuildReturnsEncryptedPayloadAndFinalHopKeyMaterial" computerName="SURFACE-LT" duration="00:00:00.0051545" startTime="2026-07-19T11:51:44.2781773+05:00" endTime="2026-07-19T11:51:44.2950847+05:00" testType="13cdc9d9-ddb5-4fa4-a97d-d965ccfc6d4b" outcome="Passed" testListId="8c84fa94-04c1-424b-9868-57a2d4851a1d" relativeResultsDirectory="2f68e33a-6045-4e59-8e83-f7282d62253e" />
    <UnitTestResult executionId="25cb8ef0-67e5-47d8-b9e6-8919e9ffdff0" testId="6bc48ce2-9b8e-4278-b74f-c55936b8e6c1" testName="Deep.Protocol.Tests.DeepExtension.ManagedIngress.ManagedIngressContractTests.LanguageNeutralHttpFixtures_ArePresent" computerName="SURFACE-LT" duration="00:00:00.0006886" startTime="2026-07-19T11:51:44.2959261+05:00" endTime="2026-07-19T11:51:44.2994868+05:00" testType="13cdc9d9-ddb5-4fa4-a97d-d965ccfc6d4b" outcome="Passed" testListId="8c84fa94-04c1-424b-9868-57a2d4851a1d" relativeResultsDirectory="25cb8ef0-67e5-47d8-b9e6-8919e9ffdff0" />
    <UnitTestResult executionId="c6b90c8a-323c-462d-bffc-224d0dda7b9b" testId="34f142df-6462-0665-dd67-0e3e92e83c03" testName="Deep.Protocol.Tests.DeepExtension.ManagedIngress.ManagedIngressContractTests.NonCanonicalFrameRequest_FailsClosed(method: &quot;POST&quot;, path: &quot;/api/ingress/v1/frame&quot;, query: &quot;&quot;, version: &quot;2.0&quot;, contentType: &quot;application/vnd.xpoint.deep.ingress-opaque-v1&quot;, accept: &quot;application/json&quot;)" computerName="SURFACE-LT" duration="00:00:00.0005573" startTime="2026-07-19T11:51:44.2571753+05:00" endTime="2026-07-19T11:51:44.2575200+05:00" testType="13cdc9d9-ddb5-4fa4-a97d-d965ccfc6d4b" outcome="Passed" testListId="8c84fa94-04c1-424b-9868-57a2d4851a1d" relativeResultsDirectory="c6b90c8a-323c-462d-bffc-224d0dda7b9b" />
    <UnitTestResult executionId="2dd2cba5-3b67-49f3-ba82-546ae96da96b" testId="5722ae9d-c6cc-c2a3-88a7-8bb96fc4c0c1" testName="Deep.Protocol.Tests.DeepExtension.ManagedIngress.ManagedIngressMalformedAndFuzzTests.RetryAfterHeader_NonCanonicalValuesYieldOutcomeUnknown(value: &quot;0&quot;)" computerName="SURFACE-LT" duration="00:00:00.0000101" startTime="2026-07-19T11:51:44.2764286+05:00" endTime="2026-07-19T11:51:44.2764657+05:00" testType="13cdc9d9-ddb5-4fa4-a97d-d965ccfc6d4b" outcome="Passed" testListId="8c84fa94-04c1-424b-9868-57a2d4851a1d" relativeResultsDirectory="2dd2cba5-3b67-49f3-ba82-546ae96da96b" />
    <UnitTestResult executionId="d5d3ee67-2d52-45dc-805c-8b897714bc33" testId="7998a562-14bb-071e-ba9e-0b449fc03624" testName="Deep.Protocol.Tests.DeepExtension.ManagedIngress.ManagedIngressContractTests.PrivacyBearingAndInvalidH2Headers_AreRejected(name: &quot;transfer-encoding&quot;)" computerName="SURFACE-LT" duration="00:00:00.0000088" startTime="2026-07-19T11:51:44.2652282+05:00" endTime="2026-07-19T11:51:44.2652740+05:00" testType="13cdc9d9-ddb5-4fa4-a97d-d965ccfc6d4b" outcome="Passed" testListId="8c84fa94-04c1-424b-9868-57a2d4851a1d" relativeResultsDirectory="d5d3ee67-2d52-45dc-805c-8b897714bc33" />
    <UnitTestResult executionId="c080af4e-a299-4b3e-a012-f1f2dc29c3de" testId="f77654db-0c74-7c64-1598-300a86d9c52a" testName="Deep.Protocol.Tests.DeepExtension.ManagedIngress.ManagedIngressMalformedAndFuzzTests.HttpErrorMapping_IsExact(status: 502, errorClass: InvalidUpstreamResponse, certainty: UnknownAfterForward)" computerName="SURFACE-LT" duration="00:00:00.0001448" startTime="2026-07-19T11:51:44.2694270+05:00" endTime="2026-07-19T11:51:44.2694734+05:00" testType="13cdc9d9-ddb5-4fa4-a97d-d965ccfc6d4b" outcome="Passed" testListId="8c84fa94-04c1-424b-9868-57a2d4851a1d" relativeResultsDirectory="c080af4e-a299-4b3e-a012-f1f2dc29c3de" />
    <UnitTestResult executionId="61a7e5ac-1c92-4bdf-a39a-a524718bbf85" testId="9ac4a621-32ba-6f1b-5348-766e502f50ed" testName="Deep.Protocol.Tests.DeepExtension.ManagedIngress.ManagedIngressMalformedAndFuzzTests.Die1_MutationsFailClosed(offset: 9)" computerName="SURFACE-LT" duration="00:00:00.0000062" startTime="2026-07-19T11:51:44.2888575+05:00" endTime="2026-07-19T11:51:44.2888939+05:00" testType="13cdc9d9-ddb5-4fa4-a97d-d965ccfc6d4b" outcome="Passed" testListId="8c84fa94-04c1-424b-9868-57a2d4851a1d" relativeResultsDirectory="61a7e5ac-1c92-4bdf-a39a-a524718bbf85" />
    <UnitTestResult executionId="2db97c30-9d9c-4d60-8fa2-510a85fe4a57" testId="95b33fae-dd8a-27c5-6377-636aecab21e2" testName="Deep.Protocol.Tests.DeepExtension.ManagedIngress.ManagedIngressMalformedAndFuzzTests.Die1_WrongLengthFailsClosed(length: 0)" computerName="SURFACE-LT" duration="00:00:00.0000054" startTime="2026-07-19T11:51:44.2804689+05:00" endTime="2026-07-19T11:51:44.2805191+05:00" testType="13cdc9d9-ddb5-4fa4-a97d-d965ccfc6d4b" outcome="Passed" testListId="8c84fa94-04c1-424b-9868-57a2d4851a1d" relativeResultsDirectory="2db97c30-9d9c-4d60-8fa2-510a85fe4a57" />
    <UnitTestResult executionId="6ab681ea-ecbe-42fa-a080-3e7654b2609e" testId="fa1d34d4-0abf-5cda-19a9-be11887f513f" testName="Deep.Protocol.Tests.DeepExtension.MembershipContractTests.BridgeSnapshot_DoesNotExposeFullMembershipTopology" computerName="SURFACE-LT" duration="00:00:00.0002382" startTime="2026-07-19T11:51:44.2612760+05:00" endTime="2026-07-19T11:51:44.2613226+05:00" testType="13cdc9d9-ddb5-4fa4-a97d-d965ccfc6d4b" outcome="Passed" testListId="8c84fa94-04c1-424b-9868-57a2d4851a1d" relativeResultsDirectory="6ab681ea-ecbe-42fa-a080-3e7654b2609e" />
    <UnitTestResult executionId="98b28844-c20c-4364-929d-333ceeafa797" testId="a15ac59f-8d26-5cf1-8cdc-e87c031229c9" testName="Deep.Protocol.Tests.DeepExtension.MailboxReceiptContractTests.ReplicaStatementsMustAgreeOnCursorTombstoneAndPayload" computerName="SURFACE-LT" duration="00:00:00.0001926" startTime="2026-07-19T11:51:44.2669515+05:00" endTime="2026-07-19T11:51:44.2670275+05:00" testType="13cdc9d9-ddb5-4fa4-a97d-d965ccfc6d4b" outcome="Passed" testListId="8c84fa94-04c1-424b-9868-57a2d4851a1d" relativeResultsDirectory="98b28844-c20c-4364-929d-333ceeafa797" />
    <UnitTestResult executionId="bf761f35-13d3-4b5a-81e9-ee147dc2bd7f" testId="0bdb4425-1d0f-793c-4c32-6fb608593866" testName="Deep.Protocol.Tests.DeepExtension.ManagedIngress.ManagedIngressContractTests.StableOrReflectiveHeaders_AreForbidden(name: &quot;baggage&quot;)" computerName="SURFACE-LT" duration="00:00:00.0000124" startTime="2026-07-19T11:51:44.2845803+05:00" endTime="2026-07-19T11:51:44.2846250+05:00" testType="13cdc9d9-ddb5-4fa4-a97d-d965ccfc6d4b" outcome="Passed" testListId="8c84fa94-04c1-424b-9868-57a2d4851a1d" relativeResultsDirectory="bf761f35-13d3-4b5a-81e9-ee147dc2bd7f" />
    <UnitTestResult executionId="9724e875-9bff-4801-a221-c1d940a66315" testId="db4f82c0-8255-25c1-23bd-37f365260966" testName="Deep.Protocol.Tests.DeepExtension.MailboxCapabilityContractTests.CanonicalDepositPresentation_MatchesGoldenVector" computerName="SURFACE-LT" duration="00:00:00.0032446" startTime="2026-07-19T11:51:44.2768137+05:00" endTime="2026-07-19T11:51:44.2924467+05:00" testType="13cdc9d9-ddb5-4fa4-a97d-d965ccfc6d4b" outcome="Passed" testListId="8c84fa94-04c1-424b-9868-57a2d4851a1d" relativeResultsDirectory="9724e875-9bff-4801-a221-c1d940a66315" />
    <UnitTestResult executionId="c9cb31ff-99a1-49e4-9523-2b2e11b7f54b" testId="da927a92-ad69-07aa-0520-e7ccb36e67a0" testName="Deep.Protocol.Tests.GoldenVectorTests.ContentProtobufSerializationMatchesGoldenVector" computerName="SURFACE-LT" duration="00:00:00.2444907" startTime="2026-07-19T11:51:44.0391174+05:00" endTime="2026-07-19T11:51:44.2831004+05:00" testType="13cdc9d9-ddb5-4fa4-a97d-d965ccfc6d4b" outcome="Passed" testListId="8c84fa94-04c1-424b-9868-57a2d4851a1d" relativeResultsDirectory="c9cb31ff-99a1-49e4-9523-2b2e11b7f54b" />
    <UnitTestResult executionId="392057fd-19cb-4aeb-a908-a61a83242e69" testId="7c0db401-5622-39c8-bf4c-1948ad5075ea" testName="Deep.Protocol.Tests.DeepExtension.MailboxReceiptContractTests.AcceptedAndDurableErrors_RoundTripCanonically(stage: Durable, errorClass: QuorumUnavailable, retryable: True)" computerName="SURFACE-LT" duration="00:00:00.0000062" startTime="2026-07-19T11:51:44.0523808+05:00" endTime="2026-07-19T11:51:44.0524097+05:00" testType="13cdc9d9-ddb5-4fa4-a97d-d965ccfc6d4b" outcome="Passed" testListId="8c84fa94-04c1-424b-9868-57a2d4851a1d" relativeResultsDirectory="392057fd-19cb-4aeb-a908-a61a83242e69" />
    <UnitTestResult executionId="2c6e3783-74ec-4a15-8caf-4a7a14bebe01" testId="ecdd0f2e-ca34-57c1-4da9-1bc055fd401a" testName="Deep.Protocol.Tests.SodiumSessionProtocolCryptoTests.EncryptForBlindedRecipient_ValidatesInputShapes" computerName="SURFACE-LT" duration="00:00:00.0039246" startTime="2026-07-19T11:51:44.3063215+05:00" endTime="2026-07-19T11:51:44.3097454+05:00" testType="13cdc9d9-ddb5-4fa4-a97d-d965ccfc6d4b" outcome="Passed" testListId="8c84fa94-04c1-424b-9868-57a2d4851a1d" relativeResultsDirectory="2c6e3783-74ec-4a15-8caf-4a7a14bebe01" />
    <UnitTestResult executionId="550930f9-b5e2-4dea-bd48-6e37b3d00855" testId="0cade59d-c6fb-2d2a-1663-dacbee159d97" testName="Deep.Protocol.Tests.DeepExtension.CompatibilityMetadataEnvelopeMalformedAndFuzzTests.OptionalOuterMetadata_IsRejectedBeforeCryptoOpen" computerName="SURFACE-LT" duration="00:00:00.0012225" startTime="2026-07-19T11:51:44.0792636+05:00" endTime="2026-07-19T11:51:44.0804320+05:00" testType="13cdc9d9-ddb5-4fa4-a97d-d965ccfc6d4b" outcome="Passed" testListId="8c84fa94-04c1-424b-9868-57a2d4851a1d" relativeResultsDirectory="550930f9-b5e2-4dea-bd48-6e37b3d00855" />
    <UnitTestResult executionId="ef7f30ea-5212-429b-a744-9b95868e8411" testId="12fce61d-faa1-8b9a-44e6-06b5dffe73d1" testName="Deep.Protocol.Tests.DeepExtension.CompatibilityMetadataEnvelopeMalformedAndFuzzTests.EveryTruncation_FailsWithoutPartialResult" computerName="SURFACE-LT" duration="00:00:00.0020594" startTime="2026-07-19T11:51:44.0544400+05:00" endTime="2026-07-19T11:51:44.0544719+05:00" testType="13cdc9d9-ddb5-4fa4-a97d-d965ccfc6d4b" outcome="Passed" testListId="8c84fa94-04c1-424b-9868-57a2d4851a1d" relativeResultsDirectory="ef7f30ea-5212-429b-a744-9b95868e8411" />
    <UnitTestResult executionId="8036b0c5-bcfd-400d-ae12-12a04e590090" testId="885443f5-41de-4038-ce34-cc879eefe279" testName="Deep.Protocol.Tests.DeepExtension.MailboxCapabilityContractTests.ReplayAndIdempotency_DistinguishNewRetryConflictAndReplay" computerName="SURFACE-LT" duration="00:00:00.0043398" startTime="2026-07-19T11:51:44.2960447+05:00" endTime="2026-07-19T11:51:44.3028140+05:00" testType="13cdc9d9-ddb5-4fa4-a97d-d965ccfc6d4b" outcome="Passed" testListId="8c84fa94-04c1-424b-9868-57a2d4851a1d" relativeResultsDirectory="8036b0c5-bcfd-400d-ae12-12a04e590090" />
    <UnitTestResult executionId="b35e437c-1fcc-4ebe-8411-7c41f4ac7b48" testId="630a576c-f3d4-8bf2-8ec9-946b00c2e74d" testName="Deep.Protocol.Tests.ProtocolFuzzSmokeTests.GroupUpdateParser_DoesNotThrowOnRandomPayloads" computerName="SURFACE-LT" duration="00:00:00.0124930" startTime="2026-07-19T11:51:44.2367201+05:00" endTime="2026-07-19T11:51:44.2496552+05:00" testType="13cdc9d9-ddb5-4fa4-a97d-d965ccfc6d4b" outcome="Passed" testListId="8c84fa94-04c1-424b-9868-57a2d4851a1d" relativeResultsDirectory="b35e437c-1fcc-4ebe-8411-7c41f4ac7b48" />
    <UnitTestResult executionId="d7be99a7-0f69-49ff-8c0f-ad4390886fb6" testId="c4274dcb-ff04-97d2-e7fd-18378b56cb3f" testName="Deep.Protocol.Tests.DeepExtension.ManagedIngress.ManagedIngressContractTests.OpaqueFrame_OutOfBoundsFailsBeforeCopy(length: 1572865)" computerName="SURFACE-LT" duration="00:00:00.0000189" startTime="2026-07-19T11:51:44.2800468+05:00" endTime="2026-07-19T11:51:44.2800954+05:00" testType="13cdc9d9-ddb5-4fa4-a97d-d965ccfc6d4b" outcome="Passed" testListId="8c84fa94-04c1-424b-9868-57a2d4851a1d" relativeResultsDirectory="d7be99a7-0f69-49ff-8c0f-ad4390886fb6" />
    <UnitTestResult executionId="0112708b-6497-4c5e-a2db-25cfc6e4e3c9" testId="556a9d58-ae43-35de-be9f-4422bf54d0f1" testName="Deep.Protocol.Tests.DeepExtension.ManagedIngress.ManagedIngressContractTests.PrivacyBearingAndInvalidH2Headers_AreRejected(name: &quot;bad/header&quot;)" computerName="SURFACE-LT" duration="00:00:00.0000083" startTime="2026-07-19T11:51:44.2643419+05:00" endTime="2026-07-19T11:51:44.2643892+05:00" testType="13cdc9d9-ddb5-4fa4-a97d-d965ccfc6d4b" outcome="Passed" testListId="8c84fa94-04c1-424b-9868-57a2d4851a1d" relativeResultsDirectory="0112708b-6497-4c5e-a2db-25cfc6e4e3c9" />
    <UnitTestResult executionId="cbd388ba-548e-473c-95a6-e6adf844a7af" testId="b6468f63-b5e3-61f2-0c3a-07e57923d0e0" testName="Deep.Protocol.Tests.DeepExtension.OpaqueBundleCodecTests.CallerPolicies_MayNarrowButNeverExtendKnownCriticalFeatures" computerName="SURFACE-LT" duration="00:00:00.0037932" startTime="2026-07-19T11:51:44.3026201+05:00" endTime="2026-07-19T11:51:44.3064764+05:00" testType="13cdc9d9-ddb5-4fa4-a97d-d965ccfc6d4b" outcome="Passed" testListId="8c84fa94-04c1-424b-9868-57a2d4851a1d" relativeResultsDirectory="cbd388ba-548e-473c-95a6-e6adf844a7af" />
    <UnitTestResult executionId="10a2c1a9-01fb-4275-aeef-3762ed0e5c3c" testId="8ec7e85a-3b93-cbd2-460f-6dd39e277c51" testName="Deep.Protocol.Tests.DeepExtension.MembershipCorrectiveContractTests.AllStatementDecodersAndGoldenVectors_AreCanonical" computerName="SURFACE-LT" duration="00:00:00.0006648" startTime="2026-07-19T11:51:44.3293912+05:00" endTime="2026-07-19T11:51:44.3299715+05:00" testType="13cdc9d9-ddb5-4fa4-a97d-d965ccfc6d4b" outcome="Passed" testListId="8c84fa94-04c1-424b-9868-57a2d4851a1d" relativeResultsDirectory="10a2c1a9-01fb-4275-aeef-3762ed0e5c3c" />
    <UnitTestResult executionId="cf4cc54d-9834-448b-9cda-82d9340849f1" testId="1b6e7a6f-a407-76fa-1380-4f9c7ed195c4" testName="Deep.Protocol.Tests.DeepExtension.MembershipSecondCorrectiveTests.SelfHostedImport_RequiresExpectedNetworkAndCanonicalGenesisHashPins" computerName="SURFACE-LT" duration="00:00:00.0003822" startTime="2026-07-19T11:51:44.3146340+05:00" endTime="2026-07-19T11:51:44.3146704+05:00" testType="13cdc9d9-ddb5-4fa4-a97d-d965ccfc6d4b" outcome="Passed" testListId="8c84fa94-04c1-424b-9868-57a2d4851a1d" relativeResultsDirectory="cf4cc54d-9834-448b-9cda-82d9340849f1" />
    <UnitTestResult executionId="4b1abd5c-bac1-40c6-be88-fa41688be06b" testId="1045e553-be9d-55fa-facf-1a893e9d95b6" testName="Deep.Protocol.Tests.DeepExtension.ManagedIngress.ManagedIngressMalformedAndFuzzTests.Die1_MutationsFailClosed(offset: 63)" computerName="SURFACE-LT" duration="00:00:00.0000052" startTime="2026-07-19T11:51:44.2895850+05:00" endTime="2026-07-19T11:51:44.2896465+05:00" testType="13cdc9d9-ddb5-4fa4-a97d-d965ccfc6d4b" outcome="Passed" testListId="8c84fa94-04c1-424b-9868-57a2d4851a1d" relativeResultsDirectory="4b1abd5c-bac1-40c6-be88-fa41688be06b" />
    <UnitTestResult executionId="b5f71a78-1530-4350-9181-a2a735d6df8c" testId="93e3a132-17fd-7a62-a140-0a1b2864455b" testName="Deep.Protocol.Tests.DeepExtension.ManagedIngress.ManagedIngressContractTests.FrameResponse_RequiresActualCompleteBody(actualLength: 65)" computerName="SURFACE-LT" duration="00:00:00.0000870" startTime="2026-07-19T11:51:44.2657747+05:00" endTime="2026-07-19T11:51:44.2658264+05:00" testType="13cdc9d9-ddb5-4fa4-a97d-d965ccfc6d4b" outcome="Passed" testListId="8c84fa94-04c1-424b-9868-57a2d4851a1d" relativeResultsDirectory="b5f71a78-1530-4350-9181-a2a735d6df8c" />
    <UnitTestResult executionId="2029c7f1-51df-4b1a-a09c-39e57353f5cf" testId="4a93d224-6a0b-e33d-89a5-09139dee8dd6" testName="Deep.Protocol.Tests.DeepExtension.ManagedIngress.ManagedIngressContractTests.PrivacyBearingAndInvalidH2Headers_AreRejected(name: &quot;account-id&quot;)" computerName="SURFACE-LT" duration="00:00:00.0000090" startTime="2026-07-19T11:51:44.2639098+05:00" endTime="2026-07-19T11:51:44.2639479+05:00" testType="13cdc9d9-ddb5-4fa4-a97d-d965ccfc6d4b" outcome="Passed" testListId="8c84fa94-04c1-424b-9868-57a2d4851a1d" relativeResultsDirectory="2029c7f1-51df-4b1a-a09c-39e57353f5cf" />
    <UnitTestResult executionId="b77a8944-8b03-4036-bda5-4cbd0db6849b" testId="933275e4-bd9f-1bd2-ddfe-4b73f76b6d38" testName="Deep.Protocol.Tests.DeepExtension.MailboxReceiptContractTests.VerificationRequiresExpectedOperationGenerationPayloadAndTombstone" computerName="SURFACE-LT" duration="00:00:00.0003401" startTime="2026-07-19T11:51:44.2675393+05:00" endTime="2026-07-19T11:51:44.2702045+05:00" testType="13cdc9d9-ddb5-4fa4-a97d-d965ccfc6d4b" outcome="Passed" testListId="8c84fa94-04c1-424b-9868-57a2d4851a1d" relativeResultsDirectory="b77a8944-8b03-4036-bda5-4cbd0db6849b" />
    <UnitTestResult executionId="ad85c8f1-9fd3-4bda-a6d5-b54224c190a8" testId="9711c41c-c9f6-64d4-d5ed-8348699a0fc6" testName="Deep.Protocol.Tests.ProtocolParserCodecFuzzTests.DecodeForCommunity_DoesNotCrashOnRandomPayloads" computerName="SURFACE-LT" duration="00:00:00.0099103" startTime="2026-07-19T11:51:44.2451513+05:00" endTime="2026-07-19T11:51:44.2544411+05:00" testType="13cdc9d9-ddb5-4fa4-a97d-d965ccfc6d4b" outcome="Passed" testListId="8c84fa94-04c1-424b-9868-57a2d4851a1d" relativeResultsDirectory="ad85c8f1-9fd3-4bda-a6d5-b54224c190a8" />
    <UnitTestResult executionId="7ec35552-634b-4369-ac11-e4739048271b" testId="af3d5a5f-34c1-7a7d-9776-5aaa9cc11779" testName="Deep.Protocol.Tests.DeepExtension.ManagedIngress.ManagedIngressContractTests.OpaqueFrame_BoundsAreAcceptedAndBytesRemainOpaque(length: 1572864)" computerName="SURFACE-LT" duration="00:00:00.0022884" startTime="2026-07-19T11:51:44.3064303+05:00" endTime="2026-07-19T11:51:44.3075871+05:00" testType="13cdc9d9-ddb5-4fa4-a97d-d965ccfc6d4b" outcome="Passed" testListId="8c84fa94-04c1-424b-9868-57a2d4851a1d" relativeResultsDirectory="7ec35552-634b-4369-ac11-e4739048271b" />
    <UnitTestResult executionId="89787d59-c9de-4592-ba94-dccf9bb2ddbd" testId="b4178856-c9cc-34eb-5578-f38650e380e4" testName="Deep.Protocol.Tests.DeepExtension.ManagedIngress.ManagedIngressContractTests.OuterSuccess_NeverCreatesMailboxAuthority(statusCode: 204, expected: OutcomeUnknown)" computerName="SURFACE-LT" duration="00:00:00.0000051" startTime="2026-07-19T11:51:44.2950007+05:00" endTime="2026-07-19T11:51:44.2950389+05:00" testType="13cdc9d9-ddb5-4fa4-a97d-d965ccfc6d4b" outcome="Passed" testListId="8c84fa94-04c1-424b-9868-57a2d4851a1d" relativeResultsDirectory="89787d59-c9de-4592-ba94-dccf9bb2ddbd" />
    <UnitTestResult executionId="c140a7a2-4143-492f-bc63-f8e905b83f16" testId="79c973ce-1b0d-dd25-af4f-d10b55534bc6" testName="Deep.Protocol.Tests.DeepExtension.MailboxCapabilityContractTests.LifecycleMarkers_RequireExplicitPolicy(lifecycle: Revoked, overlapUntil: 0, strictAccepted: False)" computerName="SURFACE-LT" duration="00:00:00.0002065" startTime="2026-07-19T11:51:44.2935960+05:00" endTime="2026-07-19T11:51:44.2945758+05:00" testType="13cdc9d9-ddb5-4fa4-a97d-d965ccfc6d4b" outcome="Passed" testListId="8c84fa94-04c1-424b-9868-57a2d4851a1d" relativeResultsDirectory="c140a7a2-4143-492f-bc63-f8e905b83f16" />
    <UnitTestResult executionId="91b801ea-1e35-4fec-b709-f0d687e30d8d" testId="148f7158-8db9-8941-e462-c5d189a57950" testName="Deep.Protocol.Tests.DeepExtension.MailboxCapabilityContractTests.FreeAdmission_MustBeCurrentAndNestedInsideCapabilityWindow" computerName="SURFACE-LT" duration="00:00:00.0003210" startTime="2026-07-19T11:51:44.3119670+05:00" endTime="2026-07-19T11:51:44.3120045+05:00" testType="13cdc9d9-ddb5-4fa4-a97d-d965ccfc6d4b" outcome="Passed" testListId="8c84fa94-04c1-424b-9868-57a2d4851a1d" relativeResultsDirectory="91b801ea-1e35-4fec-b709-f0d687e30d8d" />
    <UnitTestResult executionId="d2d54b2f-4e7c-4d63-b65c-dda2faa16358" testId="28b4d022-b133-3957-e7f3-b08c20befbe0" testName="Deep.Protocol.Tests.DeepExtension.OpaqueBundleCodecTests.TransportAttemptId_CannotEqualEndToEndDedupId" computerName="SURFACE-LT" duration="00:00:00.0001037" startTime="2026-07-19T11:51:44.3086026+05:00" endTime="2026-07-19T11:51:44.3086357+05:00" testType="13cdc9d9-ddb5-4fa4-a97d-d965ccfc6d4b" outcome="Passed" testListId="8c84fa94-04c1-424b-9868-57a2d4851a1d" relativeResultsDirectory="d2d54b2f-4e7c-4d63-b65c-dda2faa16358" />
    <UnitTestResult executionId="9bcaf252-407d-48f1-934b-a7c4c725f04b" testId="1048bcd4-0090-62b3-8bda-3f90b472d335" testName="Deep.Protocol.Tests.OnionRequestCodecTests.DecryptResponseFallsBackToPlaintextWhenEnvelopeIsNotJson" computerName="SURFACE-LT" duration="00:00:00.0266573" startTime="2026-07-19T11:51:44.2344058+05:00" endTime="2026-07-19T11:51:44.2608775+05:00" testType="13cdc9d9-ddb5-4fa4-a97d-d965ccfc6d4b" outcome="Passed" testListId="8c84fa94-04c1-424b-9868-57a2d4851a1d" relativeResultsDirectory="9bcaf252-407d-48f1-934b-a7c4c725f04b" />
    <UnitTestResult executionId="8f261b53-516b-43f4-8bf2-babc118b13c5" testId="e1912d1d-ffd5-8161-6856-9f9dc2ac56ca" testName="Deep.Protocol.Tests.DeepExtension.CompatibilityMetadataEnvelopeTests.ProductionAssembly_ContainsNoCompatibilityCryptoImplementation" computerName="SURFACE-LT" duration="00:00:00.0002549" startTime="2026-07-19T11:51:44.2775741+05:00" endTime="2026-07-19T11:51:44.2779806+05:00" testType="13cdc9d9-ddb5-4fa4-a97d-d965ccfc6d4b" outcome="Passed" testListId="8c84fa94-04c1-424b-9868-57a2d4851a1d" relativeResultsDirectory="8f261b53-516b-43f4-8bf2-babc118b13c5" />
    <UnitTestResult executionId="3215273d-5632-4004-baf0-ff14df4aba22" testId="3eadd699-8c59-0ca4-d804-287c1f808520" testName="Deep.Protocol.Tests.DeepExtension.OpaqueBundleCodecTests.RetrieveCapability_RoundTripsAsDistinctRuntimeType" computerName="SURFACE-LT" duration="00:00:00.0001622" startTime="2026-07-19T11:51:44.3072717+05:00" endTime="2026-07-19T11:51:44.3074578+05:00" testType="13cdc9d9-ddb5-4fa4-a97d-d965ccfc6d4b" outcome="Passed" testListId="8c84fa94-04c1-424b-9868-57a2d4851a1d" relativeResultsDirectory="3215273d-5632-4004-baf0-ff14df4aba22" />
    <UnitTestResult executionId="e2c4e2f3-642d-45b0-8ed3-6d0a5f890d30" testId="012ec680-4b02-8948-e40c-7f4acf233a15" testName="Deep.Protocol.Tests.DeepExtension.ManagedIngress.ManagedIngressContractTests.UnknownCriticalCapabilityFeature_FailsClosed" computerName="SURFACE-LT" duration="00:00:00.0003209" startTime="2026-07-19T11:51:44.3170164+05:00" endTime="2026-07-19T11:51:44.3170529+05:00" testType="13cdc9d9-ddb5-4fa4-a97d-d965ccfc6d4b" outcome="Passed" testListId="8c84fa94-04c1-424b-9868-57a2d4851a1d" relativeResultsDirectory="e2c4e2f3-642d-45b0-8ed3-6d0a5f890d30" />
    <UnitTestResult executionId="7fd46d35-284e-4206-b4be-c9a344fe8db9" testId="296cbd0c-6aa8-6fe9-fce3-de8f3959b359" testName="Deep.Protocol.Tests.DeepExtension.OpaqueBundleCodecTests.NonCanonicalMinimumReaderVersion_FailsClosed" computerName="SURFACE-LT" duration="00:00:00.0001128" startTime="2026-07-19T11:51:44.3088269+05:00" endTime="2026-07-19T11:51:44.3091229+05:00" testType="13cdc9d9-ddb5-4fa4-a97d-d965ccfc6d4b" outcome="Passed" testListId="8c84fa94-04c1-424b-9868-57a2d4851a1d" relativeResultsDirectory="7fd46d35-284e-4206-b4be-c9a344fe8db9" />
    <UnitTestResult executionId="8fc9d32f-7488-4054-8970-07bde47b5b73" testId="9943195c-4f7b-6eb6-b652-c8e75015a169" testName="Deep.Protocol.Tests.DeepExtension.ManagedIngress.ManagedIngressContractTests.OpaqueFrame_OutOfBoundsFailsBeforeCopy(length: 63)" computerName="SURFACE-LT" duration="00:00:00.0001599" startTime="2026-07-19T11:51:44.2789756+05:00" endTime="2026-07-19T11:51:44.2799362+05:00" testType="13cdc9d9-ddb5-4fa4-a97d-d965ccfc6d4b" outcome="Passed" testListId="8c84fa94-04c1-424b-9868-57a2d4851a1d" relativeResultsDirectory="8fc9d32f-7488-4054-8970-07bde47b5b73" />
    <UnitTestResult executionId="e17774c1-0b70-4eb6-b388-30c241744ad5" testId="b361c614-dccd-9ae8-f0ed-e1034e13626c" testName="Deep.Protocol.Tests.DeepExtension.MailboxReceiptContractTests.AcceptedAndDurableErrors_RoundTripCanonically(stage: Accepted, errorClass: Capacity, retryable: True)" computerName="SURFACE-LT" duration="00:00:00.0024429" startTime="2026-07-19T11:51:44.0520213+05:00" endTime="2026-07-19T11:51:44.0522578+05:00" testType="13cdc9d9-ddb5-4fa4-a97d-d965ccfc6d4b" outcome="Passed" testListId="8c84fa94-04c1-424b-9868-57a2d4851a1d" relativeResultsDirectory="e17774c1-0b70-4eb6-b388-30c241744ad5" />
    <UnitTestResult executionId="07b181e5-fe72-431e-b37a-5660399dfadc" testId="35546dad-04ca-0579-050a-6adb0cff3611" testName="Deep.Protocol.Tests.DeepExtension.MembershipSecondCorrectiveTests.EveryVerifierEntry_RejectsCallerConstructedInvalidGenesisWithContractException" computerName="SURFACE-LT" duration="00:00:00.0025000" startTime="2026-07-19T11:51:44.3144979+05:00" endTime="2026-07-19T11:51:44.3145440+05:00" testType="13cdc9d9-ddb5-4fa4-a97d-d965ccfc6d4b" outcome="Passed" testListId="8c84fa94-04c1-424b-9868-57a2d4851a1d" relativeResultsDirectory="07b181e5-fe72-431e-b37a-5660399dfadc" />
    <UnitTestResult executionId="e1b6abd9-a7ec-4f6c-b2a2-ab3434101f72" testId="df505b0b-eb1f-ab9a-afb3-cce1a200ccb9" testName="Deep.Protocol.Tests.DeepExtension.MembershipCorrectiveContractTests.DelegationAuthorityChain_IsMonotonicHashPinnedAndForkEvident" computerName="SURFACE-LT" duration="00:00:00.0007230" startTime="2026-07-19T11:51:44.3131454+05:00" endTime="2026-07-19T11:51:44.3133864+05:00" testType="13cdc9d9-ddb5-4fa4-a97d-d965ccfc6d4b" outcome="Passed" testListId="8c84fa94-04c1-424b-9868-57a2d4851a1d" relativeResultsDirectory="e1b6abd9-a7ec-4f6c-b2a2-ab3434101f72" />
    <UnitTestResult executionId="ad4ad0fa-c560-485d-aa8a-17e11c4c1443" testId="92b04862-2638-e733-1320-931ac811db94" testName="Deep.Protocol.Tests.DeepExtension.OpaqueBundleMalformedAndFuzzTests.DeterministicStructuredMutations_ReachNamedFailureBranches(name: &quot;unknown-critical-feature&quot;, mutate: Func`2 { Method = Byte[] &lt;get_StructuredMutations&gt;b__4_3(Byte[]), Target = &lt;&gt;c { } }, expectedError: UnknownCriticalFeature)" computerName="SURFACE-LT" duration="00:00:00.0000553" startTime="2026-07-19T11:51:44.4001697+05:00" endTime="2026-07-19T11:51:44.4002026+05:00" testType="13cdc9d9-ddb5-4fa4-a97d-d965ccfc6d4b" outcome="Passed" testListId="8c84fa94-04c1-424b-9868-57a2d4851a1d" relativeResultsDirectory="ad4ad0fa-c560-485d-aa8a-17e11c4c1443" />
    <UnitTestResult executionId="ae42da2a-7985-4368-af1f-1ac28ae96a8b" testId="92b04862-2638-e733-1320-931ac811db94" testName="Deep.Protocol.Tests.DeepExtension.OpaqueBundleMalformedAndFuzzTests.DeterministicStructuredMutations_ReachNamedFailureBranches(name: &quot;non-zero-padding&quot;, mutate: Func`2 { Method = Byte[] &lt;get_StructuredMutations&gt;b__4_2(Byte[]), Target = &lt;&gt;c { } }, expectedError: NonCanonicalPadding)" computerName="SURFACE-LT" duration="00:00:00.0000610" startTime="2026-07-19T11:51:44.4001020+05:00" endTime="2026-07-19T11:51:44.4001364+05:00" testType="13cdc9d9-ddb5-4fa4-a97d-d965ccfc6d4b" outcome="Passed" testListId="8c84fa94-04c1-424b-9868-57a2d4851a1d" relativeResultsDirectory="ae42da2a-7985-4368-af1f-1ac28ae96a8b" />
    <UnitTestResult executionId="32c4c002-bc55-4676-8004-de856782fbb4" testId="67fa9bd1-a4b1-3808-7794-a99250f03a3b" testName="Deep.Protocol.Tests.DeepExtension.OpaqueBundleCodecTests.Encode_RejectsUndefinedPayloadKindBeforeWriting" computerName="SURFACE-LT" duration="00:00:00.0001227" startTime="2026-07-19T11:51:44.3084801+05:00" endTime="2026-07-19T11:51:44.3085170+05:00" testType="13cdc9d9-ddb5-4fa4-a97d-d965ccfc6d4b" outcome="Passed" testListId="8c84fa94-04c1-424b-9868-57a2d4851a1d" relativeResultsDirectory="32c4c002-bc55-4676-8004-de856782fbb4" />
    <UnitTestResult executionId="d8ff91fa-407e-4966-9f38-d530ee2a1a5b" testId="78107ed6-2614-ccc2-6066-3e321fd5f6dc" testName="Deep.Protocol.Tests.DeepExtension.CompatibilityMetadataEnvelopeMalformedAndFuzzTests.DecodeRejectsInvalidCiphertextOverhead_BeforeReplayCommit(domain: Payload, aboveMaximum: False)" computerName="SURFACE-LT" duration="00:00:00.0001553" startTime="2026-07-19T11:51:44.0567472+05:00" endTime="2026-07-19T11:51:44.0567825+05:00" testType="13cdc9d9-ddb5-4fa4-a97d-d965ccfc6d4b" outcome="Passed" testListId="8c84fa94-04c1-424b-9868-57a2d4851a1d" relativeResultsDirectory="d8ff91fa-407e-4966-9f38-d530ee2a1a5b" />
    <UnitTestResult executionId="015854f0-0e67-463a-bb4f-855b4131a772" testId="3adddf06-9cc2-0920-833b-9d9e38e9da67" testName="Deep.Protocol.Tests.DeepExtension.ManagedIngress.ManagedIngressMalformedAndFuzzTests.RetryAfterHeader_NonCanonicalValuesYieldOutcomeUnknown(value: &quot;61&quot;)" computerName="SURFACE-LT" duration="00:00:00.0015584" startTime="2026-07-19T11:51:44.2722081+05:00" endTime="2026-07-19T11:51:44.2754286+05:00" testType="13cdc9d9-ddb5-4fa4-a97d-d965ccfc6d4b" outcome="Passed" testListId="8c84fa94-04c1-424b-9868-57a2d4851a1d" relativeResultsDirectory="015854f0-0e67-463a-bb4f-855b4131a772" />
    <UnitTestResult executionId="95caccb2-52c6-4795-be92-3f0ad28dbd29" testId="9573aeee-74fc-2d1e-0130-63549e220275" testName="Deep.Protocol.Tests.DeepExtension.ManagedIngress.ManagedIngressContractTests.PrivacyBearingAndInvalidH2Headers_AreRejected(name: &quot;x-attempt-id&quot;)" computerName="SURFACE-LT" duration="00:00:00.0000098" startTime="2026-07-19T11:51:44.2654856+05:00" endTime="2026-07-19T11:51:44.2655379+05:00" testType="13cdc9d9-ddb5-4fa4-a97d-d965ccfc6d4b" outcome="Passed" testListId="8c84fa94-04c1-424b-9868-57a2d4851a1d" relativeResultsDirectory="95caccb2-52c6-4795-be92-3f0ad28dbd29" />
    <UnitTestResult executionId="c404f3cc-7ea7-41f7-b22e-b13b3ae011eb" testId="4223468d-68e5-1914-b099-d73e7db55d4e" testName="Deep.Protocol.Tests.DeepExtension.MembershipCorrectiveContractTests.NewCanonicalDecoders_RejectTruncationTrailingAndStructuredMalformedInput" computerName="SURFACE-LT" duration="00:00:00.0345213" startTime="2026-07-19T11:51:44.3135897+05:00" endTime="2026-07-19T11:51:44.3289833+05:00" testType="13cdc9d9-ddb5-4fa4-a97d-d965ccfc6d4b" outcome="Passed" testListId="8c84fa94-04c1-424b-9868-57a2d4851a1d" relativeResultsDirectory="c404f3cc-7ea7-41f7-b22e-b13b3ae011eb" />
    <UnitTestResult executionId="d296f9da-7305-44a9-8da9-abb80c0f2fa3" testId="13b02d88-f7b7-1266-d38a-2d3602d6b7e5" testName="Deep.Protocol.Tests.DeepExtension.CompatibilityMetadataEnvelopeMalformedAndFuzzTests.DecodeRejectsInvalidCiphertextOverhead_BeforeReplayCommit(domain: Header, aboveMaximum: True)" computerName="SURFACE-LT" duration="00:00:00.0000237" startTime="2026-07-19T11:51:44.0572707+05:00" endTime="2026-07-19T11:51:44.0573069+05:00" testType="13cdc9d9-ddb5-4fa4-a97d-d965ccfc6d4b" outcome="Passed" testListId="8c84fa94-04c1-424b-9868-57a2d4851a1d" relativeResultsDirectory="d296f9da-7305-44a9-8da9-abb80c0f2fa3" />
    <UnitTestResult executionId="89ebcdd5-6424-4572-9377-084852f1a309" testId="8431ad84-2472-66f8-bc79-336922e35548" testName="Deep.Protocol.Tests.DeepExtension.NearbyHandshakeMalformedAndFuzzTests.FixedSeedMalformedFrames_StayInsideExpectedExceptionSurface" computerName="SURFACE-LT" duration="00:00:00.0095867" startTime="2026-07-19T11:51:44.0519128+05:00" endTime="2026-07-19T11:51:44.0535187+05:00" testType="13cdc9d9-ddb5-4fa4-a97d-d965ccfc6d4b" outcome="Passed" testListId="8c84fa94-04c1-424b-9868-57a2d4851a1d" relativeResultsDirectory="89ebcdd5-6424-4572-9377-084852f1a309" />
    <UnitTestResult executionId="f89f0b88-e4d4-412c-9403-df24a0c9c9d9" testId="335bb7f3-a471-d417-d8ac-ab3359682c34" testName="Deep.Protocol.Tests.DeepExtension.ManagedIngress.ManagedIngressContractTests.StableOrReflectiveHeaders_AreForbidden(name: &quot;traceparent&quot;)" computerName="SURFACE-LT" duration="00:00:00.0000988" startTime="2026-07-19T11:51:44.2833956+05:00" endTime="2026-07-19T11:51:44.2834406+05:00" testType="13cdc9d9-ddb5-4fa4-a97d-d965ccfc6d4b" outcome="Passed" testListId="8c84fa94-04c1-424b-9868-57a2d4851a1d" relativeResultsDirectory="f89f0b88-e4d4-412c-9403-df24a0c9c9d9" />
    <UnitTestResult executionId="6c6efc3e-aad2-4fc3-aa32-b4835af78cd5" testId="f8a87c7f-9194-6c27-6011-d61a2524a939" testName="Deep.Protocol.Tests.DeepExtension.ManagedIngress.ManagedIngressMalformedAndFuzzTests.FixedSeedMalformedSmoke_NeverAcceptsMutatedDie1" computerName="SURFACE-LT" duration="00:00:00.0042135" startTime="2026-07-19T11:51:44.3057762+05:00" endTime="2026-07-19T11:51:44.3089800+05:00" testType="13cdc9d9-ddb5-4fa4-a97d-d965ccfc6d4b" outcome="Passed" testListId="8c84fa94-04c1-424b-9868-57a2d4851a1d" relativeResultsDirectory="6c6efc3e-aad2-4fc3-aa32-b4835af78cd5" />
    <UnitTestResult executionId="5c95a2d8-bb2a-462c-98ad-8fc4367ef125" testId="ee222fc1-f6ce-42a3-c445-d57198645e3d" testName="Deep.Protocol.Tests.DeepExtension.ManagedIngress.ManagedIngressMalformedAndFuzzTests.HttpErrorMapping_IsExact(status: 421, errorClass: WrongOrigin, certainty: BeforeForward)" computerName="SURFACE-LT" duration="00:00:00.0000029" startTime="2026-07-19T11:51:44.2700454+05:00" endTime="2026-07-19T11:51:44.2700924+05:00" testType="13cdc9d9-ddb5-4fa4-a97d-d965ccfc6d4b" outcome="Passed" testListId="8c84fa94-04c1-424b-9868-57a2d4851a1d" relativeResultsDirectory="5c95a2d8-bb2a-462c-98ad-8fc4367ef125" />
    <UnitTestResult executionId="edf2252f-7713-4034-91c0-1d09c3159537" testId="ba423d79-5c0d-3c48-569e-7d433453fc5f" testName="Deep.Protocol.Tests.DeepExtension.MailboxCapabilityMalformedAndFuzzTests.StructuredHeaderMutations_AreRejected(offset: 60, value: 1)" computerName="SURFACE-LT" duration="00:00:00.0000095" startTime="2026-07-19T11:51:44.2571936+05:00" endTime="2026-07-19T11:51:44.2572665+05:00" testType="13cdc9d9-ddb5-4fa4-a97d-d965ccfc6d4b" outcome="Passed" testListId="8c84fa94-04c1-424b-9868-57a2d4851a1d" relativeResultsDirectory="edf2252f-7713-4034-91c0-1d09c3159537" />
    <UnitTestResult executionId="70400609-9c9f-49ee-a61e-6ece851ee2ee" testId="0f41cfa5-7b8d-affc-9a27-4115dae681be" testName="Deep.Protocol.Tests.DeepExtension.ManagedIngress.ManagedIngressContractTests.StableOrReflectiveHeaders_AreForbidden(name: &quot;cookie&quot;)" computerName="SURFACE-LT" duration="00:00:00.0000113" startTime="2026-07-19T11:51:44.2836040+05:00" endTime="2026-07-19T11:51:44.2836375+05:00" testType="13cdc9d9-ddb5-4fa4-a97d-d965ccfc6d4b" outcome="Passed" testListId="8c84fa94-04c1-424b-9868-57a2d4851a1d" relativeResultsDirectory="70400609-9c9f-49ee-a61e-6ece851ee2ee" />
    <UnitTestResult executionId="ec09e51e-546b-47cd-bdd3-c703a1f35393" testId="ae02643e-f85d-94a7-aa7e-08ec48fe5063" testName="Deep.Protocol.Tests.DeepExtension.ManagedIngress.ManagedIngressMalformedAndFuzzTests.HttpErrorMapping_IsExact(status: 415, errorClass: UnsupportedMediaType, certainty: BeforeForward)" computerName="SURFACE-LT" duration="00:00:00.0000030" startTime="2026-07-19T11:51:44.2705698+05:00" endTime="2026-07-19T11:51:44.2706090+05:00" testType="13cdc9d9-ddb5-4fa4-a97d-d965ccfc6d4b" outcome="Passed" testListId="8c84fa94-04c1-424b-9868-57a2d4851a1d" relativeResultsDirectory="ec09e51e-546b-47cd-bdd3-c703a1f35393" />
    <UnitTestResult executionId="0aab8f44-910c-46a9-a427-39ce411b48f4" testId="4e40a4f7-5384-298f-9464-5543569023ef" testName="Deep.Protocol.Tests.DeepExtension.ManagedIngress.ManagedIngressMalformedAndFuzzTests.HttpErrorMapping_IsExact(status: 503, errorClass: Unavailable, certainty: BeforeForward)" computerName="SURFACE-LT" duration="00:00:00.0000022" startTime="2026-07-19T11:51:44.2716918+05:00" endTime="2026-07-19T11:51:44.2717375+05:00" testType="13cdc9d9-ddb5-4fa4-a97d-d965ccfc6d4b" outcome="Passed" testListId="8c84fa94-04c1-424b-9868-57a2d4851a1d" relativeResultsDirectory="0aab8f44-910c-46a9-a427-39ce411b48f4" />
    <UnitTestResult executionId="cc1768dd-a220-4f37-86c8-a17ba976f2ec" testId="a8322f21-8d0b-c5e1-8e13-39e221edb785" testName="Deep.Protocol.Tests.DeepExtension.NearbyHandshakeMalformedAndFuzzTests.StructuredFrameMutations_AreRejected(offset: 5)" computerName="SURFACE-LT" duration="00:00:00.0000087" startTime="2026-07-19T11:51:44.0481395+05:00" endTime="2026-07-19T11:51:44.0481699+05:00" testType="13cdc9d9-ddb5-4fa4-a97d-d965ccfc6d4b" outcome="Passed" testListId="8c84fa94-04c1-424b-9868-57a2d4851a1d" relativeResultsDirectory="cc1768dd-a220-4f37-86c8-a17ba976f2ec" />
    <UnitTestResult executionId="d2c1c0e8-0daa-4ee7-9aa7-9b9f2dcb6698" testId="f7144c7c-138c-439a-72f4-3228238129e2" testName="Deep.Protocol.Tests.DeepExtension.ManagedIngress.ManagedIngressContractTests.PrivacyBearingAndInvalidH2Headers_AreRejected(name: &quot;x-plan&quot;)" computerName="SURFACE-LT" duration="00:00:00.0000080" startTime="2026-07-19T11:51:44.2642343+05:00" endTime="2026-07-19T11:51:44.2642772+05:00" testType="13cdc9d9-ddb5-4fa4-a97d-d965ccfc6d4b" outcome="Passed" testListId="8c84fa94-04c1-424b-9868-57a2d4851a1d" relativeResultsDirectory="d2c1c0e8-0daa-4ee7-9aa7-9b9f2dcb6698" />
    <UnitTestResult executionId="bc673964-b071-43a4-8834-9db8c63a4752" testId="6689da5a-df83-e0c4-5d17-14321d561894" testName="Deep.Protocol.Tests.ProtocolFuzzSmokeTests.PadAndUnpadMessage_RoundTripsAcrossRandomPayloads" computerName="SURFACE-LT" duration="00:00:00.1885774" startTime="2026-07-19T11:51:44.0543047+05:00" endTime="2026-07-19T11:51:44.2364732+05:00" testType="13cdc9d9-ddb5-4fa4-a97d-d965ccfc6d4b" outcome="Passed" testListId="8c84fa94-04c1-424b-9868-57a2d4851a1d" relativeResultsDirectory="bc673964-b071-43a4-8834-9db8c63a4752" />
    <UnitTestResult executionId="b632ed79-c9b1-453d-8640-000c9ed647c8" testId="fbf1f37f-2df9-2c7e-4956-27a0b7e36aa8" testName="Deep.Protocol.Tests.DeepExtension.ManagedIngress.ManagedIngressMalformedAndFuzzTests.ErrorCodec_RejectsCrossClassCertaintyAndRetryPolicy" computerName="SURFACE-LT" duration="00:00:00.0001347" startTime="2026-07-19T11:51:44.3038347+05:00" endTime="2026-07-19T11:51:44.3052243+05:00" testType="13cdc9d9-ddb5-4fa4-a97d-d965ccfc6d4b" outcome="Passed" testListId="8c84fa94-04c1-424b-9868-57a2d4851a1d" relativeResultsDirectory="b632ed79-c9b1-453d-8640-000c9ed647c8" />
    <UnitTestResult executionId="436c04ed-4133-41d6-835b-ffe2b1bc30b6" testId="f877ac24-6f55-fce6-dea8-dea69ddb1a50" testName="Deep.Protocol.Tests.DeepExtension.ManagedIngress.ManagedIngressMalformedAndFuzzTests.HeaderListAndCountBounds_AreStrict" computerName="SURFACE-LT" duration="00:00:00.0023355" startTime="2026-07-19T11:51:44.3090600+05:00" endTime="2026-07-19T11:51:44.3100658+05:00" testType="13cdc9d9-ddb5-4fa4-a97d-d965ccfc6d4b" outcome="Passed" testListId="8c84fa94-04c1-424b-9868-57a2d4851a1d" relativeResultsDirectory="436c04ed-4133-41d6-835b-ffe2b1bc30b6" />
    <UnitTestResult executionId="d45e1cd8-ae31-44ae-95a4-d38f72f134e4" testId="490a765d-4de9-6859-73e2-c24ffb0de1ff" testName="Deep.Protocol.Tests.CrossLanguageDifferentialTests.OneToOneCodecCiphertextDecryptsWithDirectSodium" computerName="SURFACE-LT" duration="00:00:00.0028195" startTime="2026-07-19T11:51:44.3099134+05:00" endTime="2026-07-19T11:51:44.3113294+05:00" testType="13cdc9d9-ddb5-4fa4-a97d-d965ccfc6d4b" outcome="Passed" testListId="8c84fa94-04c1-424b-9868-57a2d4851a1d" relativeResultsDirectory="d45e1cd8-ae31-44ae-95a4-d38f72f134e4" />
    <UnitTestResult executionId="488a20f4-893b-4f37-ae20-ad25da67152e" testId="b83738e7-223c-1470-03e0-800d05aa5161" testName="Deep.Protocol.Tests.DeepExtension.ManagedIngress.ManagedIngressMalformedAndFuzzTests.Die1_MutationsFailClosed(offset: 0)" computerName="SURFACE-LT" duration="00:00:00.0001276" startTime="2026-07-19T11:51:44.2885053+05:00" endTime="2026-07-19T11:51:44.2885757+05:00" testType="13cdc9d9-ddb5-4fa4-a97d-d965ccfc6d4b" outcome="Passed" testListId="8c84fa94-04c1-424b-9868-57a2d4851a1d" relativeResultsDirectory="488a20f4-893b-4f37-ae20-ad25da67152e" />
    <UnitTestResult executionId="65a53911-489e-4964-98ed-5ed3dc91241d" testId="286158af-5510-1aff-29c4-b9f006f15c21" testName="Deep.Protocol.Tests.DeepExtension.ManagedIngress.ManagedIngressContractTests.OuterSuccess_NeverCreatesMailboxAuthority(statusCode: 200, expected: TransitCompleted)" computerName="SURFACE-LT" duration="00:00:00.0001273" startTime="2026-07-19T11:51:44.2944681+05:00" endTime="2026-07-19T11:51:44.2949039+05:00" testType="13cdc9d9-ddb5-4fa4-a97d-d965ccfc6d4b" outcome="Passed" testListId="8c84fa94-04c1-424b-9868-57a2d4851a1d" relativeResultsDirectory="65a53911-489e-4964-98ed-5ed3dc91241d" />
    <UnitTestResult executionId="52d1d191-8c8d-41e0-b3d4-17b69f8fa26c" testId="0db07ebe-ec99-1afd-0113-1479dc1a47c0" testName="Deep.Protocol.Tests.SessionProtocolCodecTests.GroupEncodeAndDecodeRoundTripWithSodiumCrypto" computerName="SURFACE-LT" duration="00:00:00.0020889" startTime="2026-07-19T11:51:44.3124073+05:00" endTime="2026-07-19T11:51:44.3124423+05:00" testType="13cdc9d9-ddb5-4fa4-a97d-d965ccfc6d4b" outcome="Passed" testListId="8c84fa94-04c1-424b-9868-57a2d4851a1d" relativeResultsDirectory="52d1d191-8c8d-41e0-b3d4-17b69f8fa26c" />
    <UnitTestResult executionId="6ea882c4-af07-4882-8e54-6e59bc989280" testId="b5203110-5bab-829d-cf3a-c9305c9dde6c" testName="Deep.Protocol.Tests.DeepExtension.MembershipContractTests.GenesisAndBridge_MatchCanonicalGoldenVectors" computerName="SURFACE-LT" duration="00:00:00.0008885" startTime="2026-07-19T11:51:44.3604912+05:00" endTime="2026-07-19T11:51:44.3612298+05:00" testType="13cdc9d9-ddb5-4fa4-a97d-d965ccfc6d4b" outcome="Passed" testListId="8c84fa94-04c1-424b-9868-57a2d4851a1d" relativeResultsDirectory="6ea882c4-af07-4882-8e54-6e59bc989280" />
    <UnitTestResult executionId="417ae214-ef40-423c-b728-f76fe8da0283" testId="8b88a991-c73c-1388-888c-15b0a6d95c22" testName="Deep.Protocol.Tests.DeepExtension.ManagedIngress.ManagedIngressMalformedAndFuzzTests.Die1_MutationsFailClosed(offset: 8)" computerName="SURFACE-LT" duration="00:00:00.0000054" startTime="2026-07-19T11:51:44.2904237+05:00" endTime="2026-07-19T11:51:44.2905079+05:00" testType="13cdc9d9-ddb5-4fa4-a97d-d965ccfc6d4b" outcome="Passed" testListId="8c84fa94-04c1-424b-9868-57a2d4851a1d" relativeResultsDirectory="417ae214-ef40-423c-b728-f76fe8da0283" />
    <UnitTestResult executionId="6cd01a60-44c3-4507-890a-00af7335dc28" testId="e148db0b-f7a4-449b-3892-bb1c5f998976" testName="Deep.Protocol.Tests.DeepExtension.ManagedIngress.ManagedIngressContractTests.MalformedOuterResponse_IsAlwaysOutcomeUnknown" computerName="SURFACE-LT" duration="00:00:00.0000775" startTime="2026-07-19T11:51:44.3007126+05:00" endTime="2026-07-19T11:51:44.3007533+05:00" testType="13cdc9d9-ddb5-4fa4-a97d-d965ccfc6d4b" outcome="Passed" testListId="8c84fa94-04c1-424b-9868-57a2d4851a1d" relativeResultsDirectory="6cd01a60-44c3-4507-890a-00af7335dc28" />
    <UnitTestResult executionId="c7af8893-8146-4986-82db-46bfc5322eeb" testId="955bce89-3d1e-3adf-cc05-f275244d7aa2" testName="Deep.Protocol.Tests.DeepExtension.CompatibilityMetadataEnvelopeMalformedAndFuzzTests.PostDecryptValidation_FailsClosed(mutation: PayloadSender, expectedError: SenderAuthenticationMismatch)" computerName="SURFACE-LT" duration="00:00:00.0000453" startTime="2026-07-19T11:51:44.0565470+05:00" endTime="2026-07-19T11:51:44.0565808+05:00" testType="13cdc9d9-ddb5-4fa4-a97d-d965ccfc6d4b" outcome="Passed" testListId="8c84fa94-04c1-424b-9868-57a2d4851a1d" relativeResultsDirectory="c7af8893-8146-4986-82db-46bfc5322eeb" />
    <UnitTestResult executionId="86da45d4-7eaf-4d33-8b26-55789242c4b8" testId="557ec34b-7411-cce1-0b08-816b690969ed" testName="Deep.Protocol.Tests.DeepExtension.OpaqueBundleCodecTests.ExpiryOutsideNegotiatedBucketWindow_FailsClosed(expiryBucket: 123461)" computerName="SURFACE-LT" duration="00:00:00.0002172" startTime="2026-07-19T11:51:44.3065771+05:00" endTime="2026-07-19T11:51:44.3066140+05:00" testType="13cdc9d9-ddb5-4fa4-a97d-d965ccfc6d4b" outcome="Passed" testListId="8c84fa94-04c1-424b-9868-57a2d4851a1d" relativeResultsDirectory="86da45d4-7eaf-4d33-8b26-55789242c4b8" />
[...]
    <TestEntry testId="f1d21554-16b4-743b-4a4f-81b088175db7" executionId="0f21cf55-7ca1-4294-94d2-c0ccd01252dd" testListId="8c84fa94-04c1-424b-9868-57a2d4851a1d" />
    <TestEntry testId="58aadad9-cbe9-e566-bf3d-0a6f6cfc2bab" executionId="87884909-1abf-421f-b88d-91ea0da94e82" testListId="8c84fa94-04c1-424b-9868-57a2d4851a1d" />
    <TestEntry testId="c77ee103-adb1-5aea-e02d-8e5af115a53b" executionId="487ad204-5fd6-49c4-a781-571f9c6385ac" testListId="8c84fa94-04c1-424b-9868-57a2d4851a1d" />
    <TestEntry testId="6b3da3ca-0cf6-5d0e-5488-0a20fb75042a" executionId="63dfee54-0763-4bbb-bffe-305400968706" testListId="8c84fa94-04c1-424b-9868-57a2d4851a1d" />
    <TestEntry testId="86291ee3-2f68-e887-3ba9-196a0b47181e" executionId="dd9f6366-d7e5-422b-8a71-33b596af2942" testListId="8c84fa94-04c1-424b-9868-57a2d4851a1d" />
    <TestEntry testId="6b3bb61d-1803-d0ce-25de-d185341fa211" executionId="8447d75f-7b77-4917-a74d-92d17c2e679f" testListId="8c84fa94-04c1-424b-9868-57a2d4851a1d" />
    <TestEntry testId="4f76527f-b416-0b24-4e5c-0ec4bfda4222" executionId="8d6cb6e8-3043-438e-b97e-ec21faa0864a" testListId="8c84fa94-04c1-424b-9868-57a2d4851a1d" />
    <TestEntry testId="786ed452-3dba-0933-9cfd-1b92f6cbdabc" executionId="2be9528d-16c7-48cf-b3cf-683b610d5bb6" testListId="8c84fa94-04c1-424b-9868-57a2d4851a1d" />
    <TestEntry testId="4d0f4c28-3501-288f-20a4-d5fa7dc5ad51" executionId="2f15c742-e8a7-4a02-9c9a-cf1ec92feda8" testListId="8c84fa94-04c1-424b-9868-57a2d4851a1d" />
    <TestEntry testId="0feef739-3ccb-c516-3ece-c17a744ebd17" executionId="584a84d3-fbca-4dc2-9a85-3277e6832ca2" testListId="8c84fa94-04c1-424b-9868-57a2d4851a1d" />
    <TestEntry testId="003372c2-32cd-0a56-da9b-94ec18379c2d" executionId="55f7ee8d-3c57-4af1-8876-5b93969bd390" testListId="8c84fa94-04c1-424b-9868-57a2d4851a1d" />
    <TestEntry testId="6d77784b-9a3c-6d31-aa54-1e66bbc5031c" executionId="fb8ed994-7bbe-405a-b969-f7a421ff2996" testListId="8c84fa94-04c1-424b-9868-57a2d4851a1d" />
    <TestEntry testId="4b9da455-c67f-592e-f590-aaf9ab006262" executionId="8c91f0d4-2405-4f0e-b2d6-89b982e4c0b3" testListId="8c84fa94-04c1-424b-9868-57a2d4851a1d" />
    <TestEntry testId="9c4546c4-6f27-8f4e-eb6b-1f8a64189fbf" executionId="8aad1502-85f5-4900-967f-ca323d1726e1" testListId="8c84fa94-04c1-424b-9868-57a2d4851a1d" />
    <TestEntry testId="ee682093-d8a4-852f-12c4-da6f2730ac46" executionId="01fc0fd9-47f2-485b-b45c-490126899512" testListId="8c84fa94-04c1-424b-9868-57a2d4851a1d" />
    <TestEntry testId="c77002d8-532d-4152-aa5e-a7a974c537ca" executionId="ef7d60c3-0d1c-45ec-ad4c-62998ab1af2f" testListId="8c84fa94-04c1-424b-9868-57a2d4851a1d" />
    <TestEntry testId="23d0ae99-187d-b9cf-de50-6d1d11b438bb" executionId="49b3703e-1e74-40af-b7d6-4d0d00ec1177" testListId="8c84fa94-04c1-424b-9868-57a2d4851a1d" />
    <TestEntry testId="15a465b8-27d8-664d-159a-a7cb639d0b9a" executionId="e8a1db2f-32e9-4859-9a36-c75839dc9b4e" testListId="8c84fa94-04c1-424b-9868-57a2d4851a1d" />
    <TestEntry testId="089c3623-def9-0282-dddc-df5f16a57523" executionId="4755af9d-aa6b-4cac-9891-01da7c1016fe" testListId="8c84fa94-04c1-424b-9868-57a2d4851a1d" />
    <TestEntry testId="1bc1857b-b587-3705-6d7c-486b68b9ca08" executionId="dfaba5c0-f06a-4584-97c8-9eb703d59652" testListId="8c84fa94-04c1-424b-9868-57a2d4851a1d" />
    <TestEntry testId="8252c990-9180-5e2c-1458-ad2fc3b945fc" executionId="4a51b34a-69cb-4d18-b7a9-dc0ed59a2d1b" testListId="8c84fa94-04c1-424b-9868-57a2d4851a1d" />
    <TestEntry testId="92b04862-2638-e733-1320-931ac811db94" executionId="3606c3ca-ead3-403e-a4c6-7726f2342165" testListId="8c84fa94-04c1-424b-9868-57a2d4851a1d" />
    <TestEntry testId="5f6c9f8f-f8d3-e3f2-f485-b16ee614565e" executionId="95c4d8e7-1d0f-48f2-bca4-5b95fe7800eb" testListId="8c84fa94-04c1-424b-9868-57a2d4851a1d" />
    <TestEntry testId="a14135cf-4bfb-e8d2-bef1-9b8d32540107" executionId="1cd5e70e-c281-4bf1-8257-5b7aecff1f84" testListId="8c84fa94-04c1-424b-9868-57a2d4851a1d" />
    <TestEntry testId="62837555-9b9c-54d5-8d34-e8269fde0dfa" executionId="d468899e-1748-4342-8bcc-55758db23047" testListId="8c84fa94-04c1-424b-9868-57a2d4851a1d" />
    <TestEntry testId="a8383bec-5acf-59e8-08ea-debd976be8fa" executionId="7122cdfa-22c3-413e-98cb-d704dcca69f2" testListId="8c84fa94-04c1-424b-9868-57a2d4851a1d" />
    <TestEntry testId="4312b97e-32f2-71ee-5e19-5d84c84807b8" executionId="6381330f-79ef-4569-803e-1b951fe689d7" testListId="8c84fa94-04c1-424b-9868-57a2d4851a1d" />
    <TestEntry testId="4a27523f-b2e2-11ff-3d2c-670a19e0ae5d" executionId="1a7496ff-efe6-4fc4-b9c4-75334653d53b" testListId="8c84fa94-04c1-424b-9868-57a2d4851a1d" />
    <TestEntry testId="e26c2b1d-3302-8d85-c4c5-9712d77eb11c" executionId="5918f0b8-d874-43f1-ab26-4a95ef3f55aa" testListId="8c84fa94-04c1-424b-9868-57a2d4851a1d" />
    <TestEntry testId="c569eda1-825e-c8c4-52c4-a1c760b137fc" executionId="933630dc-d824-4c64-9c42-fcd5c7aa4043" testListId="8c84fa94-04c1-424b-9868-57a2d4851a1d" />
    <TestEntry testId="314fe26e-8b11-6cc3-6cd7-2d007c7ac83e" executionId="e3c5f5bc-fc9b-4ee5-b7f2-9ef00246044a" testListId="8c84fa94-04c1-424b-9868-57a2d4851a1d" />
    <TestEntry testId="b646747c-79f4-44e0-39aa-3ef049da7962" executionId="0cc594f0-95dd-40bd-8519-87562464dd05" testListId="8c84fa94-04c1-424b-9868-57a2d4851a1d" />
    <TestEntry testId="a8f4f418-ad13-47d6-2eb6-5b5bb4f8bc9f" executionId="7a938408-b8f9-44a3-a014-cf87fb171b08" testListId="8c84fa94-04c1-424b-9868-57a2d4851a1d" />
    <TestEntry testId="22190809-9ed1-d917-2cd6-9b6f886a84e9" executionId="8e3977bf-0813-4c8d-a6f9-cd02d06299b3" testListId="8c84fa94-04c1-424b-9868-57a2d4851a1d" />
    <TestEntry testId="3ff24adb-cf0b-fea4-c771-96ad3a6d5369" executionId="d7931bda-5561-459a-a957-e66751ae02f2" testListId="8c84fa94-04c1-424b-9868-57a2d4851a1d" />
    <TestEntry testId="a31d3308-7fbc-4483-f972-08bbe7c3c864" executionId="c727b15c-2384-411d-9001-fe04c2964e90" testListId="8c84fa94-04c1-424b-9868-57a2d4851a1d" />
    <TestEntry testId="00510edf-6870-b945-a320-18a2cf01cf5d" executionId="49a7dc6a-b617-429b-b33c-8bfd4c7c9734" testListId="8c84fa94-04c1-424b-9868-57a2d4851a1d" />
    <TestEntry testId="83d5303b-e4a2-d791-f1e7-8453aec9d84a" executionId="bb1b72cd-beb7-406e-87b7-11fbee88dd95" testListId="8c84fa94-04c1-424b-9868-57a2d4851a1d" />
    <TestEntry testId="b38a926e-195a-f44f-5088-5476b80eade8" executionId="ec0cc4f3-ea4c-409a-bb16-b7385f256d1e" testListId="8c84fa94-04c1-424b-9868-57a2d4851a1d" />
    <TestEntry testId="da694cae-f694-4a5f-dc1c-a5c73cef1ffb" executionId="c9eb1a39-5c2c-434e-b374-a9712384f490" testListId="8c84fa94-04c1-424b-9868-57a2d4851a1d" />
    <TestEntry testId="0d3762fa-fe9c-976c-35ce-e69667a150fa" executionId="2db1ebf4-3e26-470a-b300-073eb572e399" testListId="8c84fa94-04c1-424b-9868-57a2d4851a1d" />
    <TestEntry testId="e7bc3ace-dcc8-b23f-cb1b-c4cd9ad35358" executionId="e42e5dcd-bd5e-42a4-9e03-79124adf0e9c" testListId="8c84fa94-04c1-424b-9868-57a2d4851a1d" />
    <TestEntry testId="9951cac6-0f85-1927-0883-86137d43ad75" executionId="318a95d9-5628-45ae-bc69-84b916dcb0d5" testListId="8c84fa94-04c1-424b-9868-57a2d4851a1d" />
    <TestEntry testId="e546b732-e05e-b902-35e5-1a7a36797b7a" executionId="08f09458-231f-40ef-8f02-c4255423f0cb" testListId="8c84fa94-04c1-424b-9868-57a2d4851a1d" />
    <TestEntry testId="2886c036-ca83-9ba1-07e3-b3b28e3668be" executionId="d69b52e5-d5c7-4c20-a8a9-6ff8eed4c109" testListId="8c84fa94-04c1-424b-9868-57a2d4851a1d" />
    <TestEntry testId="228a3671-fdd2-33d6-f453-f4544933ea2e" executionId="354e9eec-41d4-461d-a44c-c00e2f26d14d" testListId="8c84fa94-04c1-424b-9868-57a2d4851a1d" />
    <TestEntry testId="4a73ffc4-c626-8272-3f70-6a5ea8e280c7" executionId="d25845d0-d18b-46a4-a0c8-ccbf54b8e662" testListId="8c84fa94-04c1-424b-9868-57a2d4851a1d" />
    <TestEntry testId="ede403d4-8569-9d49-bdef-b24ba34580e6" executionId="15d11674-25fb-4de3-8183-065b78d0493e" testListId="8c84fa94-04c1-424b-9868-57a2d4851a1d" />
    <TestEntry testId="3ba5bb99-0993-a61c-04be-c239f172c985" executionId="5390274f-90e1-4ea2-8ae6-a5bcf732f7c0" testListId="8c84fa94-04c1-424b-9868-57a2d4851a1d" />
    <TestEntry testId="2820b112-9286-d522-e59f-aed41396d1d5" executionId="e3133408-5aa3-489d-884a-b0459c8495c1" testListId="8c84fa94-04c1-424b-9868-57a2d4851a1d" />
    <TestEntry testId="e4ed31e1-67ae-fe9c-1d54-d916ef576460" executionId="7f5e661e-e3f4-469f-ae78-be198e3f33de" testListId="8c84fa94-04c1-424b-9868-57a2d4851a1d" />
    <TestEntry testId="bc3593b9-7789-17d4-ce1d-07a58c481329" executionId="a759a401-f785-43ff-815e-27f01f11268a" testListId="8c84fa94-04c1-424b-9868-57a2d4851a1d" />
    <TestEntry testId="92b04862-2638-e733-1320-931ac811db94" executionId="e0bc5c1a-5475-48ac-9758-cf413ca8c157" testListId="8c84fa94-04c1-424b-9868-57a2d4851a1d" />
    <TestEntry testId="002dcdef-67c8-7e86-cf49-fab71fabbaa4" executionId="a5e57ece-bfb8-4adf-aeae-30271a57ec4c" testListId="8c84fa94-04c1-424b-9868-57a2d4851a1d" />
    <TestEntry testId="82004e75-9eb4-eecc-2d17-4660139d02f7" executionId="3f611ef9-60cd-455c-9dd2-af4899a8c559" testListId="8c84fa94-04c1-424b-9868-57a2d4851a1d" />
    <TestEntry testId="65f78cfa-a67d-9f9f-c07f-ea1271955399" executionId="f3694b45-3d5d-45f8-812e-2625094d03d1" testListId="8c84fa94-04c1-424b-9868-57a2d4851a1d" />
    <TestEntry testId="3c65fcdf-d833-6b01-5589-c30b9bb467f8" executionId="f9a3bfee-c2c3-4264-aa33-2cd61df75237" testListId="8c84fa94-04c1-424b-9868-57a2d4851a1d" />
    <TestEntry testId="e0271cdb-9db0-87d5-9b71-e7f39b766482" executionId="15aa689b-b405-4d47-bdce-7fe73ed1bc27" testListId="8c84fa94-04c1-424b-9868-57a2d4851a1d" />
    <TestEntry testId="e041d933-1e4a-279f-4a1d-bc48cbd90e64" executionId="f88ba5a1-a349-4032-a033-ecb85e5ad3e6" testListId="8c84fa94-04c1-424b-9868-57a2d4851a1d" />
    <TestEntry testId="bed1519c-4e4a-df12-23cd-c0114a65974d" executionId="04f487e7-c321-4705-97d2-6f7d8b8e2fb0" testListId="8c84fa94-04c1-424b-9868-57a2d4851a1d" />
    <TestEntry testId="affb9601-eb1d-64b0-93f8-39a0f5203d0e" executionId="57430c46-a566-4e45-8972-9c8ae3a2ebac" testListId="8c84fa94-04c1-424b-9868-57a2d4851a1d" />
    <TestEntry testId="83db2fab-f9bc-03eb-f9db-6560a2b1098f" executionId="f2c6305c-ec9a-48ad-bc79-dad4541e6d94" testListId="8c84fa94-04c1-424b-9868-57a2d4851a1d" />
    <TestEntry testId="44aab04f-b9b7-7613-c515-a48d637c0c49" executionId="45b83cf0-eda3-4e54-a8ee-ba43ee9811f6" testListId="8c84fa94-04c1-424b-9868-57a2d4851a1d" />
    <TestEntry testId="815d3136-5ea1-875f-932a-42d14c00a7bc" executionId="e2b21aea-7e21-4b8f-8555-d980e96a74e4" testListId="8c84fa94-04c1-424b-9868-57a2d4851a1d" />
    <TestEntry testId="b0852ad1-a546-c7b6-846b-08742f73691e" executionId="9af8050a-5480-4441-bf1c-a6f14dd73496" testListId="8c84fa94-04c1-424b-9868-57a2d4851a1d" />
    <TestEntry testId="e5c77de1-1ac9-9c3c-a126-04f7eb942bb6" executionId="2ace2198-f65c-41ec-8fd6-8187088982f0" testListId="8c84fa94-04c1-424b-9868-57a2d4851a1d" />
    <TestEntry testId="1033232d-845b-97c1-4fbb-d8a4f1ee8525" executionId="4ab34ba7-ef57-46ed-8eb0-02d7c97f2ada" testListId="8c84fa94-04c1-424b-9868-57a2d4851a1d" />
    <TestEntry testId="7019e12d-5776-a64d-9508-c4b5d857b162" executionId="1a02e37b-0c31-4ed5-a6e7-c1e98610269b" testListId="8c84fa94-04c1-424b-9868-57a2d4851a1d" />
    <TestEntry testId="91e9248e-6987-b8e7-faf4-5f54e56b03bc" executionId="9d3229b2-27cc-468a-84f8-009248c88372" testListId="8c84fa94-04c1-424b-9868-57a2d4851a1d" />
    <TestEntry testId="b44cf6e4-da3c-f39d-4f68-72fe2b38b79e" executionId="20bc9d1e-9059-4bd5-b931-56b1ba597fdd" testListId="8c84fa94-04c1-424b-9868-57a2d4851a1d" />
    <TestEntry testId="105f0bd0-509c-a506-787f-4be1afac6736" executionId="7cab3ff4-d5eb-452a-953b-4702c93256e0" testListId="8c84fa94-04c1-424b-9868-57a2d4851a1d" />
    <TestEntry testId="1736a511-56d4-3c7b-c5f6-c8b3e1122c08" executionId="2d8d7c2a-c706-4c91-ab0e-09861b15a366" testListId="8c84fa94-04c1-424b-9868-57a2d4851a1d" />
    <TestEntry testId="29d72c6f-c055-71ad-0bc5-b26b87c96d61" executionId="30c37602-2f66-4e2c-8656-2378db18f781" testListId="8c84fa94-04c1-424b-9868-57a2d4851a1d" />
    <TestEntry testId="27285f91-4406-4d43-6f6d-4ebd693e4553" executionId="bd387a6e-be37-451b-85e7-512f184c5f97" testListId="8c84fa94-04c1-424b-9868-57a2d4851a1d" />
    <TestEntry testId="15ff6cad-e2af-c70a-c15c-bd1531b3d5a6" executionId="15076369-9949-4b0f-b5d7-01b32a9af721" testListId="8c84fa94-04c1-424b-9868-57a2d4851a1d" />
    <TestEntry testId="d5fb2ca6-37f3-7d22-2a51-b706304bc8f2" executionId="831f1184-4794-43c5-80e1-7fdd53420021" testListId="8c84fa94-04c1-424b-9868-57a2d4851a1d" />
    <TestEntry testId="4c8ed66c-b1a0-c426-d5c5-e2433351014f" executionId="1cedb4cd-7aa2-4c7b-96f2-4954d7ad6422" testListId="8c84fa94-04c1-424b-9868-57a2d4851a1d" />
    <TestEntry testId="fc8a4cb7-a917-6ada-d07d-9e7482c121a9" executionId="8f4843e2-63b9-4a9b-bd5b-fcffa7720ce5" testListId="8c84fa94-04c1-424b-9868-57a2d4851a1d" />
    <TestEntry testId="617f05fc-a214-72de-986a-dc70dc0f6a4a" executionId="a84090be-ec2e-4418-8ee7-2e896c7b89d7" testListId="8c84fa94-04c1-424b-9868-57a2d4851a1d" />
    <TestEntry testId="debd3a83-3192-8ed8-ef58-bdd783b1a6f7" executionId="dd661bab-2f99-4497-8627-a6d25a3f896d" testListId="8c84fa94-04c1-424b-9868-57a2d4851a1d" />
    <TestEntry testId="30fdae3f-50af-821e-05f4-6f8bc026b9df" executionId="be1f141d-2a77-462f-ae64-6fc05d6f5692" testListId="8c84fa94-04c1-424b-9868-57a2d4851a1d" />
    <TestEntry testId="4c372394-057c-23ed-8e22-35902c921b9d" executionId="55eb1b98-068f-407e-a416-5ad3fab6a60a" testListId="8c84fa94-04c1-424b-9868-57a2d4851a1d" />
    <TestEntry testId="c6cecc2f-76db-b09b-53b4-6d40d6151eaf" executionId="51bc47d8-f960-484c-a0aa-74602438854c" testListId="8c84fa94-04c1-424b-9868-57a2d4851a1d" />
    <TestEntry testId="a93474f4-86ae-d047-0069-32dcefb52f15" executionId="976337e3-9b83-43e2-808e-7b7631805b6c" testListId="8c84fa94-04c1-424b-9868-57a2d4851a1d" />
    <TestEntry testId="34eecc19-931f-2307-c72c-74ae44649a80" executionId="5a38b8ee-91a4-49d3-89fa-cfc3d2818d98" testListId="8c84fa94-04c1-424b-9868-57a2d4851a1d" />
    <TestEntry testId="47fd66a3-df0b-f006-fb97-80882ebea405" executionId="2f53240f-edab-483d-8807-4ebd7982ecf2" testListId="8c84fa94-04c1-424b-9868-57a2d4851a1d" />
    <TestEntry testId="004a462f-1884-16d6-6bee-85fa2e69cf14" executionId="21a6e4dd-8d85-4f89-a9bb-ea40aef2a5d5" testListId="8c84fa94-04c1-424b-9868-57a2d4851a1d" />
    <TestEntry testId="ca1a0b96-cf9e-4c00-c358-70a1f450f8d3" executionId="3b2610af-226f-403e-b950-dc4e744dd19d" testListId="8c84fa94-04c1-424b-9868-57a2d4851a1d" />
    <TestEntry testId="11381067-b37b-0436-e9bc-5e1d5d8273cb" executionId="4a9d1936-700a-41f4-9bef-d0fbde8b3474" testListId="8c84fa94-04c1-424b-9868-57a2d4851a1d" />
    <TestEntry testId="859e459c-2197-bb33-f7fa-c8e30c4f1ce1" executionId="bb770bb4-fa02-419d-aa38-14d6497fe3d4" testListId="8c84fa94-04c1-424b-9868-57a2d4851a1d" />
    <TestEntry testId="995f8728-e662-463a-74e2-fb61a808600b" executionId="0ca6c44f-37f3-4947-90b6-f46e6fd3a415" testListId="8c84fa94-04c1-424b-9868-57a2d4851a1d" />
    <TestEntry testId="a88732b7-2590-0e9e-ee95-5a109ef662b8" executionId="54b6661c-9126-4b15-a9e6-c3d016b5c70e" testListId="8c84fa94-04c1-424b-9868-57a2d4851a1d" />
    <TestEntry testId="71f377a0-5778-a1a6-3cdc-98c0a45ac7a7" executionId="b7f13b19-c8b5-4087-b665-725b4246e83a" testListId="8c84fa94-04c1-424b-9868-57a2d4851a1d" />
    <TestEntry testId="927759f7-2f9c-ee3a-8f50-cdcfaebb523f" executionId="7e9abe6e-9951-4b4c-9dec-f00555e9b337" testListId="8c84fa94-04c1-424b-9868-57a2d4851a1d" />
    <TestEntry testId="c28e7e02-74e3-1c6f-0d47-0ce0cbb353b9" executionId="3a4c3318-f6bf-42b7-bd60-e5de1bf3c04b" testListId="8c84fa94-04c1-424b-9868-57a2d4851a1d" />
    <TestEntry testId="c6ab3b5f-4ac2-883d-e99b-396f30c1bd2e" executionId="6bd39d68-18ac-4eb3-91b5-c7c0797b05fa" testListId="8c84fa94-04c1-424b-9868-57a2d4851a1d" />
    <TestEntry testId="29c54d48-22bd-95b0-2044-3dac84621211" executionId="e33234ae-f18a-4efb-a986-e86573dff160" testListId="8c84fa94-04c1-424b-9868-57a2d4851a1d" />
    <TestEntry testId="f84677d4-1647-d915-827d-1aa28058a6ed" executionId="578ca80c-7e0c-489e-a384-68cae477d7bc" testListId="8c84fa94-04c1-424b-9868-57a2d4851a1d" />
    <TestEntry testId="f286d22b-b3f4-39f0-7280-5fde1f30e505" executionId="fd84bb01-ef01-44a7-ac29-c1a698e549a2" testListId="8c84fa94-04c1-424b-9868-57a2d4851a1d" />
    <TestEntry testId="2a29aa05-1e73-52dc-3683-442b57867d4a" executionId="b28619f0-5eb3-4a0a-b7c1-f5865416866d" testListId="8c84fa94-04c1-424b-9868-57a2d4851a1d" />
    <TestEntry testId="586e4b47-5cac-91a0-44ff-378a502b484b" executionId="fdafcc8d-78fc-4593-9499-3c79df6372ee" testListId="8c84fa94-04c1-424b-9868-57a2d4851a1d" />
    <TestEntry testId="13aef7bd-aa3b-d5d4-7395-b87003199c3b" executionId="419db3ff-a190-4ad4-91bc-0b183c7deb30" testListId="8c84fa94-04c1-424b-9868-57a2d4851a1d" />
    <TestEntry testId="b00e4e8e-3f16-37a2-41cc-50e6c5e1946b" executionId="4cc67dae-4b42-4ea7-aa59-4f5ea2e18ef5" testListId="8c84fa94-04c1-424b-9868-57a2d4851a1d" />
    <TestEntry testId="6eff4171-2b0d-4a1a-2dcf-bffbcfadcfbe" executionId="3442a6e1-9d53-45cd-8324-b94f047c6924" testListId="8c84fa94-04c1-424b-9868-57a2d4851a1d" />
    <TestEntry testId="84a57f6a-dc1b-6aff-ad0e-03984232f0b3" executionId="42227ef2-fb6f-423c-bf87-a60c2fd6a4dc" testListId="8c84fa94-04c1-424b-9868-57a2d4851a1d" />
    <TestEntry testId="04f61699-8bd0-843a-ae9a-b6da59d7fed7" executionId="758c40df-488f-4c22-b92f-c0d9c0878d3d" testListId="8c84fa94-04c1-424b-9868-57a2d4851a1d" />
    <TestEntry testId="a492f172-fc42-ad61-c3a0-2efcb661c7d2" executionId="370cf131-9a8f-4f68-b2e5-dac76705196c" testListId="8c84fa94-04c1-424b-9868-57a2d4851a1d" />
    <TestEntry testId="ba548f6d-e668-5101-c418-a79754ddfddd" executionId="8a40d37f-4f41-41a5-9e94-350322228af1" testListId="8c84fa94-04c1-424b-9868-57a2d4851a1d" />
    <TestEntry testId="02d621ab-6051-d7f6-c282-9f3886041ab9" executionId="1ab72eb3-4efc-4f72-95f5-418dc8b6c8a5" testListId="8c84fa94-04c1-424b-9868-57a2d4851a1d" />
    <TestEntry testId="5939002e-2c77-b93c-1a57-5983f2798e04" executionId="51599cf3-49ce-43a3-ad17-6805966fab5a" testListId="8c84fa94-04c1-424b-9868-57a2d4851a1d" />
    <TestEntry testId="4b6af64d-f516-dbc1-d57f-79b0a4e31684" executionId="1be54b09-1c8b-4cba-97c4-653b814aae1c" testListId="8c84fa94-04c1-424b-9868-57a2d4851a1d" />
    <TestEntry testId="e0829ced-629a-4b40-72d4-ee668f7c68e3" executionId="39d3bdfc-3a9a-4508-ae54-287d9c13b722" testListId="8c84fa94-04c1-424b-9868-57a2d4851a1d" />
    <TestEntry testId="ebad6f74-a2e1-7a3a-40a2-191b167c2106" executionId="e2d96b96-4caa-4331-808a-dc4504ce0a6d" testListId="8c84fa94-04c1-424b-9868-57a2d4851a1d" />
    <TestEntry testId="68138d79-2a11-d49d-2e7e-de5b7787eebe" executionId="50579305-2930-4471-b289-3811bedc50fc" testListId="8c84fa94-04c1-424b-9868-57a2d4851a1d" />
    <TestEntry testId="a110ca99-714e-2c25-70b5-926958dfec19" executionId="86e5c6a5-9483-4f67-be82-0cc6818d49a1" testListId="8c84fa94-04c1-424b-9868-57a2d4851a1d" />
  </TestEntries>
  <TestLists>
    <TestList name="Results Not in a List" id="8c84fa94-04c1-424b-9868-57a2d4851a1d" />
    <TestList name="All Loaded Results" id="19431567-8539-422a-85d7-44ee4e166bda" />
  </TestLists>
  <ResultSummary outcome="Completed">
    <Counters total="289" executed="289" passed="289" failed="0" error="0" timeout="0" aborted="0" inconclusive="0" passedButRunAborted="0" notRunnable="0" notExecuted="0" disconnected="0" warning="0" completed="0" inProgress="0" pending="0" />
    <Output>
      <StdOut>[xUnit.net 00:00:00.00] xUnit.net VSTest Adapter v3.1.4+50e68bbb8b (64-bit .NET 10.0.9)&#xD;
[xUnit.net 00:00:00.04]   Discovering: Deep.Protocol.Tests&#xD;
[xUnit.net 00:00:00.09]   Discovered:  Deep.Protocol.Tests&#xD;
[xUnit.net 00:00:00.13]   Starting:    Deep.Protocol.Tests&#xD;
[xUnit.net 00:00:00.53]   Finished:    Deep.Protocol.Tests&#xD;
</StdOut>
    </Output>
  </ResultSummary>
</TestRun>