<?xml version="1.0" encoding="utf-8"?>
<TestRun id="86697372-b57b-4d2b-9c0d-0592422bbe10" name="nikit@SURFACE-LT 2026-07-19 05:40:33" runUser="SURFACE-LT\nikit" xmlns="http://microsoft.com/schemas/VisualStudio/TeamTest/2010">
  <Times creation="2026-07-19T05:40:33.6906374+05:00" queuing="2026-07-19T05:40:33.6906375+05:00" start="2026-07-19T05:40:32.8362668+05:00" finish="2026-07-19T05:40:33.8594717+05:00" />
  <TestSettings name="default" id="af753890-c754-45bd-8daf-add155b97695">
    <Deployment runDeploymentRoot="nikit_SURFACE-LT_2026-07-19_05_40_33" />
  </TestSettings>
  <Results>
    <UnitTestResult executionId="d07c85f7-3830-48a9-9237-d56205a9e350" testId="99505820-d076-abc2-6a7a-879d9cd69791" testName="Deep.Protocol.Tests.DeepExtension.ManagedIngress.ManagedIngressContractTests.StreamingAdmission_RejectsMismatchTruncationOverflowAndCancellationBeforeForward" computerName="SURFACE-LT" duration="00:00:00.0003745" startTime="2026-07-19T05:40:33.8024711+05:00" endTime="2026-07-19T05:40:33.8026169+05:00" testType="13cdc9d9-ddb5-4fa4-a97d-d965ccfc6d4b" outcome="Passed" testListId="8c84fa94-04c1-424b-9868-57a2d4851a1d" relativeResultsDirectory="d07c85f7-3830-48a9-9237-d56205a9e350" />
    <UnitTestResult executionId="96617e7e-4cd7-45a2-841d-4e71c2fed9eb" testId="0f41cfa5-7b8d-affc-9a27-4115dae681be" testName="Deep.Protocol.Tests.DeepExtension.ManagedIngress.ManagedIngressContractTests.StableOrReflectiveHeaders_AreForbidden(name: &quot;cookie&quot;)" computerName="SURFACE-LT" duration="00:00:00.0000063" startTime="2026-07-19T05:40:33.6791549+05:00" endTime="2026-07-19T05:40:33.6791844+05:00" testType="13cdc9d9-ddb5-4fa4-a97d-d965ccfc6d4b" outcome="Passed" testListId="8c84fa94-04c1-424b-9868-57a2d4851a1d" relativeResultsDirectory="96617e7e-4cd7-45a2-841d-4e71c2fed9eb" />
    <UnitTestResult executionId="a8232853-2c84-4cf7-8238-7fcf684b7b66" testId="626181bc-09f9-e5fa-d5f3-7bca4dd34f5b" testName="Deep.Protocol.Tests.DeepExtension.ManagedIngress.ManagedIngressContractTests.CanonicalFrameRequest_IsAcceptedOnlyAsTransit" computerName="SURFACE-LT" duration="00:00:00.0000643" startTime="2026-07-19T05:40:33.8027478+05:00" endTime="2026-07-19T05:40:33.8027995+05:00" testType="13cdc9d9-ddb5-4fa4-a97d-d965ccfc6d4b" outcome="Passed" testListId="8c84fa94-04c1-424b-9868-57a2d4851a1d" relativeResultsDirectory="a8232853-2c84-4cf7-8238-7fcf684b7b66" />
    <UnitTestResult executionId="c118afc0-6dc9-4b6d-b307-d2bd212c5c58" testId="ef58f2f5-f7eb-d45c-c4ff-e6e6f7efec2a" testName="Deep.Protocol.Tests.DeepExtension.ManagedIngress.ManagedIngressMalformedAndFuzzTests.CapabilityJson_WhitespaceOrderAndFeatureOverlapFailCanonicalDecode" computerName="SURFACE-LT" duration="00:00:00.0005726" startTime="2026-07-19T05:40:33.6777692+05:00" endTime="2026-07-19T05:40:33.6779065+05:00" testType="13cdc9d9-ddb5-4fa4-a97d-d965ccfc6d4b" outcome="Passed" testListId="8c84fa94-04c1-424b-9868-57a2d4851a1d" relativeResultsDirectory="c118afc0-6dc9-4b6d-b307-d2bd212c5c58" />
    <UnitTestResult executionId="2532fd37-d548-4d48-8b88-0330615d839e" testId="ee222fc1-f6ce-42a3-c445-d57198645e3d" testName="Deep.Protocol.Tests.DeepExtension.ManagedIngress.ManagedIngressMalformedAndFuzzTests.HttpErrorMapping_IsExact(status: 421, errorClass: WrongOrigin, certainty: BeforeForward)" computerName="SURFACE-LT" duration="00:00:00.0000036" startTime="2026-07-19T05:40:33.6464389+05:00" endTime="2026-07-19T05:40:33.6464803+05:00" testType="13cdc9d9-ddb5-4fa4-a97d-d965ccfc6d4b" outcome="Passed" testListId="8c84fa94-04c1-424b-9868-57a2d4851a1d" relativeResultsDirectory="2532fd37-d548-4d48-8b88-0330615d839e" />
    <UnitTestResult executionId="6bb00c3f-b408-403e-8e7e-d1a352dcc4d0" testId="5939002e-2c77-b93c-1a57-5983f2798e04" testName="Deep.Protocol.Tests.DeepExtension.ManagedIngress.ManagedIngressContractTests.StableOrReflectiveHeaders_AreForbidden(name: &quot;content-encoding&quot;)" computerName="SURFACE-LT" duration="00:00:00.0000074" startTime="2026-07-19T05:40:33.6790753+05:00" endTime="2026-07-19T05:40:33.6791057+05:00" testType="13cdc9d9-ddb5-4fa4-a97d-d965ccfc6d4b" outcome="Passed" testListId="8c84fa94-04c1-424b-9868-57a2d4851a1d" relativeResultsDirectory="6bb00c3f-b408-403e-8e7e-d1a352dcc4d0" />
    <UnitTestResult executionId="21658b07-e7e1-4d16-9d63-2a0ef9c2caad" testId="2a29aa05-1e73-52dc-3683-442b57867d4a" testName="Deep.Protocol.Tests.DeepExtension.ManagedIngress.ManagedIngressContractTests.CapabilityDocument_RoundTripsCanonicalBoundedJson" computerName="SURFACE-LT" duration="00:00:00.0042780" startTime="2026-07-19T05:40:33.8029186+05:00" endTime="2026-07-19T05:40:33.8070776+05:00" testType="13cdc9d9-ddb5-4fa4-a97d-d965ccfc6d4b" outcome="Passed" testListId="8c84fa94-04c1-424b-9868-57a2d4851a1d" relativeResultsDirectory="21658b07-e7e1-4d16-9d63-2a0ef9c2caad" />
    <UnitTestResult executionId="6553c43e-63c3-4426-a242-35aedf26f00d" testId="b83738e7-223c-1470-03e0-800d05aa5161" testName="Deep.Protocol.Tests.DeepExtension.ManagedIngress.ManagedIngressMalformedAndFuzzTests.Die1_MutationsFailClosed(offset: 0)" computerName="SURFACE-LT" duration="00:00:00.0001047" startTime="2026-07-19T05:40:33.6764667+05:00" endTime="2026-07-19T05:40:33.6765034+05:00" testType="13cdc9d9-ddb5-4fa4-a97d-d965ccfc6d4b" outcome="Passed" testListId="8c84fa94-04c1-424b-9868-57a2d4851a1d" relativeResultsDirectory="6553c43e-63c3-4426-a242-35aedf26f00d" />
    <UnitTestResult executionId="1dc67ea2-d6c7-4ebb-917d-6be31df5e20c" testId="f286d22b-b3f4-39f0-7280-5fde1f30e505" testName="Deep.Protocol.Tests.DeepExtension.ManagedIngress.ManagedIngressContractTests.StreamingAdmission_OnlyAllowsForwardAfterCompleteBoundedBody" computerName="SURFACE-LT" duration="00:00:00.0015234" startTime="2026-07-19T05:40:33.6856157+05:00" endTime="2026-07-19T05:40:33.6856464+05:00" testType="13cdc9d9-ddb5-4fa4-a97d-d965ccfc6d4b" outcome="Passed" testListId="8c84fa94-04c1-424b-9868-57a2d4851a1d" relativeResultsDirectory="1dc67ea2-d6c7-4ebb-917d-6be31df5e20c" />
    <UnitTestResult executionId="91a7d22b-f820-462a-b537-947705bf4327" testId="3e323d6a-94b1-b188-38ba-86e4aeb78c84" testName="Deep.Protocol.Tests.DeepExtension.ManagedIngress.ManagedIngressMalformedAndFuzzTests.RetryAfterHeader_NonCanonicalValuesYieldOutcomeUnknown(value: &quot;+1&quot;)" computerName="SURFACE-LT" duration="00:00:00.0001274" startTime="2026-07-19T05:40:33.6731260+05:00" endTime="2026-07-19T05:40:33.6732585+05:00" testType="13cdc9d9-ddb5-4fa4-a97d-d965ccfc6d4b" outcome="Passed" testListId="8c84fa94-04c1-424b-9868-57a2d4851a1d" relativeResultsDirectory="91a7d22b-f820-462a-b537-947705bf4327" />
    <UnitTestResult executionId="1179cfa8-1bd0-48db-8f00-a9a2abaa56b5" testId="e041d933-1e4a-279f-4a1d-bc48cbd90e64" testName="Deep.Protocol.Tests.DeepExtension.ManagedIngress.ManagedIngressMalformedAndFuzzTests.RetryAfter_IsStrictlyBounded(seconds: 1)" computerName="SURFACE-LT" duration="00:00:00.0000240" startTime="2026-07-19T05:40:33.6763505+05:00" endTime="2026-07-19T05:40:33.6763856+05:00" testType="13cdc9d9-ddb5-4fa4-a97d-d965ccfc6d4b" outcome="Passed" testListId="8c84fa94-04c1-424b-9868-57a2d4851a1d" relativeResultsDirectory="1179cfa8-1bd0-48db-8f00-a9a2abaa56b5" />
    <UnitTestResult executionId="b21b3875-8e06-48a2-b193-c4413784429e" testId="a88732b7-2590-0e9e-ee95-5a109ef662b8" testName="Deep.Protocol.Tests.DeepExtension.ManagedIngress.ManagedIngressMalformedAndFuzzTests.RetryAfterHeader_NonCanonicalValuesYieldOutcomeUnknown(value: &quot;01&quot;)" computerName="SURFACE-LT" duration="00:00:00.0000079" startTime="2026-07-19T05:40:33.6733486+05:00" endTime="2026-07-19T05:40:33.6733828+05:00" testType="13cdc9d9-ddb5-4fa4-a97d-d965ccfc6d4b" outcome="Passed" testListId="8c84fa94-04c1-424b-9868-57a2d4851a1d" relativeResultsDirectory="b21b3875-8e06-48a2-b193-c4413784429e" />
    <UnitTestResult executionId="3725f89a-b45d-4bb5-9c0c-7ee8c5f90eb1" testId="af3d5a5f-34c1-7a7d-9776-5aaa9cc11779" testName="Deep.Protocol.Tests.DeepExtension.ManagedIngress.ManagedIngressContractTests.OpaqueFrame_BoundsAreAcceptedAndBytesRemainOpaque(length: 1572864)" computerName="SURFACE-LT" duration="00:00:00.0043498" startTime="2026-07-19T05:40:33.6855059+05:00" endTime="2026-07-19T05:40:33.6855391+05:00" testType="13cdc9d9-ddb5-4fa4-a97d-d965ccfc6d4b" outcome="Passed" testListId="8c84fa94-04c1-424b-9868-57a2d4851a1d" relativeResultsDirectory="3725f89a-b45d-4bb5-9c0c-7ee8c5f90eb1" />
    <UnitTestResult executionId="dab0f723-0e54-4e45-a6d6-1d630254c290" testId="e5c77de1-1ac9-9c3c-a126-04f7eb942bb6" testName="Deep.Protocol.Tests.DeepExtension.ManagedIngress.ManagedIngressContractTests.RetryAfterHeader_MustExactlyMatchCanonicalDie1(status: 429)" computerName="SURFACE-LT" duration="00:00:00.0000083" startTime="2026-07-19T05:40:33.6843763+05:00" endTime="2026-07-19T05:40:33.6844090+05:00" testType="13cdc9d9-ddb5-4fa4-a97d-d965ccfc6d4b" outcome="Passed" testListId="8c84fa94-04c1-424b-9868-57a2d4851a1d" relativeResultsDirectory="dab0f723-0e54-4e45-a6d6-1d630254c290" />
    <UnitTestResult executionId="0a199464-1735-4aab-804e-f7a8674adf07" testId="6e5731f5-dd1d-84e3-e839-efb2857a0385" testName="Deep.Protocol.Tests.DeepExtension.ManagedIngress.ManagedIngressContractTests.PrivacyBearingAndInvalidH2Headers_AreRejected(name: &quot;x-operation-id&quot;)" computerName="SURFACE-LT" duration="00:00:00.0000704" startTime="2026-07-19T05:40:33.6741677+05:00" endTime="2026-07-19T05:40:33.6742041+05:00" testType="13cdc9d9-ddb5-4fa4-a97d-d965ccfc6d4b" outcome="Passed" testListId="8c84fa94-04c1-424b-9868-57a2d4851a1d" relativeResultsDirectory="0a199464-1735-4aab-804e-f7a8674adf07" />
    <UnitTestResult executionId="7ce0aad9-6bf4-4afe-837d-0ce0452acc85" testId="f97f25e7-29a7-f9d4-b0e8-06db5f1ae61a" testName="Deep.Protocol.Tests.DeepExtension.ManagedIngress.ManagedIngressMalformedAndFuzzTests.HttpErrorMapping_IsExact(status: 406, errorClass: UnsupportedResponseType, certainty: BeforeForward)" computerName="SURFACE-LT" duration="00:00:00.0000013" startTime="2026-07-19T05:40:33.6465550+05:00" endTime="2026-07-19T05:40:33.6465928+05:00" testType="13cdc9d9-ddb5-4fa4-a97d-d965ccfc6d4b" outcome="Passed" testListId="8c84fa94-04c1-424b-9868-57a2d4851a1d" relativeResultsDirectory="7ce0aad9-6bf4-4afe-837d-0ce0452acc85" />
    <UnitTestResult executionId="999e7603-cc5a-4e43-9b84-e7cdf759bd6d" testId="fc8a4cb7-a917-6ada-d07d-9e7482c121a9" testName="Deep.Protocol.Tests.DeepExtension.ManagedIngress.ManagedIngressContractTests.ContractConstants_AreExactAndTransportOnly" computerName="SURFACE-LT" duration="00:00:00.0013385" startTime="2026-07-19T05:40:33.6857164+05:00" endTime="2026-07-19T05:40:33.6857465+05:00" testType="13cdc9d9-ddb5-4fa4-a97d-d965ccfc6d4b" outcome="Passed" testListId="8c84fa94-04c1-424b-9868-57a2d4851a1d" relativeResultsDirectory="999e7603-cc5a-4e43-9b84-e7cdf759bd6d" />
    <UnitTestResult executionId="3d26de7f-ed90-473a-8151-d7fe3f687276" testId="58aadad9-cbe9-e566-bf3d-0a6f6cfc2bab" testName="Deep.Protocol.Tests.DeepExtension.ManagedIngress.ManagedIngressMalformedAndFuzzTests.Die1_MutationsFailClosed(offset: 5)" computerName="SURFACE-LT" duration="00:00:00.0000054" startTime="2026-07-19T05:40:33.6766389+05:00" endTime="2026-07-19T05:40:33.6766701+05:00" testType="13cdc9d9-ddb5-4fa4-a97d-d965ccfc6d4b" outcome="Passed" testListId="8c84fa94-04c1-424b-9868-57a2d4851a1d" relativeResultsDirectory="3d26de7f-ed90-473a-8151-d7fe3f687276" />
    <UnitTestResult executionId="73028c40-6019-48fe-9fdd-bdcd93de5876" testId="22190809-9ed1-d917-2cd6-9b6f886a84e9" testName="Deep.Protocol.Tests.DeepExtension.ManagedIngress.ManagedIngressContractTests.ProductionSurface_HasNoInnerCodecTypes" computerName="SURFACE-LT" duration="00:00:00.0050619" startTime="2026-07-19T05:40:33.6331930+05:00" endTime="2026-07-19T05:40:33.6710988+05:00" testType="13cdc9d9-ddb5-4fa4-a97d-d965ccfc6d4b" outcome="Passed" testListId="8c84fa94-04c1-424b-9868-57a2d4851a1d" relativeResultsDirectory="73028c40-6019-48fe-9fdd-bdcd93de5876" />
    <UnitTestResult executionId="cd457afb-d55b-42df-ad06-50300cd2d492" testId="5722ae9d-c6cc-c2a3-88a7-8bb96fc4c0c1" testName="Deep.Protocol.Tests.DeepExtension.ManagedIngress.ManagedIngressMalformedAndFuzzTests.RetryAfterHeader_NonCanonicalValuesYieldOutcomeUnknown(value: &quot;0&quot;)" computerName="SURFACE-LT" duration="00:00:00.0000045" startTime="2026-07-19T05:40:33.6739661+05:00" endTime="2026-07-19T05:40:33.6740008+05:00" testType="13cdc9d9-ddb5-4fa4-a97d-d965ccfc6d4b" outcome="Passed" testListId="8c84fa94-04c1-424b-9868-57a2d4851a1d" relativeResultsDirectory="cd457afb-d55b-42df-ad06-50300cd2d492" />
    <UnitTestResult executionId="8166590a-ff12-4dae-b0f3-cf9cdc22eded" testId="7998a562-14bb-071e-ba9e-0b449fc03624" testName="Deep.Protocol.Tests.DeepExtension.ManagedIngress.ManagedIngressContractTests.PrivacyBearingAndInvalidH2Headers_AreRejected(name: &quot;transfer-encoding&quot;)" computerName="SURFACE-LT" duration="00:00:00.0000065" startTime="2026-07-19T05:40:33.6750783+05:00" endTime="2026-07-19T05:40:33.6751082+05:00" testType="13cdc9d9-ddb5-4fa4-a97d-d965ccfc6d4b" outcome="Passed" testListId="8c84fa94-04c1-424b-9868-57a2d4851a1d" relativeResultsDirectory="8166590a-ff12-4dae-b0f3-cf9cdc22eded" />
    <UnitTestResult executionId="ae89e0b8-c763-4c6a-8ad8-8e4af624edd0" testId="95b33fae-dd8a-27c5-6377-636aecab21e2" testName="Deep.Protocol.Tests.DeepExtension.ManagedIngress.ManagedIngressMalformedAndFuzzTests.Die1_WrongLengthFailsClosed(length: 0)" computerName="SURFACE-LT" duration="00:00:00.0000044" startTime="2026-07-19T05:40:33.6755272+05:00" endTime="2026-07-19T05:40:33.6755574+05:00" testType="13cdc9d9-ddb5-4fa4-a97d-d965ccfc6d4b" outcome="Passed" testListId="8c84fa94-04c1-424b-9868-57a2d4851a1d" relativeResultsDirectory="ae89e0b8-c763-4c6a-8ad8-8e4af624edd0" />
    <UnitTestResult executionId="8fed3188-0f9f-4071-8d76-fe8e9f3735a2" testId="ea5d22b2-f091-cbc5-20fd-313cc779e2db" testName="Deep.Protocol.Tests.DeepExtension.ManagedIngress.ManagedIngressMalformedAndFuzzTests.ReservedBytesAreAlwaysZero" computerName="SURFACE-LT" duration="00:00:00.0032724" startTime="2026-07-19T05:40:33.6776663+05:00" endTime="2026-07-19T05:40:33.6777019+05:00" testType="13cdc9d9-ddb5-4fa4-a97d-d965ccfc6d4b" outcome="Passed" testListId="8c84fa94-04c1-424b-9868-57a2d4851a1d" relativeResultsDirectory="8fed3188-0f9f-4071-8d76-fe8e9f3735a2" />
    <UnitTestResult executionId="1d1fe275-7abe-4830-88e4-694befff2d12" testId="13f804ba-5d22-7d08-e6eb-8f628999a80d" testName="Deep.Protocol.Tests.DeepExtension.ManagedIngress.ManagedIngressContractTests.InnerLookingBytes_RemainOpaqueAndUninterpreted(prefix: &quot;MCP1&quot;)" computerName="SURFACE-LT" duration="00:00:00.0001542" startTime="2026-07-19T05:40:33.8089367+05:00" endTime="2026-07-19T05:40:33.8089883+05:00" testType="13cdc9d9-ddb5-4fa4-a97d-d965ccfc6d4b" outcome="Passed" testListId="8c84fa94-04c1-424b-9868-57a2d4851a1d" relativeResultsDirectory="1d1fe275-7abe-4830-88e4-694befff2d12" />
    <UnitTestResult executionId="70a1d19e-4a68-4228-b51d-f2786e2e514a" testId="c569eda1-825e-c8c4-52c4-a1c760b137fc" testName="Deep.Protocol.Tests.DeepExtension.ManagedIngress.ManagedIngressContractTests.StableOrReflectiveHeaders_AreForbidden(name: &quot;x-correlation-id&quot;)" computerName="SURFACE-LT" duration="00:00:00.0000058" startTime="2026-07-19T05:40:33.6800811+05:00" endTime="2026-07-19T05:40:33.6801146+05:00" testType="13cdc9d9-ddb5-4fa4-a97d-d965ccfc6d4b" outcome="Passed" testListId="8c84fa94-04c1-424b-9868-57a2d4851a1d" relativeResultsDirectory="70a1d19e-4a68-4228-b51d-f2786e2e514a" />
    <UnitTestResult executionId="7e054990-c615-4753-aa2e-e6e22a0d2809" testId="f77654db-0c74-7c64-1598-300a86d9c52a" testName="Deep.Protocol.Tests.DeepExtension.ManagedIngress.ManagedIngressMalformedAndFuzzTests.HttpErrorMapping_IsExact(status: 502, errorClass: InvalidUpstreamResponse, certainty: UnknownAfterForward)" computerName="SURFACE-LT" duration="00:00:00.0002274" startTime="2026-07-19T05:40:33.6458462+05:00" endTime="2026-07-19T05:40:33.6459303+05:00" testType="13cdc9d9-ddb5-4fa4-a97d-d965ccfc6d4b" outcome="Passed" testListId="8c84fa94-04c1-424b-9868-57a2d4851a1d" relativeResultsDirectory="7e054990-c615-4753-aa2e-e6e22a0d2809" />
    <UnitTestResult executionId="5d5b909a-81c8-4963-a980-5d5a388f0262" testId="995f8728-e662-463a-74e2-fb61a808600b" testName="Deep.Protocol.Tests.DeepExtension.ManagedIngress.ManagedIngressContractTests.CapabilityEndpoint_HasExactRequestAndResponseContract" computerName="SURFACE-LT" duration="00:00:00.0074708" startTime="2026-07-19T05:40:33.6752645+05:00" endTime="2026-07-19T05:40:33.6778022+05:00" testType="13cdc9d9-ddb5-4fa4-a97d-d965ccfc6d4b" outcome="Passed" testListId="8c84fa94-04c1-424b-9868-57a2d4851a1d" relativeResultsDirectory="5d5b909a-81c8-4963-a980-5d5a388f0262" />
    <UnitTestResult executionId="dd97264c-e258-440b-b627-ce9f3cc810d8" testId="62837555-9b9c-54d5-8d34-e8269fde0dfa" testName="Deep.Protocol.Tests.DeepExtension.ManagedIngress.ManagedIngressMalformedAndFuzzTests.Die1_WrongLengthFailsClosed(length: 65)" computerName="SURFACE-LT" duration="00:00:00.0000069" startTime="2026-07-19T05:40:33.6754338+05:00" endTime="2026-07-19T05:40:33.6754777+05:00" testType="13cdc9d9-ddb5-4fa4-a97d-d965ccfc6d4b" outcome="Passed" testListId="8c84fa94-04c1-424b-9868-57a2d4851a1d" relativeResultsDirectory="dd97264c-e258-440b-b627-ce9f3cc810d8" />
    <UnitTestResult executionId="07fa6f70-1808-4395-8590-ba161dfc4383" testId="2820b112-9286-d522-e59f-aed41396d1d5" testName="Deep.Protocol.Tests.DeepExtension.ManagedIngress.ManagedIngressContractTests.HeaderList_UsesRfc9113DecodedFormula" computerName="SURFACE-LT" duration="00:00:00.0005082" startTime="2026-07-19T05:40:33.6848683+05:00" endTime="2026-07-19T05:40:33.6849002+05:00" testType="13cdc9d9-ddb5-4fa4-a97d-d965ccfc6d4b" outcome="Passed" testListId="8c84fa94-04c1-424b-9868-57a2d4851a1d" relativeResultsDirectory="07fa6f70-1808-4395-8590-ba161dfc4383" />
    <UnitTestResult executionId="35aa68a6-4ffd-44c7-b661-1b8c692a7a25" testId="fbf1f37f-2df9-2c7e-4956-27a0b7e36aa8" testName="Deep.Protocol.Tests.DeepExtension.ManagedIngress.ManagedIngressMalformedAndFuzzTests.ErrorCodec_RejectsCrossClassCertaintyAndRetryPolicy" computerName="SURFACE-LT" duration="00:00:00.0001234" startTime="2026-07-19T05:40:33.6779747+05:00" endTime="2026-07-19T05:40:33.6785128+05:00" testType="13cdc9d9-ddb5-4fa4-a97d-d965ccfc6d4b" outcome="Passed" testListId="8c84fa94-04c1-424b-9868-57a2d4851a1d" relativeResultsDirectory="35aa68a6-4ffd-44c7-b661-1b8c692a7a25" />
    <UnitTestResult executionId="fd3acc44-a480-4fa3-846f-53fc917abcc7" testId="0bdb4425-1d0f-793c-4c32-6fb608593866" testName="Deep.Protocol.Tests.DeepExtension.ManagedIngress.ManagedIngressContractTests.StableOrReflectiveHeaders_AreForbidden(name: &quot;baggage&quot;)" computerName="SURFACE-LT" duration="00:00:00.0000071" startTime="2026-07-19T05:40:33.6802588+05:00" endTime="2026-07-19T05:40:33.6802908+05:00" testType="13cdc9d9-ddb5-4fa4-a97d-d965ccfc6d4b" outcome="Passed" testListId="8c84fa94-04c1-424b-9868-57a2d4851a1d" relativeResultsDirectory="fd3acc44-a480-4fa3-846f-53fc917abcc7" />
    <UnitTestResult executionId="c5350925-50f5-4fb2-ac1c-d12bd6547c17" testId="c8006a5a-0fa1-16dd-72d1-731e9439c1f7" testName="Deep.Protocol.Tests.DeepExtension.ManagedIngress.ManagedIngressMalformedAndFuzzTests.HttpErrorMapping_IsExact(status: 425, errorClass: EarlyDataRejected, certainty: BeforeForward)" computerName="SURFACE-LT" duration="00:00:00.0019953" startTime="2026-07-19T05:40:33.6357747+05:00" endTime="2026-07-19T05:40:33.6400173+05:00" testType="13cdc9d9-ddb5-4fa4-a97d-d965ccfc6d4b" outcome="Passed" testListId="8c84fa94-04c1-424b-9868-57a2d4851a1d" relativeResultsDirectory="c5350925-50f5-4fb2-ac1c-d12bd6547c17" />
    <UnitTestResult executionId="7005f91e-cbc7-4bbe-8a8f-93c59d92106a" testId="3ba5bb99-0993-a61c-04be-c239f172c985" testName="Deep.Protocol.Tests.DeepExtension.ManagedIngress.ManagedIngressMalformedAndFuzzTests.Die1_WrongLengthFailsClosed(length: 4)" computerName="SURFACE-LT" duration="00:00:00.0001045" startTime="2026-07-19T05:40:33.6753497+05:00" endTime="2026-07-19T05:40:33.6753808+05:00" testType="13cdc9d9-ddb5-4fa4-a97d-d965ccfc6d4b" outcome="Passed" testListId="8c84fa94-04c1-424b-9868-57a2d4851a1d" relativeResultsDirectory="7005f91e-cbc7-4bbe-8a8f-93c59d92106a" />
    <UnitTestResult executionId="156a9547-ba84-417c-870a-dadfa0038db6" testId="1bc1857b-b587-3705-6d7c-486b68b9ca08" testName="Deep.Protocol.Tests.DeepExtension.ManagedIngress.ManagedIngressContractTests.PrivacyBearingAndInvalidH2Headers_AreRejected(name: &quot;:path&quot;)" computerName="SURFACE-LT" duration="00:00:00.0002650" startTime="2026-07-19T05:40:33.6732986+05:00" endTime="2026-07-19T05:40:33.6741133+05:00" testType="13cdc9d9-ddb5-4fa4-a97d-d965ccfc6d4b" outcome="Passed" testListId="8c84fa94-04c1-424b-9868-57a2d4851a1d" relativeResultsDirectory="156a9547-ba84-417c-870a-dadfa0038db6" />
    <UnitTestResult executionId="2c8d4b07-c7ea-4fb8-976d-1d0376502304" testId="4e40a4f7-5384-298f-9464-5543569023ef" testName="Deep.Protocol.Tests.DeepExtension.ManagedIngress.ManagedIngressMalformedAndFuzzTests.HttpErrorMapping_IsExact(status: 503, errorClass: Unavailable, certainty: BeforeForward)" computerName="SURFACE-LT" duration="00:00:00.0000010" startTime="2026-07-19T05:40:33.6703307+05:00" endTime="2026-07-19T05:40:33.6703702+05:00" testType="13cdc9d9-ddb5-4fa4-a97d-d965ccfc6d4b" outcome="Passed" testListId="8c84fa94-04c1-424b-9868-57a2d4851a1d" relativeResultsDirectory="2c8d4b07-c7ea-4fb8-976d-1d0376502304" />
    <UnitTestResult executionId="40a96396-ec44-415d-9a17-0c919e496016" testId="012ec680-4b02-8948-e40c-7f4acf233a15" testName="Deep.Protocol.Tests.DeepExtension.ManagedIngress.ManagedIngressContractTests.UnknownCriticalCapabilityFeature_FailsClosed" computerName="SURFACE-LT" duration="00:00:00.0005074" startTime="2026-07-19T05:40:33.8072773+05:00" endTime="2026-07-19T05:40:33.8076241+05:00" testType="13cdc9d9-ddb5-4fa4-a97d-d965ccfc6d4b" outcome="Passed" testListId="8c84fa94-04c1-424b-9868-57a2d4851a1d" relativeResultsDirectory="40a96396-ec44-415d-9a17-0c919e496016" />
    <UnitTestResult executionId="9d0fc7d7-45dd-4ce5-bf46-7bca235e616d" testId="3adddf06-9cc2-0920-833b-9d9e38e9da67" testName="Deep.Protocol.Tests.DeepExtension.ManagedIngress.ManagedIngressMalformedAndFuzzTests.RetryAfterHeader_NonCanonicalValuesYieldOutcomeUnknown(value: &quot;61&quot;)" computerName="SURFACE-LT" duration="00:00:00.0035643" startTime="2026-07-19T05:40:33.6710598+05:00" endTime="2026-07-19T05:40:33.6730216+05:00" testType="13cdc9d9-ddb5-4fa4-a97d-d965ccfc6d4b" outcome="Passed" testListId="8c84fa94-04c1-424b-9868-57a2d4851a1d" relativeResultsDirectory="9d0fc7d7-45dd-4ce5-bf46-7bca235e616d" />
    <UnitTestResult executionId="da6deea4-a98a-4059-969c-8cd352c6fc28" testId="ae02643e-f85d-94a7-aa7e-08ec48fe5063" testName="Deep.Protocol.Tests.DeepExtension.ManagedIngress.ManagedIngressMalformedAndFuzzTests.HttpErrorMapping_IsExact(status: 415, errorClass: UnsupportedMediaType, certainty: BeforeForward)" computerName="SURFACE-LT" duration="00:00:00.0000011" startTime="2026-07-19T05:40:33.6468014+05:00" endTime="2026-07-19T05:40:33.6468511+05:00" testType="13cdc9d9-ddb5-4fa4-a97d-d965ccfc6d4b" outcome="Passed" testListId="8c84fa94-04c1-424b-9868-57a2d4851a1d" relativeResultsDirectory="da6deea4-a98a-4059-969c-8cd352c6fc28" />
    <UnitTestResult executionId="53e393cc-f7c0-4ef7-acf8-047b9c342852" testId="f7144c7c-138c-439a-72f4-3228238129e2" testName="Deep.Protocol.Tests.DeepExtension.ManagedIngress.ManagedIngressContractTests.PrivacyBearingAndInvalidH2Headers_AreRejected(name: &quot;x-plan&quot;)" computerName="SURFACE-LT" duration="00:00:00.0000056" startTime="2026-07-19T05:40:33.6745180+05:00" endTime="2026-07-19T05:40:33.6745478+05:00" testType="13cdc9d9-ddb5-4fa4-a97d-d965ccfc6d4b" outcome="Passed" testListId="8c84fa94-04c1-424b-9868-57a2d4851a1d" relativeResultsDirectory="53e393cc-f7c0-4ef7-acf8-047b9c342852" />
    <UnitTestResult executionId="904709b1-fa85-4726-ab4f-85685d820442" testId="089c3623-def9-0282-dddc-df5f16a57523" testName="Deep.Protocol.Tests.DeepExtension.ManagedIngress.ManagedIngressContractTests.OpaqueFrame_OutOfBoundsFailsBeforeCopy(length: 0)" computerName="SURFACE-LT" duration="00:00:00.0001075" startTime="2026-07-19T05:40:33.6785007+05:00" endTime="2026-07-19T05:40:33.6786503+05:00" testType="13cdc9d9-ddb5-4fa4-a97d-d965ccfc6d4b" outcome="Passed" testListId="8c84fa94-04c1-424b-9868-57a2d4851a1d" relativeResultsDirectory="904709b1-fa85-4726-ab4f-85685d820442" />
    <UnitTestResult executionId="82fa541e-3712-4788-b809-59b5849dd045" testId="f69f66b6-14ee-148c-6c2c-b93640f0f255" testName="Deep.Protocol.Tests.DeepExtension.ManagedIngress.ManagedIngressContractTests.OpaqueFrame_BoundsAreAcceptedAndBytesRemainOpaque(length: 64)" computerName="SURFACE-LT" duration="00:00:00.0002490" startTime="2026-07-19T05:40:33.6849718+05:00" endTime="2026-07-19T05:40:33.6850031+05:00" testType="13cdc9d9-ddb5-4fa4-a97d-d965ccfc6d4b" outcome="Passed" testListId="8c84fa94-04c1-424b-9868-57a2d4851a1d" relativeResultsDirectory="82fa541e-3712-4788-b809-59b5849dd045" />
    <UnitTestResult executionId="c8a68be8-8c97-4a34-875c-524d0e74b98c" testId="136b7e96-973f-1535-e37a-5e140dd71438" testName="Deep.Protocol.Tests.DeepExtension.ManagedIngress.ManagedIngressMalformedAndFuzzTests.RetryAfterHeader_NonCanonicalValuesYieldOutcomeUnknown(value: &quot;1 &quot;)" computerName="SURFACE-LT" duration="00:00:00.0000046" startTime="2026-07-19T05:40:33.6738768+05:00" endTime="2026-07-19T05:40:33.6739091+05:00" testType="13cdc9d9-ddb5-4fa4-a97d-d965ccfc6d4b" outcome="Passed" testListId="8c84fa94-04c1-424b-9868-57a2d4851a1d" relativeResultsDirectory="c8a68be8-8c97-4a34-875c-524d0e74b98c" />
    <UnitTestResult executionId="147f623c-e428-4129-bf37-417ea189b510" testId="786ed452-3dba-0933-9cfd-1b92f6cbdabc" testName="Deep.Protocol.Tests.DeepExtension.ManagedIngress.ManagedIngressContractTests.RetryAfterHeader_MustExactlyMatchCanonicalDie1(status: 421)" computerName="SURFACE-LT" duration="00:00:00.0002897" startTime="2026-07-19T05:40:33.6836928+05:00" endTime="2026-07-19T05:40:33.6842265+05:00" testType="13cdc9d9-ddb5-4fa4-a97d-d965ccfc6d4b" outcome="Passed" testListId="8c84fa94-04c1-424b-9868-57a2d4851a1d" relativeResultsDirectory="147f623c-e428-4129-bf37-417ea189b510" />
    <UnitTestResult executionId="9de454c1-65d3-43e6-b68a-58433c3248e1" testId="611a5d32-f57d-86a1-0c88-b51e3309987e" testName="Deep.Protocol.Tests.DeepExtension.ManagedIngress.ManagedIngressContractTests.NonCanonicalFrameRequest_FailsClosed(method: &quot;POST&quot;, path: &quot;/api/ingress/v1/frame/&quot;, query: &quot;&quot;, version: &quot;2.0&quot;, contentType: &quot;application/vnd.xpoint.deep.ingress-opaque-v1&quot;, accept: &quot;application/vnd.xpoint.deep.ingress-opaque-v1&quot;)" computerName="SURFACE-LT" duration="00:00:00.0008742" startTime="2026-07-19T05:40:33.6711886+05:00" endTime="2026-07-19T05:40:33.6712232+05:00" testType="13cdc9d9-ddb5-4fa4-a97d-d965ccfc6d4b" outcome="Passed" testListId="8c84fa94-04c1-424b-9868-57a2d4851a1d" relativeResultsDirectory="9de454c1-65d3-43e6-b68a-58433c3248e1" />
    <UnitTestResult executionId="86997328-04ff-4249-9a17-f3adf471435c" testId="2401021e-526a-2682-ec09-d6caa72583af" testName="Deep.Protocol.Tests.DeepExtension.ManagedIngress.ManagedIngressMalformedAndFuzzTests.RetryAfter_IsStrictlyBounded(seconds: 0)" computerName="SURFACE-LT" duration="00:00:00.0000068" startTime="2026-07-19T05:40:33.6762666+05:00" endTime="2026-07-19T05:40:33.6762986+05:00" testType="13cdc9d9-ddb5-4fa4-a97d-d965ccfc6d4b" outcome="Passed" testListId="8c84fa94-04c1-424b-9868-57a2d4851a1d" relativeResultsDirectory="86997328-04ff-4249-9a17-f3adf471435c" />
    <UnitTestResult executionId="91b024f6-cac3-45a9-a36a-76ce1f1fc175" testId="4312b97e-32f2-71ee-5e19-5d84c84807b8" testName="Deep.Protocol.Tests.DeepExtension.ManagedIngress.ManagedIngressMalformedAndFuzzTests.HttpErrorMapping_IsExact(status: 413, errorClass: FrameTooLarge, certainty: BeforeForward)" computerName="SURFACE-LT" duration="00:00:00.0000014" startTime="2026-07-19T05:40:33.6469324+05:00" endTime="2026-07-19T05:40:33.6469790+05:00" testType="13cdc9d9-ddb5-4fa4-a97d-d965ccfc6d4b" outcome="Passed" testListId="8c84fa94-04c1-424b-9868-57a2d4851a1d" relativeResultsDirectory="91b024f6-cac3-45a9-a36a-76ce1f1fc175" />
    <UnitTestResult executionId="6d229378-4a1e-480e-ba85-0dde553b1c68" testId="30fdae3f-50af-821e-05f4-6f8bc026b9df" testName="Deep.Protocol.Tests.DeepExtension.ManagedIngress.ManagedIngressMalformedAndFuzzTests.Die1_MutationsFailClosed(offset: 7)" computerName="SURFACE-LT" duration="00:00:00.0000647" startTime="2026-07-19T05:40:33.6765615+05:00" endTime="2026-07-19T05:40:33.6765913+05:00" testType="13cdc9d9-ddb5-4fa4-a97d-d965ccfc6d4b" outcome="Passed" testListId="8c84fa94-04c1-424b-9868-57a2d4851a1d" relativeResultsDirectory="6d229378-4a1e-480e-ba85-0dde553b1c68" />
    <UnitTestResult executionId="073711a6-5279-462b-a74f-8b07601886bf" testId="4c8ed66c-b1a0-c426-d5c5-e2433351014f" testName="Deep.Protocol.Tests.DeepExtension.ManagedIngress.ManagedIngressMalformedAndFuzzTests.Die1_WrongLengthFailsClosed(length: 63)" computerName="SURFACE-LT" duration="00:00:00.0000041" startTime="2026-07-19T05:40:33.6756065+05:00" endTime="2026-07-19T05:40:33.6756369+05:00" testType="13cdc9d9-ddb5-4fa4-a97d-d965ccfc6d4b" outcome="Passed" testListId="8c84fa94-04c1-424b-9868-57a2d4851a1d" relativeResultsDirectory="073711a6-5279-462b-a74f-8b07601886bf" />
    <UnitTestResult executionId="af7fd64a-4c37-4567-8478-e4efb62af747" testId="debd3a83-3192-8ed8-ef58-bdd783b1a6f7" testName="Deep.Protocol.Tests.DeepExtension.ManagedIngress.ManagedIngressContractTests.PrivacyBearingAndInvalidH2Headers_AreRejected(name: &quot;connection&quot;)" computerName="SURFACE-LT" duration="00:00:00.0000069" startTime="2026-07-19T05:40:33.6744349+05:00" endTime="2026-07-19T05:40:33.6744662+05:00" testType="13cdc9d9-ddb5-4fa4-a97d-d965ccfc6d4b" outcome="Passed" testListId="8c84fa94-04c1-424b-9868-57a2d4851a1d" relativeResultsDirectory="af7fd64a-4c37-4567-8478-e4efb62af747" />
    <UnitTestResult executionId="007b16e6-8a98-4661-b472-87877bbf5f68" testId="cace1b80-b498-a647-89ca-83894978ea2d" testName="Deep.Protocol.Tests.DeepExtension.ManagedIngress.ManagedIngressContractTests.PrivacyBearingAndInvalidH2Headers_AreRejected(name: &quot;x-account&quot;)" computerName="SURFACE-LT" duration="00:00:00.0000061" startTime="2026-07-19T05:40:33.6749892+05:00" endTime="2026-07-19T05:40:33.6750225+05:00" testType="13cdc9d9-ddb5-4fa4-a97d-d965ccfc6d4b" outcome="Passed" testListId="8c84fa94-04c1-424b-9868-57a2d4851a1d" relativeResultsDirectory="007b16e6-8a98-4661-b472-87877bbf5f68" />
    <UnitTestResult executionId="3dd836fb-8e66-40ef-ba0e-0f59b938572a" testId="335bb7f3-a471-d417-d8ac-ab3359682c34" testName="Deep.Protocol.Tests.DeepExtension.ManagedIngress.ManagedIngressContractTests.StableOrReflectiveHeaders_AreForbidden(name: &quot;traceparent&quot;)" computerName="SURFACE-LT" duration="00:00:00.0000536" startTime="2026-07-19T05:40:33.6789955+05:00" endTime="2026-07-19T05:40:33.6790269+05:00" testType="13cdc9d9-ddb5-4fa4-a97d-d965ccfc6d4b" outcome="Passed" testListId="8c84fa94-04c1-424b-9868-57a2d4851a1d" relativeResultsDirectory="3dd836fb-8e66-40ef-ba0e-0f59b938572a" />
    <UnitTestResult executionId="65dac6f3-8030-4347-9225-a2caf7777bcd" testId="04996104-baba-19c5-2036-7c151e9e5796" testName="Deep.Protocol.Tests.DeepExtension.ManagedIngress.ManagedIngressContractTests.MandatoryPseudoAndMediaHeaders_AreCountedAndCannotBeDuplicated" computerName="SURFACE-LT" duration="00:00:00.0001742" startTime="2026-07-19T05:40:33.6778757+05:00" endTime="2026-07-19T05:40:33.6780050+05:00" testType="13cdc9d9-ddb5-4fa4-a97d-d965ccfc6d4b" outcome="Passed" testListId="8c84fa94-04c1-424b-9868-57a2d4851a1d" relativeResultsDirectory="65dac6f3-8030-4347-9225-a2caf7777bcd" />
    <UnitTestResult executionId="12c64005-c569-40fc-8cf3-5c90561ca00e" testId="9943195c-4f7b-6eb6-b652-c8e75015a169" testName="Deep.Protocol.Tests.DeepExtension.ManagedIngress.ManagedIngressContractTests.OpaqueFrame_OutOfBoundsFailsBeforeCopy(length: 63)" computerName="SURFACE-LT" duration="00:00:00.0000937" startTime="2026-07-19T05:40:33.6787074+05:00" endTime="2026-07-19T05:40:33.6787436+05:00" testType="13cdc9d9-ddb5-4fa4-a97d-d965ccfc6d4b" outcome="Passed" testListId="8c84fa94-04c1-424b-9868-57a2d4851a1d" relativeResultsDirectory="12c64005-c569-40fc-8cf3-5c90561ca00e" />
    <UnitTestResult executionId="a0aa8f82-186f-4bff-8df4-f7d5f9f07973" testId="c6cecc2f-76db-b09b-53b4-6d40d6151eaf" testName="Deep.Protocol.Tests.DeepExtension.ManagedIngress.ManagedIngressMalformedAndFuzzTests.HttpErrorMapping_IsExact(status: 400, errorClass: MalformedFrame, certainty: BeforeForward)" computerName="SURFACE-LT" duration="00:00:00.0000017" startTime="2026-07-19T05:40:33.6466545+05:00" endTime="2026-07-19T05:40:33.6466917+05:00" testType="13cdc9d9-ddb5-4fa4-a97d-d965ccfc6d4b" outcome="Passed" testListId="8c84fa94-04c1-424b-9868-57a2d4851a1d" relativeResultsDirectory="a0aa8f82-186f-4bff-8df4-f7d5f9f07973" />
    <UnitTestResult executionId="de4dbc01-2700-4c5f-b81a-4188425aaf15" testId="1045e553-be9d-55fa-facf-1a893e9d95b6" testName="Deep.Protocol.Tests.DeepExtension.ManagedIngress.ManagedIngressMalformedAndFuzzTests.Die1_MutationsFailClosed(offset: 63)" computerName="SURFACE-LT" duration="00:00:00.0000041" startTime="2026-07-19T05:40:33.6767981+05:00" endTime="2026-07-19T05:40:33.6768291+05:00" testType="13cdc9d9-ddb5-4fa4-a97d-d965ccfc6d4b" outcome="Passed" testListId="8c84fa94-04c1-424b-9868-57a2d4851a1d" relativeResultsDirectory="de4dbc01-2700-4c5f-b81a-4188425aaf15" />
    <UnitTestResult executionId="84aca2f7-386f-4cc8-9942-1e8e06105aa5" testId="ede403d4-8569-9d49-bdef-b24ba34580e6" testName="Deep.Protocol.Tests.DeepExtension.ManagedIngress.ManagedIngressContractTests.NonCanonicalFrameRequest_FailsClosed(method: &quot;POST&quot;, path: &quot;/api/ingress/v1/frame&quot;, query: &quot;x=1&quot;, version: &quot;2.0&quot;, contentType: &quot;application/vnd.xpoint.deep.ingress-opaque-v1&quot;, accept: &quot;application/vnd.xpoint.deep.ingress-opaque-v1&quot;)" computerName="SURFACE-LT" duration="00:00:00.0000055" startTime="2026-07-19T05:40:33.6714532+05:00" endTime="2026-07-19T05:40:33.6714861+05:00" testType="13cdc9d9-ddb5-4fa4-a97d-d965ccfc6d4b" outcome="Passed" testListId="8c84fa94-04c1-424b-9868-57a2d4851a1d" relativeResultsDirectory="84aca2f7-386f-4cc8-9942-1e8e06105aa5" />
    <UnitTestResult executionId="e348690f-7331-4b1b-9880-ac73497d17c8" testId="c77002d8-532d-4152-aa5e-a7a974c537ca" testName="Deep.Protocol.Tests.DeepExtension.ManagedIngress.ManagedIngressContractTests.MaximumSelectedThreeHopOnionProducerProfile_FitsOuterBound" computerName="SURFACE-LT" duration="00:00:00.0423606" startTime="2026-07-19T05:40:33.6858149+05:00" endTime="2026-07-19T05:40:33.7051095+05:00" testType="13cdc9d9-ddb5-4fa4-a97d-d965ccfc6d4b" outcome="Passed" testListId="8c84fa94-04c1-424b-9868-57a2d4851a1d" relativeResultsDirectory="e348690f-7331-4b1b-9880-ac73497d17c8" />
    <UnitTestResult executionId="9a673ee2-14bf-4217-a39c-315250b82a22" testId="c4274dcb-ff04-97d2-e7fd-18378b56cb3f" testName="Deep.Protocol.Tests.DeepExtension.ManagedIngress.ManagedIngressContractTests.OpaqueFrame_OutOfBoundsFailsBeforeCopy(length: 1572865)" computerName="SURFACE-LT" duration="00:00:00.0000118" startTime="2026-07-19T05:40:33.6788088+05:00" endTime="2026-07-19T05:40:33.6788411+05:00" testType="13cdc9d9-ddb5-4fa4-a97d-d965ccfc6d4b" outcome="Passed" testListId="8c84fa94-04c1-424b-9868-57a2d4851a1d" relativeResultsDirectory="9a673ee2-14bf-4217-a39c-315250b82a22" />
    <UnitTestResult executionId="9721c60c-85a3-4d53-bb76-fe8ec5cbc617" testId="5adc7432-7f74-1a3c-f102-f2f6b46167f0" testName="Deep.Protocol.Tests.DeepExtension.ManagedIngress.ManagedIngressContractTests.RetryAfterHeader_MustExactlyMatchCanonicalDie1(status: 503)" computerName="SURFACE-LT" duration="00:00:00.0000879" startTime="2026-07-19T05:40:33.6842890+05:00" endTime="2026-07-19T05:40:33.6843235+05:00" testType="13cdc9d9-ddb5-4fa4-a97d-d965ccfc6d4b" outcome="Passed" testListId="8c84fa94-04c1-424b-9868-57a2d4851a1d" relativeResultsDirectory="9721c60c-85a3-4d53-bb76-fe8ec5cbc617" />
    <UnitTestResult executionId="4e193569-9935-4510-acde-f47143e9bcf1" testId="86a2b08e-db3f-a734-61b2-2dd5ca2e5cae" testName="Deep.Protocol.Tests.DeepExtension.ManagedIngress.ManagedIngressContractTests.ErrorVector_MatchesCanonicalBytes" computerName="SURFACE-LT" duration="00:00:00.0969573" startTime="2026-07-19T05:40:33.7066659+05:00" endTime="2026-07-19T05:40:33.8022007+05:00" testType="13cdc9d9-ddb5-4fa4-a97d-d965ccfc6d4b" outcome="Passed" testListId="8c84fa94-04c1-424b-9868-57a2d4851a1d" relativeResultsDirectory="4e193569-9935-4510-acde-f47143e9bcf1" />
    <UnitTestResult executionId="44c50c76-e257-46b1-9460-0bb86a24db02" testId="286158af-5510-1aff-29c4-b9f006f15c21" testName="Deep.Protocol.Tests.DeepExtension.ManagedIngress.ManagedIngressContractTests.OuterSuccess_NeverCreatesMailboxAuthority(statusCode: 200, expected: TransitCompleted)" computerName="SURFACE-LT" duration="00:00:00.0001475" startTime="2026-07-19T05:40:33.6832764+05:00" endTime="2026-07-19T05:40:33.6833219+05:00" testType="13cdc9d9-ddb5-4fa4-a97d-d965ccfc6d4b" outcome="Passed" testListId="8c84fa94-04c1-424b-9868-57a2d4851a1d" relativeResultsDirectory="44c50c76-e257-46b1-9460-0bb86a24db02" />
    <UnitTestResult executionId="ee368a52-a834-4148-87de-d7150b8ab38b" testId="e0271cdb-9db0-87d5-9b71-e7f39b766482" testName="Deep.Protocol.Tests.DeepExtension.ManagedIngress.ManagedIngressMalformedAndFuzzTests.Die1_MutationsFailClosed(offset: 4)" computerName="SURFACE-LT" duration="00:00:00.0000041" startTime="2026-07-19T05:40:33.6774590+05:00" endTime="2026-07-19T05:40:33.6774930+05:00" testType="13cdc9d9-ddb5-4fa4-a97d-d965ccfc6d4b" outcome="Passed" testListId="8c84fa94-04c1-424b-9868-57a2d4851a1d" relativeResultsDirectory="ee368a52-a834-4148-87de-d7150b8ab38b" />
    <UnitTestResult executionId="aed2f116-a80e-4e2d-8180-4dbeba8e9e87" testId="71f377a0-5778-a1a6-3cdc-98c0a45ac7a7" testName="Deep.Protocol.Tests.DeepExtension.ManagedIngress.ManagedIngressContractTests.StableOrReflectiveHeaders_AreForbidden(name: &quot;idempotency-key&quot;)" computerName="SURFACE-LT" duration="00:00:00.0000058" startTime="2026-07-19T05:40:33.6799640+05:00" endTime="2026-07-19T05:40:33.6800065+05:00" testType="13cdc9d9-ddb5-4fa4-a97d-d965ccfc6d4b" outcome="Passed" testListId="8c84fa94-04c1-424b-9868-57a2d4851a1d" relativeResultsDirectory="aed2f116-a80e-4e2d-8180-4dbeba8e9e87" />
    <UnitTestResult executionId="0639dcc8-00f2-4408-a142-80bfca95781f" testId="8b88a991-c73c-1388-888c-15b0a6d95c22" testName="Deep.Protocol.Tests.DeepExtension.ManagedIngress.ManagedIngressMalformedAndFuzzTests.Die1_MutationsFailClosed(offset: 8)" computerName="SURFACE-LT" duration="00:00:00.0000045" startTime="2026-07-19T05:40:33.6772700+05:00" endTime="2026-07-19T05:40:33.6773051+05:00" testType="13cdc9d9-ddb5-4fa4-a97d-d965ccfc6d4b" outcome="Passed" testListId="8c84fa94-04c1-424b-9868-57a2d4851a1d" relativeResultsDirectory="0639dcc8-00f2-4408-a142-80bfca95781f" />
    <UnitTestResult executionId="6a3ea328-ff2a-4e03-a8f5-d95e989df346" testId="e148db0b-f7a4-449b-3892-bb1c5f998976" testName="Deep.Protocol.Tests.DeepExtension.ManagedIngress.ManagedIngressContractTests.MalformedOuterResponse_IsAlwaysOutcomeUnknown" computerName="SURFACE-LT" duration="00:00:00.0001052" startTime="2026-07-19T05:40:33.6844853+05:00" endTime="2026-07-19T05:40:33.6847894+05:00" testType="13cdc9d9-ddb5-4fa4-a97d-d965ccfc6d4b" outcome="Passed" testListId="8c84fa94-04c1-424b-9868-57a2d4851a1d" relativeResultsDirectory="6a3ea328-ff2a-4e03-a8f5-d95e989df346" />
    <UnitTestResult executionId="9f26305a-7732-4843-bbb2-f19671287cd8" testId="e2b2333f-df42-778c-d68c-5b7e156da3f3" testName="Deep.Protocol.Tests.DeepExtension.ManagedIngress.ManagedIngressContractTests.InnerLookingBytes_RemainOpaqueAndUninterpreted(prefix: &quot;DPB1&quot;)" computerName="SURFACE-LT" duration="00:00:00.0000020" startTime="2026-07-19T05:40:33.8092014+05:00" endTime="2026-07-19T05:40:33.8092494+05:00" testType="13cdc9d9-ddb5-4fa4-a97d-d965ccfc6d4b" outcome="Passed" testListId="8c84fa94-04c1-424b-9868-57a2d4851a1d" relativeResultsDirectory="9f26305a-7732-4843-bbb2-f19671287cd8" />
    <UnitTestResult executionId="c62e8b18-b9af-4cd6-8988-0dabbe3b3e8f" testId="81b6d8bc-5591-abc4-e569-9b0628deb4f5" testName="Deep.Protocol.Tests.DeepExtension.ManagedIngress.ManagedIngressContractTests.Cancellation_IsClassifiedByForwardBoundary(forwardStarted: False, expected: CancelledBeforeForward)" computerName="SURFACE-LT" duration="00:00:00.0017816" startTime="2026-07-19T05:40:33.6729731+05:00" endTime="2026-07-19T05:40:33.6730058+05:00" testType="13cdc9d9-ddb5-4fa4-a97d-d965ccfc6d4b" outcome="Passed" testListId="8c84fa94-04c1-424b-9868-57a2d4851a1d" relativeResultsDirectory="c62e8b18-b9af-4cd6-8988-0dabbe3b3e8f" />
    <UnitTestResult executionId="14396ce3-2db2-40ff-b34b-95789b7a3e49" testId="f877ac24-6f55-fce6-dea8-dea69ddb1a50" testName="Deep.Protocol.Tests.DeepExtension.ManagedIngress.ManagedIngressMalformedAndFuzzTests.HeaderListAndCountBounds_AreStrict" computerName="SURFACE-LT" duration="00:00:00.0008050" startTime="2026-07-19T05:40:33.6805544+05:00" endTime="2026-07-19T05:40:33.6805986+05:00" testType="13cdc9d9-ddb5-4fa4-a97d-d965ccfc6d4b" outcome="Passed" testListId="8c84fa94-04c1-424b-9868-57a2d4851a1d" relativeResultsDirectory="14396ce3-2db2-40ff-b34b-95789b7a3e49" />
    <UnitTestResult executionId="c423d08b-3c92-4216-8c80-77a3eca3cbbd" testId="f8a87c7f-9194-6c27-6011-d61a2524a939" testName="Deep.Protocol.Tests.DeepExtension.ManagedIngress.ManagedIngressMalformedAndFuzzTests.FixedSeedMalformedSmoke_NeverAcceptsMutatedDie1" computerName="SURFACE-LT" duration="00:00:00.0012890" startTime="2026-07-19T05:40:33.6786188+05:00" endTime="2026-07-19T05:40:33.6804777+05:00" testType="13cdc9d9-ddb5-4fa4-a97d-d965ccfc6d4b" outcome="Passed" testListId="8c84fa94-04c1-424b-9868-57a2d4851a1d" relativeResultsDirectory="c423d08b-3c92-4216-8c80-77a3eca3cbbd" />
    <UnitTestResult executionId="9d88f328-18c7-40f6-a2e4-d589059b6e8e" testId="9951cac6-0f85-1927-0883-86137d43ad75" testName="Deep.Protocol.Tests.DeepExtension.ManagedIngress.ManagedIngressContractTests.NonCanonicalFrameRequest_FailsClosed(method: &quot;POST&quot;, path: &quot;/api/ingress/v1/frame&quot;, query: &quot;&quot;, version: &quot;2.0&quot;, contentType: &quot;application/json&quot;, accept: &quot;application/vnd.xpoint.deep.ingress-opaque-v1&quot;)" computerName="SURFACE-LT" duration="00:00:00.0000191" startTime="2026-07-19T05:40:33.6726747+05:00" endTime="2026-07-19T05:40:33.6727106+05:00" testType="13cdc9d9-ddb5-4fa4-a97d-d965ccfc6d4b" outcome="Passed" testListId="8c84fa94-04c1-424b-9868-57a2d4851a1d" relativeResultsDirectory="9d88f328-18c7-40f6-a2e4-d589059b6e8e" />
    <UnitTestResult executionId="c466977a-8b7e-4945-b6cf-35418a389d71" testId="a110ca99-714e-2c25-70b5-926958dfec19" testName="Deep.Protocol.Tests.DeepExtension.ManagedIngress.ManagedIngressContractTests.PrivacyBearingAndInvalidH2Headers_AreRejected(name: &quot;x-wallet&quot;)" computerName="SURFACE-LT" duration="00:00:00.0000068" startTime="2026-07-19T05:40:33.6743405+05:00" endTime="2026-07-19T05:40:33.6743781+05:00" testType="13cdc9d9-ddb5-4fa4-a97d-d965ccfc6d4b" outcome="Passed" testListId="8c84fa94-04c1-424b-9868-57a2d4851a1d" relativeResultsDirectory="c466977a-8b7e-4945-b6cf-35418a389d71" />
    <UnitTestResult executionId="13bf3f0a-71a9-4913-a181-0aa70781c58c" testId="9ac4a621-32ba-6f1b-5348-766e502f50ed" testName="Deep.Protocol.Tests.DeepExtension.ManagedIngress.ManagedIngressMalformedAndFuzzTests.Die1_MutationsFailClosed(offset: 9)" computerName="SURFACE-LT" duration="00:00:00.0000041" startTime="2026-07-19T05:40:33.6767183+05:00" endTime="2026-07-19T05:40:33.6767483+05:00" testType="13cdc9d9-ddb5-4fa4-a97d-d965ccfc6d4b" outcome="Passed" testListId="8c84fa94-04c1-424b-9868-57a2d4851a1d" relativeResultsDirectory="13bf3f0a-71a9-4913-a181-0aa70781c58c" />
    <UnitTestResult executionId="93b635a6-48a2-40c4-a0e2-7a8ca916cb0b" testId="188a01a3-125e-a5d5-50f5-5c56f5a707aa" testName="Deep.Protocol.Tests.DeepExtension.ManagedIngress.ManagedIngressMalformedAndFuzzTests.RetryAfter_IsStrictlyBounded(seconds: 61)" computerName="SURFACE-LT" duration="00:00:00.0001136" startTime="2026-07-19T05:40:33.6761789+05:00" endTime="2026-07-19T05:40:33.6762106+05:00" testType="13cdc9d9-ddb5-4fa4-a97d-d965ccfc6d4b" outcome="Passed" testListId="8c84fa94-04c1-424b-9868-57a2d4851a1d" relativeResultsDirectory="93b635a6-48a2-40c4-a0e2-7a8ca916cb0b" />
    <UnitTestResult executionId="12948a01-9e10-4a21-b72e-b52acdd675b1" testId="7f14bc99-b29f-ee3c-56d7-7bd6e50249b5" testName="Deep.Protocol.Tests.DeepExtension.ManagedIngress.ManagedIngressContractTests.NonCanonicalFrameRequest_FailsClosed(method: &quot;POST&quot;, path: &quot;/api/ingress/v1/frame&quot;, query: &quot;&quot;, version: &quot;3.0&quot;, contentType: &quot;application/vnd.xpoint.deep.ingress-opaque-v1&quot;, accept: &quot;application/vnd.xpoint.deep.ingress-opaque-v1&quot;)" computerName="SURFACE-LT" duration="00:00:00.0000047" startTime="2026-07-19T05:40:33.6727753+05:00" endTime="2026-07-19T05:40:33.6728086+05:00" testType="13cdc9d9-ddb5-4fa4-a97d-d965ccfc6d4b" outcome="Passed" testListId="8c84fa94-04c1-424b-9868-57a2d4851a1d" relativeResultsDirectory="12948a01-9e10-4a21-b72e-b52acdd675b1" />
    <UnitTestResult executionId="b8bad7af-9850-4e9a-b7ba-4cf8565341f7" testId="b4178856-c9cc-34eb-5578-f38650e380e4" testName="Deep.Protocol.Tests.DeepExtension.ManagedIngress.ManagedIngressContractTests.OuterSuccess_NeverCreatesMailboxAuthority(statusCode: 204, expected: OutcomeUnknown)" computerName="SURFACE-LT" duration="00:00:00.0000031" startTime="2026-07-19T05:40:33.6834674+05:00" endTime="2026-07-19T05:40:33.6835084+05:00" testType="13cdc9d9-ddb5-4fa4-a97d-d965ccfc6d4b" outcome="Passed" testListId="8c84fa94-04c1-424b-9868-57a2d4851a1d" relativeResultsDirectory="b8bad7af-9850-4e9a-b7ba-4cf8565341f7" />
    <UnitTestResult executionId="7bffd1a5-0106-4fe7-b17d-e4f97a59ada7" testId="4b6af64d-f516-dbc1-d57f-79b0a4e31684" testName="Deep.Protocol.Tests.DeepExtension.ManagedIngress.ManagedIngressContractTests.PrivacyBearingAndInvalidH2Headers_AreRejected(name: &quot;x-payer&quot;)" computerName="SURFACE-LT" duration="00:00:00.0000082" startTime="2026-07-19T05:40:33.6742549+05:00" endTime="2026-07-19T05:40:33.6742886+05:00" testType="13cdc9d9-ddb5-4fa4-a97d-d965ccfc6d4b" outcome="Passed" testListId="8c84fa94-04c1-424b-9868-57a2d4851a1d" relativeResultsDirectory="7bffd1a5-0106-4fe7-b17d-e4f97a59ada7" />
    <UnitTestResult executionId="73752101-3557-498a-9a10-be76309b39bb" testId="02d621ab-6051-d7f6-c282-9f3886041ab9" testName="Deep.Protocol.Tests.DeepExtension.ManagedIngress.ManagedIngressContractTests.StableOrReflectiveHeaders_AreForbidden(name: &quot;authorization&quot;)" computerName="SURFACE-LT" duration="00:00:00.0000058" startTime="2026-07-19T05:40:33.6803409+05:00" endTime="2026-07-19T05:40:33.6803714+05:00" testType="13cdc9d9-ddb5-4fa4-a97d-d965ccfc6d4b" outcome="Passed" testListId="8c84fa94-04c1-424b-9868-57a2d4851a1d" relativeResultsDirectory="73752101-3557-498a-9a10-be76309b39bb" />
    <UnitTestResult executionId="76106124-7304-4287-aea6-14f976ee1628" testId="f822b3fd-f1a9-e22d-a615-074c0d9e95f0" testName="Deep.Protocol.Tests.DeepExtension.ManagedIngress.ManagedIngressContractTests.InnerLookingBytes_RemainOpaqueAndUninterpreted(prefix: &quot;MRR1&quot;)" computerName="SURFACE-LT" duration="00:00:00.0000038" startTime="2026-07-19T05:40:33.8090734+05:00" endTime="2026-07-19T05:40:33.8091221+05:00" testType="13cdc9d9-ddb5-4fa4-a97d-d965ccfc6d4b" outcome="Passed" testListId="8c84fa94-04c1-424b-9868-57a2d4851a1d" relativeResultsDirectory="76106124-7304-4287-aea6-14f976ee1628" />
    <UnitTestResult executionId="4188aab6-a326-403b-a77d-ca80d70cf459" testId="d367c58a-08a2-a477-5632-54853de1dd1d" testName="Deep.Protocol.Tests.DeepExtension.ManagedIngress.ManagedIngressContractTests.OuterSuccess_NeverCreatesMailboxAuthority(statusCode: 301, expected: OutcomeUnknown)" computerName="SURFACE-LT" duration="00:00:00.0001899" startTime="2026-07-19T05:40:33.6807039+05:00" endTime="2026-07-19T05:40:33.6819739+05:00" testType="13cdc9d9-ddb5-4fa4-a97d-d965ccfc6d4b" outcome="Passed" testListId="8c84fa94-04c1-424b-9868-57a2d4851a1d" relativeResultsDirectory="4188aab6-a326-403b-a77d-ca80d70cf459" />
    <UnitTestResult executionId="b92289c4-b832-4d19-a859-20c0411c334c" testId="9573aeee-74fc-2d1e-0130-63549e220275" testName="Deep.Protocol.Tests.DeepExtension.ManagedIngress.ManagedIngressContractTests.PrivacyBearingAndInvalidH2Headers_AreRejected(name: &quot;x-attempt-id&quot;)" computerName="SURFACE-LT" duration="00:00:00.0000051" startTime="2026-07-19T05:40:33.6751603+05:00" endTime="2026-07-19T05:40:33.6751930+05:00" testType="13cdc9d9-ddb5-4fa4-a97d-d965ccfc6d4b" outcome="Passed" testListId="8c84fa94-04c1-424b-9868-57a2d4851a1d" relativeResultsDirectory="b92289c4-b832-4d19-a859-20c0411c334c" />
    <UnitTestResult executionId="37d83be8-5ad9-4cbe-b7de-0560c8f83c48" testId="c77ee103-adb1-5aea-e02d-8e5af115a53b" testName="Deep.Protocol.Tests.DeepExtension.ManagedIngress.ManagedIngressMalformedAndFuzzTests.HttpErrorMapping_IsExact(status: 429, errorClass: Saturated, certainty: BeforeForward)" computerName="SURFACE-LT" duration="00:00:00.0000010" startTime="2026-07-19T05:40:33.6470532+05:00" endTime="2026-07-19T05:40:33.6470881+05:00" testType="13cdc9d9-ddb5-4fa4-a97d-d965ccfc6d4b" outcome="Passed" testListId="8c84fa94-04c1-424b-9868-57a2d4851a1d" relativeResultsDirectory="37d83be8-5ad9-4cbe-b7de-0560c8f83c48" />
    <UnitTestResult executionId="e0870465-01bf-4d3b-b756-77aad623a5e9" testId="6b3bb61d-1803-d0ce-25de-d185341fa211" testName="Deep.Protocol.Tests.DeepExtension.ManagedIngress.ManagedIngressMalformedAndFuzzTests.Die1_WrongLengthFailsClosed(length: 1)" computerName="SURFACE-LT" duration="00:00:00.0014376" startTime="2026-07-19T05:40:33.6740789+05:00" endTime="2026-07-19T05:40:33.6752972+05:00" testType="13cdc9d9-ddb5-4fa4-a97d-d965ccfc6d4b" outcome="Passed" testListId="8c84fa94-04c1-424b-9868-57a2d4851a1d" relativeResultsDirectory="e0870465-01bf-4d3b-b756-77aad623a5e9" />
    <UnitTestResult executionId="d0e425ac-5968-4635-8930-ed66cb8f5f45" testId="15a465b8-27d8-664d-159a-a7cb639d0b9a" testName="Deep.Protocol.Tests.DeepExtension.ManagedIngress.ManagedIngressMalformedAndFuzzTests.CrossMappedStatusAndFrame_Fails" computerName="SURFACE-LT" duration="00:00:00.0001034" startTime="2026-07-19T05:40:33.6708940+05:00" endTime="2026-07-19T05:40:33.6709325+05:00" testType="13cdc9d9-ddb5-4fa4-a97d-d965ccfc6d4b" outcome="Passed" testListId="8c84fa94-04c1-424b-9868-57a2d4851a1d" relativeResultsDirectory="d0e425ac-5968-4635-8930-ed66cb8f5f45" />
    <UnitTestResult executionId="4d9dac8f-1dda-4734-9f6f-a3895f0d0ed5" testId="3b7abe08-74a1-8c7d-0e9c-432c19db4b37" testName="Deep.Protocol.Tests.DeepExtension.ManagedIngress.ManagedIngressContractTests.EarlyData_IsRejectedBeforeForward" computerName="SURFACE-LT" duration="00:00:00.0015603" startTime="2026-07-19T05:40:33.6804456+05:00" endTime="2026-07-19T05:40:33.6805855+05:00" testType="13cdc9d9-ddb5-4fa4-a97d-d965ccfc6d4b" outcome="Passed" testListId="8c84fa94-04c1-424b-9868-57a2d4851a1d" relativeResultsDirectory="4d9dac8f-1dda-4734-9f6f-a3895f0d0ed5" />
    <UnitTestResult executionId="127c73e8-d0c4-4901-b8c3-52cb239e6833" testId="ee682093-d8a4-852f-12c4-da6f2730ac46" testName="Deep.Protocol.Tests.DeepExtension.ManagedIngress.ManagedIngressMalformedAndFuzzTests.HttpErrorMapping_IsExact(status: 504, errorClass: UpstreamOutcomeUnknown, certainty: UnknownAfterForward)" computerName="SURFACE-LT" duration="00:00:00.0000014" startTime="2026-07-19T05:40:33.6700472+05:00" endTime="2026-07-19T05:40:33.6701163+05:00" testType="13cdc9d9-ddb5-4fa4-a97d-d965ccfc6d4b" outcome="Passed" testListId="8c84fa94-04c1-424b-9868-57a2d4851a1d" relativeResultsDirectory="127c73e8-d0c4-4901-b8c3-52cb239e6833" />
    <UnitTestResult executionId="b93f2b60-0b6c-4106-8398-6a8829bfb541" testId="4c372394-057c-23ed-8e22-35902c921b9d" testName="Deep.Protocol.Tests.DeepExtension.ManagedIngress.ManagedIngressContractTests.StableOrReflectiveHeaders_AreForbidden(name: &quot;x-request-id&quot;)" computerName="SURFACE-LT" duration="00:00:00.0000059" startTime="2026-07-19T05:40:33.6801738+05:00" endTime="2026-07-19T05:40:33.6802047+05:00" testType="13cdc9d9-ddb5-4fa4-a97d-d965ccfc6d4b" outcome="Passed" testListId="8c84fa94-04c1-424b-9868-57a2d4851a1d" relativeResultsDirectory="b93f2b60-0b6c-4106-8398-6a8829bfb541" />
    <UnitTestResult executionId="499da3de-b844-4d42-a4b1-d1ffd51cf2a8" testId="47d28009-d7da-23f7-b20e-82a45a9fcb21" testName="Deep.Protocol.Tests.DeepExtension.ManagedIngress.ManagedIngressContractTests.InnerLookingBytes_RemainOpaqueAndUninterpreted(prefix: &quot;MQR1&quot;)" computerName="SURFACE-LT" duration="00:00:00.0001158" startTime="2026-07-19T05:40:33.8087502+05:00" endTime="2026-07-19T05:40:33.8088214+05:00" testType="13cdc9d9-ddb5-4fa4-a97d-d965ccfc6d4b" outcome="Passed" testListId="8c84fa94-04c1-424b-9868-57a2d4851a1d" relativeResultsDirectory="499da3de-b844-4d42-a4b1-d1ffd51cf2a8" />
    <UnitTestResult executionId="1b6e9338-346d-4da2-bd82-0f66c6d64eaf" testId="f84677d4-1647-d915-827d-1aa28058a6ed" testName="Deep.Protocol.Tests.DeepExtension.ManagedIngress.ManagedIngressContractTests.OuterSuccess_NeverCreatesMailboxAuthority(statusCode: 202, expected: OutcomeUnknown)" computerName="SURFACE-LT" duration="00:00:00.0000018" startTime="2026-07-19T05:40:33.6835775+05:00" endTime="2026-07-19T05:40:33.6836130+05:00" testType="13cdc9d9-ddb5-4fa4-a97d-d965ccfc6d4b" outcome="Passed" testListId="8c84fa94-04c1-424b-9868-57a2d4851a1d" relativeResultsDirectory="1b6e9338-346d-4da2-bd82-0f66c6d64eaf" />
    <UnitTestResult executionId="23cffd75-017d-4d48-a307-0388b97464c7" testId="66d19ded-33d2-e2f5-34b0-4d0961ede1b1" testName="Deep.Protocol.Tests.DeepExtension.ManagedIngress.ManagedIngressContractTests.NonCanonicalFrameRequest_FailsClosed(method: &quot;GET&quot;, path: &quot;/api/ingress/v1/frame&quot;, query: &quot;&quot;, version: &quot;2.0&quot;, contentType: &quot;application/vnd.xpoint.deep.ingress-opaque-v1&quot;, accept: &quot;application/vnd.xpoint.deep.ingress-opaque-v1&quot;)" computerName="SURFACE-LT" duration="00:00:00.0000078" startTime="2026-07-19T05:40:33.6713672+05:00" endTime="2026-07-19T05:40:33.6714000+05:00" testType="13cdc9d9-ddb5-4fa4-a97d-d965ccfc6d4b" outcome="Passed" testListId="8c84fa94-04c1-424b-9868-57a2d4851a1d" relativeResultsDirectory="23cffd75-017d-4d48-a307-0388b97464c7" />
    <UnitTestResult executionId="7b648ac8-8576-4e7e-bbde-9511d5c2aadb" testId="83db2fab-f9bc-03eb-f9db-6560a2b1098f" testName="Deep.Protocol.Tests.DeepExtension.ManagedIngress.ManagedIngressMalformedAndFuzzTests.Die1_MutationsFailClosed(offset: 12)" computerName="SURFACE-LT" duration="00:00:00.0000044" startTime="2026-07-19T05:40:33.6773639+05:00" endTime="2026-07-19T05:40:33.6773966+05:00" testType="13cdc9d9-ddb5-4fa4-a97d-d965ccfc6d4b" outcome="Passed" testListId="8c84fa94-04c1-424b-9868-57a2d4851a1d" relativeResultsDirectory="7b648ac8-8576-4e7e-bbde-9511d5c2aadb" />
    <UnitTestResult executionId="e1bf9dad-30dc-48d7-a648-e45bad1b2b48" testId="34f142df-6462-0665-dd67-0e3e92e83c03" testName="Deep.Protocol.Tests.DeepExtension.ManagedIngress.ManagedIngressContractTests.NonCanonicalFrameRequest_FailsClosed(method: &quot;POST&quot;, path: &quot;/api/ingress/v1/frame&quot;, query: &quot;&quot;, version: &quot;2.0&quot;, contentType: &quot;application/vnd.xpoint.deep.ingress-opaque-v1&quot;, accept: &quot;application/json&quot;)" computerName="SURFACE-LT" duration="00:00:00.0004280" startTime="2026-07-19T05:40:33.6712818+05:00" endTime="2026-07-19T05:40:33.6713150+05:00" testType="13cdc9d9-ddb5-4fa4-a97d-d965ccfc6d4b" outcome="Passed" testListId="8c84fa94-04c1-424b-9868-57a2d4851a1d" relativeResultsDirectory="e1bf9dad-30dc-48d7-a648-e45bad1b2b48" />
    <UnitTestResult executionId="6660e518-f8f2-4335-9849-26769cb478b9" testId="91e9248e-6987-b8e7-faf4-5f54e56b03bc" testName="Deep.Protocol.Tests.DeepExtension.ManagedIngress.ManagedIngressMalformedAndFuzzTests.RetryAfter_IsStrictlyBounded(seconds: 60)" computerName="SURFACE-LT" duration="00:00:00.0019235" startTime="2026-07-19T05:40:33.6760894+05:00" endTime="2026-07-19T05:40:33.6761218+05:00" testType="13cdc9d9-ddb5-4fa4-a97d-d965ccfc6d4b" outcome="Passed" testListId="8c84fa94-04c1-424b-9868-57a2d4851a1d" relativeResultsDirectory="6660e518-f8f2-4335-9849-26769cb478b9" />
    <UnitTestResult executionId="0c57327e-c346-4567-a2e5-16d6727d5076" testId="b38a926e-195a-f44f-5088-5476b80eade8" testName="Deep.Protocol.Tests.DeepExtension.ManagedIngress.ManagedIngressContractTests.Cancellation_IsClassifiedByForwardBoundary(forwardStarted: True, expected: OutcomeUnknown)" computerName="SURFACE-LT" duration="00:00:00.0001153" startTime="2026-07-19T05:40:33.6731116+05:00" endTime="2026-07-19T05:40:33.6731792+05:00" testType="13cdc9d9-ddb5-4fa4-a97d-d965ccfc6d4b" outcome="Passed" testListId="8c84fa94-04c1-424b-9868-57a2d4851a1d" relativeResultsDirectory="0c57327e-c346-4567-a2e5-16d6727d5076" />
    <UnitTestResult executionId="d779ec4a-9433-4663-99f4-51e8f9da72a7" testId="89c69b19-bbed-7a93-3d41-975ea35cf141" testName="Deep.Protocol.Tests.DeepExtension.ManagedIngress.ManagedIngressContractTests.NonCanonicalFrameRequest_FailsClosed(method: &quot;POST&quot;, path: &quot;/api/ingress/v1/frame&quot;, query: &quot;&quot;, version: &quot;1.1&quot;, contentType: &quot;application/vnd.xpoint.deep.ingress-opaque-v1&quot;, accept: &quot;application/vnd.xpoint.deep.ingress-opaque-v1&quot;)" computerName="SURFACE-LT" duration="00:00:00.0000041" startTime="2026-07-19T05:40:33.6728631+05:00" endTime="2026-07-19T05:40:33.6728943+05:00" testType="13cdc9d9-ddb5-4fa4-a97d-d965ccfc6d4b" outcome="Passed" testListId="8c84fa94-04c1-424b-9868-57a2d4851a1d" relativeResultsDirectory="d779ec4a-9433-4663-99f4-51e8f9da72a7" />
    <UnitTestResult executionId="cb490f92-d3fe-4c3e-8cf8-e0c53739e3b8" testId="3c65fcdf-d833-6b01-5589-c30b9bb467f8" testName="Deep.Protocol.Tests.DeepExtension.ManagedIngress.ManagedIngressMalformedAndFuzzTests.Die1_MutationsFailClosed(offset: 6)" computerName="SURFACE-LT" duration="00:00:00.0000040" startTime="2026-07-19T05:40:33.6775488+05:00" endTime="2026-07-19T05:40:33.6775817+05:00" testType="13cdc9d9-ddb5-4fa4-a97d-d965ccfc6d4b" outcome="Passed" testListId="8c84fa94-04c1-424b-9868-57a2d4851a1d" relativeResultsDirectory="cb490f92-d3fe-4c3e-8cf8-e0c53739e3b8" />
    <UnitTestResult executionId="5a14d7b7-ebfa-4428-9bed-c924d064d60f" testId="f2eff9a2-3a96-cf68-f751-b6ad5bd95bef" testName="Deep.Protocol.Tests.DeepExtension.ManagedIngress.ManagedIngressContractTests.StableOrReflectiveHeaders_AreForbidden(name: &quot;tracestate&quot;)" computerName="SURFACE-LT" duration="00:00:00.0000994" startTime="2026-07-19T05:40:33.6789139+05:00" endTime="2026-07-19T05:40:33.6789469+05:00" testType="13cdc9d9-ddb5-4fa4-a97d-d965ccfc6d4b" outcome="Passed" testListId="8c84fa94-04c1-424b-9868-57a2d4851a1d" relativeResultsDirectory="5a14d7b7-ebfa-4428-9bed-c924d064d60f" />
  </Results>
  <TestDefinitions>
    <UnitTest name="Deep.Protocol.Tests.DeepExtension.ManagedIngress.ManagedIngressContractTests.ContractConstants_AreExactAndTransportOnly" storage="c:\w\deep-survival\wave02\deep-protocol-p10b-v2\tests\deep.protocol.tests\bin\release\net10.0\deep.protocol.tests.dll" id="fc8a4cb7-a917-6ada-d07d-9e7482c121a9">
      <Execution id="999e7603-cc5a-4e43-9b84-e7cdf759bd6d" />
      <TestMethod codeBase="C:\W\deep-survival\wave02\deep-protocol-p10b-v2\tests\Deep.Protocol.Tests\bin\Release\net10.0\Deep.Protocol.Tests.dll" adapterTypeName="executor://xunit/VsTestRunner3/netcore/" className="Deep.Protocol.Tests.DeepExtension.ManagedIngress.ManagedIngressContractTests" name="ContractConstants_AreExactAndTransportOnly" />
    </UnitTest>
    <UnitTest name="Deep.Protocol.Tests.DeepExtension.ManagedIngress.ManagedIngressContractTests.OpaqueFrame_OutOfBoundsFailsBeforeCopy(length: 0)" storage="c:\w\deep-survival\wave02\deep-protocol-p10b-v2\tests\deep.protocol.tests\bin\release\net10.0\deep.protocol.tests.dll" id="089c3623-def9-0282-dddc-df5f16a57523">
      <Execution id="904709b1-fa85-4726-ab4f-85685d820442" />
      <TestMethod codeBase="C:\W\deep-survival\wave02\deep-protocol-p10b-v2\tests\Deep.Protocol.Tests\bin\Release\net10.0\Deep.Protocol.Tests.dll" adapterTypeName="executor://xunit/VsTestRunner3/netcore/" className="Deep.Protocol.Tests.DeepExtension.ManagedIngress.ManagedIngressContractTests" name="OpaqueFrame_OutOfBoundsFailsBeforeCopy" />
    </UnitTest>
    <UnitTest name="Deep.Protocol.Tests.DeepExtension.ManagedIngress.ManagedIngressContractTests.StableOrReflectiveHeaders_AreForbidden(name: &quot;x-request-id&quot;)" storage="c:\w\deep-survival\wave02\deep-protocol-p10b-v2\tests\deep.protocol.tests\bin\release\net10.0\deep.protocol.tests.dll" id="4c372394-057c-23ed-8e22-35902c921b9d">
      <Execution id="b93f2b60-0b6c-4106-8398-6a8829bfb541" />
      <TestMethod codeBase="C:\W\deep-survival\wave02\deep-protocol-p10b-v2\tests\Deep.Protocol.Tests\bin\Release\net10.0\Deep.Protocol.Tests.dll" adapterTypeName="executor://xunit/VsTestRunner3/netcore/" className="Deep.Protocol.Tests.DeepExtension.ManagedIngress.ManagedIngressContractTests" name="StableOrReflectiveHeaders_AreForbidden" />
    </UnitTest>
    <UnitTest name="Deep.Protocol.Tests.DeepExtension.ManagedIngress.ManagedIngressMalformedAndFuzzTests.HttpErrorMapping_IsExact(status: 415, errorClass: UnsupportedMediaType, certainty: BeforeForward)" storage="c:\w\deep-survival\wave02\deep-protocol-p10b-v2\tests\deep.protocol.tests\bin\release\net10.0\deep.protocol.tests.dll" id="ae02643e-f85d-94a7-aa7e-08ec48fe5063">
      <Execution id="da6deea4-a98a-4059-969c-8cd352c6fc28" />
      <TestMethod codeBase="C:\W\deep-survival\wave02\deep-protocol-p10b-v2\tests\Deep.Protocol.Tests\bin\Release\net10.0\Deep.Protocol.Tests.dll" adapterTypeName="executor://xunit/VsTestRunner3/netcore/" className="Deep.Protocol.Tests.DeepExtension.ManagedIngress.ManagedIngressMalformedAndFuzzTests" name="HttpErrorMapping_IsExact" />
    </UnitTest>
    <UnitTest name="Deep.Protocol.Tests.DeepExtension.ManagedIngress.ManagedIngressContractTests.MaximumSelectedThreeHopOnionProducerProfile_FitsOuterBound" storage="c:\w\deep-survival\wave02\deep-protocol-p10b-v2\tests\deep.protocol.tests\bin\release\net10.0\deep.protocol.tests.dll" id="c77002d8-532d-4152-aa5e-a7a974c537ca">
      <Execution id="e348690f-7331-4b1b-9880-ac73497d17c8" />
      <TestMethod codeBase="C:\W\deep-survival\wave02\deep-protocol-p10b-v2\tests\Deep.Protocol.Tests\bin\Release\net10.0\Deep.Protocol.Tests.dll" adapterTypeName="executor://xunit/VsTestRunner3/netcore/" className="Deep.Protocol.Tests.DeepExtension.ManagedIngress.ManagedIngressContractTests" name="MaximumSelectedThreeHopOnionProducerProfile_FitsOuterBound" />
    </UnitTest>
    <UnitTest name="Deep.Protocol.Tests.DeepExtension.ManagedIngress.ManagedIngressContractTests.MandatoryPseudoAndMediaHeaders_AreCountedAndCannotBeDuplicated" storage="c:\w\deep-survival\wave02\deep-protocol-p10b-v2\tests\deep.protocol.tests\bin\release\net10.0\deep.protocol.tests.dll" id="04996104-baba-19c5-2036-7c151e9e5796">
      <Execution id="65dac6f3-8030-4347-9225-a2caf7777bcd" />
      <TestMethod codeBase="C:\W\deep-survival\wave02\deep-protocol-p10b-v2\tests\Deep.Protocol.Tests\bin\Release\net10.0\Deep.Protocol.Tests.dll" adapterTypeName="executor://xunit/VsTestRunner3/netcore/" className="Deep.Protocol.Tests.DeepExtension.ManagedIngress.ManagedIngressContractTests" name="MandatoryPseudoAndMediaHeaders_AreCountedAndCannotBeDuplicated" />
    </UnitTest>
    <UnitTest name="Deep.Protocol.Tests.DeepExtension.ManagedIngress.ManagedIngressContractTests.CapabilityEndpoint_HasExactRequestAndResponseContract" storage="c:\w\deep-survival\wave02\deep-protocol-p10b-v2\tests\deep.protocol.tests\bin\release\net10.0\deep.protocol.tests.dll" id="995f8728-e662-463a-74e2-fb61a808600b">
      <Execution id="5d5b909a-81c8-4963-a980-5d5a388f0262" />
      <TestMethod codeBase="C:\W\deep-survival\wave02\deep-protocol-p10b-v2\tests\Deep.Protocol.Tests\bin\Release\net10.0\Deep.Protocol.Tests.dll" adapterTypeName="executor://xunit/VsTestRunner3/netcore/" className="Deep.Protocol.Tests.DeepExtension.ManagedIngress.ManagedIngressContractTests" name="CapabilityEndpoint_HasExactRequestAndResponseContract" />
    </UnitTest>
    <UnitTest name="Deep.Protocol.Tests.DeepExtension.ManagedIngress.ManagedIngressMalformedAndFuzzTests.HttpErrorMapping_IsExact(status: 425, errorClass: EarlyDataRejected, certainty: BeforeForward)" storage="c:\w\deep-survival\wave02\deep-protocol-p10b-v2\tests\deep.protocol.tests\bin\release\net10.0\deep.protocol.tests.dll" id="c8006a5a-0fa1-16dd-72d1-731e9439c1f7">
      <Execution id="c5350925-50f5-4fb2-ac1c-d12bd6547c17" />
      <TestMethod codeBase="C:\W\deep-survival\wave02\deep-protocol-p10b-v2\tests\Deep.Protocol.Tests\bin\Release\net10.0\Deep.Protocol.Tests.dll" adapterTypeName="executor://xunit/VsTestRunner3/netcore/" className="Deep.Protocol.Tests.DeepExtension.ManagedIngress.ManagedIngressMalformedAndFuzzTests" name="HttpErrorMapping_IsExact" />
    </UnitTest>
    <UnitTest name="Deep.Protocol.Tests.DeepExtension.ManagedIngress.ManagedIngressContractTests.NonCanonicalFrameRequest_FailsClosed(method: &quot;POST&quot;, path: &quot;/api/ingress/v1/frame&quot;, query: &quot;&quot;, version: &quot;2.0&quot;, contentType: &quot;application/vnd.xpoint.deep.ingress-opaque-v1&quot;, accept: &quot;application/json&quot;)" storage="c:\w\deep-survival\wave02\deep-protocol-p10b-v2\tests\deep.protocol.tests\bin\release\net10.0\deep.protocol.tests.dll" id="34f142df-6462-0665-dd67-0e3e92e83c03">
      <Execution id="e1bf9dad-30dc-48d7-a648-e45bad1b2b48" />
      <TestMethod codeBase="C:\W\deep-survival\wave02\deep-protocol-p10b-v2\tests\Deep.Protocol.Tests\bin\Release\net10.0\Deep.Protocol.Tests.dll" adapterTypeName="executor://xunit/VsTestRunner3/netcore/" className="Deep.Protocol.Tests.DeepExtension.ManagedIngress.ManagedIngressContractTests" name="NonCanonicalFrameRequest_FailsClosed" />
    </UnitTest>
    <UnitTest name="Deep.Protocol.Tests.DeepExtension.ManagedIngress.ManagedIngressMalformedAndFuzzTests.HttpErrorMapping_IsExact(status: 406, errorClass: UnsupportedResponseType, certainty: BeforeForward)" storage="c:\w\deep-survival\wave02\deep-protocol-p10b-v2\tests\deep.protocol.tests\bin\release\net10.0\deep.protocol.tests.dll" id="f97f25e7-29a7-f9d4-b0e8-06db5f1ae61a">
      <Execution id="7ce0aad9-6bf4-4afe-837d-0ce0452acc85" />
      <TestMethod codeBase="C:\W\deep-survival\wave02\deep-protocol-p10b-v2\tests\Deep.Protocol.Tests\bin\Release\net10.0\Deep.Protocol.Tests.dll" adapterTypeName="executor://xunit/VsTestRunner3/netcore/" className="Deep.Protocol.Tests.DeepExtension.ManagedIngress.ManagedIngressMalformedAndFuzzTests" name="HttpErrorMapping_IsExact" />
    </UnitTest>
    <UnitTest name="Deep.Protocol.Tests.DeepExtension.ManagedIngress.ManagedIngressContractTests.OpaqueFrame_OutOfBoundsFailsBeforeCopy(length: 63)" storage="c:\w\deep-survival\wave02\deep-protocol-p10b-v2\tests\deep.protocol.tests\bin\release\net10.0\deep.protocol.tests.dll" id="9943195c-4f7b-6eb6-b652-c8e75015a169">
      <Execution id="12c64005-c569-40fc-8cf3-5c90561ca00e" />
      <TestMethod codeBase="C:\W\deep-survival\wave02\deep-protocol-p10b-v2\tests\Deep.Protocol.Tests\bin\Release\net10.0\Deep.Protocol.Tests.dll" adapterTypeName="executor://xunit/VsTestRunner3/netcore/" className="Deep.Protocol.Tests.DeepExtension.ManagedIngress.ManagedIngressContractTests" name="OpaqueFrame_OutOfBoundsFailsBeforeCopy" />
    </UnitTest>
    <UnitTest name="Deep.Protocol.Tests.DeepExtension.ManagedIngress.ManagedIngressContractTests.StableOrReflectiveHeaders_AreForbidden(name: &quot;content-encoding&quot;)" storage="c:\w\deep-survival\wave02\deep-protocol-p10b-v2\tests\deep.protocol.tests\bin\release\net10.0\deep.protocol.tests.dll" id="5939002e-2c77-b93c-1a57-5983f2798e04">
      <Execution id="6bb00c3f-b408-403e-8e7e-d1a352dcc4d0" />
      <TestMethod codeBase="C:\W\deep-survival\wave02\deep-protocol-p10b-v2\tests\Deep.Protocol.Tests\bin\Release\net10.0\Deep.Protocol.Tests.dll" adapterTypeName="executor://xunit/VsTestRunner3/netcore/" className="Deep.Protocol.Tests.DeepExtension.ManagedIngress.ManagedIngressContractTests" name="StableOrReflectiveHeaders_AreForbidden" />
    </UnitTest>
    <UnitTest name="Deep.Protocol.Tests.DeepExtension.ManagedIngress.ManagedIngressMalformedAndFuzzTests.HttpErrorMapping_IsExact(status: 413, errorClass: FrameTooLarge, certainty: BeforeForward)" storage="c:\w\deep-survival\wave02\deep-protocol-p10b-v2\tests\deep.protocol.tests\bin\release\net10.0\deep.protocol.tests.dll" id="4312b97e-32f2-71ee-5e19-5d84c84807b8">
      <Execution id="91b024f6-cac3-45a9-a36a-76ce1f1fc175" />
      <TestMethod codeBase="C:\W\deep-survival\wave02\deep-protocol-p10b-v2\tests\Deep.Protocol.Tests\bin\Release\net10.0\Deep.Protocol.Tests.dll" adapterTypeName="executor://xunit/VsTestRunner3/netcore/" className="Deep.Protocol.Tests.DeepExtension.ManagedIngress.ManagedIngressMalformedAndFuzzTests" name="HttpErrorMapping_IsExact" />
    </UnitTest>
    <UnitTest name="Deep.Protocol.Tests.DeepExtension.ManagedIngress.ManagedIngressMalformedAndFuzzTests.Die1_MutationsFailClosed(offset: 4)" storage="c:\w\deep-survival\wave02\deep-protocol-p10b-v2\tests\deep.protocol.tests\bin\release\net10.0\deep.protocol.tests.dll" id="e0271cdb-9db0-87d5-9b71-e7f39b766482">
      <Execution id="ee368a52-a834-4148-87de-d7150b8ab38b" />
      <TestMethod codeBase="C:\W\deep-survival\wave02\deep-protocol-p10b-v2\tests\Deep.Protocol.Tests\bin\Release\net10.0\Deep.Protocol.Tests.dll" adapterTypeName="executor://xunit/VsTestRunner3/netcore/" className="Deep.Protocol.Tests.DeepExtension.ManagedIngress.ManagedIngressMalformedAndFuzzTests" name="Die1_MutationsFailClosed" />
    </UnitTest>
    <UnitTest name="Deep.Protocol.Tests.DeepExtension.ManagedIngress.ManagedIngressMalformedAndFuzzTests.CrossMappedStatusAndFrame_Fails" storage="c:\w\deep-survival\wave02\deep-protocol-p10b-v2\tests\deep.protocol.tests\bin\release\net10.0\deep.protocol.tests.dll" id="15a465b8-27d8-664d-159a-a7cb639d0b9a">
      <Execution id="d0e425ac-5968-4635-8930-ed66cb8f5f45" />
      <TestMethod codeBase="C:\W\deep-survival\wave02\deep-protocol-p10b-v2\tests\Deep.Protocol.Tests\bin\Release\net10.0\Deep.Protocol.Tests.dll" adapterTypeName="executor://xunit/VsTestRunner3/netcore/" className="Deep.Protocol.Tests.DeepExtension.ManagedIngress.ManagedIngressMalformedAndFuzzTests" name="CrossMappedStatusAndFrame_Fails" />
    </UnitTest>
    <UnitTest name="Deep.Protocol.Tests.DeepExtension.ManagedIngress.ManagedIngressContractTests.CapabilityDocument_RoundTripsCanonicalBoundedJson" storage="c:\w\deep-survival\wave02\deep-protocol-p10b-v2\tests\deep.protocol.tests\bin\release\net10.0\deep.protocol.tests.dll" id="2a29aa05-1e73-52dc-3683-442b57867d4a">
      <Execution id="21658b07-e7e1-4d16-9d63-2a0ef9c2caad" />
      <TestMethod codeBase="C:\W\deep-survival\wave02\deep-protocol-p10b-v2\tests\Deep.Protocol.Tests\bin\Release\net10.0\Deep.Protocol.Tests.dll" adapterTypeName="executor://xunit/VsTestRunner3/netcore/" className="Deep.Protocol.Tests.DeepExtension.ManagedIngress.ManagedIngressContractTests" name="CapabilityDocument_RoundTripsCanonicalBoundedJson" />
    </UnitTest>
    <UnitTest name="Deep.Protocol.Tests.DeepExtension.ManagedIngress.ManagedIngressContractTests.StableOrReflectiveHeaders_AreForbidden(name: &quot;x-correlation-id&quot;)" storage="c:\w\deep-survival\wave02\deep-protocol-p10b-v2\tests\deep.protocol.tests\bin\release\net10.0\deep.protocol.tests.dll" id="c569eda1-825e-c8c4-52c4-a1c760b137fc">
      <Execution id="70a1d19e-4a68-4228-b51d-f2786e2e514a" />
      <TestMethod codeBase="C:\W\deep-survival\wave02\deep-protocol-p10b-v2\tests\Deep.Protocol.Tests\bin\Release\net10.0\Deep.Protocol.Tests.dll" adapterTypeName="executor://xunit/VsTestRunner3/netcore/" className="Deep.Protocol.Tests.DeepExtension.ManagedIngress.ManagedIngressContractTests" name="StableOrReflectiveHeaders_AreForbidden" />
    </UnitTest>
    <UnitTest name="Deep.Protocol.Tests.DeepExtension.ManagedIngress.ManagedIngressContractTests.PrivacyBearingAndInvalidH2Headers_AreRejected(name: &quot;transfer-encoding&quot;)" storage="c:\w\deep-survival\wave02\deep-protocol-p10b-v2\tests\deep.protocol.tests\bin\release\net10.0\deep.protocol.tests.dll" id="7998a562-14bb-071e-ba9e-0b449fc03624">
      <Execution id="8166590a-ff12-4dae-b0f3-cf9cdc22eded" />
      <TestMethod codeBase="C:\W\deep-survival\wave02\deep-protocol-p10b-v2\tests\Deep.Protocol.Tests\bin\Release\net10.0\Deep.Protocol.Tests.dll" adapterTypeName="executor://xunit/VsTestRunner3/netcore/" className="Deep.Protocol.Tests.DeepExtension.ManagedIngress.ManagedIngressContractTests" name="PrivacyBearingAndInvalidH2Headers_AreRejected" />
    </UnitTest>
    <UnitTest name="Deep.Protocol.Tests.DeepExtension.ManagedIngress.ManagedIngressContractTests.HeaderList_UsesRfc9113DecodedFormula" storage="c:\w\deep-survival\wave02\deep-protocol-p10b-v2\tests\deep.protocol.tests\bin\release\net10.0\deep.protocol.tests.dll" id="2820b112-9286-d522-e59f-aed41396d1d5">
      <Execution id="07fa6f70-1808-4395-8590-ba161dfc4383" />
      <TestMethod codeBase="C:\W\deep-survival\wave02\deep-protocol-p10b-v2\tests\Deep.Protocol.Tests\bin\Release\net10.0\Deep.Protocol.Tests.dll" adapterTypeName="executor://xunit/VsTestRunner3/netcore/" className="Deep.Protocol.Tests.DeepExtension.ManagedIngress.ManagedIngressContractTests" name="HeaderList_UsesRfc9113DecodedFormula" />
    </UnitTest>
    <UnitTest name="Deep.Protocol.Tests.DeepExtension.ManagedIngress.ManagedIngressMalformedAndFuzzTests.Die1_WrongLengthFailsClosed(length: 1)" storage="c:\w\deep-survival\wave02\deep-protocol-p10b-v2\tests\deep.protocol.tests\bin\release\net10.0\deep.protocol.tests.dll" id="6b3bb61d-1803-d0ce-25de-d185341fa211">
      <Execution id="e0870465-01bf-4d3b-b756-77aad623a5e9" />
      <TestMethod codeBase="C:\W\deep-survival\wave02\deep-protocol-p10b-v2\tests\Deep.Protocol.Tests\bin\Release\net10.0\Deep.Protocol.Tests.dll" adapterTypeName="executor://xunit/VsTestRunner3/netcore/" className="Deep.Protocol.Tests.DeepExtension.ManagedIngress.ManagedIngressMalformedAndFuzzTests" name="Die1_WrongLengthFailsClosed" />
    </UnitTest>
    <UnitTest name="Deep.Protocol.Tests.DeepExtension.ManagedIngress.ManagedIngressContractTests.InnerLookingBytes_RemainOpaqueAndUninterpreted(prefix: &quot;MRR1&quot;)" storage="c:\w\deep-survival\wave02\deep-protocol-p10b-v2\tests\deep.protocol.tests\bin\release\net10.0\deep.protocol.tests.dll" id="f822b3fd-f1a9-e22d-a615-074c0d9e95f0">
      <Execution id="76106124-7304-4287-aea6-14f976ee1628" />
      <TestMethod codeBase="C:\W\deep-survival\wave02\deep-protocol-p10b-v2\tests\Deep.Protocol.Tests\bin\Release\net10.0\Deep.Protocol.Tests.dll" adapterTypeName="executor://xunit/VsTestRunner3/netcore/" className="Deep.Protocol.Tests.DeepExtension.ManagedIngress.ManagedIngressContractTests" name="InnerLookingBytes_RemainOpaqueAndUninterpreted" />
    </UnitTest>
    <UnitTest name="Deep.Protocol.Tests.DeepExtension.ManagedIngress.ManagedIngressContractTests.RetryAfterHeader_MustExactlyMatchCanonicalDie1(status: 429)" storage="c:\w\deep-survival\wave02\deep-protocol-p10b-v2\tests\deep.protocol.tests\bin\release\net10.0\deep.protocol.tests.dll" id="e5c77de1-1ac9-9c3c-a126-04f7eb942bb6">
      <Execution id="dab0f723-0e54-4e45-a6d6-1d630254c290" />
      <TestMethod codeBase="C:\W\deep-survival\wave02\deep-protocol-p10b-v2\tests\Deep.Protocol.Tests\bin\Release\net10.0\Deep.Protocol.Tests.dll" adapterTypeName="executor://xunit/VsTestRunner3/netcore/" className="Deep.Protocol.Tests.DeepExtension.ManagedIngress.ManagedIngressContractTests" name="RetryAfterHeader_MustExactlyMatchCanonicalDie1" />
    </UnitTest>
    <UnitTest name="Deep.Protocol.Tests.DeepExtension.ManagedIngress.ManagedIngressContractTests.StableOrReflectiveHeaders_AreForbidden(name: &quot;cookie&quot;)" storage="c:\w\deep-survival\wave02\deep-protocol-p10b-v2\tests\deep.protocol.tests\bin\release\net10.0\deep.protocol.tests.dll" id="0f41cfa5-7b8d-affc-9a27-4115dae681be">
      <Execution id="96617e7e-4cd7-45a2-841d-4e71c2fed9eb" />
      <TestMethod codeBase="C:\W\deep-survival\wave02\deep-protocol-p10b-v2\tests\Deep.Protocol.Tests\bin\Release\net10.0\Deep.Protocol.Tests.dll" adapterTypeName="executor://xunit/VsTestRunner3/netcore/" className="Deep.Protocol.Tests.DeepExtension.ManagedIngress.ManagedIngressContractTests" name="StableOrReflectiveHeaders_AreForbidden" />
    </UnitTest>
    <UnitTest name="Deep.Protocol.Tests.DeepExtension.ManagedIngress.ManagedIngressMalformedAndFuzzTests.Die1_WrongLengthFailsClosed(length: 0)" storage="c:\w\deep-survival\wave02\deep-protocol-p10b-v2\tests\deep.protocol.tests\bin\release\net10.0\deep.protocol.tests.dll" id="95b33fae-dd8a-27c5-6377-636aecab21e2">
      <Execution id="ae89e0b8-c763-4c6a-8ad8-8e4af624edd0" />
      <TestMethod codeBase="C:\W\deep-survival\wave02\deep-protocol-p10b-v2\tests\Deep.Protocol.Tests\bin\Release\net10.0\Deep.Protocol.Tests.dll" adapterTypeName="executor://xunit/VsTestRunner3/netcore/" className="Deep.Protocol.Tests.DeepExtension.ManagedIngress.ManagedIngressMalformedAndFuzzTests" name="Die1_WrongLengthFailsClosed" />
    </UnitTest>
    <UnitTest name="Deep.Protocol.Tests.DeepExtension.ManagedIngress.ManagedIngressContractTests.PrivacyBearingAndInvalidH2Headers_AreRejected(name: &quot;x-attempt-id&quot;)" storage="c:\w\deep-survival\wave02\deep-protocol-p10b-v2\tests\deep.protocol.tests\bin\release\net10.0\deep.protocol.tests.dll" id="9573aeee-74fc-2d1e-0130-63549e220275">
      <Execution id="b92289c4-b832-4d19-a859-20c0411c334c" />
      <TestMethod codeBase="C:\W\deep-survival\wave02\deep-protocol-p10b-v2\tests\Deep.Protocol.Tests\bin\Release\net10.0\Deep.Protocol.Tests.dll" adapterTypeName="executor://xunit/VsTestRunner3/netcore/" className="Deep.Protocol.Tests.DeepExtension.ManagedIngress.ManagedIngressContractTests" name="PrivacyBearingAndInvalidH2Headers_AreRejected" />
    </UnitTest>
    <UnitTest name="Deep.Protocol.Tests.DeepExtension.ManagedIngress.ManagedIngressContractTests.ProductionSurface_HasNoInnerCodecTypes" storage="c:\w\deep-survival\wave02\deep-protocol-p10b-v2\tests\deep.protocol.tests\bin\release\net10.0\deep.protocol.tests.dll" id="22190809-9ed1-d917-2cd6-9b6f886a84e9">
      <Execution id="73028c40-6019-48fe-9fdd-bdcd93de5876" />
      <TestMethod codeBase="C:\W\deep-survival\wave02\deep-protocol-p10b-v2\tests\Deep.Protocol.Tests\bin\Release\net10.0\Deep.Protocol.Tests.dll" adapterTypeName="executor://xunit/VsTestRunner3/netcore/" className="Deep.Protocol.Tests.DeepExtension.ManagedIngress.ManagedIngressContractTests" name="ProductionSurface_HasNoInnerCodecTypes" />
    </UnitTest>
    <UnitTest name="Deep.Protocol.Tests.DeepExtension.ManagedIngress.ManagedIngressContractTests.OuterSuccess_NeverCreatesMailboxAuthority(statusCode: 301, expected: OutcomeUnknown)" storage="c:\w\deep-survival\wave02\deep-protocol-p10b-v2\tests\deep.protocol.tests\bin\release\net10.0\deep.protocol.tests.dll" id="d367c58a-08a2-a477-5632-54853de1dd1d">
      <Execution id="4188aab6-a326-403b-a77d-ca80d70cf459" />
[...]
    </UnitTest>
    <UnitTest name="Deep.Protocol.Tests.DeepExtension.ManagedIngress.ManagedIngressContractTests.StableOrReflectiveHeaders_AreForbidden(name: &quot;tracestate&quot;)" storage="c:\w\deep-survival\wave02\deep-protocol-p10b-v2\tests\deep.protocol.tests\bin\release\net10.0\deep.protocol.tests.dll" id="f2eff9a2-3a96-cf68-f751-b6ad5bd95bef">
      <Execution id="5a14d7b7-ebfa-4428-9bed-c924d064d60f" />
      <TestMethod codeBase="C:\W\deep-survival\wave02\deep-protocol-p10b-v2\tests\Deep.Protocol.Tests\bin\Release\net10.0\Deep.Protocol.Tests.dll" adapterTypeName="executor://xunit/VsTestRunner3/netcore/" className="Deep.Protocol.Tests.DeepExtension.ManagedIngress.ManagedIngressContractTests" name="StableOrReflectiveHeaders_AreForbidden" />
    </UnitTest>
    <UnitTest name="Deep.Protocol.Tests.DeepExtension.ManagedIngress.ManagedIngressMalformedAndFuzzTests.HttpErrorMapping_IsExact(status: 503, errorClass: Unavailable, certainty: BeforeForward)" storage="c:\w\deep-survival\wave02\deep-protocol-p10b-v2\tests\deep.protocol.tests\bin\release\net10.0\deep.protocol.tests.dll" id="4e40a4f7-5384-298f-9464-5543569023ef">
      <Execution id="2c8d4b07-c7ea-4fb8-976d-1d0376502304" />
      <TestMethod codeBase="C:\W\deep-survival\wave02\deep-protocol-p10b-v2\tests\Deep.Protocol.Tests\bin\Release\net10.0\Deep.Protocol.Tests.dll" adapterTypeName="executor://xunit/VsTestRunner3/netcore/" className="Deep.Protocol.Tests.DeepExtension.ManagedIngress.ManagedIngressMalformedAndFuzzTests" name="HttpErrorMapping_IsExact" />
    </UnitTest>
    <UnitTest name="Deep.Protocol.Tests.DeepExtension.ManagedIngress.ManagedIngressMalformedAndFuzzTests.Die1_WrongLengthFailsClosed(length: 65)" storage="c:\w\deep-survival\wave02\deep-protocol-p10b-v2\tests\deep.protocol.tests\bin\release\net10.0\deep.protocol.tests.dll" id="62837555-9b9c-54d5-8d34-e8269fde0dfa">
      <Execution id="dd97264c-e258-440b-b627-ce9f3cc810d8" />
      <TestMethod codeBase="C:\W\deep-survival\wave02\deep-protocol-p10b-v2\tests\Deep.Protocol.Tests\bin\Release\net10.0\Deep.Protocol.Tests.dll" adapterTypeName="executor://xunit/VsTestRunner3/netcore/" className="Deep.Protocol.Tests.DeepExtension.ManagedIngress.ManagedIngressMalformedAndFuzzTests" name="Die1_WrongLengthFailsClosed" />
    </UnitTest>
    <UnitTest name="Deep.Protocol.Tests.DeepExtension.ManagedIngress.ManagedIngressContractTests.PrivacyBearingAndInvalidH2Headers_AreRejected(name: &quot;x-wallet&quot;)" storage="c:\w\deep-survival\wave02\deep-protocol-p10b-v2\tests\deep.protocol.tests\bin\release\net10.0\deep.protocol.tests.dll" id="a110ca99-714e-2c25-70b5-926958dfec19">
      <Execution id="c466977a-8b7e-4945-b6cf-35418a389d71" />
      <TestMethod codeBase="C:\W\deep-survival\wave02\deep-protocol-p10b-v2\tests\Deep.Protocol.Tests\bin\Release\net10.0\Deep.Protocol.Tests.dll" adapterTypeName="executor://xunit/VsTestRunner3/netcore/" className="Deep.Protocol.Tests.DeepExtension.ManagedIngress.ManagedIngressContractTests" name="PrivacyBearingAndInvalidH2Headers_AreRejected" />
    </UnitTest>
  </TestDefinitions>
  <TestEntries>
    <TestEntry testId="99505820-d076-abc2-6a7a-879d9cd69791" executionId="d07c85f7-3830-48a9-9237-d56205a9e350" testListId="8c84fa94-04c1-424b-9868-57a2d4851a1d" />
    <TestEntry testId="0f41cfa5-7b8d-affc-9a27-4115dae681be" executionId="96617e7e-4cd7-45a2-841d-4e71c2fed9eb" testListId="8c84fa94-04c1-424b-9868-57a2d4851a1d" />
    <TestEntry testId="626181bc-09f9-e5fa-d5f3-7bca4dd34f5b" executionId="a8232853-2c84-4cf7-8238-7fcf684b7b66" testListId="8c84fa94-04c1-424b-9868-57a2d4851a1d" />
    <TestEntry testId="ef58f2f5-f7eb-d45c-c4ff-e6e6f7efec2a" executionId="c118afc0-6dc9-4b6d-b307-d2bd212c5c58" testListId="8c84fa94-04c1-424b-9868-57a2d4851a1d" />
    <TestEntry testId="ee222fc1-f6ce-42a3-c445-d57198645e3d" executionId="2532fd37-d548-4d48-8b88-0330615d839e" testListId="8c84fa94-04c1-424b-9868-57a2d4851a1d" />
    <TestEntry testId="5939002e-2c77-b93c-1a57-5983f2798e04" executionId="6bb00c3f-b408-403e-8e7e-d1a352dcc4d0" testListId="8c84fa94-04c1-424b-9868-57a2d4851a1d" />
    <TestEntry testId="2a29aa05-1e73-52dc-3683-442b57867d4a" executionId="21658b07-e7e1-4d16-9d63-2a0ef9c2caad" testListId="8c84fa94-04c1-424b-9868-57a2d4851a1d" />
    <TestEntry testId="b83738e7-223c-1470-03e0-800d05aa5161" executionId="6553c43e-63c3-4426-a242-35aedf26f00d" testListId="8c84fa94-04c1-424b-9868-57a2d4851a1d" />
    <TestEntry testId="f286d22b-b3f4-39f0-7280-5fde1f30e505" executionId="1dc67ea2-d6c7-4ebb-917d-6be31df5e20c" testListId="8c84fa94-04c1-424b-9868-57a2d4851a1d" />
    <TestEntry testId="3e323d6a-94b1-b188-38ba-86e4aeb78c84" executionId="91a7d22b-f820-462a-b537-947705bf4327" testListId="8c84fa94-04c1-424b-9868-57a2d4851a1d" />
    <TestEntry testId="e041d933-1e4a-279f-4a1d-bc48cbd90e64" executionId="1179cfa8-1bd0-48db-8f00-a9a2abaa56b5" testListId="8c84fa94-04c1-424b-9868-57a2d4851a1d" />
    <TestEntry testId="a88732b7-2590-0e9e-ee95-5a109ef662b8" executionId="b21b3875-8e06-48a2-b193-c4413784429e" testListId="8c84fa94-04c1-424b-9868-57a2d4851a1d" />
    <TestEntry testId="af3d5a5f-34c1-7a7d-9776-5aaa9cc11779" executionId="3725f89a-b45d-4bb5-9c0c-7ee8c5f90eb1" testListId="8c84fa94-04c1-424b-9868-57a2d4851a1d" />
    <TestEntry testId="e5c77de1-1ac9-9c3c-a126-04f7eb942bb6" executionId="dab0f723-0e54-4e45-a6d6-1d630254c290" testListId="8c84fa94-04c1-424b-9868-57a2d4851a1d" />
    <TestEntry testId="6e5731f5-dd1d-84e3-e839-efb2857a0385" executionId="0a199464-1735-4aab-804e-f7a8674adf07" testListId="8c84fa94-04c1-424b-9868-57a2d4851a1d" />
    <TestEntry testId="f97f25e7-29a7-f9d4-b0e8-06db5f1ae61a" executionId="7ce0aad9-6bf4-4afe-837d-0ce0452acc85" testListId="8c84fa94-04c1-424b-9868-57a2d4851a1d" />
    <TestEntry testId="fc8a4cb7-a917-6ada-d07d-9e7482c121a9" executionId="999e7603-cc5a-4e43-9b84-e7cdf759bd6d" testListId="8c84fa94-04c1-424b-9868-57a2d4851a1d" />
    <TestEntry testId="58aadad9-cbe9-e566-bf3d-0a6f6cfc2bab" executionId="3d26de7f-ed90-473a-8151-d7fe3f687276" testListId="8c84fa94-04c1-424b-9868-57a2d4851a1d" />
    <TestEntry testId="22190809-9ed1-d917-2cd6-9b6f886a84e9" executionId="73028c40-6019-48fe-9fdd-bdcd93de5876" testListId="8c84fa94-04c1-424b-9868-57a2d4851a1d" />
    <TestEntry testId="5722ae9d-c6cc-c2a3-88a7-8bb96fc4c0c1" executionId="cd457afb-d55b-42df-ad06-50300cd2d492" testListId="8c84fa94-04c1-424b-9868-57a2d4851a1d" />
    <TestEntry testId="7998a562-14bb-071e-ba9e-0b449fc03624" executionId="8166590a-ff12-4dae-b0f3-cf9cdc22eded" testListId="8c84fa94-04c1-424b-9868-57a2d4851a1d" />
    <TestEntry testId="95b33fae-dd8a-27c5-6377-636aecab21e2" executionId="ae89e0b8-c763-4c6a-8ad8-8e4af624edd0" testListId="8c84fa94-04c1-424b-9868-57a2d4851a1d" />
    <TestEntry testId="ea5d22b2-f091-cbc5-20fd-313cc779e2db" executionId="8fed3188-0f9f-4071-8d76-fe8e9f3735a2" testListId="8c84fa94-04c1-424b-9868-57a2d4851a1d" />
    <TestEntry testId="13f804ba-5d22-7d08-e6eb-8f628999a80d" executionId="1d1fe275-7abe-4830-88e4-694befff2d12" testListId="8c84fa94-04c1-424b-9868-57a2d4851a1d" />
    <TestEntry testId="c569eda1-825e-c8c4-52c4-a1c760b137fc" executionId="70a1d19e-4a68-4228-b51d-f2786e2e514a" testListId="8c84fa94-04c1-424b-9868-57a2d4851a1d" />
    <TestEntry testId="f77654db-0c74-7c64-1598-300a86d9c52a" executionId="7e054990-c615-4753-aa2e-e6e22a0d2809" testListId="8c84fa94-04c1-424b-9868-57a2d4851a1d" />
    <TestEntry testId="995f8728-e662-463a-74e2-fb61a808600b" executionId="5d5b909a-81c8-4963-a980-5d5a388f0262" testListId="8c84fa94-04c1-424b-9868-57a2d4851a1d" />
    <TestEntry testId="62837555-9b9c-54d5-8d34-e8269fde0dfa" executionId="dd97264c-e258-440b-b627-ce9f3cc810d8" testListId="8c84fa94-04c1-424b-9868-57a2d4851a1d" />
    <TestEntry testId="2820b112-9286-d522-e59f-aed41396d1d5" executionId="07fa6f70-1808-4395-8590-ba161dfc4383" testListId="8c84fa94-04c1-424b-9868-57a2d4851a1d" />
    <TestEntry testId="fbf1f37f-2df9-2c7e-4956-27a0b7e36aa8" executionId="35aa68a6-4ffd-44c7-b661-1b8c692a7a25" testListId="8c84fa94-04c1-424b-9868-57a2d4851a1d" />
    <TestEntry testId="0bdb4425-1d0f-793c-4c32-6fb608593866" executionId="fd3acc44-a480-4fa3-846f-53fc917abcc7" testListId="8c84fa94-04c1-424b-9868-57a2d4851a1d" />
    <TestEntry testId="c8006a5a-0fa1-16dd-72d1-731e9439c1f7" executionId="c5350925-50f5-4fb2-ac1c-d12bd6547c17" testListId="8c84fa94-04c1-424b-9868-57a2d4851a1d" />
    <TestEntry testId="3ba5bb99-0993-a61c-04be-c239f172c985" executionId="7005f91e-cbc7-4bbe-8a8f-93c59d92106a" testListId="8c84fa94-04c1-424b-9868-57a2d4851a1d" />
    <TestEntry testId="1bc1857b-b587-3705-6d7c-486b68b9ca08" executionId="156a9547-ba84-417c-870a-dadfa0038db6" testListId="8c84fa94-04c1-424b-9868-57a2d4851a1d" />
    <TestEntry testId="4e40a4f7-5384-298f-9464-5543569023ef" executionId="2c8d4b07-c7ea-4fb8-976d-1d0376502304" testListId="8c84fa94-04c1-424b-9868-57a2d4851a1d" />
    <TestEntry testId="012ec680-4b02-8948-e40c-7f4acf233a15" executionId="40a96396-ec44-415d-9a17-0c919e496016" testListId="8c84fa94-04c1-424b-9868-57a2d4851a1d" />
    <TestEntry testId="3adddf06-9cc2-0920-833b-9d9e38e9da67" executionId="9d0fc7d7-45dd-4ce5-bf46-7bca235e616d" testListId="8c84fa94-04c1-424b-9868-57a2d4851a1d" />
    <TestEntry testId="ae02643e-f85d-94a7-aa7e-08ec48fe5063" executionId="da6deea4-a98a-4059-969c-8cd352c6fc28" testListId="8c84fa94-04c1-424b-9868-57a2d4851a1d" />
    <TestEntry testId="f7144c7c-138c-439a-72f4-3228238129e2" executionId="53e393cc-f7c0-4ef7-acf8-047b9c342852" testListId="8c84fa94-04c1-424b-9868-57a2d4851a1d" />
    <TestEntry testId="089c3623-def9-0282-dddc-df5f16a57523" executionId="904709b1-fa85-4726-ab4f-85685d820442" testListId="8c84fa94-04c1-424b-9868-57a2d4851a1d" />
    <TestEntry testId="f69f66b6-14ee-148c-6c2c-b93640f0f255" executionId="82fa541e-3712-4788-b809-59b5849dd045" testListId="8c84fa94-04c1-424b-9868-57a2d4851a1d" />
    <TestEntry testId="136b7e96-973f-1535-e37a-5e140dd71438" executionId="c8a68be8-8c97-4a34-875c-524d0e74b98c" testListId="8c84fa94-04c1-424b-9868-57a2d4851a1d" />
    <TestEntry testId="786ed452-3dba-0933-9cfd-1b92f6cbdabc" executionId="147f623c-e428-4129-bf37-417ea189b510" testListId="8c84fa94-04c1-424b-9868-57a2d4851a1d" />
    <TestEntry testId="611a5d32-f57d-86a1-0c88-b51e3309987e" executionId="9de454c1-65d3-43e6-b68a-58433c3248e1" testListId="8c84fa94-04c1-424b-9868-57a2d4851a1d" />
    <TestEntry testId="2401021e-526a-2682-ec09-d6caa72583af" executionId="86997328-04ff-4249-9a17-f3adf471435c" testListId="8c84fa94-04c1-424b-9868-57a2d4851a1d" />
    <TestEntry testId="4312b97e-32f2-71ee-5e19-5d84c84807b8" executionId="91b024f6-cac3-45a9-a36a-76ce1f1fc175" testListId="8c84fa94-04c1-424b-9868-57a2d4851a1d" />
    <TestEntry testId="30fdae3f-50af-821e-05f4-6f8bc026b9df" executionId="6d229378-4a1e-480e-ba85-0dde553b1c68" testListId="8c84fa94-04c1-424b-9868-57a2d4851a1d" />
    <TestEntry testId="4c8ed66c-b1a0-c426-d5c5-e2433351014f" executionId="073711a6-5279-462b-a74f-8b07601886bf" testListId="8c84fa94-04c1-424b-9868-57a2d4851a1d" />
    <TestEntry testId="debd3a83-3192-8ed8-ef58-bdd783b1a6f7" executionId="af7fd64a-4c37-4567-8478-e4efb62af747" testListId="8c84fa94-04c1-424b-9868-57a2d4851a1d" />
    <TestEntry testId="cace1b80-b498-a647-89ca-83894978ea2d" executionId="007b16e6-8a98-4661-b472-87877bbf5f68" testListId="8c84fa94-04c1-424b-9868-57a2d4851a1d" />
    <TestEntry testId="335bb7f3-a471-d417-d8ac-ab3359682c34" executionId="3dd836fb-8e66-40ef-ba0e-0f59b938572a" testListId="8c84fa94-04c1-424b-9868-57a2d4851a1d" />
    <TestEntry testId="04996104-baba-19c5-2036-7c151e9e5796" executionId="65dac6f3-8030-4347-9225-a2caf7777bcd" testListId="8c84fa94-04c1-424b-9868-57a2d4851a1d" />
    <TestEntry testId="9943195c-4f7b-6eb6-b652-c8e75015a169" executionId="12c64005-c569-40fc-8cf3-5c90561ca00e" testListId="8c84fa94-04c1-424b-9868-57a2d4851a1d" />
    <TestEntry testId="c6cecc2f-76db-b09b-53b4-6d40d6151eaf" executionId="a0aa8f82-186f-4bff-8df4-f7d5f9f07973" testListId="8c84fa94-04c1-424b-9868-57a2d4851a1d" />
    <TestEntry testId="1045e553-be9d-55fa-facf-1a893e9d95b6" executionId="de4dbc01-2700-4c5f-b81a-4188425aaf15" testListId="8c84fa94-04c1-424b-9868-57a2d4851a1d" />
    <TestEntry testId="ede403d4-8569-9d49-bdef-b24ba34580e6" executionId="84aca2f7-386f-4cc8-9942-1e8e06105aa5" testListId="8c84fa94-04c1-424b-9868-57a2d4851a1d" />
    <TestEntry testId="c77002d8-532d-4152-aa5e-a7a974c537ca" executionId="e348690f-7331-4b1b-9880-ac73497d17c8" testListId="8c84fa94-04c1-424b-9868-57a2d4851a1d" />
    <TestEntry testId="c4274dcb-ff04-97d2-e7fd-18378b56cb3f" executionId="9a673ee2-14bf-4217-a39c-315250b82a22" testListId="8c84fa94-04c1-424b-9868-57a2d4851a1d" />
    <TestEntry testId="5adc7432-7f74-1a3c-f102-f2f6b46167f0" executionId="9721c60c-85a3-4d53-bb76-fe8ec5cbc617" testListId="8c84fa94-04c1-424b-9868-57a2d4851a1d" />
    <TestEntry testId="86a2b08e-db3f-a734-61b2-2dd5ca2e5cae" executionId="4e193569-9935-4510-acde-f47143e9bcf1" testListId="8c84fa94-04c1-424b-9868-57a2d4851a1d" />
    <TestEntry testId="286158af-5510-1aff-29c4-b9f006f15c21" executionId="44c50c76-e257-46b1-9460-0bb86a24db02" testListId="8c84fa94-04c1-424b-9868-57a2d4851a1d" />
    <TestEntry testId="e0271cdb-9db0-87d5-9b71-e7f39b766482" executionId="ee368a52-a834-4148-87de-d7150b8ab38b" testListId="8c84fa94-04c1-424b-9868-57a2d4851a1d" />
    <TestEntry testId="71f377a0-5778-a1a6-3cdc-98c0a45ac7a7" executionId="aed2f116-a80e-4e2d-8180-4dbeba8e9e87" testListId="8c84fa94-04c1-424b-9868-57a2d4851a1d" />
    <TestEntry testId="8b88a991-c73c-1388-888c-15b0a6d95c22" executionId="0639dcc8-00f2-4408-a142-80bfca95781f" testListId="8c84fa94-04c1-424b-9868-57a2d4851a1d" />
    <TestEntry testId="e148db0b-f7a4-449b-3892-bb1c5f998976" executionId="6a3ea328-ff2a-4e03-a8f5-d95e989df346" testListId="8c84fa94-04c1-424b-9868-57a2d4851a1d" />
    <TestEntry testId="e2b2333f-df42-778c-d68c-5b7e156da3f3" executionId="9f26305a-7732-4843-bbb2-f19671287cd8" testListId="8c84fa94-04c1-424b-9868-57a2d4851a1d" />
    <TestEntry testId="81b6d8bc-5591-abc4-e569-9b0628deb4f5" executionId="c62e8b18-b9af-4cd6-8988-0dabbe3b3e8f" testListId="8c84fa94-04c1-424b-9868-57a2d4851a1d" />
    <TestEntry testId="f877ac24-6f55-fce6-dea8-dea69ddb1a50" executionId="14396ce3-2db2-40ff-b34b-95789b7a3e49" testListId="8c84fa94-04c1-424b-9868-57a2d4851a1d" />
    <TestEntry testId="f8a87c7f-9194-6c27-6011-d61a2524a939" executionId="c423d08b-3c92-4216-8c80-77a3eca3cbbd" testListId="8c84fa94-04c1-424b-9868-57a2d4851a1d" />
    <TestEntry testId="9951cac6-0f85-1927-0883-86137d43ad75" executionId="9d88f328-18c7-40f6-a2e4-d589059b6e8e" testListId="8c84fa94-04c1-424b-9868-57a2d4851a1d" />
    <TestEntry testId="a110ca99-714e-2c25-70b5-926958dfec19" executionId="c466977a-8b7e-4945-b6cf-35418a389d71" testListId="8c84fa94-04c1-424b-9868-57a2d4851a1d" />
    <TestEntry testId="9ac4a621-32ba-6f1b-5348-766e502f50ed" executionId="13bf3f0a-71a9-4913-a181-0aa70781c58c" testListId="8c84fa94-04c1-424b-9868-57a2d4851a1d" />
    <TestEntry testId="188a01a3-125e-a5d5-50f5-5c56f5a707aa" executionId="93b635a6-48a2-40c4-a0e2-7a8ca916cb0b" testListId="8c84fa94-04c1-424b-9868-57a2d4851a1d" />
    <TestEntry testId="7f14bc99-b29f-ee3c-56d7-7bd6e50249b5" executionId="12948a01-9e10-4a21-b72e-b52acdd675b1" testListId="8c84fa94-04c1-424b-9868-57a2d4851a1d" />
    <TestEntry testId="b4178856-c9cc-34eb-5578-f38650e380e4" executionId="b8bad7af-9850-4e9a-b7ba-4cf8565341f7" testListId="8c84fa94-04c1-424b-9868-57a2d4851a1d" />
    <TestEntry testId="4b6af64d-f516-dbc1-d57f-79b0a4e31684" executionId="7bffd1a5-0106-4fe7-b17d-e4f97a59ada7" testListId="8c84fa94-04c1-424b-9868-57a2d4851a1d" />
    <TestEntry testId="02d621ab-6051-d7f6-c282-9f3886041ab9" executionId="73752101-3557-498a-9a10-be76309b39bb" testListId="8c84fa94-04c1-424b-9868-57a2d4851a1d" />
    <TestEntry testId="f822b3fd-f1a9-e22d-a615-074c0d9e95f0" executionId="76106124-7304-4287-aea6-14f976ee1628" testListId="8c84fa94-04c1-424b-9868-57a2d4851a1d" />
    <TestEntry testId="d367c58a-08a2-a477-5632-54853de1dd1d" executionId="4188aab6-a326-403b-a77d-ca80d70cf459" testListId="8c84fa94-04c1-424b-9868-57a2d4851a1d" />
    <TestEntry testId="9573aeee-74fc-2d1e-0130-63549e220275" executionId="b92289c4-b832-4d19-a859-20c0411c334c" testListId="8c84fa94-04c1-424b-9868-57a2d4851a1d" />
    <TestEntry testId="c77ee103-adb1-5aea-e02d-8e5af115a53b" executionId="37d83be8-5ad9-4cbe-b7de-0560c8f83c48" testListId="8c84fa94-04c1-424b-9868-57a2d4851a1d" />
    <TestEntry testId="6b3bb61d-1803-d0ce-25de-d185341fa211" executionId="e0870465-01bf-4d3b-b756-77aad623a5e9" testListId="8c84fa94-04c1-424b-9868-57a2d4851a1d" />
    <TestEntry testId="15a465b8-27d8-664d-159a-a7cb639d0b9a" executionId="d0e425ac-5968-4635-8930-ed66cb8f5f45" testListId="8c84fa94-04c1-424b-9868-57a2d4851a1d" />
    <TestEntry testId="3b7abe08-74a1-8c7d-0e9c-432c19db4b37" executionId="4d9dac8f-1dda-4734-9f6f-a3895f0d0ed5" testListId="8c84fa94-04c1-424b-9868-57a2d4851a1d" />
    <TestEntry testId="ee682093-d8a4-852f-12c4-da6f2730ac46" executionId="127c73e8-d0c4-4901-b8c3-52cb239e6833" testListId="8c84fa94-04c1-424b-9868-57a2d4851a1d" />
    <TestEntry testId="4c372394-057c-23ed-8e22-35902c921b9d" executionId="b93f2b60-0b6c-4106-8398-6a8829bfb541" testListId="8c84fa94-04c1-424b-9868-57a2d4851a1d" />
    <TestEntry testId="47d28009-d7da-23f7-b20e-82a45a9fcb21" executionId="499da3de-b844-4d42-a4b1-d1ffd51cf2a8" testListId="8c84fa94-04c1-424b-9868-57a2d4851a1d" />
    <TestEntry testId="f84677d4-1647-d915-827d-1aa28058a6ed" executionId="1b6e9338-346d-4da2-bd82-0f66c6d64eaf" testListId="8c84fa94-04c1-424b-9868-57a2d4851a1d" />
    <TestEntry testId="66d19ded-33d2-e2f5-34b0-4d0961ede1b1" executionId="23cffd75-017d-4d48-a307-0388b97464c7" testListId="8c84fa94-04c1-424b-9868-57a2d4851a1d" />
    <TestEntry testId="83db2fab-f9bc-03eb-f9db-6560a2b1098f" executionId="7b648ac8-8576-4e7e-bbde-9511d5c2aadb" testListId="8c84fa94-04c1-424b-9868-57a2d4851a1d" />
    <TestEntry testId="34f142df-6462-0665-dd67-0e3e92e83c03" executionId="e1bf9dad-30dc-48d7-a648-e45bad1b2b48" testListId="8c84fa94-04c1-424b-9868-57a2d4851a1d" />
    <TestEntry testId="91e9248e-6987-b8e7-faf4-5f54e56b03bc" executionId="6660e518-f8f2-4335-9849-26769cb478b9" testListId="8c84fa94-04c1-424b-9868-57a2d4851a1d" />
    <TestEntry testId="b38a926e-195a-f44f-5088-5476b80eade8" executionId="0c57327e-c346-4567-a2e5-16d6727d5076" testListId="8c84fa94-04c1-424b-9868-57a2d4851a1d" />
    <TestEntry testId="89c69b19-bbed-7a93-3d41-975ea35cf141" executionId="d779ec4a-9433-4663-99f4-51e8f9da72a7" testListId="8c84fa94-04c1-424b-9868-57a2d4851a1d" />
    <TestEntry testId="3c65fcdf-d833-6b01-5589-c30b9bb467f8" executionId="cb490f92-d3fe-4c3e-8cf8-e0c53739e3b8" testListId="8c84fa94-04c1-424b-9868-57a2d4851a1d" />
    <TestEntry testId="f2eff9a2-3a96-cf68-f751-b6ad5bd95bef" executionId="5a14d7b7-ebfa-4428-9bed-c924d064d60f" testListId="8c84fa94-04c1-424b-9868-57a2d4851a1d" />
  </TestEntries>
  <TestLists>
    <TestList name="Results Not in a List" id="8c84fa94-04c1-424b-9868-57a2d4851a1d" />
    <TestList name="All Loaded Results" id="19431567-8539-422a-85d7-44ee4e166bda" />
  </TestLists>
  <ResultSummary outcome="Completed">
    <Counters total="96" executed="96" passed="96" failed="0" error="0" timeout="0" aborted="0" inconclusive="0" passedButRunAborted="0" notRunnable="0" notExecuted="0" disconnected="0" warning="0" completed="0" inProgress="0" pending="0" />
    <Output>
      <StdOut>[xUnit.net 00:00:00.00] xUnit.net VSTest Adapter v3.1.4+50e68bbb8b (64-bit .NET 10.0.9)&#xD;
[xUnit.net 00:00:00.39]   Discovering: Deep.Protocol.Tests&#xD;
[xUnit.net 00:00:00.44]   Discovered:  Deep.Protocol.Tests&#xD;
[xUnit.net 00:00:00.47]   Starting:    Deep.Protocol.Tests&#xD;
[xUnit.net 00:00:00.66]   Finished:    Deep.Protocol.Tests&#xD;
</StdOut>
    </Output>
  </ResultSummary>
</TestRun>