<?xml version="1.0" encoding="utf-8"?>
<TestRun id="548f6734-86be-4704-9fa8-17a4e7cc12b0" name="nikit@SURFACE-LT 2026-07-19 05:40:35" runUser="SURFACE-LT\nikit" xmlns="http://microsoft.com/schemas/VisualStudio/TeamTest/2010">
  <Times creation="2026-07-19T05:40:35.9649710+05:00" queuing="2026-07-19T05:40:35.9649712+05:00" start="2026-07-19T05:40:35.4434812+05:00" finish="2026-07-19T05:40:36.3332385+05:00" />
  <TestSettings name="default" id="57b972cf-2dcd-4fc9-bee1-63455978b5a1">
    <Deployment runDeploymentRoot="nikit_SURFACE-LT_2026-07-19_05_40_35" />
  </TestSettings>
  <Results>
    <UnitTestResult executionId="5eae9f80-591d-4d9b-b89e-ee6a2fef7a74" testId="22190809-9ed1-d917-2cd6-9b6f886a84e9" testName="Deep.Protocol.Tests.DeepExtension.ManagedIngress.ManagedIngressContractTests.ProductionSurface_HasNoInnerCodecTypes" computerName="SURFACE-LT" duration="00:00:00.0088855" startTime="2026-07-19T05:40:35.9433135+05:00" endTime="2026-07-19T05:40:35.9533653+05:00" testType="13cdc9d9-ddb5-4fa4-a97d-d965ccfc6d4b" outcome="Passed" testListId="8c84fa94-04c1-424b-9868-57a2d4851a1d" relativeResultsDirectory="5eae9f80-591d-4d9b-b89e-ee6a2fef7a74" />
    <UnitTestResult executionId="3b0beaa7-7cf3-46ea-9159-bd99696cd3eb" testId="92b04862-2638-e733-1320-931ac811db94" testName="Deep.Protocol.Tests.DeepExtension.OpaqueBundleMalformedAndFuzzTests.DeterministicStructuredMutations_ReachNamedFailureBranches(name: &quot;non-zero-padding&quot;, mutate: Func`2 { Method = Byte[] &lt;get_StructuredMutations&gt;b__4_2(Byte[]), Target = &lt;&gt;c { } }, expectedError: NonCanonicalPadding)" computerName="SURFACE-LT" duration="00:00:00.0000496" startTime="2026-07-19T05:40:36.2920203+05:00" endTime="2026-07-19T05:40:36.2920637+05:00" testType="13cdc9d9-ddb5-4fa4-a97d-d965ccfc6d4b" outcome="Passed" testListId="8c84fa94-04c1-424b-9868-57a2d4851a1d" relativeResultsDirectory="3b0beaa7-7cf3-46ea-9159-bd99696cd3eb" />
    <UnitTestResult executionId="c457c16f-f565-4995-8ff9-92c497209ce9" testId="4223468d-68e5-1914-b099-d73e7db55d4e" testName="Deep.Protocol.Tests.DeepExtension.MembershipCorrectiveContractTests.NewCanonicalDecoders_RejectTruncationTrailingAndStructuredMalformedInput" computerName="SURFACE-LT" duration="00:00:00.0180295" startTime="2026-07-19T05:40:35.9762925+05:00" endTime="2026-07-19T05:40:35.9942635+05:00" testType="13cdc9d9-ddb5-4fa4-a97d-d965ccfc6d4b" outcome="Passed" testListId="8c84fa94-04c1-424b-9868-57a2d4851a1d" relativeResultsDirectory="c457c16f-f565-4995-8ff9-92c497209ce9" />
    <UnitTestResult executionId="0f0807c0-c203-42b4-9872-bb238ec7a791" testId="002dcdef-67c8-7e86-cf49-fab71fabbaa4" testName="Deep.Protocol.Tests.DeepExtension.OpaqueBundleCodecTests.ExpiryOutsideNegotiatedBucketWindow_FailsClosed(expiryBucket: 123455)" computerName="SURFACE-LT" duration="00:00:00.0001418" startTime="2026-07-19T05:40:36.2226369+05:00" endTime="2026-07-19T05:40:36.2231449+05:00" testType="13cdc9d9-ddb5-4fa4-a97d-d965ccfc6d4b" outcome="Passed" testListId="8c84fa94-04c1-424b-9868-57a2d4851a1d" relativeResultsDirectory="0f0807c0-c203-42b4-9872-bb238ec7a791" />
    <UnitTestResult executionId="ebee494a-3eae-4555-8ad2-8774e911b272" testId="aff7d66a-dd05-dab3-9209-47df7cde7c6a" testName="Deep.Protocol.Tests.DeepExtension.OpaqueBundleMalformedAndFuzzTests.EncoderStructuredMutation_SeparatesAttemptFromDedup" computerName="SURFACE-LT" duration="00:00:00.0001994" startTime="2026-07-19T05:40:36.2882185+05:00" endTime="2026-07-19T05:40:36.2882564+05:00" testType="13cdc9d9-ddb5-4fa4-a97d-d965ccfc6d4b" outcome="Passed" testListId="8c84fa94-04c1-424b-9868-57a2d4851a1d" relativeResultsDirectory="ebee494a-3eae-4555-8ad2-8774e911b272" />
    <UnitTestResult executionId="b366a09c-f725-4929-a033-23b09c350c15" testId="570c14aa-3c6b-0031-dab6-c0f08d2c133f" testName="Deep.Protocol.Tests.OnionRequestCodecTests.BuildReturnsEncryptedPayloadAndFinalHopKeyMaterial" computerName="SURFACE-LT" duration="00:00:00.0005628" startTime="2026-07-19T05:40:36.2015608+05:00" endTime="2026-07-19T05:40:36.2020638+05:00" testType="13cdc9d9-ddb5-4fa4-a97d-d965ccfc6d4b" outcome="Passed" testListId="8c84fa94-04c1-424b-9868-57a2d4851a1d" relativeResultsDirectory="b366a09c-f725-4929-a033-23b09c350c15" />
    <UnitTestResult executionId="d62d2cae-8677-4c14-9c47-7b68f693aa83" testId="6c17941a-7ee9-75b4-383f-c28127c99959" testName="Deep.Protocol.Tests.DeepExtension.OpaqueBundleCodecTests.MalformedLengths_FailClosed(offset: 56, high: 127, low: 255)" computerName="SURFACE-LT" duration="00:00:00.0001738" startTime="2026-07-19T05:40:36.2147028+05:00" endTime="2026-07-19T05:40:36.2148469+05:00" testType="13cdc9d9-ddb5-4fa4-a97d-d965ccfc6d4b" outcome="Passed" testListId="8c84fa94-04c1-424b-9868-57a2d4851a1d" relativeResultsDirectory="d62d2cae-8677-4c14-9c47-7b68f693aa83" />
    <UnitTestResult executionId="e648dc56-f392-48f4-bc1c-07cb2931466f" testId="b44d0463-0a6b-2c27-14e0-a79ab3edbaf1" testName="Deep.Protocol.Tests.OnionRequestCodecTests.OnionEncryptionTypeRejectsUnknownValue" computerName="SURFACE-LT" duration="00:00:00.0002012" startTime="2026-07-19T05:40:36.2014403+05:00" endTime="2026-07-19T05:40:36.2014801+05:00" testType="13cdc9d9-ddb5-4fa4-a97d-d965ccfc6d4b" outcome="Passed" testListId="8c84fa94-04c1-424b-9868-57a2d4851a1d" relativeResultsDirectory="e648dc56-f392-48f4-bc1c-07cb2931466f" />
    <UnitTestResult executionId="c60bb15a-c6aa-4d2a-8797-810392e8d3e7" testId="c2801966-3dc7-f816-478b-48fe90d73e36" testName="Deep.Protocol.Tests.SodiumDifferentialTests.ConvertEd25519PublicKeyToX25519_MatchesDirectSodiumConversion" computerName="SURFACE-LT" duration="00:00:00.0003163" startTime="2026-07-19T05:40:36.1847723+05:00" endTime="2026-07-19T05:40:36.1849262+05:00" testType="13cdc9d9-ddb5-4fa4-a97d-d965ccfc6d4b" outcome="Passed" testListId="8c84fa94-04c1-424b-9868-57a2d4851a1d" relativeResultsDirectory="c60bb15a-c6aa-4d2a-8797-810392e8d3e7" />
    <UnitTestResult executionId="92069a53-f808-4499-9735-a5515300bc45" testId="1045e553-be9d-55fa-facf-1a893e9d95b6" testName="Deep.Protocol.Tests.DeepExtension.ManagedIngress.ManagedIngressMalformedAndFuzzTests.Die1_MutationsFailClosed(offset: 63)" computerName="SURFACE-LT" duration="00:00:00.0000048" startTime="2026-07-19T05:40:36.2304283+05:00" endTime="2026-07-19T05:40:36.2304581+05:00" testType="13cdc9d9-ddb5-4fa4-a97d-d965ccfc6d4b" outcome="Passed" testListId="8c84fa94-04c1-424b-9868-57a2d4851a1d" relativeResultsDirectory="92069a53-f808-4499-9735-a5515300bc45" />
    <UnitTestResult executionId="5de8fd0f-1b99-4ea9-9588-8ba12ed3d11f" testId="34f142df-6462-0665-dd67-0e3e92e83c03" testName="Deep.Protocol.Tests.DeepExtension.ManagedIngress.ManagedIngressContractTests.NonCanonicalFrameRequest_FailsClosed(method: &quot;POST&quot;, path: &quot;/api/ingress/v1/frame&quot;, query: &quot;&quot;, version: &quot;2.0&quot;, contentType: &quot;application/vnd.xpoint.deep.ingress-opaque-v1&quot;, accept: &quot;application/json&quot;)" computerName="SURFACE-LT" duration="00:00:00.0005465" startTime="2026-07-19T05:40:35.9537626+05:00" endTime="2026-07-19T05:40:35.9573221+05:00" testType="13cdc9d9-ddb5-4fa4-a97d-d965ccfc6d4b" outcome="Passed" testListId="8c84fa94-04c1-424b-9868-57a2d4851a1d" relativeResultsDirectory="5de8fd0f-1b99-4ea9-9588-8ba12ed3d11f" />
    <UnitTestResult executionId="b316de85-afa9-4f75-a003-aaec93598903" testId="c28e7e02-74e3-1c6f-0d47-0ce0cbb353b9" testName="Deep.Protocol.Tests.DeepExtension.MailboxCapabilityContractTests.MalformedTrailingAndUnknownDomain_FailClosed" computerName="SURFACE-LT" duration="00:00:00.0002102" startTime="2026-07-19T05:40:36.2388729+05:00" endTime="2026-07-19T05:40:36.2389596+05:00" testType="13cdc9d9-ddb5-4fa4-a97d-d965ccfc6d4b" outcome="Passed" testListId="8c84fa94-04c1-424b-9868-57a2d4851a1d" relativeResultsDirectory="b316de85-afa9-4f75-a003-aaec93598903" />
    <UnitTestResult executionId="7ec55dac-692a-4943-bb99-64f1e4320a89" testId="2e560306-97dc-18dc-5173-88d434396730" testName="Deep.Protocol.Tests.SessionProtocolCodecTests.ProFeatureClassificationMatchesSessionLimits" computerName="SURFACE-LT" duration="00:00:00.0056329" startTime="2026-07-19T05:40:36.1983633+05:00" endTime="2026-07-19T05:40:36.2038496+05:00" testType="13cdc9d9-ddb5-4fa4-a97d-d965ccfc6d4b" outcome="Passed" testListId="8c84fa94-04c1-424b-9868-57a2d4851a1d" relativeResultsDirectory="7ec55dac-692a-4943-bb99-64f1e4320a89" />
    <UnitTestResult executionId="a76361e4-5290-495c-add5-73c91759461e" testId="5083a482-1260-d33e-74f9-397b34983bc6" testName="Deep.Protocol.Tests.ProtocolParserCodecFuzzTests.SharedConfigAndGroupParsers_DoNotCrashOnRandomPayloads" computerName="SURFACE-LT" duration="00:00:00.0088779" startTime="2026-07-19T05:40:36.2385901+05:00" endTime="2026-07-19T05:40:36.2417632+05:00" testType="13cdc9d9-ddb5-4fa4-a97d-d965ccfc6d4b" outcome="Passed" testListId="8c84fa94-04c1-424b-9868-57a2d4851a1d" relativeResultsDirectory="a76361e4-5290-495c-add5-73c91759461e" />
    <UnitTestResult executionId="f2940562-f141-40d7-bf9a-262415ee8d95" testId="9573aeee-74fc-2d1e-0130-63549e220275" testName="Deep.Protocol.Tests.DeepExtension.ManagedIngress.ManagedIngressContractTests.PrivacyBearingAndInvalidH2Headers_AreRejected(name: &quot;x-attempt-id&quot;)" computerName="SURFACE-LT" duration="00:00:00.0000073" startTime="2026-07-19T05:40:35.9625792+05:00" endTime="2026-07-19T05:40:35.9626165+05:00" testType="13cdc9d9-ddb5-4fa4-a97d-d965ccfc6d4b" outcome="Passed" testListId="8c84fa94-04c1-424b-9868-57a2d4851a1d" relativeResultsDirectory="f2940562-f141-40d7-bf9a-262415ee8d95" />
    <UnitTestResult executionId="7b0cfc5d-bfba-4281-be89-147c16f3cd48" testId="13f804ba-5d22-7d08-e6eb-8f628999a80d" testName="Deep.Protocol.Tests.DeepExtension.ManagedIngress.ManagedIngressContractTests.InnerLookingBytes_RemainOpaqueAndUninterpreted(prefix: &quot;MCP1&quot;)" computerName="SURFACE-LT" duration="00:00:00.0001177" startTime="2026-07-19T05:40:36.2338360+05:00" endTime="2026-07-19T05:40:36.2338679+05:00" testType="13cdc9d9-ddb5-4fa4-a97d-d965ccfc6d4b" outcome="Passed" testListId="8c84fa94-04c1-424b-9868-57a2d4851a1d" relativeResultsDirectory="7b0cfc5d-bfba-4281-be89-147c16f3cd48" />
    <UnitTestResult executionId="8d97b9cc-0cfb-484d-8dc7-239cc69a349f" testId="28b4d022-b133-3957-e7f3-b08c20befbe0" testName="Deep.Protocol.Tests.DeepExtension.OpaqueBundleCodecTests.TransportAttemptId_CannotEqualEndToEndDedupId" computerName="SURFACE-LT" duration="00:00:00.0001031" startTime="2026-07-19T05:40:36.2266280+05:00" endTime="2026-07-19T05:40:36.2266570+05:00" testType="13cdc9d9-ddb5-4fa4-a97d-d965ccfc6d4b" outcome="Passed" testListId="8c84fa94-04c1-424b-9868-57a2d4851a1d" relativeResultsDirectory="8d97b9cc-0cfb-484d-8dc7-239cc69a349f" />
    <UnitTestResult executionId="cf5c6a91-ff7c-4b02-922e-e6f5e9adfcd1" testId="6689da5a-df83-e0c4-5d17-14321d561894" testName="Deep.Protocol.Tests.ProtocolFuzzSmokeTests.PadAndUnpadMessage_RoundTripsAcrossRandomPayloads" computerName="SURFACE-LT" duration="00:00:00.0096484" startTime="2026-07-19T05:40:35.9443025+05:00" endTime="2026-07-19T05:40:35.9535934+05:00" testType="13cdc9d9-ddb5-4fa4-a97d-d965ccfc6d4b" outcome="Passed" testListId="8c84fa94-04c1-424b-9868-57a2d4851a1d" relativeResultsDirectory="cf5c6a91-ff7c-4b02-922e-e6f5e9adfcd1" />
    <UnitTestResult executionId="3e7c0749-3d18-444f-924d-eff089bb326f" testId="f69f66b6-14ee-148c-6c2c-b93640f0f255" testName="Deep.Protocol.Tests.DeepExtension.ManagedIngress.ManagedIngressContractTests.OpaqueFrame_BoundsAreAcceptedAndBytesRemainOpaque(length: 64)" computerName="SURFACE-LT" duration="00:00:00.0001461" startTime="2026-07-19T05:40:36.1808658+05:00" endTime="2026-07-19T05:40:36.1809069+05:00" testType="13cdc9d9-ddb5-4fa4-a97d-d965ccfc6d4b" outcome="Passed" testListId="8c84fa94-04c1-424b-9868-57a2d4851a1d" relativeResultsDirectory="3e7c0749-3d18-444f-924d-eff089bb326f" />
    <UnitTestResult executionId="ca0a5491-12bb-406b-8dad-e78611f8959a" testId="a8383bec-5acf-59e8-08ea-debd976be8fa" testName="Deep.Protocol.Tests.DeepExtension.CompatibilityMetadataEnvelopeTests.TamperAndWrongRecipient_FailWithoutReturningSenderOrDpe1" computerName="SURFACE-LT" duration="00:00:00.0139013" startTime="2026-07-19T05:40:35.9442674+05:00" endTime="2026-07-19T05:40:35.9578832+05:00" testType="13cdc9d9-ddb5-4fa4-a97d-d965ccfc6d4b" outcome="Passed" testListId="8c84fa94-04c1-424b-9868-57a2d4851a1d" relativeResultsDirectory="ca0a5491-12bb-406b-8dad-e78611f8959a" />
    <UnitTestResult executionId="47b89eb4-df25-4fd6-8f08-6f0c3fcd0ebb" testId="30fdae3f-50af-821e-05f4-6f8bc026b9df" testName="Deep.Protocol.Tests.DeepExtension.ManagedIngress.ManagedIngressMalformedAndFuzzTests.Die1_MutationsFailClosed(offset: 7)" computerName="SURFACE-LT" duration="00:00:00.0000783" startTime="2026-07-19T05:40:36.2301667+05:00" endTime="2026-07-19T05:40:36.2302026+05:00" testType="13cdc9d9-ddb5-4fa4-a97d-d965ccfc6d4b" outcome="Passed" testListId="8c84fa94-04c1-424b-9868-57a2d4851a1d" relativeResultsDirectory="47b89eb4-df25-4fd6-8f08-6f0c3fcd0ebb" />
    <UnitTestResult executionId="19938f0d-a30f-4996-bc9b-b5cef7d305ce" testId="314fe26e-8b11-6cc3-6cd7-2d007c7ac83e" testName="Deep.Protocol.Tests.DeepExtension.CompatibilityMetadataEnvelopeTests.CanonicalTestAdapterVector_HidesManagedMetadata_AndRecoversExactDpe1" computerName="SURFACE-LT" duration="00:00:00.2643750" startTime="2026-07-19T05:40:35.9613488+05:00" endTime="2026-07-19T05:40:36.2096598+05:00" testType="13cdc9d9-ddb5-4fa4-a97d-d965ccfc6d4b" outcome="Passed" testListId="8c84fa94-04c1-424b-9868-57a2d4851a1d" relativeResultsDirectory="19938f0d-a30f-4996-bc9b-b5cef7d305ce" />
    <UnitTestResult executionId="c52a4772-0611-4170-98e8-890ca879d5a7" testId="23d0ae99-187d-b9cf-de50-6d1d11b438bb" testName="Deep.Protocol.Tests.DeepExtension.OpaqueBundleCodecTests.NegotiationOffers_CannotExtendImplementationCriticalFeatures" computerName="SURFACE-LT" duration="00:00:00.0001327" startTime="2026-07-19T05:40:36.2068174+05:00" endTime="2026-07-19T05:40:36.2068502+05:00" testType="13cdc9d9-ddb5-4fa4-a97d-d965ccfc6d4b" outcome="Passed" testListId="8c84fa94-04c1-424b-9868-57a2d4851a1d" relativeResultsDirectory="c52a4772-0611-4170-98e8-890ca879d5a7" />
    <UnitTestResult executionId="dba847ce-e472-4c97-987d-a7902a97ccc7" testId="15ff6cad-e2af-c70a-c15c-bd1531b3d5a6" testName="Deep.Protocol.Tests.DeepExtension.NearbyHandshakeMalformedAndFuzzTests.StructuredFrameMutations_AreRejected(offset: 4)" computerName="SURFACE-LT" duration="00:00:00.0012816" startTime="2026-07-19T05:40:36.2057188+05:00" endTime="2026-07-19T05:40:36.2070565+05:00" testType="13cdc9d9-ddb5-4fa4-a97d-d965ccfc6d4b" outcome="Passed" testListId="8c84fa94-04c1-424b-9868-57a2d4851a1d" relativeResultsDirectory="dba847ce-e472-4c97-987d-a7902a97ccc7" />
    <UnitTestResult executionId="a547ffc6-8be6-4116-b947-25fe31092b3d" testId="e0829ced-629a-4b40-72d4-ee668f7c68e3" testName="Deep.Protocol.Tests.ProtocolParserCodecFuzzTests.OnionEncryptionTypeParser_IsRobustToRandomStrings" computerName="SURFACE-LT" duration="00:00:00.0014217" startTime="2026-07-19T05:40:36.2418376+05:00" endTime="2026-07-19T05:40:36.2418732+05:00" testType="13cdc9d9-ddb5-4fa4-a97d-d965ccfc6d4b" outcome="Passed" testListId="8c84fa94-04c1-424b-9868-57a2d4851a1d" relativeResultsDirectory="a547ffc6-8be6-4116-b947-25fe31092b3d" />
    <UnitTestResult executionId="8d073581-2867-424c-91f8-f00abd6fdaf5" testId="c4274dcb-ff04-97d2-e7fd-18378b56cb3f" testName="Deep.Protocol.Tests.DeepExtension.ManagedIngress.ManagedIngressContractTests.OpaqueFrame_OutOfBoundsFailsBeforeCopy(length: 1572865)" computerName="SURFACE-LT" duration="00:00:00.0000117" startTime="2026-07-19T05:40:36.1704388+05:00" endTime="2026-07-19T05:40:36.1704703+05:00" testType="13cdc9d9-ddb5-4fa4-a97d-d965ccfc6d4b" outcome="Passed" testListId="8c84fa94-04c1-424b-9868-57a2d4851a1d" relativeResultsDirectory="8d073581-2867-424c-91f8-f00abd6fdaf5" />
    <UnitTestResult executionId="46e3f396-6b39-4a68-9611-490fd179831a" testId="ee222fc1-f6ce-42a3-c445-d57198645e3d" testName="Deep.Protocol.Tests.DeepExtension.ManagedIngress.ManagedIngressMalformedAndFuzzTests.HttpErrorMapping_IsExact(status: 421, errorClass: WrongOrigin, certainty: BeforeForward)" computerName="SURFACE-LT" duration="00:00:00.0000026" startTime="2026-07-19T05:40:36.2167899+05:00" endTime="2026-07-19T05:40:36.2183438+05:00" testType="13cdc9d9-ddb5-4fa4-a97d-d965ccfc6d4b" outcome="Passed" testListId="8c84fa94-04c1-424b-9868-57a2d4851a1d" relativeResultsDirectory="46e3f396-6b39-4a68-9611-490fd179831a" />
    <UnitTestResult executionId="c2751c44-bcb7-4182-91b8-0f94f0a474ef" testId="3eadd699-8c59-0ca4-d804-287c1f808520" testName="Deep.Protocol.Tests.DeepExtension.OpaqueBundleCodecTests.RetrieveCapability_RoundTripsAsDistinctRuntimeType" computerName="SURFACE-LT" duration="00:00:00.0002803" startTime="2026-07-19T05:40:36.2236203+05:00" endTime="2026-07-19T05:40:36.2257784+05:00" testType="13cdc9d9-ddb5-4fa4-a97d-d965ccfc6d4b" outcome="Passed" testListId="8c84fa94-04c1-424b-9868-57a2d4851a1d" relativeResultsDirectory="c2751c44-bcb7-4182-91b8-0f94f0a474ef" />
    <UnitTestResult executionId="458e8d1a-5388-4a9b-b227-ba3c8388f17b" testId="47fd66a3-df0b-f006-fb97-80882ebea405" testName="Deep.Protocol.Tests.OnionRequestCodecTests.OnionEncryptionNamesMatchLibsessionAliases(wireName: &quot;aes-gcm&quot;, expected: AesGcm)" computerName="SURFACE-LT" duration="00:00:00.0013180" startTime="2026-07-19T05:40:36.2027226+05:00" endTime="2026-07-19T05:40:36.2034131+05:00" testType="13cdc9d9-ddb5-4fa4-a97d-d965ccfc6d4b" outcome="Passed" testListId="8c84fa94-04c1-424b-9868-57a2d4851a1d" relativeResultsDirectory="458e8d1a-5388-4a9b-b227-ba3c8388f17b" />
    <UnitTestResult executionId="db1a96ab-27cf-469b-9e50-35b7412eb6fc" testId="4bf84696-6f93-894d-5bd6-3b560ca27dfe" testName="Deep.Protocol.Tests.DeepExtension.MailboxCapabilityContractTests.FreeAdmission_IsBoundedAndContainsNoPaymentIdentity" computerName="SURFACE-LT" duration="00:00:00.0033963" startTime="2026-07-19T05:40:36.2390425+05:00" endTime="2026-07-19T05:40:36.2400907+05:00" testType="13cdc9d9-ddb5-4fa4-a97d-d965ccfc6d4b" outcome="Passed" testListId="8c84fa94-04c1-424b-9868-57a2d4851a1d" relativeResultsDirectory="db1a96ab-27cf-469b-9e50-35b7412eb6fc" />
    <UnitTestResult executionId="731329e5-f4e6-4ef7-9a44-f75df39b4dd6" testId="5722ae9d-c6cc-c2a3-88a7-8bb96fc4c0c1" testName="Deep.Protocol.Tests.DeepExtension.ManagedIngress.ManagedIngressMalformedAndFuzzTests.RetryAfterHeader_NonCanonicalValuesYieldOutcomeUnknown(value: &quot;0&quot;)" computerName="SURFACE-LT" duration="00:00:00.0000035" startTime="2026-07-19T05:40:36.2228990+05:00" endTime="2026-07-19T05:40:36.2229304+05:00" testType="13cdc9d9-ddb5-4fa4-a97d-d965ccfc6d4b" outcome="Passed" testListId="8c84fa94-04c1-424b-9868-57a2d4851a1d" relativeResultsDirectory="731329e5-f4e6-4ef7-9a44-f75df39b4dd6" />
    <UnitTestResult executionId="9cd51e48-a9f1-488a-8f7f-931d976039c4" testId="617f05fc-a214-72de-986a-dc70dc0f6a4a" testName="Deep.Protocol.Tests.ProtocolParserCodecFuzzTests.DecodeEnvelope_DoesNotCrashOnRandomPayloads" computerName="SURFACE-LT" duration="00:00:00.0050672" startTime="2026-07-19T05:40:36.2118225+05:00" endTime="2026-07-19T05:40:36.2230444+05:00" testType="13cdc9d9-ddb5-4fa4-a97d-d965ccfc6d4b" outcome="Passed" testListId="8c84fa94-04c1-424b-9868-57a2d4851a1d" relativeResultsDirectory="9cd51e48-a9f1-488a-8f7f-931d976039c4" />
    <UnitTestResult executionId="e043970f-7b8f-4961-a9fb-58a2e745a031" testId="4b9da455-c67f-592e-f590-aaf9ab006262" testName="Deep.Protocol.Tests.DeepExtension.OpaqueBundleCodecTests.MalformedLengths_FailClosed(offset: 54, high: 127, low: 255)" computerName="SURFACE-LT" duration="00:00:00.0001990" startTime="2026-07-19T05:40:36.2152784+05:00" endTime="2026-07-19T05:40:36.2155056+05:00" testType="13cdc9d9-ddb5-4fa4-a97d-d965ccfc6d4b" outcome="Passed" testListId="8c84fa94-04c1-424b-9868-57a2d4851a1d" relativeResultsDirectory="e043970f-7b8f-4961-a9fb-58a2e745a031" />
    <UnitTestResult executionId="f3cdc59d-5e88-46f4-a4f7-94cc0a17f99e" testId="3c059fb3-5e6c-9ad9-352d-d60608fc0684" testName="Deep.Protocol.Tests.DeepExtension.MailboxReceiptContractTests.AlternateValidSignatureOfSameStatement_IsNotEquivocation" computerName="SURFACE-LT" duration="00:00:00.0012838" startTime="2026-07-19T05:40:36.1924016+05:00" endTime="2026-07-19T05:40:36.1926803+05:00" testType="13cdc9d9-ddb5-4fa4-a97d-d965ccfc6d4b" outcome="Passed" testListId="8c84fa94-04c1-424b-9868-57a2d4851a1d" relativeResultsDirectory="f3cdc59d-5e88-46f4-a4f7-94cc0a17f99e" />
    <UnitTestResult executionId="6d8abc1f-762f-4664-8a08-6b8c26db5e2b" testId="955bce89-3d1e-3adf-cc05-f275244d7aa2" testName="Deep.Protocol.Tests.DeepExtension.CompatibilityMetadataEnvelopeMalformedAndFuzzTests.PostDecryptValidation_FailsClosed(mutation: PayloadSender, expectedError: SenderAuthenticationMismatch)" computerName="SURFACE-LT" duration="00:00:00.0000466" startTime="2026-07-19T05:40:35.9636668+05:00" endTime="2026-07-19T05:40:35.9636999+05:00" testType="13cdc9d9-ddb5-4fa4-a97d-d965ccfc6d4b" outcome="Passed" testListId="8c84fa94-04c1-424b-9868-57a2d4851a1d" relativeResultsDirectory="6d8abc1f-762f-4664-8a08-6b8c26db5e2b" />
    <UnitTestResult executionId="67fc0df5-ddea-4031-96a0-b75fccb3debc" testId="b44cf6e4-da3c-f39d-4f68-72fe2b38b79e" testName="Deep.Protocol.Tests.DeepExtension.MembershipCorrectiveContractTests.AuthorityAndBridgeForkEvidence_IsDomainSafe" computerName="SURFACE-LT" duration="00:00:00.0039563" startTime="2026-07-19T05:40:35.9670938+05:00" endTime="2026-07-19T05:40:35.9705102+05:00" testType="13cdc9d9-ddb5-4fa4-a97d-d965ccfc6d4b" outcome="Passed" testListId="8c84fa94-04c1-424b-9868-57a2d4851a1d" relativeResultsDirectory="67fc0df5-ddea-4031-96a0-b75fccb3debc" />
    <UnitTestResult executionId="204669e6-19b7-49ca-89b3-acdf220ca2c1" testId="7c0db401-5622-39c8-bf4c-1948ad5075ea" testName="Deep.Protocol.Tests.DeepExtension.MailboxReceiptContractTests.AcceptedAndDurableErrors_RoundTripCanonically(stage: Durable, errorClass: QuorumUnavailable, retryable: True)" computerName="SURFACE-LT" duration="00:00:00.0000032" startTime="2026-07-19T05:40:36.1939807+05:00" endTime="2026-07-19T05:40:36.1940103+05:00" testType="13cdc9d9-ddb5-4fa4-a97d-d965ccfc6d4b" outcome="Passed" testListId="8c84fa94-04c1-424b-9868-57a2d4851a1d" relativeResultsDirectory="204669e6-19b7-49ca-89b3-acdf220ca2c1" />
    <UnitTestResult executionId="cb9589ef-6192-4a6e-813f-206262caa83f" testId="ae02643e-f85d-94a7-aa7e-08ec48fe5063" testName="Deep.Protocol.Tests.DeepExtension.ManagedIngress.ManagedIngressMalformedAndFuzzTests.HttpErrorMapping_IsExact(status: 415, errorClass: UnsupportedMediaType, certainty: BeforeForward)" computerName="SURFACE-LT" duration="00:00:00.0000014" startTime="2026-07-19T05:40:36.2191441+05:00" endTime="2026-07-19T05:40:36.2191793+05:00" testType="13cdc9d9-ddb5-4fa4-a97d-d965ccfc6d4b" outcome="Passed" testListId="8c84fa94-04c1-424b-9868-57a2d4851a1d" relativeResultsDirectory="cb9589ef-6192-4a6e-813f-206262caa83f" />
    <UnitTestResult executionId="84fbdf9b-808c-479c-8846-e50ee2646769" testId="edaff0c5-459a-8f83-0cf9-6d8c9857c00d" testName="Deep.Protocol.Tests.SodiumDifferentialTests.SignDetachedMatchesDirectSodiumForSameInputs" computerName="SURFACE-LT" duration="00:00:00.0010303" startTime="2026-07-19T05:40:36.1813678+05:00" endTime="2026-07-19T05:40:36.1824115+05:00" testType="13cdc9d9-ddb5-4fa4-a97d-d965ccfc6d4b" outcome="Passed" testListId="8c84fa94-04c1-424b-9868-57a2d4851a1d" relativeResultsDirectory="84fbdf9b-808c-479c-8846-e50ee2646769" />
    <UnitTestResult executionId="881c9e2b-f7fa-4692-9dfb-5cf9adf2f854" testId="228a3671-fdd2-33d6-f453-f4544933ea2e" testName="Deep.Protocol.Tests.SodiumSessionProtocolCryptoTests.GroupEncryptionRoundTrip_RestoresPayloadWithCompressionAndPadding" computerName="SURFACE-LT" duration="00:00:00.2568077" startTime="2026-07-19T05:40:35.9442484+05:00" endTime="2026-07-19T05:40:36.1848091+05:00" testType="13cdc9d9-ddb5-4fa4-a97d-d965ccfc6d4b" outcome="Passed" testListId="8c84fa94-04c1-424b-9868-57a2d4851a1d" relativeResultsDirectory="881c9e2b-f7fa-4692-9dfb-5cf9adf2f854" />
    <UnitTestResult executionId="318353da-cb2b-4add-bb49-922dc02e091a" testId="0bdb4425-1d0f-793c-4c32-6fb608593866" testName="Deep.Protocol.Tests.DeepExtension.ManagedIngress.ManagedIngressContractTests.StableOrReflectiveHeaders_AreForbidden(name: &quot;baggage&quot;)" computerName="SURFACE-LT" duration="00:00:00.0000061" startTime="2026-07-19T05:40:36.1715303+05:00" endTime="2026-07-19T05:40:36.1715588+05:00" testType="13cdc9d9-ddb5-4fa4-a97d-d965ccfc6d4b" outcome="Passed" testListId="8c84fa94-04c1-424b-9868-57a2d4851a1d" relativeResultsDirectory="318353da-cb2b-4add-bb49-922dc02e091a" />
    <UnitTestResult executionId="a705ae14-edd6-4795-b436-2e8a6fc8f2c9" testId="9c4546c4-6f27-8f4e-eb6b-1f8a64189fbf" testName="Deep.Protocol.Tests.DeepExtension.MailboxCapabilityMalformedAndFuzzTests.LengthMutationAndTrailingByte_AreRejected" computerName="SURFACE-LT" duration="00:00:00.0012336" startTime="2026-07-19T05:40:36.2398771+05:00" endTime="2026-07-19T05:40:36.2399087+05:00" testType="13cdc9d9-ddb5-4fa4-a97d-d965ccfc6d4b" outcome="Passed" testListId="8c84fa94-04c1-424b-9868-57a2d4851a1d" relativeResultsDirectory="a705ae14-edd6-4795-b436-2e8a6fc8f2c9" />
    <UnitTestResult executionId="40b4a6c4-c45d-421d-afbd-a5b5db974bce" testId="65f78cfa-a67d-9f9f-c07f-ea1271955399" testName="Deep.Protocol.Tests.DeepExtension.CompatibilityMetadataEnvelopeMalformedAndFuzzTests.DecodeRejectsInvalidCiphertextOverhead_BeforeReplayCommit(domain: Header, aboveMaximum: False)" computerName="SURFACE-LT" duration="00:00:00.0004882" startTime="2026-07-19T05:40:35.9637724+05:00" endTime="2026-07-19T05:40:35.9638058+05:00" testType="13cdc9d9-ddb5-4fa4-a97d-d965ccfc6d4b" outcome="Passed" testListId="8c84fa94-04c1-424b-9868-57a2d4851a1d" relativeResultsDirectory="40b4a6c4-c45d-421d-afbd-a5b5db974bce" />
    <UnitTestResult executionId="75b502bb-5652-448e-8b60-0d01836725c4" testId="815d3136-5ea1-875f-932a-42d14c00a7bc" testName="Deep.Protocol.Tests.DeepExtension.NearbyHandshakeMalformedAndFuzzTests.StructuredFrameMutations_AreRejected(offset: 63)" computerName="SURFACE-LT" duration="00:00:00.0000069" startTime="2026-07-19T05:40:36.2076792+05:00" endTime="2026-07-19T05:40:36.2077079+05:00" testType="13cdc9d9-ddb5-4fa4-a97d-d965ccfc6d4b" outcome="Passed" testListId="8c84fa94-04c1-424b-9868-57a2d4851a1d" relativeResultsDirectory="75b502bb-5652-448e-8b60-0d01836725c4" />
    <UnitTestResult executionId="6afd62f5-51cc-4a7d-80ee-64a1ac674501" testId="0db07ebe-ec99-1afd-0113-1479dc1a47c0" testName="Deep.Protocol.Tests.SessionProtocolCodecTests.GroupEncodeAndDecodeRoundTripWithSodiumCrypto" computerName="SURFACE-LT" duration="00:00:00.0021377" startTime="2026-07-19T05:40:36.2039293+05:00" endTime="2026-07-19T05:40:36.2064201+05:00" testType="13cdc9d9-ddb5-4fa4-a97d-d965ccfc6d4b" outcome="Passed" testListId="8c84fa94-04c1-424b-9868-57a2d4851a1d" relativeResultsDirectory="6afd62f5-51cc-4a7d-80ee-64a1ac674501" />
    <UnitTestResult executionId="9fe9cff6-a59f-4cde-a379-395cae530c75" testId="92b04862-2638-e733-1320-931ac811db94" testName="Deep.Protocol.Tests.DeepExtension.OpaqueBundleMalformedAndFuzzTests.DeterministicStructuredMutations_ReachNamedFailureBranches(name: &quot;undefined-payload-kind&quot;, mutate: Func`2 { Method = Byte[] &lt;get_StructuredMutations&gt;b__4_5(Byte[]), Target = &lt;&gt;c { } }, expectedError: InvalidEnumValue)" computerName="SURFACE-LT" duration="00:00:00.0000382" startTime="2026-07-19T05:40:36.2922122+05:00" endTime="2026-07-19T05:40:36.2922404+05:00" testType="13cdc9d9-ddb5-4fa4-a97d-d965ccfc6d4b" outcome="Passed" testListId="8c84fa94-04c1-424b-9868-57a2d4851a1d" relativeResultsDirectory="9fe9cff6-a59f-4cde-a379-395cae530c75" />
    <UnitTestResult executionId="ba5216c1-309e-4a86-aaa7-08765735f120" testId="da927a92-ad69-07aa-0520-e7ccb36e67a0" testName="Deep.Protocol.Tests.GoldenVectorTests.ContentProtobufSerializationMatchesGoldenVector" computerName="SURFACE-LT" duration="00:00:00.0009970" startTime="2026-07-19T05:40:36.2107606+05:00" endTime="2026-07-19T05:40:36.2120955+05:00" testType="13cdc9d9-ddb5-4fa4-a97d-d965ccfc6d4b" outcome="Passed" testListId="8c84fa94-04c1-424b-9868-57a2d4851a1d" relativeResultsDirectory="ba5216c1-309e-4a86-aaa7-08765735f120" />
    <UnitTestResult executionId="afc39ee3-0170-4480-8830-350921c02112" testId="fa1d34d4-0abf-5cda-19a9-be11887f513f" testName="Deep.Protocol.Tests.DeepExtension.MembershipContractTests.BridgeSnapshot_DoesNotExposeFullMembershipTopology" computerName="SURFACE-LT" duration="00:00:00.0002301" startTime="2026-07-19T05:40:36.1946963+05:00" endTime="2026-07-19T05:40:36.1947286+05:00" testType="13cdc9d9-ddb5-4fa4-a97d-d965ccfc6d4b" outcome="Passed" testListId="8c84fa94-04c1-424b-9868-57a2d4851a1d" relativeResultsDirectory="afc39ee3-0170-4480-8830-350921c02112" />
    <UnitTestResult executionId="844c3fcf-b938-4f3f-a3f9-4935f9665879" testId="a492f172-fc42-ad61-c3a0-2efcb661c7d2" testName="Deep.Protocol.Tests.DeepExtension.MembershipCorrectiveContractTests.ActiveDelegation_IsPinnedToAuthorityLkg_AndPublicKeyTamperFails" computerName="SURFACE-LT" duration="00:00:00.0005103" startTime="2026-07-19T05:40:35.9757182+05:00" endTime="2026-07-19T05:40:35.9761784+05:00" testType="13cdc9d9-ddb5-4fa4-a97d-d965ccfc6d4b" outcome="Passed" testListId="8c84fa94-04c1-424b-9868-57a2d4851a1d" relativeResultsDirectory="844c3fcf-b938-4f3f-a3f9-4935f9665879" />
    <UnitTestResult executionId="e48dfd27-9e93-4dbb-8a4f-5e448b000653" testId="8b88a991-c73c-1388-888c-15b0a6d95c22" testName="Deep.Protocol.Tests.DeepExtension.ManagedIngress.ManagedIngressMalformedAndFuzzTests.Die1_MutationsFailClosed(offset: 8)" computerName="SURFACE-LT" duration="00:00:00.0000061" startTime="2026-07-19T05:40:36.2305056+05:00" endTime="2026-07-19T05:40:36.2307818+05:00" testType="13cdc9d9-ddb5-4fa4-a97d-d965ccfc6d4b" outcome="Passed" testListId="8c84fa94-04c1-424b-9868-57a2d4851a1d" relativeResultsDirectory="e48dfd27-9e93-4dbb-8a4f-5e448b000653" />
    <UnitTestResult executionId="8a4c5623-9fb6-434c-940e-1ccff30230ab" testId="004a462f-1884-16d6-6bee-85fa2e69cf14" testName="Deep.Protocol.Tests.DeepExtension.MembershipContractTests.SequencePreviousHashExpiryRevocationAndFork_FailClosed" computerName="SURFACE-LT" duration="00:00:00.0005234" startTime="2026-07-19T05:40:36.2426583+05:00" endTime="2026-07-19T05:40:36.2429745+05:00" testType="13cdc9d9-ddb5-4fa4-a97d-d965ccfc6d4b" outcome="Passed" testListId="8c84fa94-04c1-424b-9868-57a2d4851a1d" relativeResultsDirectory="8a4c5623-9fb6-434c-940e-1ccff30230ab" />
    <UnitTestResult executionId="3f169e3e-08a1-4374-83e8-0448c7baf978" testId="58aadad9-cbe9-e566-bf3d-0a6f6cfc2bab" testName="Deep.Protocol.Tests.DeepExtension.ManagedIngress.ManagedIngressMalformedAndFuzzTests.Die1_MutationsFailClosed(offset: 5)" computerName="SURFACE-LT" duration="00:00:00.0000055" startTime="2026-07-19T05:40:36.2302582+05:00" endTime="2026-07-19T05:40:36.2302923+05:00" testType="13cdc9d9-ddb5-4fa4-a97d-d965ccfc6d4b" outcome="Passed" testListId="8c84fa94-04c1-424b-9868-57a2d4851a1d" relativeResultsDirectory="3f169e3e-08a1-4374-83e8-0448c7baf978" />
    <UnitTestResult executionId="431a970e-95c1-4534-9831-27dcc7de0574" testId="148f7158-8db9-8941-e462-c5d189a57950" testName="Deep.Protocol.Tests.DeepExtension.MailboxCapabilityContractTests.FreeAdmission_MustBeCurrentAndNestedInsideCapabilityWindow" computerName="SURFACE-LT" duration="00:00:00.0002970" startTime="2026-07-19T05:40:36.2415846+05:00" endTime="2026-07-19T05:40:36.2417054+05:00" testType="13cdc9d9-ddb5-4fa4-a97d-d965ccfc6d4b" outcome="Passed" testListId="8c84fa94-04c1-424b-9868-57a2d4851a1d" relativeResultsDirectory="431a970e-95c1-4534-9831-27dcc7de0574" />
    <UnitTestResult executionId="af6bc11c-3183-4b44-b6d3-23759145a7ed" testId="586e4b47-5cac-91a0-44ff-378a502b484b" testName="Deep.Protocol.Tests.SodiumSessionProtocolCryptoTests.EncryptForGroup_RejectsInvalidEncryptionKeySize" computerName="SURFACE-LT" duration="00:00:00.0002459" startTime="2026-07-19T05:40:36.1848923+05:00" endTime="2026-07-19T05:40:36.1850362+05:00" testType="13cdc9d9-ddb5-4fa4-a97d-d965ccfc6d4b" outcome="Passed" testListId="8c84fa94-04c1-424b-9868-57a2d4851a1d" relativeResultsDirectory="af6bc11c-3183-4b44-b6d3-23759145a7ed" />
    <UnitTestResult executionId="10a72013-3984-40bd-a4e8-f91d8e22af1e" testId="611a5d32-f57d-86a1-0c88-b51e3309987e" testName="Deep.Protocol.Tests.DeepExtension.ManagedIngress.ManagedIngressContractTests.NonCanonicalFrameRequest_FailsClosed(method: &quot;POST&quot;, path: &quot;/api/ingress/v1/frame/&quot;, query: &quot;&quot;, version: &quot;2.0&quot;, contentType: &quot;application/vnd.xpoint.deep.ingress-opaque-v1&quot;, accept: &quot;application/vnd.xpoint.deep.ingress-opaque-v1&quot;)" computerName="SURFACE-LT" duration="00:00:00.0007687" startTime="2026-07-19T05:40:35.9535507+05:00" endTime="2026-07-19T05:40:35.9537088+05:00" testType="13cdc9d9-ddb5-4fa4-a97d-d965ccfc6d4b" outcome="Passed" testListId="8c84fa94-04c1-424b-9868-57a2d4851a1d" relativeResultsDirectory="10a72013-3984-40bd-a4e8-f91d8e22af1e" />
    <UnitTestResult executionId="73433ed0-43d3-4806-ad06-e3ce1dc0190e" testId="c77ee103-adb1-5aea-e02d-8e5af115a53b" testName="Deep.Protocol.Tests.DeepExtension.ManagedIngress.ManagedIngressMalformedAndFuzzTests.HttpErrorMapping_IsExact(status: 429, errorClass: Saturated, certainty: BeforeForward)" computerName="SURFACE-LT" duration="00:00:00.0000008" startTime="2026-07-19T05:40:36.2193235+05:00" endTime="2026-07-19T05:40:36.2193559+05:00" testType="13cdc9d9-ddb5-4fa4-a97d-d965ccfc6d4b" outcome="Passed" testListId="8c84fa94-04c1-424b-9868-57a2d4851a1d" relativeResultsDirectory="73433ed0-43d3-4806-ad06-e3ce1dc0190e" />
    <UnitTestResult executionId="5977d87d-0b92-47aa-bf29-5caf06247183" testId="c77002d8-532d-4152-aa5e-a7a974c537ca" testName="Deep.Protocol.Tests.DeepExtension.ManagedIngress.ManagedIngressContractTests.MaximumSelectedThreeHopOnionProducerProfile_FitsOuterBound" computerName="SURFACE-LT" duration="00:00:00.0317727" startTime="2026-07-19T05:40:36.1923339+05:00" endTime="2026-07-19T05:40:36.2313831+05:00" testType="13cdc9d9-ddb5-4fa4-a97d-d965ccfc6d4b" outcome="Passed" testListId="8c84fa94-04c1-424b-9868-57a2d4851a1d" relativeResultsDirectory="5977d87d-0b92-47aa-bf29-5caf06247183" />
    <UnitTestResult executionId="08c93869-8dbb-4e83-94b6-a51aaacb064b" testId="affb9601-eb1d-64b0-93f8-39a0f5203d0e" testName="Deep.Protocol.Tests.SodiumDifferentialTests.Blake2b256Personalized_MatchesDirectSodiumGenericHash" computerName="SURFACE-LT" duration="00:00:00.0022903" startTime="2026-07-19T05:40:36.1852168+05:00" endTime="2026-07-19T05:40:36.1873762+05:00" testType="13cdc9d9-ddb5-4fa4-a97d-d965ccfc6d4b" outcome="Passed" testListId="8c84fa94-04c1-424b-9868-57a2d4851a1d" relativeResultsDirectory="08c93869-8dbb-4e83-94b6-a51aaacb064b" />
    <UnitTestResult executionId="a7acb682-322b-4eaa-a842-05a51483793b" testId="f149fdab-e80a-0711-97b5-2feae6c13b67" testName="Deep.Protocol.Tests.SodiumSessionProtocolCryptoTests.Blake2b256Personalized_IsStableForSameInputs" computerName="SURFACE-LT" duration="00:00:00.0001990" startTime="2026-07-19T05:40:36.1925236+05:00" endTime="2026-07-19T05:40:36.1925586+05:00" testType="13cdc9d9-ddb5-4fa4-a97d-d965ccfc6d4b" outcome="Passed" testListId="8c84fa94-04c1-424b-9868-57a2d4851a1d" relativeResultsDirectory="a7acb682-322b-4eaa-a842-05a51483793b" />
    <UnitTestResult executionId="93fcdb73-6279-45ce-abb5-20fc81670fcd" testId="a8f4f418-ad13-47d6-2eb6-5b5bb4f8bc9f" testName="Deep.Protocol.Tests.StateAndGroupTests.OneToOneStateMachineAppliesKnownMessageRequestTransitions" computerName="SURFACE-LT" duration="00:00:00.0040992" startTime="2026-07-19T05:40:36.2271488+05:00" endTime="2026-07-19T05:40:36.2345525+05:00" testType="13cdc9d9-ddb5-4fa4-a97d-d965ccfc6d4b" outcome="Passed" testListId="8c84fa94-04c1-424b-9868-57a2d4851a1d" relativeResultsDirectory="93fcdb73-6279-45ce-abb5-20fc81670fcd" />
    <UnitTestResult executionId="7719ccba-8996-4822-9e2d-59b7b3b3cc3a" testId="14a9eea9-dffa-c1ac-4078-7112c65356c3" testName="Deep.Protocol.Tests.DeepExtension.MailboxReceiptContractTests.AcceptedAndDurableErrors_RoundTripCanonically(stage: Durable, errorClass: Revoked, retryable: False)" computerName="SURFACE-LT" duration="00:00:00.0002854" startTime="2026-07-19T05:40:36.1937800+05:00" endTime="2026-07-19T05:40:36.1939284+05:00" testType="13cdc9d9-ddb5-4fa4-a97d-d965ccfc6d4b" outcome="Passed" testListId="8c84fa94-04c1-424b-9868-57a2d4851a1d" relativeResultsDirectory="7719ccba-8996-4822-9e2d-59b7b3b3cc3a" />
    <UnitTestResult executionId="f81f65e4-3711-4645-bdf6-2dc6b03eebc2" testId="557ec34b-7411-cce1-0b08-816b690969ed" testName="Deep.Protocol.Tests.DeepExtension.OpaqueBundleCodecTests.ExpiryOutsideNegotiatedBucketWindow_FailsClosed(expiryBucket: 123461)" computerName="SURFACE-LT" duration="00:00:00.0002519" startTime="2026-07-19T05:40:36.2168120+05:00" endTime="2026-07-19T05:40:36.2225187+05:00" testType="13cdc9d9-ddb5-4fa4-a97d-d965ccfc6d4b" outcome="Passed" testListId="8c84fa94-04c1-424b-9868-57a2d4851a1d" relativeResultsDirectory="f81f65e4-3711-4645-bdf6-2dc6b03eebc2" />
    <UnitTestResult executionId="906b92ca-ddf8-4bfd-9fd7-ac7872e82e3a" testId="859e459c-2197-bb33-f7fa-c8e30c4f1ce1" testName="Deep.Protocol.Tests.SodiumSessionProtocolCryptoTests.OneToOneEncryptionRoundTrip_PreservesSenderAndMessage" computerName="SURFACE-LT" duration="00:00:00.0006633" startTime="2026-07-19T05:40:36.1926420+05:00" endTime="2026-07-19T05:40:36.1928968+05:00" testType="13cdc9d9-ddb5-4fa4-a97d-d965ccfc6d4b" outcome="Passed" testListId="8c84fa94-04c1-424b-9868-57a2d4851a1d" relativeResultsDirectory="906b92ca-ddf8-4bfd-9fd7-ac7872e82e3a" />
    <UnitTestResult executionId="25f2eb16-65d0-45b1-b866-d91e4e431819" testId="188a01a3-125e-a5d5-50f5-5c56f5a707aa" testName="Deep.Protocol.Tests.DeepExtension.ManagedIngress.ManagedIngressMalformedAndFuzzTests.RetryAfter_IsStrictlyBounded(seconds: 61)" computerName="SURFACE-LT" duration="00:00:00.0001212" startTime="2026-07-19T05:40:36.2270925+05:00" endTime="2026-07-19T05:40:36.2291854+05:00" testType="13cdc9d9-ddb5-4fa4-a97d-d965ccfc6d4b" outcome="Passed" testListId="8c84fa94-04c1-424b-9868-57a2d4851a1d" relativeResultsDirectory="25f2eb16-65d0-45b1-b866-d91e4e431819" />
    <UnitTestResult executionId="c35890a8-c210-4148-bcda-42deb0dd261e" testId="3e323d6a-94b1-b188-38ba-86e4aeb78c84" testName="Deep.Protocol.Tests.DeepExtension.ManagedIngress.ManagedIngressMalformedAndFuzzTests.RetryAfterHeader_NonCanonicalValuesYieldOutcomeUnknown(value: &quot;+1&quot;)" computerName="SURFACE-LT" duration="00:00:00.0000654" startTime="2026-07-19T05:40:36.2224589+05:00" endTime="2026-07-19T05:40:36.2226755+05:00" testType="13cdc9d9-ddb5-4fa4-a97d-d965ccfc6d4b" outcome="Passed" testListId="8c84fa94-04c1-424b-9868-57a2d4851a1d" relativeResultsDirectory="c35890a8-c210-4148-bcda-42deb0dd261e" />
    <UnitTestResult executionId="78908aa0-fc10-48d4-af30-b2cac9aeb969" testId="ed83d0a9-43c3-54f1-82db-8c17c61928cd" testName="Deep.Protocol.Tests.DeepExtension.OpaqueBundleMalformedAndFuzzTests.DeterministicStructuredTruncations_ReachBodyAndHeaderBoundaries" computerName="SURFACE-LT" duration="00:00:00.0001100" startTime="2026-07-19T05:40:36.2884364+05:00" endTime="2026-07-19T05:40:36.2884655+05:00" testType="13cdc9d9-ddb5-4fa4-a97d-d965ccfc6d4b" outcome="Passed" testListId="8c84fa94-04c1-424b-9868-57a2d4851a1d" relativeResultsDirectory="78908aa0-fc10-48d4-af30-b2cac9aeb969" />
    <UnitTestResult executionId="783bf23b-3a03-40ed-9c19-c99315a92b71" testId="68138d79-2a11-d49d-2e7e-de5b7787eebe" testName="Deep.Protocol.Tests.OnionRequestCodecTests.DecryptResponseSupportsV4DataEnvelopeAndArrayHeaders" computerName="SURFACE-LT" duration="00:00:00.0053830" startTime="2026-07-19T05:40:36.1936897+05:00" endTime="2026-07-19T05:40:36.1957368+05:00" testType="13cdc9d9-ddb5-4fa4-a97d-d965ccfc6d4b" outcome="Passed" testListId="8c84fa94-04c1-424b-9868-57a2d4851a1d" relativeResultsDirectory="783bf23b-3a03-40ed-9c19-c99315a92b71" />
    <UnitTestResult executionId="851969d4-c5dc-4951-8ad4-8f366f422520" testId="47d28009-d7da-23f7-b20e-82a45a9fcb21" testName="Deep.Protocol.Tests.DeepExtension.ManagedIngress.ManagedIngressContractTests.InnerLookingBytes_RemainOpaqueAndUninterpreted(prefix: &quot;MQR1&quot;)" computerName="SURFACE-LT" duration="00:00:00.0000699" startTime="2026-07-19T05:40:36.2337555+05:00" endTime="2026-07-19T05:40:36.2337867+05:00" testType="13cdc9d9-ddb5-4fa4-a97d-d965ccfc6d4b" outcome="Passed" testListId="8c84fa94-04c1-424b-9868-57a2d4851a1d" relativeResultsDirectory="851969d4-c5dc-4951-8ad4-8f366f422520" />
    <UnitTestResult executionId="4dc0d28f-d272-429b-9a14-a97b5107d39f" testId="5adc7432-7f74-1a3c-f102-f2f6b46167f0" testName="Deep.Protocol.Tests.DeepExtension.ManagedIngress.ManagedIngressContractTests.RetryAfterHeader_MustExactlyMatchCanonicalDie1(status: 503)" computerName="SURFACE-LT" duration="00:00:00.0002103" startTime="2026-07-19T05:40:36.1745141+05:00" endTime="2026-07-19T05:40:36.1745581+05:00" testType="13cdc9d9-ddb5-4fa4-a97d-d965ccfc6d4b" outcome="Passed" testListId="8c84fa94-04c1-424b-9868-57a2d4851a1d" relativeResultsDirectory="4dc0d28f-d272-429b-9a14-a97b5107d39f" />
    <UnitTestResult executionId="12bc8552-45c1-4841-b541-493e98cdb525" testId="0feef739-3ccb-c516-3ece-c17a744ebd17" testName="Deep.Protocol.Tests.DeepExtension.OpaqueBundleCodecTests.V1DepositBundle_MatchesCanonicalGoldenVector" computerName="SURFACE-LT" duration="00:00:00.2209666" startTime="2026-07-19T05:40:35.9847192+05:00" endTime="2026-07-19T05:40:36.2056299+05:00" testType="13cdc9d9-ddb5-4fa4-a97d-d965ccfc6d4b" outcome="Passed" testListId="8c84fa94-04c1-424b-9868-57a2d4851a1d" relativeResultsDirectory="12bc8552-45c1-4841-b541-493e98cdb525" />
    <UnitTestResult executionId="ad82baaa-7f63-4d74-a67f-36f8d39e0663" testId="ea5d22b2-f091-cbc5-20fd-313cc779e2db" testName="Deep.Protocol.Tests.DeepExtension.ManagedIngress.ManagedIngressMalformedAndFuzzTests.ReservedBytesAreAlwaysZero" computerName="SURFACE-LT" duration="00:00:00.0036227" startTime="2026-07-19T05:40:36.2313466+05:00" endTime="2026-07-19T05:40:36.2346017+05:00" testType="13cdc9d9-ddb5-4fa4-a97d-d965ccfc6d4b" outcome="Passed" testListId="8c84fa94-04c1-424b-9868-57a2d4851a1d" relativeResultsDirectory="ad82baaa-7f63-4d74-a67f-36f8d39e0663" />
    <UnitTestResult executionId="68c98b39-db7d-4049-8979-41568f2ce25e" testId="fbf1f37f-2df9-2c7e-4956-27a0b7e36aa8" testName="Deep.Protocol.Tests.DeepExtension.ManagedIngress.ManagedIngressMalformedAndFuzzTests.ErrorCodec_RejectsCrossClassCertaintyAndRetryPolicy" computerName="SURFACE-LT" duration="00:00:00.0001537" startTime="2026-07-19T05:40:36.2348385+05:00" endTime="2026-07-19T05:40:36.2348693+05:00" testType="13cdc9d9-ddb5-4fa4-a97d-d965ccfc6d4b" outcome="Passed" testListId="8c84fa94-04c1-424b-9868-57a2d4851a1d" relativeResultsDirectory="68c98b39-db7d-4049-8979-41568f2ce25e" />
    <UnitTestResult executionId="73437c6b-e671-4d9b-8285-1d7c68bdbd74" testId="02d621ab-6051-d7f6-c282-9f3886041ab9" testName="Deep.Protocol.Tests.DeepExtension.ManagedIngress.ManagedIngressContractTests.StableOrReflectiveHeaders_AreForbidden(name: &quot;authorization&quot;)" computerName="SURFACE-LT" duration="00:00:00.0000053" startTime="2026-07-19T05:40:36.1716044+05:00" endTime="2026-07-19T05:40:36.1716327+05:00" testType="13cdc9d9-ddb5-4fa4-a97d-d965ccfc6d4b" outcome="Passed" testListId="8c84fa94-04c1-424b-9868-57a2d4851a1d" relativeResultsDirectory="73437c6b-e671-4d9b-8285-1d7c68bdbd74" />
    <UnitTestResult executionId="3367fb19-0758-4376-b60b-4855eb8c58b8" testId="3b7abe08-74a1-8c7d-0e9c-432c19db4b37" testName="Deep.Protocol.Tests.DeepExtension.ManagedIngress.ManagedIngressContractTests.EarlyData_IsRejectedBeforeForward" computerName="SURFACE-LT" duration="00:00:00.0014928" startTime="2026-07-19T05:40:36.1717018+05:00" endTime="2026-07-19T05:40:36.1717297+05:00" testType="13cdc9d9-ddb5-4fa4-a97d-d965ccfc6d4b" outcome="Passed" testListId="8c84fa94-04c1-424b-9868-57a2d4851a1d" relativeResultsDirectory="3367fb19-0758-4376-b60b-4855eb8c58b8" />
    <UnitTestResult executionId="4092d9a3-289f-4fe3-94c8-b88c95102af5" testId="8431ad84-2472-66f8-bc79-336922e35548" testName="Deep.Protocol.Tests.DeepExtension.NearbyHandshakeMalformedAndFuzzTests.FixedSeedMalformedFrames_StayInsideExpectedExceptionSurface" computerName="SURFACE-LT" duration="00:00:00.0161561" startTime="2026-07-19T05:40:36.2162913+05:00" endTime="2026-07-19T05:40:36.2389019+05:00" testType="13cdc9d9-ddb5-4fa4-a97d-d965ccfc6d4b" outcome="Passed" testListId="8c84fa94-04c1-424b-9868-57a2d4851a1d" relativeResultsDirectory="4092d9a3-289f-4fe3-94c8-b88c95102af5" />
    <UnitTestResult executionId="5c758ac6-7460-4eea-8aaf-d0c012992496" testId="6b3bb61d-1803-d0ce-25de-d185341fa211" testName="Deep.Protocol.Tests.DeepExtension.ManagedIngress.ManagedIngressMalformedAndFuzzTests.Die1_WrongLengthFailsClosed(length: 1)" computerName="SURFACE-LT" duration="00:00:00.0001147" startTime="2026-07-19T05:40:36.2230106+05:00" endTime="2026-07-19T05:40:36.2236531+05:00" testType="13cdc9d9-ddb5-4fa4-a97d-d965ccfc6d4b" outcome="Passed" testListId="8c84fa94-04c1-424b-9868-57a2d4851a1d" relativeResultsDirectory="5c758ac6-7460-4eea-8aaf-d0c012992496" />
    <UnitTestResult executionId="568eb3f9-e190-4584-83c4-3d3341b688c8" testId="debd3a83-3192-8ed8-ef58-bdd783b1a6f7" testName="Deep.Protocol.Tests.DeepExtension.ManagedIngress.ManagedIngressContractTests.PrivacyBearingAndInvalidH2Headers_AreRejected(name: &quot;connection&quot;)" computerName="SURFACE-LT" duration="00:00:00.0000062" startTime="2026-07-19T05:40:35.9617330+05:00" endTime="2026-07-19T05:40:35.9617660+05:00" testType="13cdc9d9-ddb5-4fa4-a97d-d965ccfc6d4b" outcome="Passed" testListId="8c84fa94-04c1-424b-9868-57a2d4851a1d" relativeResultsDirectory="568eb3f9-e190-4584-83c4-3d3341b688c8" />
    <UnitTestResult executionId="a138d31a-94ce-4011-bc66-0725c4078696" testId="9ac4a621-32ba-6f1b-5348-766e502f50ed" testName="Deep.Protocol.Tests.DeepExtension.ManagedIngress.ManagedIngressMalformedAndFuzzTests.Die1_MutationsFailClosed(offset: 9)" computerName="SURFACE-LT" duration="00:00:00.0000049" startTime="2026-07-19T05:40:36.2303475+05:00" endTime="2026-07-19T05:40:36.2303790+05:00" testType="13cdc9d9-ddb5-4fa4-a97d-d965ccfc6d4b" outcome="Passed" testListId="8c84fa94-04c1-424b-9868-57a2d4851a1d" relativeResultsDirectory="a138d31a-94ce-4011-bc66-0725c4078696" />
    <UnitTestResult executionId="d0103610-305f-4453-893a-ceac11bab3b0" testId="62837555-9b9c-54d5-8d34-e8269fde0dfa" testName="Deep.Protocol.Tests.DeepExtension.ManagedIngress.ManagedIngressMalformedAndFuzzTests.Die1_WrongLengthFailsClosed(length: 65)" computerName="SURFACE-LT" duration="00:00:00.0000053" startTime="2026-07-19T05:40:36.2237824+05:00" endTime="2026-07-19T05:40:36.2238115+05:00" testType="13cdc9d9-ddb5-4fa4-a97d-d965ccfc6d4b" outcome="Passed" testListId="8c84fa94-04c1-424b-9868-57a2d4851a1d" relativeResultsDirectory="d0103610-305f-4453-893a-ceac11bab3b0" />
    <UnitTestResult executionId="0945dfc1-04c9-4832-9265-65a0d6e21115" testId="1736a511-56d4-3c7b-c5f6-c8b3e1122c08" testName="Deep.Protocol.Tests.DeepExtension.MailboxReceiptContractTests.AcceptedReceipt_IsNotDurable" computerName="SURFACE-LT" duration="00:00:00.0001855" startTime="2026-07-19T05:40:36.1927574+05:00" endTime="2026-07-19T05:40:36.1927908+05:00" testType="13cdc9d9-ddb5-4fa4-a97d-d965ccfc6d4b" outcome="Passed" testListId="8c84fa94-04c1-424b-9868-57a2d4851a1d" relativeResultsDirectory="0945dfc1-04c9-4832-9265-65a0d6e21115" />
    <UnitTestResult executionId="2061bdb3-a419-4b65-b812-b0abb8e45999" testId="79f1a988-93ca-8a46-e206-73f3cc93a02b" testName="Deep.Protocol.Tests.DeepExtension.MembershipContractTests.FixedSeedMalformedInputs_StayInsideExpectedExceptionSurface" computerName="SURFACE-LT" duration="00:00:00.0470055" startTime="2026-07-19T05:40:36.1949069+05:00" endTime="2026-07-19T05:40:36.2419296+05:00" testType="13cdc9d9-ddb5-4fa4-a97d-d965ccfc6d4b" outcome="Passed" testListId="8c84fa94-04c1-424b-9868-57a2d4851a1d" relativeResultsDirectory="2061bdb3-a419-4b65-b812-b0abb8e45999" />
    <UnitTestResult executionId="ab8635c3-6a83-49e3-80f0-bb905e61a3ed" testId="4312b97e-32f2-71ee-5e19-5d84c84807b8" testName="Deep.Protocol.Tests.DeepExtension.ManagedIngress.ManagedIngressMalformedAndFuzzTests.HttpErrorMapping_IsExact(status: 413, errorClass: FrameTooLarge, certainty: BeforeForward)" computerName="SURFACE-LT" duration="00:00:00.0000008" startTime="2026-07-19T05:40:36.2192359+05:00" endTime="2026-07-19T05:40:36.2192710+05:00" testType="13cdc9d9-ddb5-4fa4-a97d-d965ccfc6d4b" outcome="Passed" testListId="8c84fa94-04c1-424b-9868-57a2d4851a1d" relativeResultsDirectory="ab8635c3-6a83-49e3-80f0-bb905e61a3ed" />
    <UnitTestResult executionId="e6fab2d8-e900-40e2-a18f-25877a5d6d93" testId="f77654db-0c74-7c64-1598-300a86d9c52a" testName="Deep.Protocol.Tests.DeepExtension.ManagedIngress.ManagedIngressMalformedAndFuzzTests.HttpErrorMapping_IsExact(status: 502, errorClass: InvalidUpstreamResponse, certainty: UnknownAfterForward)" computerName="SURFACE-LT" duration="00:00:00.0001905" startTime="2026-07-19T05:40:36.2166403+05:00" endTime="2026-07-19T05:40:36.2167146+05:00" testType="13cdc9d9-ddb5-4fa4-a97d-d965ccfc6d4b" outcome="Passed" testListId="8c84fa94-04c1-424b-9868-57a2d4851a1d" relativeResultsDirectory="e6fab2d8-e900-40e2-a18f-25877a5d6d93" />
    <UnitTestResult executionId="b55828bb-086b-4a4e-970c-7bced17b2f3f" testId="ba423d79-5c0d-3c48-569e-7d433453fc5f" testName="Deep.Protocol.Tests.DeepExtension.MailboxCapabilityMalformedAndFuzzTests.StructuredHeaderMutations_AreRejected(offset: 60, value: 1)" computerName="SURFACE-LT" duration="00:00:00.0000065" startTime="2026-07-19T05:40:36.2293223+05:00" endTime="2026-07-19T05:40:36.2293997+05:00" testType="13cdc9d9-ddb5-4fa4-a97d-d965ccfc6d4b" outcome="Passed" testListId="8c84fa94-04c1-424b-9868-57a2d4851a1d" relativeResultsDirectory="b55828bb-086b-4a4e-970c-7bced17b2f3f" />
    <UnitTestResult executionId="95bbce69-24d9-463d-8a08-1b039e12b7d0" testId="b6468f63-b5e3-61f2-0c3a-07e57923d0e0" testName="Deep.Protocol.Tests.DeepExtension.OpaqueBundleCodecTests.CallerPolicies_MayNarrowButNeverExtendKnownCriticalFeatures" computerName="SURFACE-LT" duration="00:00:00.0027785" startTime="2026-07-19T05:40:36.2156750+05:00" endTime="2026-07-19T05:40:36.2166704+05:00" testType="13cdc9d9-ddb5-4fa4-a97d-d965ccfc6d4b" outcome="Passed" testListId="8c84fa94-04c1-424b-9868-57a2d4851a1d" relativeResultsDirectory="95bbce69-24d9-463d-8a08-1b039e12b7d0" />
    <UnitTestResult executionId="8921e929-3d39-4e67-9dfa-35acea6c1c75" testId="3b1b11ef-54ba-619b-8f8c-3369123ca8c1" testName="Deep.Protocol.Tests.DeepExtension.NearbyHandshakeContractTests.StalePeriodAndNonAdvancingResumption_FailBeforeAdapter" computerName="SURFACE-LT" duration="00:00:00.0005944" startTime="2026-07-19T05:40:36.2391575+05:00" endTime="2026-07-19T05:40:36.2396824+05:00" testType="13cdc9d9-ddb5-4fa4-a97d-d965ccfc6d4b" outcome="Passed" testListId="8c84fa94-04c1-424b-9868-57a2d4851a1d" relativeResultsDirectory="8921e929-3d39-4e67-9dfa-35acea6c1c75" />
    <UnitTestResult executionId="44e6f03d-ca37-419a-96ca-bf67a8561943" testId="78107ed6-2614-ccc2-6066-3e321fd5f6dc" testName="Deep.Protocol.Tests.DeepExtension.CompatibilityMetadataEnvelopeMalformedAndFuzzTests.DecodeRejectsInvalidCiphertextOverhead_BeforeReplayCommit(domain: Payload, aboveMaximum: False)" computerName="SURFACE-LT" duration="00:00:00.0001083" startTime="2026-07-19T05:40:35.9638604+05:00" endTime="2026-07-19T05:40:35.9638904+05:00" testType="13cdc9d9-ddb5-4fa4-a97d-d965ccfc6d4b" outcome="Passed" testListId="8c84fa94-04c1-424b-9868-57a2d4851a1d" relativeResultsDirectory="44e6f03d-ca37-419a-96ca-bf67a8561943" />
    <UnitTestResult executionId="9deb6e46-d909-4501-a39b-9901410daef2" testId="2a29aa05-1e73-52dc-3683-442b57867d4a" testName="Deep.Protocol.Tests.DeepExtension.ManagedIngress.ManagedIngressContractTests.CapabilityDocument_RoundTripsCanonicalBoundedJson" computerName="SURFACE-LT" duration="00:00:00.0021502" startTime="2026-07-19T05:40:36.2334474+05:00" endTime="2026-07-19T05:40:36.2335838+05:00" testType="13cdc9d9-ddb5-4fa4-a97d-d965ccfc6d4b" outcome="Passed" testListId="8c84fa94-04c1-424b-9868-57a2d4851a1d" relativeResultsDirectory="9deb6e46-d909-4501-a39b-9901410daef2" />
    <UnitTestResult executionId="5e3c3d5b-f444-40c5-9206-d47077eb1ff9" testId="1033232d-845b-97c1-4fbb-d8a4f1ee8525" testName="Deep.Protocol.Tests.SodiumDifferentialTests.BlindedRecipientEncryption_SupportsBlind15AndBlind25SessionPrefixes" computerName="SURFACE-LT" duration="00:00:00.0021229" startTime="2026-07-19T05:40:36.1830475+05:00" endTime="2026-07-19T05:40:36.1846799+05:00" testType="13cdc9d9-ddb5-4fa4-a97d-d965ccfc6d4b" outcome="Passed" testListId="8c84fa94-04c1-424b-9868-57a2d4851a1d" relativeResultsDirectory="5e3c3d5b-f444-40c5-9206-d47077eb1ff9" />
    <UnitTestResult executionId="d922d596-44f1-40d4-ba10-7e2bd7e1337d" testId="1048bcd4-0090-62b3-8bda-3f90b472d335" testName="Deep.Protocol.Tests.OnionRequestCodecTests.DecryptResponseFallsBackToPlaintextWhenEnvelopeIsNotJson" computerName="SURFACE-LT" duration="00:00:00.2571097" startTime="2026-07-19T05:40:35.9533271+05:00" endTime="2026-07-19T05:40:36.1935909+05:00" testType="13cdc9d9-ddb5-4fa4-a97d-d965ccfc6d4b" outcome="Passed" testListId="8c84fa94-04c1-424b-9868-57a2d4851a1d" relativeResultsDirectory="d922d596-44f1-40d4-ba10-7e2bd7e1337d" />
    <UnitTestResult executionId="42be079d-6800-4770-91c5-26f4d3a673c2" testId="6d77784b-9a3c-6d31-aa54-1e66bbc5031c" testName="Deep.Protocol.Tests.DeepExtension.MembershipContractTests.OneOnlineSignerAndCrossDomainBridgeSignature_CannotAuthorizeMembership" computerName="SURFACE-LT" duration="00:00:00.0003278" startTime="2026-07-19T05:40:36.1948055+05:00" endTime="2026-07-19T05:40:36.1948368+05:00" testType="13cdc9d9-ddb5-4fa4-a97d-d965ccfc6d4b" outcome="Passed" testListId="8c84fa94-04c1-424b-9868-57a2d4851a1d" relativeResultsDirectory="42be079d-6800-4770-91c5-26f4d3a673c2" />
    <UnitTestResult executionId="cd19e08e-c0e5-4214-9151-a813606e2350" testId="8ec7e85a-3b93-cbd2-460f-6dd39e277c51" testName="Deep.Protocol.Tests.DeepExtension.MembershipCorrectiveContractTests.AllStatementDecodersAndGoldenVectors_AreCanonical" computerName="SURFACE-LT" duration="00:00:00.2107147" startTime="2026-07-19T05:40:35.9949607+05:00" endTime="2026-07-19T05:40:36.2055452+05:00" testType="13cdc9d9-ddb5-4fa4-a97d-d965ccfc6d4b" outcome="Passed" testListId="8c84fa94-04c1-424b-9868-57a2d4851a1d" relativeResultsDirectory="cd19e08e-c0e5-4214-9151-a813606e2350" />
    <UnitTestResult executionId="73892292-3cb6-4457-97dd-bf896da96140" testId="e148db0b-f7a4-449b-3892-bb1c5f998976" testName="Deep.Protocol.Tests.DeepExtension.ManagedIngress.ManagedIngressContractTests.MalformedOuterResponse_IsAlwaysOutcomeUnknown" computerName="SURFACE-LT" duration="00:00:00.0000930" startTime="2026-07-19T05:40:36.1747444+05:00" endTime="2026-07-19T05:40:36.1747764+05:00" testType="13cdc9d9-ddb5-4fa4-a97d-d965ccfc6d4b" outcome="Passed" testListId="8c84fa94-04c1-424b-9868-57a2d4851a1d" relativeResultsDirectory="73892292-3cb6-4457-97dd-bf896da96140" />
    <UnitTestResult executionId="811f1906-cf0c-4d6b-a3e1-ba369035cea4" testId="3c65fcdf-d833-6b01-5589-c30b9bb467f8" testName="Deep.Protocol.Tests.DeepExtension.ManagedIngress.ManagedIngressMalformedAndFuzzTests.Die1_MutationsFailClosed(offset: 6)" computerName="SURFACE-LT" duration="00:00:00.0000074" startTime="2026-07-19T05:40:36.2312371+05:00" endTime="2026-07-19T05:40:36.2312680+05:00" testType="13cdc9d9-ddb5-4fa4-a97d-d965ccfc6d4b" outcome="Passed" testListId="8c84fa94-04c1-424b-9868-57a2d4851a1d" relativeResultsDirectory="811f1906-cf0c-4d6b-a3e1-ba369035cea4" />
    <UnitTestResult executionId="9d1b7cc0-114b-4dfb-94a5-be0282204b6e" testId="b83738e7-223c-1470-03e0-800d05aa5161" testName="Deep.Protocol.Tests.DeepExtension.ManagedIngress.ManagedIngressMalformedAndFuzzTests.Die1_MutationsFailClosed(offset: 0)" computerName="SURFACE-LT" duration="00:00:00.0001486" startTime="2026-07-19T05:40:36.2296919+05:00" endTime="2026-07-19T05:40:36.2297228+05:00" testType="13cdc9d9-ddb5-4fa4-a97d-d965ccfc6d4b" outcome="Passed" testListId="8c84fa94-04c1-424b-9868-57a2d4851a1d" relativeResultsDirectory="9d1b7cc0-114b-4dfb-94a5-be0282204b6e" />
    <UnitTestResult executionId="787e1592-6921-4efd-b0af-3252acdbaf89" testId="15a465b8-27d8-664d-159a-a7cb639d0b9a" testName="Deep.Protocol.Tests.DeepExtension.ManagedIngress.ManagedIngressMalformedAndFuzzTests.CrossMappedStatusAndFrame_Fails" computerName="SURFACE-LT" duration="00:00:00.0000357" startTime="2026-07-19T05:40:36.2195961+05:00" endTime="2026-07-19T05:40:36.2196299+05:00" testType="13cdc9d9-ddb5-4fa4-a97d-d965ccfc6d4b" outcome="Passed" testListId="8c84fa94-04c1-424b-9868-57a2d4851a1d" relativeResultsDirectory="787e1592-6921-4efd-b0af-3252acdbaf89" />
    <UnitTestResult executionId="0d082799-977d-4752-9c6e-48aeb3f0b69f" testId="e2b2333f-df42-778c-d68c-5b7e156da3f3" testName="Deep.Protocol.Tests.DeepExtension.ManagedIngress.ManagedIngressContractTests.InnerLookingBytes_RemainOpaqueAndUninterpreted(prefix: &quot;DPB1&quot;)" computerName="SURFACE-LT" duration="00:00:00.0000018" startTime="2026-07-19T05:40:36.2344568+05:00" endTime="2026-07-19T05:40:36.2344864+05:00" testType="13cdc9d9-ddb5-4fa4-a97d-d965ccfc6d4b" outcome="Passed" testListId="8c84fa94-04c1-424b-9868-57a2d4851a1d" relativeResultsDirectory="0d082799-977d-4752-9c6e-48aeb3f0b69f" />
    <UnitTestResult executionId="a40d2c74-175e-4b3e-888f-0f2f0e7fa959" testId="49c0a153-36bb-4446-5c52-2b7f02efd860" testName="Deep.Protocol.Tests.OnionRequestCodecTests.OnionEncryptionNamesMatchLibsessionAliases(wireName: &quot;xchacha20&quot;, expected: XChaCha20)" computerName="SURFACE-LT" duration="00:00:00.0001588" startTime="2026-07-19T05:40:36.2034978+05:00" endTime="2026-07-19T05:40:36.2035938+05:00" testType="13cdc9d9-ddb5-4fa4-a97d-d965ccfc6d4b" outcome="Passed" testListId="8c84fa94-04c1-424b-9868-57a2d4851a1d" relativeResultsDirectory="a40d2c74-175e-4b3e-888f-0f2f0e7fa959" />
    <UnitTestResult executionId="491adec2-18c7-459f-8284-40e8de21fedf" testId="af3d5a5f-34c1-7a7d-9776-5aaa9cc11779" testName="Deep.Protocol.Tests.DeepExtension.ManagedIngress.ManagedIngressContractTests.OpaqueFrame_BoundsAreAcceptedAndBytesRemainOpaque(length: 1572864)" computerName="SURFACE-LT" duration="00:00:00.0067298" startTime="2026-07-19T05:40:36.1809841+05:00" endTime="2026-07-19T05:40:36.1822646+05:00" testType="13cdc9d9-ddb5-4fa4-a97d-d965ccfc6d4b" outcome="Passed" testListId="8c84fa94-04c1-424b-9868-57a2d4851a1d" relativeResultsDirectory="491adec2-18c7-459f-8284-40e8de21fedf" />
    <UnitTestResult executionId="74b21373-2b64-4ce4-b512-a7f16e0e2179" testId="012ec680-4b02-8948-e40c-7f4acf233a15" testName="Deep.Protocol.Tests.DeepExtension.ManagedIngress.ManagedIngressContractTests.UnknownCriticalCapabilityFeature_FailsClosed" computerName="SURFACE-LT" duration="00:00:00.0004767" startTime="2026-07-19T05:40:36.2336542+05:00" endTime="2026-07-19T05:40:36.2336850+05:00" testType="13cdc9d9-ddb5-4fa4-a97d-d965ccfc6d4b" outcome="Passed" testListId="8c84fa94-04c1-424b-9868-57a2d4851a1d" relativeResultsDirectory="74b21373-2b64-4ce4-b512-a7f16e0e2179" />
    <UnitTestResult executionId="7b771335-4041-487e-93af-20147303c432" testId="89c69b19-bbed-7a93-3d41-975ea35cf141" testName="Deep.Protocol.Tests.DeepExtension.ManagedIngress.ManagedIngressContractTests.NonCanonicalFrameRequest_FailsClosed(method: &quot;POST&quot;, path: &quot;/api/ingress/v1/frame&quot;, query: &quot;&quot;, version: &quot;1.1&quot;, contentType: &quot;application/vnd.xpoint.deep.ingress-opaque-v1&quot;, accept: &quot;application/vnd.xpoint.deep.ingress-opaque-v1&quot;)" computerName="SURFACE-LT" duration="00:00:00.0000045" startTime="2026-07-19T05:40:35.9577396+05:00" endTime="2026-07-19T05:40:35.9577698+05:00" testType="13cdc9d9-ddb5-4fa4-a97d-d965ccfc6d4b" outcome="Passed" testListId="8c84fa94-04c1-424b-9868-57a2d4851a1d" relativeResultsDirectory="7b771335-4041-487e-93af-20147303c432" />
    <UnitTestResult executionId="37371f16-b061-4122-b192-9da42c570395" testId="0d3762fa-fe9c-976c-35ce-e69667a150fa" testName="Deep.Protocol.Tests.OnionRequestCodecTests.DecryptResponseParsesJsonEnvelopeFromSealedCiphertext" computerName="SURFACE-LT" duration="00:00:00.0054691" startTime="2026-07-19T05:40:36.1958161+05:00" endTime="2026-07-19T05:40:36.2012963+05:00" testType="13cdc9d9-ddb5-4fa4-a97d-d965ccfc6d4b" outcome="Passed" testListId="8c84fa94-04c1-424b-9868-57a2d4851a1d" relativeResultsDirectory="37371f16-b061-4122-b192-9da42c570395" />
    <UnitTestResult executionId="cabf2295-b309-4afb-b954-4076340a3bb0" testId="13b02d88-f7b7-1266-d38a-2d3602d6b7e5" testName="Deep.Protocol.Tests.DeepExtension.CompatibilityMetadataEnvelopeMalformedAndFuzzTests.DecodeRejectsInvalidCiphertextOverhead_BeforeReplayCommit(domain: Header, aboveMaximum: True)" computerName="SURFACE-LT" duration="00:00:00.0000245" startTime="2026-07-19T05:40:35.9639401+05:00" endTime="2026-07-19T05:40:35.9640347+05:00" testType="13cdc9d9-ddb5-4fa4-a97d-d965ccfc6d4b" outcome="Passed" testListId="8c84fa94-04c1-424b-9868-57a2d4851a1d" relativeResultsDirectory="cabf2295-b309-4afb-b954-4076340a3bb0" />
    <UnitTestResult executionId="a82a81b1-793e-45b6-b4e1-475bc50ed891" testId="db4f82c0-8255-25c1-23bd-37f365260966" testName="Deep.Protocol.Tests.DeepExtension.MailboxCapabilityContractTests.CanonicalDepositPresentation_MatchesGoldenVector" computerName="SURFACE-LT" duration="00:00:00.0064932" startTime="2026-07-19T05:40:36.2335532+05:00" endTime="2026-07-19T05:40:36.2355682+05:00" testType="13cdc9d9-ddb5-4fa4-a97d-d965ccfc6d4b" outcome="Passed" testListId="8c84fa94-04c1-424b-9868-57a2d4851a1d" relativeResultsDirectory="a82a81b1-793e-45b6-b4e1-475bc50ed891" />
    <UnitTestResult executionId="ad2afc97-1486-4160-b353-0fc359246ec8" testId="c569eda1-825e-c8c4-52c4-a1c760b137fc" testName="Deep.Protocol.Tests.DeepExtension.ManagedIngress.ManagedIngressContractTests.StableOrReflectiveHeaders_AreForbidden(name: &quot;x-correlation-id&quot;)" computerName="SURFACE-LT" duration="00:00:00.0000056" startTime="2026-07-19T05:40:36.1709180+05:00" endTime="2026-07-19T05:40:36.1709455+05:00" testType="13cdc9d9-ddb5-4fa4-a97d-d965ccfc6d4b" outcome="Passed" testListId="8c84fa94-04c1-424b-9868-57a2d4851a1d" relativeResultsDirectory="ad2afc97-1486-4160-b353-0fc359246ec8" />
    <UnitTestResult executionId="0e1f5526-0dba-463f-8736-8dfb2fc1e483" testId="35546dad-04ca-0579-050a-6adb0cff3611" testName="Deep.Protocol.Tests.DeepExtension.MembershipSecondCorrectiveTests.EveryVerifierEntry_RejectsCallerConstructedInvalidGenesisWithContractException" computerName="SURFACE-LT" duration="00:00:00.0031803" startTime="2026-07-19T05:40:36.2105010+05:00" endTime="2026-07-19T05:40:36.2119786+05:00" testType="13cdc9d9-ddb5-4fa4-a97d-d965ccfc6d4b" outcome="Passed" testListId="8c84fa94-04c1-424b-9868-57a2d4851a1d" relativeResultsDirectory="0e1f5526-0dba-463f-8736-8dfb2fc1e483" />
    <UnitTestResult executionId="54722f9e-0a8f-482b-ab42-29b5f89fa638" testId="490a765d-4de9-6859-73e2-c24ffb0de1ff" testName="Deep.Protocol.Tests.CrossLanguageDifferentialTests.OneToOneCodecCiphertextDecryptsWithDirectSodium" computerName="SURFACE-LT" duration="00:00:00.0011562" startTime="2026-07-19T05:40:36.2038146+05:00" endTime="2026-07-19T05:40:36.2051793+05:00" testType="13cdc9d9-ddb5-4fa4-a97d-d965ccfc6d4b" outcome="Passed" testListId="8c84fa94-04c1-424b-9868-57a2d4851a1d" relativeResultsDirectory="54722f9e-0a8f-482b-ab42-29b5f89fa638" />
    <UnitTestResult executionId="39a6ace7-4611-4f06-87ff-8b32633ecd6b" testId="34eecc19-931f-2307-c72c-74ae44649a80" testName="Deep.Protocol.Tests.DeepExtension.OpaqueBundleCodecTests.LegacyDpe1Payload_IsPreservedByteForByte_OnlyWithExplicitProfile" computerName="SURFACE-LT" duration="00:00:00.0002308" startTime="2026-07-19T05:40:36.2067132+05:00" endTime="2026-07-19T05:40:36.2067460+05:00" testType="13cdc9d9-ddb5-4fa4-a97d-d965ccfc6d4b" outcome="Passed" testListId="8c84fa94-04c1-424b-9868-57a2d4851a1d" relativeResultsDirectory="39a6ace7-4611-4f06-87ff-8b32633ecd6b" />
    <UnitTestResult executionId="7e724adf-bd12-4c88-b579-fa6ae986f1f0" testId="71f377a0-5778-a1a6-3cdc-98c0a45ac7a7" testName="Deep.Protocol.Tests.DeepExtension.ManagedIngress.ManagedIngressContractTests.StableOrReflectiveHeaders_AreForbidden(name: &quot;idempotency-key&quot;)" computerName="SURFACE-LT" duration="00:00:00.0000069" startTime="2026-07-19T05:40:36.1708469+05:00" endTime="2026-07-19T05:40:36.1708744+05:00" testType="13cdc9d9-ddb5-4fa4-a97d-d965ccfc6d4b" outcome="Passed" testListId="8c84fa94-04c1-424b-9868-57a2d4851a1d" relativeResultsDirectory="7e724adf-bd12-4c88-b579-fa6ae986f1f0" />
    <UnitTestResult executionId="12b35031-5805-432b-b4a2-f9554b8dc003" testId="27285f91-4406-4d43-6f6d-4ebd693e4553" testName="Deep.Protocol.Tests.DeepExtension.MailboxCapabilityContractTests.LifecycleMarkers_RequireExplicitPolicy(lifecycle: Overlap, overlapUntil: 1050, strictAccepted: True)" computerName="SURFACE-LT" duration="00:00:00.0000392" startTime="2026-07-19T05:40:36.2379286+05:00" endTime="2026-07-19T05:40:36.2379571+05:00" testType="13cdc9d9-ddb5-4fa4-a97d-d965ccfc6d4b" outcome="Passed" testListId="8c84fa94-04c1-424b-9868-57a2d4851a1d" relativeResultsDirectory="12b35031-5805-432b-b4a2-f9554b8dc003" />
    <UnitTestResult executionId="350bf686-e742-41cf-a09d-c3006b16671c" testId="e1912d1d-ffd5-8161-6856-9f9dc2ac56ca" testName="Deep.Protocol.Tests.DeepExtension.CompatibilityMetadataEnvelopeTests.ProductionAssembly_ContainsNoCompatibilityCryptoImplementation" computerName="SURFACE-LT" duration="00:00:00.0039606" startTime="2026-07-19T05:40:36.2119447+05:00" endTime="2026-07-19T05:40:36.2163229+05:00" testType="13cdc9d9-ddb5-4fa4-a97d-d965ccfc6d4b" outcome="Passed" testListId="8c84fa94-04c1-424b-9868-57a2d4851a1d" relativeResultsDirectory="350bf686-e742-41cf-a09d-c3006b16671c" />
    <UnitTestResult executionId="f3bfd9a8-a1de-424a-bd8d-ae08c8341cd0" testId="f2eff9a2-3a96-cf68-f751-b6ad5bd95bef" testName="Deep.Protocol.Tests.DeepExtension.ManagedIngress.ManagedIngressContractTests.StableOrReflectiveHeaders_AreForbidden(name: &quot;tracestate&quot;)" computerName="SURFACE-LT" duration="00:00:00.0001172" startTime="2026-07-19T05:40:36.1705478+05:00" endTime="2026-07-19T05:40:36.1705794+05:00" testType="13cdc9d9-ddb5-4fa4-a97d-d965ccfc6d4b" outcome="Passed" testListId="8c84fa94-04c1-424b-9868-57a2d4851a1d" relativeResultsDirectory="f3bfd9a8-a1de-424a-bd8d-ae08c8341cd0" />
    <UnitTestResult executionId="21f6641a-30b0-419b-8925-4c9fccb831c2" testId="500fe7f3-6573-2814-c8de-0419f5118b7e" testName="Deep.Protocol.Tests.DeepExtension.NearbyHandshakeContractTests.SimultaneousOpenAndLifecycle_AreDeterministicAndFailClosed" computerName="SURFACE-LT" duration="00:00:00.0062685" startTime="2026-07-19T05:40:36.2397623+05:00" endTime="2026-07-19T05:40:36.2416262+05:00" testType="13cdc9d9-ddb5-4fa4-a97d-d965ccfc6d4b" outcome="Passed" testListId="8c84fa94-04c1-424b-9868-57a2d4851a1d" relativeResultsDirectory="21f6641a-30b0-419b-8925-4c9fccb831c2" />
    <UnitTestResult executionId="b9bdb237-d92d-47da-a96b-d1fd8db32593" testId="b646747c-79f4-44e0-39aa-3ef049da7962" testName="Deep.Protocol.Tests.DeepExtension.MembershipContractTests.SelfHostedGenesis_RequiresItsOwnOfflineRootQuorum" computerName="SURFACE-LT" duration="00:00:00.0020947" startTime="2026-07-19T05:40:36.1935635+05:00" endTime="2026-07-19T05:40:36.1938141+05:00" testType="13cdc9d9-ddb5-4fa4-a97d-d965ccfc6d4b" outcome="Passed" testListId="8c84fa94-04c1-424b-9868-57a2d4851a1d" relativeResultsDirectory="b9bdb237-d92d-47da-a96b-d1fd8db32593" />
    <UnitTestResult executionId="3042ea97-d260-48b1-8c0b-6430bd88d5ce" testId="a4dd61de-22a7-ad56-5760-b3de8547e717" testName="Deep.Protocol.Tests.DeepExtension.NearbyHandshakeMalformedAndFuzzTests.LengthAndTrailingBytes_AreRejected" computerName="SURFACE-LT" duration="00:00:00.0044671" startTime="2026-07-19T05:40:36.2109057+05:00" endTime="2026-07-19T05:40:36.2158893+05:00" testType="13cdc9d9-ddb5-4fa4-a97d-d965ccfc6d4b" outcome="Passed" testListId="8c84fa94-04c1-424b-9868-57a2d4851a1d" relativeResultsDirectory="3042ea97-d260-48b1-8c0b-6430bd88d5ce" />
    <UnitTestResult executionId="cf8e815a-4a17-4496-8c63-1221af3f3046" testId="acbb3580-01ec-04a0-b60e-6a325ef320a9" testName="Deep.Protocol.Tests.DeepExtension.OpaqueBundleCodecTests.Negotiation_UsesHighestIntersection_AndNeverSilentlyDowngrades" computerName="SURFACE-LT" duration="00:00:00.0004753" startTime="2026-07-19T05:40:36.2057582+05:00" endTime="2026-07-19T05:40:36.2065521+05:00" testType="13cdc9d9-ddb5-4fa4-a97d-d965ccfc6d4b" outcome="Passed" testListId="8c84fa94-04c1-424b-9868-57a2d4851a1d" relativeResultsDirectory="cf8e815a-4a17-4496-8c63-1221af3f3046" />
    <UnitTestResult executionId="fb874b38-5005-43be-ac43-485d399136c7" testId="0edb23ab-c701-12dd-3072-32d448851f6c" testName="Deep.Protocol.Tests.DeepExtension.CompatibilityMetadataEnvelopeTests.HopLocalAttemptAndNonceChanges_RemoveStableAttemptBytes" computerName="SURFACE-LT" duration="00:00:00.0004847" startTime="2026-07-19T05:40:35.9612191+05:00" endTime="2026-07-19T05:40:35.9612612+05:00" testType="13cdc9d9-ddb5-4fa4-a97d-d965ccfc6d4b" outcome="Passed" testListId="8c84fa94-04c1-424b-9868-57a2d4851a1d" relativeResultsDirectory="fb874b38-5005-43be-ac43-485d399136c7" />
    <UnitTestResult executionId="d0929ab0-2d1e-4eb2-9f15-ae0b597d58fc" testId="d0d265eb-9601-69b7-7da4-c58dc7f7efe0" testName="Deep.Protocol.Tests.DeepExtension.MembershipContractTests.VerificationClockSkew_IsCallerSuppliedBoundedAndFailClosed" computerName="SURFACE-LT" duration="00:00:00.0007305" startTime="2026-07-19T05:40:36.1938924+05:00" endTime="2026-07-19T05:40:36.1941380+05:00" testType="13cdc9d9-ddb5-4fa4-a97d-d965ccfc6d4b" outcome="Passed" testListId="8c84fa94-04c1-424b-9868-57a2d4851a1d" relativeResultsDirectory="d0929ab0-2d1e-4eb2-9f15-ae0b597d58fc" />
    <UnitTestResult executionId="b25d78d3-5fd6-4b9e-ae02-d366fe4f7b96" testId="fc8a4cb7-a917-6ada-d07d-9e7482c121a9" testName="Deep.Protocol.Tests.DeepExtension.ManagedIngress.ManagedIngressContractTests.ContractConstants_AreExactAndTransportOnly" computerName="SURFACE-LT" duration="00:00:00.0012757" startTime="2026-07-19T05:40:36.1846627+05:00" endTime="2026-07-19T05:40:36.1922311+05:00" testType="13cdc9d9-ddb5-4fa4-a97d-d965ccfc6d4b" outcome="Passed" testListId="8c84fa94-04c1-424b-9868-57a2d4851a1d" relativeResultsDirectory="b25d78d3-5fd6-4b9e-ae02-d366fe4f7b96" />
    <UnitTestResult executionId="e9cd153b-5636-4b23-b38a-e5cbb1929108" testId="92b04862-2638-e733-1320-931ac811db94" testName="Deep.Protocol.Tests.DeepExtension.OpaqueBundleMalformedAndFuzzTests.DeterministicStructuredMutations_ReachNamedFailureBranches(name: &quot;legacy-kind-without-opt-in&quot;, mutate: Func`2 { Method = Byte[] &lt;get_StructuredMutations&gt;b__4_6(Byte[]), Target = &lt;&gt;c { } }, expectedError: LegacyPayloadNotAllowed)" computerName="SURFACE-LT" duration="00:00:00.0000386" startTime="2026-07-19T05:40:36.2922651+05:00" endTime="2026-07-19T05:40:36.2922932+05:00" testType="13cdc9d9-ddb5-4fa4-a97d-d965ccfc6d4b" outcome="Passed" testListId="8c84fa94-04c1-424b-9868-57a2d4851a1d" relativeResultsDirectory="e9cd153b-5636-4b23-b38a-e5cbb1929108" />
    <UnitTestResult executionId="f99efd4d-7c29-487b-a477-2c78a6d4fcc1" testId="4396bb55-a24f-954d-6fcb-6fc44fbb33aa" testName="Deep.Protocol.Tests.DeepExtension.MailboxCapabilityMalformedAndFuzzTests.StructuredHeaderMutations_AreRejected(offset: 7, value: 0)" computerName="SURFACE-LT" duration="00:00:00.0000095" startTime="2026-07-19T05:40:36.2290365+05:00" endTime="2026-07-19T05:40:36.2290781+05:00" testType="13cdc9d9-ddb5-4fa4-a97d-d965ccfc6d4b" outcome="Passed" testListId="8c84fa94-04c1-424b-9868-57a2d4851a1d" relativeResultsDirectory="f99efd4d-7c29-487b-a477-2c78a6d4fcc1" />
    <UnitTestResult executionId="f86adfb9-df9b-47c4-b82c-6142259b5b35" testId="6721e585-9d1e-be8e-589a-af92996b352b" testName="Deep.Protocol.Tests.DeepExtension.MembershipSecondCorrectiveTests.RootSignedDelegation_CanRotateAllOnlineIdsAndKeys" computerName="SURFACE-LT" duration="00:00:00.0003315" startTime="2026-07-19T05:40:36.2122780+05:00" endTime="2026-07-19T05:40:36.2123681+05:00" testType="13cdc9d9-ddb5-4fa4-a97d-d965ccfc6d4b" outcome="Passed" testListId="8c84fa94-04c1-424b-9868-57a2d4851a1d" relativeResultsDirectory="f86adfb9-df9b-47c4-b82c-6142259b5b35" />
    <UnitTestResult executionId="e0b28d7a-cc0f-4db3-a298-faae85bb3823" testId="d5fb2ca6-37f3-7d22-2a51-b706304bc8f2" testName="Deep.Protocol.Tests.DeepExtension.MembershipSecondCorrectiveTests.SignedAuthorityEnvelopes_AreCanonicalGoldenAndStrict" computerName="SURFACE-LT" duration="00:00:00.2498695" startTime="2026-07-19T05:40:35.9669738+05:00" endTime="2026-07-19T05:40:36.2078920+05:00" testType="13cdc9d9-ddb5-4fa4-a97d-d965ccfc6d4b" outcome="Passed" testListId="8c84fa94-04c1-424b-9868-57a2d4851a1d" relativeResultsDirectory="e0b28d7a-cc0f-4db3-a298-faae85bb3823" />
    <UnitTestResult executionId="dbab9b80-190a-408d-9f2d-65287fe84905" testId="df505b0b-eb1f-ab9a-afb3-cce1a200ccb9" testName="Deep.Protocol.Tests.DeepExtension.MembershipCorrectiveContractTests.DelegationAuthorityChain_IsMonotonicHashPinnedAndForkEvident" computerName="SURFACE-LT" duration="00:00:00.0020046" startTime="2026-07-19T05:40:35.9737476+05:00" endTime="2026-07-19T05:40:35.9756121+05:00" testType="13cdc9d9-ddb5-4fa4-a97d-d965ccfc6d4b" outcome="Passed" testListId="8c84fa94-04c1-424b-9868-57a2d4851a1d" relativeResultsDirectory="dbab9b80-190a-408d-9f2d-65287fe84905" />
    <UnitTestResult executionId="41d2d7e8-74f1-43ea-994a-7784136ebeda" testId="28b458d2-a4c0-de1b-f7bf-cc19ab5556e7" testName="Deep.Protocol.Tests.DeepExtension.MembershipCorrectiveContractTests.BetaV1Policy_IsExactAndBridgeIdsAreUnique" computerName="SURFACE-LT" duration="00:00:00.0005490" startTime="2026-07-19T05:40:35.9943937+05:00" endTime="2026-07-19T05:40:35.9948435+05:00" testType="13cdc9d9-ddb5-4fa4-a97d-d965ccfc6d4b" outcome="Passed" testListId="8c84fa94-04c1-424b-9868-57a2d4851a1d" relativeResultsDirectory="41d2d7e8-74f1-43ea-994a-7784136ebeda" />
    <UnitTestResult executionId="5840c2bb-0de5-48f3-9066-8350149b6974" testId="df08eb57-f5d3-9994-698e-08bbaf4d9422" testName="Deep.Protocol.Tests.DeepExtension.OpaqueBundleMalformedAndFuzzTests.EverySingleByteTruncation_FailsWithoutPartialResult" computerName="SURFACE-LT" duration="00:00:00.0016308" startTime="2026-07-19T05:40:36.2115662+05:00" endTime="2026-07-19T05:40:36.2147371+05:00" testType="13cdc9d9-ddb5-4fa4-a97d-d965ccfc6d4b" outcome="Passed" testListId="8c84fa94-04c1-424b-9868-57a2d4851a1d" relativeResultsDirectory="5840c2bb-0de5-48f3-9066-8350149b6974" />
    <UnitTestResult executionId="43bb389a-0773-45ca-8503-b1b8855d8de0" testId="70908441-646c-f8af-4ed2-043cbeee73ee" testName="Deep.Protocol.Tests.SodiumDifferentialTests.RecipientEncryptionPayloadIsDirectlyDecryptableBySodium" computerName="SURFACE-LT" duration="00:00:00.2531897" startTime="2026-07-19T05:40:35.9441347+05:00" endTime="2026-07-19T05:40:36.1812717+05:00" testType="13cdc9d9-ddb5-4fa4-a97d-d965ccfc6d4b" outcome="Passed" testListId="8c84fa94-04c1-424b-9868-57a2d4851a1d" relativeResultsDirectory="43bb389a-0773-45ca-8503-b1b8855d8de0" />
    <UnitTestResult executionId="4ed27ca3-3aaa-4aa1-8edf-f37fdbd26167" testId="5f6c9f8f-f8d3-e3f2-f485-b16ee614565e" testName="Deep.Protocol.Tests.DeepExtension.MailboxCapabilityMalformedAndFuzzTests.StructuredHeaderMutations_AreRejected(offset: 28, value: 1)" computerName="SURFACE-LT" duration="00:00:00.0002463" startTime="2026-07-19T05:40:36.2269151+05:00" endTime="2026-07-19T05:40:36.2271801+05:00" testType="13cdc9d9-ddb5-4fa4-a97d-d965ccfc6d4b" outcome="Passed" testListId="8c84fa94-04c1-424b-9868-57a2d4851a1d" relativeResultsDirectory="4ed27ca3-3aaa-4aa1-8edf-f37fdbd26167" />
    <UnitTestResult executionId="66f48d8b-c439-4bb4-aac4-2890b1d37790" testId="04f61699-8bd0-843a-ae9a-b6da59d7fed7" testName="Deep.Protocol.Tests.DeepExtension.MailboxReceiptMalformedAndFuzzTests.StructuredReplicaMutations_AreRejected" computerName="SURFACE-LT" duration="00:00:00.0007351" startTime="2026-07-19T05:40:35.9641376+05:00" endTime="2026-07-19T05:40:35.9662170+05:00" testType="13cdc9d9-ddb5-4fa4-a97d-d965ccfc6d4b" outcome="Passed" testListId="8c84fa94-04c1-424b-9868-57a2d4851a1d" relativeResultsDirectory="66f48d8b-c439-4bb4-aac4-2890b1d37790" />
    <UnitTestResult executionId="b9777af0-0c00-458f-85d9-c3363676cb5f" testId="8c4f6b4b-eedb-c8b5-d679-2a306219604b" testName="Deep.Protocol.Tests.StateAndGroupTests.SharedConfigNamespaceMergeHonorsSeqNoOrderingAndDuplicateSemantics" computerName="SURFACE-LT" duration="00:00:00.0030479" startTime="2026-07-19T05:40:36.2396445+05:00" endTime="2026-07-19T05:40:36.2402038+05:00" testType="13cdc9d9-ddb5-4fa4-a97d-d965ccfc6d4b" outcome="Passed" testListId="8c84fa94-04c1-424b-9868-57a2d4851a1d" relativeResultsDirectory="b9777af0-0c00-458f-85d9-c3363676cb5f" />
    <UnitTestResult executionId="380a0851-f0b7-4705-8633-eac8b1bdb5c8" testId="2820b112-9286-d522-e59f-aed41396d1d5" testName="Deep.Protocol.Tests.DeepExtension.ManagedIngress.ManagedIngressContractTests.HeaderList_UsesRfc9113DecodedFormula" computerName="SURFACE-LT" duration="00:00:00.0004371" startTime="2026-07-19T05:40:36.1748491+05:00" endTime="2026-07-19T05:40:36.1748783+05:00" testType="13cdc9d9-ddb5-4fa4-a97d-d965ccfc6d4b" outcome="Passed" testListId="8c84fa94-04c1-424b-9868-57a2d4851a1d" relativeResultsDirectory="380a0851-f0b7-4705-8633-eac8b1bdb5c8" />
    <UnitTestResult executionId="829656a5-7de0-4505-a605-5c4d5bd7d49c" testId="86a2b08e-db3f-a734-61b2-2dd5ca2e5cae" testName="Deep.Protocol.Tests.DeepExtension.ManagedIngress.ManagedIngressContractTests.ErrorVector_MatchesCanonicalBytes" computerName="SURFACE-LT" duration="00:00:00.0001199" startTime="2026-07-19T05:40:36.2331087+05:00" endTime="2026-07-19T05:40:36.2331467+05:00" testType="13cdc9d9-ddb5-4fa4-a97d-d965ccfc6d4b" outcome="Passed" testListId="8c84fa94-04c1-424b-9868-57a2d4851a1d" relativeResultsDirectory="829656a5-7de0-4505-a605-5c4d5bd7d49c" />
    <UnitTestResult executionId="426993a9-69ac-4b46-bed5-f8966ea50ddd" testId="2401021e-526a-2682-ec09-d6caa72583af" testName="Deep.Protocol.Tests.DeepExtension.ManagedIngress.ManagedIngressMalformedAndFuzzTests.RetryAfter_IsStrictlyBounded(seconds: 0)" computerName="SURFACE-LT" duration="00:00:00.0000070" startTime="2026-07-19T05:40:36.2292764+05:00" endTime="2026-07-19T05:40:36.2293511+05:00" testType="13cdc9d9-ddb5-4fa4-a97d-d965ccfc6d4b" outcome="Passed" testListId="8c84fa94-04c1-424b-9868-57a2d4851a1d" relativeResultsDirectory="426993a9-69ac-4b46-bed5-f8966ea50ddd" />
    <UnitTestResult executionId="3ddeb427-c14c-4836-b924-f49c6cf0e82e" testId="bc3ff7cd-69a4-1f05-4852-5d5cce3f289e" testName="Deep.Protocol.Tests.DeepExtension.NearbyHandshakeMalformedAndFuzzTests.StructuredFrameMutations_AreRejected(offset: 7)" computerName="SURFACE-LT" duration="00:00:00.0001722" startTime="2026-07-19T05:40:36.2071093+05:00" endTime="2026-07-19T05:40:36.2071418+05:00" testType="13cdc9d9-ddb5-4fa4-a97d-d965ccfc6d4b" outcome="Passed" testListId="8c84fa94-04c1-424b-9868-57a2d4851a1d" relativeResultsDirectory="3ddeb427-c14c-4836-b924-f49c6cf0e82e" />
[...]
    <TestEntry testId="92b04862-2638-e733-1320-931ac811db94" executionId="a2e52d9f-25c3-4469-bdce-c895c8167c70" testListId="8c84fa94-04c1-424b-9868-57a2d4851a1d" />
    <TestEntry testId="a88732b7-2590-0e9e-ee95-5a109ef662b8" executionId="f293571c-c048-4616-930d-ec4dd95ecf90" testListId="8c84fa94-04c1-424b-9868-57a2d4851a1d" />
    <TestEntry testId="f286d22b-b3f4-39f0-7280-5fde1f30e505" executionId="e497ac4a-1185-45a9-83ee-d0d664e01900" testListId="8c84fa94-04c1-424b-9868-57a2d4851a1d" />
    <TestEntry testId="0cade59d-c6fb-2d2a-1663-dacbee159d97" executionId="b4e0c08e-49fb-4edc-a6a7-d3271e93a073" testListId="8c84fa94-04c1-424b-9868-57a2d4851a1d" />
    <TestEntry testId="a15ac59f-8d26-5cf1-8cdc-e87c031229c9" executionId="f6df3de4-5677-4d07-8256-fed5750766a7" testListId="8c84fa94-04c1-424b-9868-57a2d4851a1d" />
    <TestEntry testId="bc3593b9-7789-17d4-ce1d-07a58c481329" executionId="e9f82385-c84f-461a-bf4e-f30bd1b85629" testListId="8c84fa94-04c1-424b-9868-57a2d4851a1d" />
    <TestEntry testId="003372c2-32cd-0a56-da9b-94ec18379c2d" executionId="2c4d259b-a447-42f2-a239-14b001f47fb5" testListId="8c84fa94-04c1-424b-9868-57a2d4851a1d" />
    <TestEntry testId="ede403d4-8569-9d49-bdef-b24ba34580e6" executionId="1b192488-0c9e-4823-abc6-5420572d48ee" testListId="8c84fa94-04c1-424b-9868-57a2d4851a1d" />
    <TestEntry testId="626181bc-09f9-e5fa-d5f3-7bca4dd34f5b" executionId="effdcfbb-91f7-4233-8c12-23e50cba3431" testListId="8c84fa94-04c1-424b-9868-57a2d4851a1d" />
    <TestEntry testId="f1d21554-16b4-743b-4a4f-81b088175db7" executionId="ec8bd802-0567-4faf-94c5-33dba3ce2f33" testListId="8c84fa94-04c1-424b-9868-57a2d4851a1d" />
    <TestEntry testId="f97f25e7-29a7-f9d4-b0e8-06db5f1ae61a" executionId="4f2572ba-57b5-4982-9d2c-7ae7abe13849" testListId="8c84fa94-04c1-424b-9868-57a2d4851a1d" />
    <TestEntry testId="e9b685bd-28fb-8045-e926-417d7ea2861c" executionId="fe8225da-94c4-494b-9eb4-42b2447cf425" testListId="8c84fa94-04c1-424b-9868-57a2d4851a1d" />
    <TestEntry testId="e26c2b1d-3302-8d85-c4c5-9712d77eb11c" executionId="c6581b4c-0f35-41d5-88fa-f22b7883915c" testListId="8c84fa94-04c1-424b-9868-57a2d4851a1d" />
    <TestEntry testId="f8a87c7f-9194-6c27-6011-d61a2524a939" executionId="91330fdd-3c25-424f-881e-352f66830e76" testListId="8c84fa94-04c1-424b-9868-57a2d4851a1d" />
    <TestEntry testId="7f14bc99-b29f-ee3c-56d7-7bd6e50249b5" executionId="c5ea8b9f-91a4-4578-b5c9-3edbe36c7b15" testListId="8c84fa94-04c1-424b-9868-57a2d4851a1d" />
    <TestEntry testId="335bb7f3-a471-d417-d8ac-ab3359682c34" executionId="ece146f8-2d55-48fd-b557-108a67e37abc" testListId="8c84fa94-04c1-424b-9868-57a2d4851a1d" />
    <TestEntry testId="db3cd72a-9335-738b-7091-329c5c3daefe" executionId="6edafe2b-746d-4ad3-90d3-44d451d43cdc" testListId="8c84fa94-04c1-424b-9868-57a2d4851a1d" />
    <TestEntry testId="e4ed31e1-67ae-fe9c-1d54-d916ef576460" executionId="5078d0f5-17b6-48b5-9be3-0f757f86f8fd" testListId="8c84fa94-04c1-424b-9868-57a2d4851a1d" />
    <TestEntry testId="a31d3308-7fbc-4483-f972-08bbe7c3c864" executionId="f65c4800-2591-4443-8248-b092d62f9f44" testListId="8c84fa94-04c1-424b-9868-57a2d4851a1d" />
    <TestEntry testId="3ff24adb-cf0b-fea4-c771-96ad3a6d5369" executionId="d6807441-a1eb-42db-94b1-37ceb3f122bb" testListId="8c84fa94-04c1-424b-9868-57a2d4851a1d" />
    <TestEntry testId="b361c614-dccd-9ae8-f0ed-e1034e13626c" executionId="a84d31c1-1559-4942-94e4-35c4cb7ff4af" testListId="8c84fa94-04c1-424b-9868-57a2d4851a1d" />
    <TestEntry testId="12fce61d-faa1-8b9a-44e6-06b5dffe73d1" executionId="3afa59ac-ded2-4059-bbc0-2b4b5483e9d4" testListId="8c84fa94-04c1-424b-9868-57a2d4851a1d" />
    <TestEntry testId="d508edcf-445b-ac50-eb1f-1270b0327ccf" executionId="4237e588-516f-46b9-8c28-a83043584232" testListId="8c84fa94-04c1-424b-9868-57a2d4851a1d" />
    <TestEntry testId="99505820-d076-abc2-6a7a-879d9cd69791" executionId="769ef4ca-6dc7-4fe7-a77d-d158eafc9da0" testListId="8c84fa94-04c1-424b-9868-57a2d4851a1d" />
    <TestEntry testId="ebad6f74-a2e1-7a3a-40a2-191b167c2106" executionId="aa2c8a92-59a0-4dbb-8b89-532a1013ca32" testListId="8c84fa94-04c1-424b-9868-57a2d4851a1d" />
    <TestEntry testId="83db2fab-f9bc-03eb-f9db-6560a2b1098f" executionId="5b61ed63-322b-4da3-b6e3-6e067657f0b7" testListId="8c84fa94-04c1-424b-9868-57a2d4851a1d" />
    <TestEntry testId="46d45569-071c-2831-8e7b-d34eae4a9819" executionId="c6f91a98-de3c-425d-ad62-806929a88f5a" testListId="8c84fa94-04c1-424b-9868-57a2d4851a1d" />
    <TestEntry testId="3adddf06-9cc2-0920-833b-9d9e38e9da67" executionId="72b33ad2-c141-4ce0-b0d7-e6fdd11a747e" testListId="8c84fa94-04c1-424b-9868-57a2d4851a1d" />
    <TestEntry testId="bfd05fc5-5cc9-1520-1636-eb7f44a89ee1" executionId="bdf17a02-dcae-496b-94db-45c95bb4d7a6" testListId="8c84fa94-04c1-424b-9868-57a2d4851a1d" />
    <TestEntry testId="2b9a279d-0c84-1d84-7115-2d4f98ebb095" executionId="7c5a3f9a-295e-4f49-b3b8-2a42ff11ed1b" testListId="8c84fa94-04c1-424b-9868-57a2d4851a1d" />
    <TestEntry testId="7758403f-51ee-72f8-c696-8b94d602f32f" executionId="5524864c-7768-4505-962e-876e9ada3131" testListId="8c84fa94-04c1-424b-9868-57a2d4851a1d" />
    <TestEntry testId="9c4100db-9a80-418c-3641-9e4f2665d9bc" executionId="4e2129b5-f96d-4bde-88ae-60b3932c0745" testListId="8c84fa94-04c1-424b-9868-57a2d4851a1d" />
    <TestEntry testId="c8006a5a-0fa1-16dd-72d1-731e9439c1f7" executionId="a74120e2-e2ea-48ad-a5d9-79e7dd7f24d0" testListId="8c84fa94-04c1-424b-9868-57a2d4851a1d" />
    <TestEntry testId="95adb345-8b6e-0df3-afea-05428fdce914" executionId="943b636a-5000-471e-8096-9974923ba2e5" testListId="8c84fa94-04c1-424b-9868-57a2d4851a1d" />
    <TestEntry testId="b5203110-5bab-829d-cf3a-c9305c9dde6c" executionId="7f5dc515-2965-4ecc-a1e1-091b6074f779" testListId="8c84fa94-04c1-424b-9868-57a2d4851a1d" />
    <TestEntry testId="0f41cfa5-7b8d-affc-9a27-4115dae681be" executionId="e04bcddc-83c7-4643-a106-37b8dfc5eae4" testListId="8c84fa94-04c1-424b-9868-57a2d4851a1d" />
    <TestEntry testId="1b6e7a6f-a407-76fa-1380-4f9c7ed195c4" executionId="84be2eb9-7db2-469d-a52e-89df072cfea7" testListId="8c84fa94-04c1-424b-9868-57a2d4851a1d" />
    <TestEntry testId="04f872b2-5dec-316b-8e0f-3a76893bf67b" executionId="ff9fd975-e006-4e01-b15a-0a25a4669e38" testListId="8c84fa94-04c1-424b-9868-57a2d4851a1d" />
    <TestEntry testId="089c3623-def9-0282-dddc-df5f16a57523" executionId="e53bc721-faa6-4430-8b07-4ff5ef8597e0" testListId="8c84fa94-04c1-424b-9868-57a2d4851a1d" />
    <TestEntry testId="7998a562-14bb-071e-ba9e-0b449fc03624" executionId="022d8a18-4f2c-44f1-b947-00797821972b" testListId="8c84fa94-04c1-424b-9868-57a2d4851a1d" />
    <TestEntry testId="965e577d-35cb-d78d-7697-bf1ff117d68b" executionId="92c33113-351a-4e8f-ba86-07a3d62faaa3" testListId="8c84fa94-04c1-424b-9868-57a2d4851a1d" />
    <TestEntry testId="286158af-5510-1aff-29c4-b9f006f15c21" executionId="1c63322c-af6f-40d9-ae16-740ce88f14fd" testListId="8c84fa94-04c1-424b-9868-57a2d4851a1d" />
    <TestEntry testId="995f8728-e662-463a-74e2-fb61a808600b" executionId="c8d8a286-163c-40dd-91e5-15718b753952" testListId="8c84fa94-04c1-424b-9868-57a2d4851a1d" />
    <TestEntry testId="ee682093-d8a4-852f-12c4-da6f2730ac46" executionId="d91e8992-36cf-443d-8db4-77bf03a4df46" testListId="8c84fa94-04c1-424b-9868-57a2d4851a1d" />
    <TestEntry testId="a93474f4-86ae-d047-0069-32dcefb52f15" executionId="b2cf594b-5e54-4075-81df-93d9ee93c35e" testListId="8c84fa94-04c1-424b-9868-57a2d4851a1d" />
    <TestEntry testId="fd99b850-0cc8-5471-0f6d-26ba5b1740ba" executionId="ca8c4d36-be5c-4f50-aa34-020db9e69abf" testListId="8c84fa94-04c1-424b-9868-57a2d4851a1d" />
    <TestEntry testId="bed1519c-4e4a-df12-23cd-c0114a65974d" executionId="e9283761-9a51-4c7e-81bb-7f112f8548fd" testListId="8c84fa94-04c1-424b-9868-57a2d4851a1d" />
    <TestEntry testId="2ff4c8bd-e85a-a4b0-d63e-1ab10158b0f3" executionId="c3f8330c-6959-4e9d-8a0c-5a6c72745002" testListId="8c84fa94-04c1-424b-9868-57a2d4851a1d" />
    <TestEntry testId="29d72c6f-c055-71ad-0bc5-b26b87c96d61" executionId="687605d9-cd69-4d43-96ef-ce794f16be38" testListId="8c84fa94-04c1-424b-9868-57a2d4851a1d" />
    <TestEntry testId="630a576c-f3d4-8bf2-8ec9-946b00c2e74d" executionId="6a09637a-0c7a-41c2-9f0a-171c59446bde" testListId="8c84fa94-04c1-424b-9868-57a2d4851a1d" />
    <TestEntry testId="81b6d8bc-5591-abc4-e569-9b0628deb4f5" executionId="b2045d25-e19a-4a88-8843-6825328358ad" testListId="8c84fa94-04c1-424b-9868-57a2d4851a1d" />
    <TestEntry testId="00510edf-6870-b945-a320-18a2cf01cf5d" executionId="2d6fbf03-b67b-434e-b107-eeed056a69f7" testListId="8c84fa94-04c1-424b-9868-57a2d4851a1d" />
    <TestEntry testId="9711c41c-c9f6-64d4-d5ed-8348699a0fc6" executionId="ada6f330-5532-4d17-acde-4a8da16140df" testListId="8c84fa94-04c1-424b-9868-57a2d4851a1d" />
    <TestEntry testId="e0271cdb-9db0-87d5-9b71-e7f39b766482" executionId="fc96288b-7656-4224-a7a6-594fcb91cfa7" testListId="8c84fa94-04c1-424b-9868-57a2d4851a1d" />
    <TestEntry testId="5939002e-2c77-b93c-1a57-5983f2798e04" executionId="e400cdd3-c946-4693-a95d-5f0b28dc0526" testListId="8c84fa94-04c1-424b-9868-57a2d4851a1d" />
    <TestEntry testId="ef58f2f5-f7eb-d45c-c4ff-e6e6f7efec2a" executionId="dffb13b7-c4ce-4186-9bff-651e42e0cc83" testListId="8c84fa94-04c1-424b-9868-57a2d4851a1d" />
    <TestEntry testId="786ed452-3dba-0933-9cfd-1b92f6cbdabc" executionId="412a8daf-4ed4-44c1-96c0-a8e8c9a1a54a" testListId="8c84fa94-04c1-424b-9868-57a2d4851a1d" />
    <TestEntry testId="105f0bd0-509c-a506-787f-4be1afac6736" executionId="640280f0-af7e-4020-b4c3-5356989f6595" testListId="8c84fa94-04c1-424b-9868-57a2d4851a1d" />
    <TestEntry testId="d3dc6362-f60c-4cc1-50f9-ed278ec38f76" executionId="2469d093-6043-4614-adaa-d6cb22d7c7aa" testListId="8c84fa94-04c1-424b-9868-57a2d4851a1d" />
    <TestEntry testId="66d19ded-33d2-e2f5-34b0-4d0961ede1b1" executionId="341be8c1-0b4a-4011-a1a3-30a2f711fdda" testListId="8c84fa94-04c1-424b-9868-57a2d4851a1d" />
    <TestEntry testId="b90b57ed-5b8e-5368-88fb-ef99d973ee51" executionId="e2aefafe-7d6f-4577-9ac2-3ccc60de6fff" testListId="8c84fa94-04c1-424b-9868-57a2d4851a1d" />
    <TestEntry testId="92b04862-2638-e733-1320-931ac811db94" executionId="8157c98a-2401-41d5-aa83-ab59b607096d" testListId="8c84fa94-04c1-424b-9868-57a2d4851a1d" />
    <TestEntry testId="cd66d7b7-d01b-9cfc-5589-58ae1bee71e7" executionId="f6d90e20-c7b4-473f-a186-c1e953224cf8" testListId="8c84fa94-04c1-424b-9868-57a2d4851a1d" />
    <TestEntry testId="b0852ad1-a546-c7b6-846b-08742f73691e" executionId="fc549547-4f1b-4f2a-917c-042d93de8beb" testListId="8c84fa94-04c1-424b-9868-57a2d4851a1d" />
    <TestEntry testId="4a27523f-b2e2-11ff-3d2c-670a19e0ae5d" executionId="6d1f0229-9eeb-4261-90af-c0c3a221e95f" testListId="8c84fa94-04c1-424b-9868-57a2d4851a1d" />
    <TestEntry testId="4a73ffc4-c626-8272-3f70-6a5ea8e280c7" executionId="54fc61f5-2662-4891-ba9f-a16ce59bc73e" testListId="8c84fa94-04c1-424b-9868-57a2d4851a1d" />
    <TestEntry testId="4d0f4c28-3501-288f-20a4-d5fa7dc5ad51" executionId="b5fd09cd-205d-4ab8-ba3a-975ae3a80daa" testListId="8c84fa94-04c1-424b-9868-57a2d4851a1d" />
    <TestEntry testId="031bf508-c32f-fbe9-67fb-b3248dc6e12a" executionId="50a6f1cc-8afb-4f1d-9da4-208d0d9eea1d" testListId="8c84fa94-04c1-424b-9868-57a2d4851a1d" />
    <TestEntry testId="2886c036-ca83-9ba1-07e3-b3b28e3668be" executionId="d2e4423b-05ac-425a-b3f4-32d80fe0823c" testListId="8c84fa94-04c1-424b-9868-57a2d4851a1d" />
    <TestEntry testId="1bc1857b-b587-3705-6d7c-486b68b9ca08" executionId="5d53b84f-7ece-40a4-981f-a78cbbe4520c" testListId="8c84fa94-04c1-424b-9868-57a2d4851a1d" />
    <TestEntry testId="b00e4e8e-3f16-37a2-41cc-50e6c5e1946b" executionId="2eab0d31-76c7-4bb8-9f34-c516062f4a8d" testListId="8c84fa94-04c1-424b-9868-57a2d4851a1d" />
    <TestEntry testId="c4f90faa-914c-21fa-84c6-aa12c21b5b4d" executionId="b050113f-35d4-4cd8-b169-09f776761b96" testListId="8c84fa94-04c1-424b-9868-57a2d4851a1d" />
    <TestEntry testId="4b6af64d-f516-dbc1-d57f-79b0a4e31684" executionId="48634070-80dc-476c-b88b-cd621b58150d" testListId="8c84fa94-04c1-424b-9868-57a2d4851a1d" />
    <TestEntry testId="4f76527f-b416-0b24-4e5c-0ec4bfda4222" executionId="d6bb2882-090a-4f34-97ac-b7173e20d20b" testListId="8c84fa94-04c1-424b-9868-57a2d4851a1d" />
    <TestEntry testId="82004e75-9eb4-eecc-2d17-4660139d02f7" executionId="d2d78a3e-0812-451d-afc2-f4fc72ef19b7" testListId="8c84fa94-04c1-424b-9868-57a2d4851a1d" />
    <TestEntry testId="b17ffa90-0303-3fc1-1f58-9aa654dcfc5a" executionId="562c3fd1-de11-475a-bd53-f922aeb7b40c" testListId="8c84fa94-04c1-424b-9868-57a2d4851a1d" />
    <TestEntry testId="ecdd0f2e-ca34-57c1-4da9-1bc055fd401a" executionId="3632b81b-0157-4b1e-b3fa-c55dff32e6f7" testListId="8c84fa94-04c1-424b-9868-57a2d4851a1d" />
    <TestEntry testId="3ba5bb99-0993-a61c-04be-c239f172c985" executionId="ea2689f3-f9ed-44c7-9937-1e8baeb3da9a" testListId="8c84fa94-04c1-424b-9868-57a2d4851a1d" />
    <TestEntry testId="d367c58a-08a2-a477-5632-54853de1dd1d" executionId="fb4e0333-c071-4106-ad4d-3e41064f2de9" testListId="8c84fa94-04c1-424b-9868-57a2d4851a1d" />
    <TestEntry testId="885443f5-41de-4038-ce34-cc879eefe279" executionId="0aa0501a-6b7b-4d1b-9ac8-903588f5ca9f" testListId="8c84fa94-04c1-424b-9868-57a2d4851a1d" />
    <TestEntry testId="e13497d8-d2a8-3145-0f1b-ff35a6072b3d" executionId="6b08fc21-a148-4279-9b3f-ef74ef07d9fd" testListId="8c84fa94-04c1-424b-9868-57a2d4851a1d" />
    <TestEntry testId="4f2af024-1c65-ff5b-4590-8a37f5cd3ee3" executionId="c671b7dc-1d3b-4e0b-8542-9a2115c45799" testListId="8c84fa94-04c1-424b-9868-57a2d4851a1d" />
    <TestEntry testId="4e40a4f7-5384-298f-9464-5543569023ef" executionId="f6f5953d-6ab6-4dd7-a6c2-869be833ba70" testListId="8c84fa94-04c1-424b-9868-57a2d4851a1d" />
    <TestEntry testId="6e5731f5-dd1d-84e3-e839-efb2857a0385" executionId="7966b475-dbc4-4d26-86f1-1302ec21b575" testListId="8c84fa94-04c1-424b-9868-57a2d4851a1d" />
    <TestEntry testId="ea3e997e-53bf-6d5f-e965-ade1aa705b97" executionId="40fe5e55-cd10-4746-b016-a9092221bee6" testListId="8c84fa94-04c1-424b-9868-57a2d4851a1d" />
    <TestEntry testId="e7bc3ace-dcc8-b23f-cb1b-c4cd9ad35358" executionId="2ae055ad-a742-42ee-a035-7486a9448c10" testListId="8c84fa94-04c1-424b-9868-57a2d4851a1d" />
    <TestEntry testId="e6266d57-f760-75d1-6c4f-7cd5ec262cc4" executionId="27a57d87-431f-40ee-bcf3-c9296a0ea9f4" testListId="8c84fa94-04c1-424b-9868-57a2d4851a1d" />
    <TestEntry testId="84a57f6a-dc1b-6aff-ad0e-03984232f0b3" executionId="639e60f5-de40-470e-af6b-95282ed38eba" testListId="8c84fa94-04c1-424b-9868-57a2d4851a1d" />
    <TestEntry testId="04996104-baba-19c5-2036-7c151e9e5796" executionId="367c4b9c-435c-4d92-b67f-e33a1157d2a9" testListId="8c84fa94-04c1-424b-9868-57a2d4851a1d" />
    <TestEntry testId="79c973ce-1b0d-dd25-af4f-d10b55534bc6" executionId="ff62e7e4-f2a4-434e-8c6e-3e51e8bc049a" testListId="8c84fa94-04c1-424b-9868-57a2d4851a1d" />
    <TestEntry testId="8252c990-9180-5e2c-1458-ad2fc3b945fc" executionId="22a6801f-5a40-4973-bb1e-ab2b11defeff" testListId="8c84fa94-04c1-424b-9868-57a2d4851a1d" />
    <TestEntry testId="5900be13-a7f2-ada3-2e71-7a9ce109a044" executionId="115736be-b9a4-4aac-9dbf-a90409d84a7e" testListId="8c84fa94-04c1-424b-9868-57a2d4851a1d" />
    <TestEntry testId="d0c7f819-795f-079e-aac1-cf5a4d2ce1c7" executionId="6f54c9e8-fce1-401f-8800-a6c0e87545ea" testListId="8c84fa94-04c1-424b-9868-57a2d4851a1d" />
    <TestEntry testId="e5c77de1-1ac9-9c3c-a126-04f7eb942bb6" executionId="be675127-a075-46e9-83ba-eeb0757f4a2f" testListId="8c84fa94-04c1-424b-9868-57a2d4851a1d" />
    <TestEntry testId="13aef7bd-aa3b-d5d4-7395-b87003199c3b" executionId="fefd5bf3-2749-4f8a-835b-c04e73c552d1" testListId="8c84fa94-04c1-424b-9868-57a2d4851a1d" />
    <TestEntry testId="c6ab3b5f-4ac2-883d-e99b-396f30c1bd2e" executionId="db5d8a52-3797-440d-8c4e-e7fd0352449f" testListId="8c84fa94-04c1-424b-9868-57a2d4851a1d" />
    <TestEntry testId="92b04862-2638-e733-1320-931ac811db94" executionId="4dcef857-bed6-4d56-88db-7a973a123143" testListId="8c84fa94-04c1-424b-9868-57a2d4851a1d" />
    <TestEntry testId="7f2b007a-3155-5b89-bf2a-658dc61186b6" executionId="017d4d8d-e9dc-41e7-bf73-32a249f3dd9a" testListId="8c84fa94-04c1-424b-9868-57a2d4851a1d" />
    <TestEntry testId="b38a926e-195a-f44f-5088-5476b80eade8" executionId="6f8a34a7-49f3-4888-b00b-f6059dbabf1a" testListId="8c84fa94-04c1-424b-9868-57a2d4851a1d" />
    <TestEntry testId="86291ee3-2f68-e887-3ba9-196a0b47181e" executionId="ec63c372-2d66-4533-a3f1-7d1538613cb7" testListId="8c84fa94-04c1-424b-9868-57a2d4851a1d" />
    <TestEntry testId="e9790c10-f2b2-4f28-0bcc-cdadf2d92a60" executionId="1c70c62c-cb92-459b-9ada-6bde54565b23" testListId="8c84fa94-04c1-424b-9868-57a2d4851a1d" />
    <TestEntry testId="f84677d4-1647-d915-827d-1aa28058a6ed" executionId="85785724-318a-4328-8694-65a21edbcc76" testListId="8c84fa94-04c1-424b-9868-57a2d4851a1d" />
    <TestEntry testId="a14135cf-4bfb-e8d2-bef1-9b8d32540107" executionId="5cba50c4-99e0-4cd0-aec7-ec5f669bbf65" testListId="8c84fa94-04c1-424b-9868-57a2d4851a1d" />
    <TestEntry testId="91e9248e-6987-b8e7-faf4-5f54e56b03bc" executionId="ea283bef-fe3f-480f-ba4e-bc39b951f6e6" testListId="8c84fa94-04c1-424b-9868-57a2d4851a1d" />
    <TestEntry testId="296cbd0c-6aa8-6fe9-fce3-de8f3959b359" executionId="6fbd6c1a-fa76-4b67-984d-56f55d1d2763" testListId="8c84fa94-04c1-424b-9868-57a2d4851a1d" />
    <TestEntry testId="01d57954-39d1-8fc4-a166-23894df285fa" executionId="985b0acd-987e-4529-b4b8-8017efd0f5cc" testListId="8c84fa94-04c1-424b-9868-57a2d4851a1d" />
    <TestEntry testId="a8322f21-8d0b-c5e1-8e13-39e221edb785" executionId="b04a6cc4-3700-479a-866a-79ed0543c947" testListId="8c84fa94-04c1-424b-9868-57a2d4851a1d" />
    <TestEntry testId="4c8ed66c-b1a0-c426-d5c5-e2433351014f" executionId="ac170e9e-db83-439a-8cae-02949fb3b748" testListId="8c84fa94-04c1-424b-9868-57a2d4851a1d" />
    <TestEntry testId="8acf9768-fde2-9995-4c5f-8c0c896268f1" executionId="620dbe8f-2723-49ef-8103-a44cfea8cdaf" testListId="8c84fa94-04c1-424b-9868-57a2d4851a1d" />
    <TestEntry testId="4c372394-057c-23ed-8e22-35902c921b9d" executionId="0667f96e-304d-4b6e-bf5d-0bae0e1c413b" testListId="8c84fa94-04c1-424b-9868-57a2d4851a1d" />
    <TestEntry testId="e041d933-1e4a-279f-4a1d-bc48cbd90e64" executionId="3271f74b-626c-4abf-aba2-06db717c42ec" testListId="8c84fa94-04c1-424b-9868-57a2d4851a1d" />
    <TestEntry testId="95b33fae-dd8a-27c5-6377-636aecab21e2" executionId="ed672742-d083-4489-b55e-310718ab1aa0" testListId="8c84fa94-04c1-424b-9868-57a2d4851a1d" />
    <TestEntry testId="f877ac24-6f55-fce6-dea8-dea69ddb1a50" executionId="bd8dcaf1-92e3-4c59-90eb-ed3100349f30" testListId="8c84fa94-04c1-424b-9868-57a2d4851a1d" />
    <TestEntry testId="ca1a0b96-cf9e-4c00-c358-70a1f450f8d3" executionId="277b2f44-4442-446a-9180-55de75f775a9" testListId="8c84fa94-04c1-424b-9868-57a2d4851a1d" />
    <TestEntry testId="136b7e96-973f-1535-e37a-5e140dd71438" executionId="9cfec1f9-89f6-4ff5-ab15-33456c190e3f" testListId="8c84fa94-04c1-424b-9868-57a2d4851a1d" />
  </TestEntries>
  <TestLists>
    <TestList name="Results Not in a List" id="8c84fa94-04c1-424b-9868-57a2d4851a1d" />
    <TestList name="All Loaded Results" id="19431567-8539-422a-85d7-44ee4e166bda" />
  </TestLists>
  <ResultSummary outcome="Completed">
    <Counters total="269" executed="269" passed="269" failed="0" error="0" timeout="0" aborted="0" inconclusive="0" passedButRunAborted="0" notRunnable="0" notExecuted="0" disconnected="0" warning="0" completed="0" inProgress="0" pending="0" />
    <Output>
      <StdOut>[xUnit.net 00:00:00.00] xUnit.net VSTest Adapter v3.1.4+50e68bbb8b (64-bit .NET 10.0.9)&#xD;
[xUnit.net 00:00:00.05]   Discovering: Deep.Protocol.Tests&#xD;
[xUnit.net 00:00:00.10]   Discovered:  Deep.Protocol.Tests&#xD;
[xUnit.net 00:00:00.14]   Starting:    Deep.Protocol.Tests&#xD;
[xUnit.net 00:00:00.53]   Finished:    Deep.Protocol.Tests&#xD;
</StdOut>
    </Output>
  </ResultSummary>
</TestRun>